[line 2] Error: Unexpected character.
[line 2] Error: Unexpected character.
[line 2] Error: Unexpected character.
[line 2] Error: Unexpected character.
[line 2] Error: Unexpected character.
[line 2] Error: Unexpected character.
[line 2] Error: Unexpected character.
[line 2] Error: Unexpected character.
[line 2] Error: Unexpected character.
[line 2] Error: Unexpected character.
[line 2] Error: Unexpected character.
[line 2] Error: Unexpected character.
[line 2] Error: Unexpected character.
[line 2] Error: Unexpected character.
[line 2] Error: Unexpected character.
Tokens scanned:
COMMA , null
BANG ! null
SEMICOLON ; null
EOF  null
