-- gc begin
-- gc end
-- gc begin
-- gc end
-- gc begin
-- gc end
-- gc begin
-- gc end
-- gc begin
-- gc end
-- gc begin
-- gc end
-- gc begin
-- gc end
-- gc begin
-- gc end
BIST: bistMemory ...
-- gc begin
-- gc end
-- gc begin
-- gc end
-- gc begin
-- gc end
BIST: bistMemory ... done.
BIST: bistChunk ...
-- gc begin
-- gc end
-- gc begin
-- gc end
-- gc begin
-- gc end
-- gc begin
-- gc end
-- gc begin
-- gc end
-- gc begin
-- gc end
-- gc begin
-- gc end
-- gc begin
-- gc end
-- gc begin
-- gc end
-- gc begin
-- gc end
-- gc begin
-- gc end
-- gc begin
-- gc end
-- gc begin
-- gc end
-- gc begin
-- gc end
-- gc begin
-- gc end
BIST: bistChunk ... done.
BIST: bistValue ...
-- gc begin
-- gc end
-- gc begin
-- gc end
-- gc begin
-- gc end
-- gc begin
-- gc end
-- gc begin
-- gc end
-- gc begin
-- gc end
-- gc begin
-- gc end
BIST: bistValue ... done.
BIST: bistTable ...
-- gc begin
-- gc end
-- gc begin
-- gc end
-- gc begin
-- gc end
-- gc begin
-- gc end
-- gc begin
-- gc end
-- gc begin
-- gc end
-- gc begin
-- gc end
-- gc begin
-- gc end
-- gc begin
-- gc end
-- gc begin
-- gc end
BIST: bistTable ... done.
-- gc begin
-- gc end
-- gc begin
-- gc end
-- gc begin
-- gc end
-- gc begin
-- gc end
-- gc begin
-- gc end
-- gc begin
-- gc end
-- gc begin
-- gc end
-- gc begin
-- gc end
object exists at top of test: '<native fn>'
object exists at top of test: 'gc'
object exists at top of test: '<native fn>'
object exists at top of test: 'clock'
-- gc begin
-- gc end
-- gc begin
-- gc end
valString prints as 'testObject'
-- gc begin
-- gc end
valNative prints as '<native fn>'
-- gc begin
-- gc end
valFunction prints as '<script>'
-- gc begin
-- gc end
valClosure prints as '<script>'
-- gc begin
-- gc end
valUpvalue prints as '<upvalue>'
popped '<upvalue>'
popped '<script>'
popped '<script>'
popped '<native fn>'
popped 'testObject'
object exists at end of test: '<upvalue>'
object exists at end of test: '<script>'
object exists at end of test: '<script>'
object exists at end of test: '<native fn>'
object exists at end of test: 'testObject'
object exists at end of test: '<native fn>'
object exists at end of test: 'gc'
object exists at end of test: '<native fn>'
object exists at end of test: 'clock'
-- gc begin
-- gc end
-- gc begin
-- gc end
-- gc begin
-- gc end
-- gc begin
-- gc end
-- gc begin
-- gc end
-- gc begin
-- gc end
-- gc begin
-- gc end
-- gc begin
-- gc end
BIST: bistScanner ...
BIST: bistScanner ... done.
BIST: bistCompiler ...
-- gc begin
-- gc end
-- gc begin
-- gc end
-- gc begin
-- gc end
-- gc begin
-- gc end
-- gc begin
-- gc end
-- gc begin
-- gc end

Disassembling <script> ...
0000    1 OP_CONSTANT         0 '1'
0002    | OP_CONSTANT         1 '2'
0004    | OP_ADD
0005    | OP_PRINT
0006    2 OP_CONSTANT         2 '3'
0008    | OP_CONSTANT         3 '4'
0010    | OP_MULTIPLY
0011    | OP_PRINT
0012    3 OP_NIL
0013    | OP_RETURN
Disassembling <script> ... done.

BIST: bistCompiler ... done.
BIST: bistVM ...
-- gc begin
-- gc end
-- gc begin
-- gc end
-- gc begin
-- gc end
-- gc begin
-- gc end
-- gc begin
-- gc end
-- gc begin
-- gc end
-- gc begin
-- gc end
-- gc begin
-- gc end
-- gc begin
-- gc end
-- gc begin
-- gc end
-- gc begin
-- gc end
-- gc begin
-- gc end
-- gc begin
-- gc end
-- gc begin
-- gc end

Disassembling <script> ...
0000    1 OP_CONSTANT         0 '1'
0002    | OP_CONSTANT         1 '2'
0004    | OP_ADD
0005    | OP_PRINT
0006    2 OP_CONSTANT         2 '3'
0008    | OP_CONSTANT         3 '4'
0010    | OP_MULTIPLY
0011    | OP_PRINT
0012    3 OP_NIL
0013    | OP_RETURN
Disassembling <script> ... done.

-- gc begin
-- gc end

Executing ...
stack: <script>
0000    1 OP_CONSTANT         0 '1'
stack: <script> 1
0002    | OP_CONSTANT         1 '2'
stack: <script> 1 2
0004    | OP_ADD
stack: <script> 3
0005    | OP_PRINT
3
stack: <script>
0006    2 OP_CONSTANT         2 '3'
stack: <script> 3
0008    | OP_CONSTANT         3 '4'
stack: <script> 3 4
0010    | OP_MULTIPLY
stack: <script> 12
0011    | OP_PRINT
12
stack: <script>
0012    3 OP_NIL
stack: <script> nil
0013    | OP_RETURN
Executing ... done.

-- gc begin
-- gc end
-- gc begin
-- gc end
-- gc begin
-- gc end
-- gc begin
-- gc end
-- gc begin
-- gc end
-- gc begin
-- gc end
-- gc begin
-- gc end
-- gc begin
-- gc end
BIST: bistVM ... done.
