
Disassembling test chunk ...
0000  123 OP_CONSTANT         0 '1.2'
0002    | OP_CONSTANT         1 '3.4'
0004    | OP_ADD
0005    | OP_CONSTANT         2 '5.6'
0007    | OP_DIVIDE
0008    | OP_NEGATE
0009  124 OP_RETURN
Disassembling test chunk ... done.


Executing ...
stack: empty.
0000  123 OP_CONSTANT         0 '1.2'
stack: 1.2
0002    | OP_CONSTANT         1 '3.4'
stack: 1.2 3.4
0004    | OP_ADD
stack: 4.6
0005    | OP_CONSTANT         2 '5.6'
stack: 4.6 5.6
0007    | OP_DIVIDE
stack: 0.8214285714285714
0008    | OP_NEGATE
stack: -0.8214285714285714
0009  124 OP_RETURN
-0.8214285714285714
Executing ... done.

