
Disassembling fib ...
0000   19 OP_GET_LOCAL        1
0002    | OP_CONSTANT         0 '2'
0004    | OP_LESS
0005    | OP_JUMP_IF_FALSE    5 -> 15
0008    | OP_POP
0009    | OP_GET_LOCAL        1
0011    | OP_RETURN
0012    | OP_JUMP            12 -> 16
0015    | OP_POP
0016   20 OP_GET_GLOBAL       1 'fib'
0018    | OP_GET_LOCAL        1
0020    | OP_CONSTANT         2 '1'
0022    | OP_SUBTRACT
0023    | OP_CALL             1
0025    | OP_GET_GLOBAL       3 'fib'
0027    | OP_GET_LOCAL        1
0029    | OP_CONSTANT         4 '2'
0031    | OP_SUBTRACT
0032    | OP_CALL             1
0034    | OP_ADD
0035    | OP_RETURN
0036   21 OP_NIL
0037    | OP_RETURN
Disassembling fib ... done.


Disassembling <script> ...
0000   21 OP_CONSTANT         1 '<fn fib>'
0002    | OP_DEFINE_GLOBAL    0 'fib'
0004   26 OP_GET_GLOBAL       3 'clock'
0006    | OP_CALL             0
0008    | OP_DEFINE_GLOBAL    2 'before'
0010   27 OP_GET_GLOBAL       4 'fib'
0012    | OP_CONSTANT         5 '35'
0014    | OP_CALL             1
0016    | OP_PRINT
0017   28 OP_GET_GLOBAL       7 'clock'
0019    | OP_CALL             0
0021    | OP_DEFINE_GLOBAL    6 'after'
0023   29 OP_GET_GLOBAL       8 'after'
0025    | OP_GET_GLOBAL       9 'before'
0027    | OP_SUBTRACT
0028    | OP_PRINT
0029   30 OP_NIL
0030    | OP_RETURN
Disassembling <script> ... done.


Executing ...
stack: <script>
0000   21 OP_CONSTANT         1 '<fn fib>'
stack: <script> <fn fib>
0002    | OP_DEFINE_GLOBAL    0 'fib'
stack: <script>
0004   26 OP_GET_GLOBAL       3 'clock'
stack: <script> <native fn>
0006    | OP_CALL             0
9227465
0.956956
Executing ... done.

