-- gc begin
-- gc end: collected 0 bytes (from 6 to 6), next at 12
-- gc begin
-- gc end: collected 0 bytes (from 46 to 46), next at 92
heap_002 allocate 40 for 3
-- gc begin
heap_002 mark clock
heap_002 blacken clock
-- gc end: collected 0 bytes (from 238 to 238), next at 476
-- gc begin
heap_002 mark clock
heap_002 blacken clock
-- gc end: collected 0 bytes (from 262 to 262), next at 524
heap_004 allocate 24 for 2
-- gc begin
heap_002 mark clock
heap_004 mark <native fn>
heap_004 blacken <native fn>
heap_002 blacken clock
-- gc end: collected 0 bytes (from 454 to 454), next at 908
-- gc begin
heap_002 mark clock
heap_004 mark <native fn>
heap_004 blacken <native fn>
heap_002 blacken clock
-- gc end: collected 0 bytes (from 457 to 457), next at 914
-- gc begin
heap_002 mark clock
heap_004 mark <native fn>
heap_004 blacken <native fn>
heap_002 blacken clock
-- gc end: collected 0 bytes (from 497 to 497), next at 994
heap_007 allocate 40 for 3
-- gc begin
heap_007 mark gc
heap_002 mark clock
heap_004 mark <native fn>
heap_004 blacken <native fn>
heap_002 blacken clock
heap_007 blacken gc
-- gc end: collected 0 bytes (from 521 to 521), next at 1042
heap_008 allocate 24 for 2
-- gc begin
heap_002 mark clock
heap_004 mark <native fn>
heap_007 mark gc
heap_008 mark <native fn>
heap_008 blacken <native fn>
heap_007 blacken gc
heap_004 blacken <native fn>
heap_002 blacken clock
-- gc end: collected 0 bytes (from 572 to 572), next at 1144
-- gc begin
heap_002 mark clock
heap_004 mark <native fn>
heap_007 mark gc
heap_008 mark <native fn>
heap_008 blacken <native fn>
heap_007 blacken gc
heap_004 blacken <native fn>
heap_002 blacken clock
-- gc end: collected 0 bytes (from 644 to 644), next at 1288
heap_010 allocate 72 for 1
-- gc begin
heap_002 mark clock
heap_004 mark <native fn>
heap_007 mark gc
heap_008 mark <native fn>
heap_008 blacken <native fn>
heap_007 blacken gc
heap_004 blacken <native fn>
heap_002 blacken clock
-- gc end: collected 0 bytes (from 658 to 658), next at 1316
-- gc begin
heap_002 mark clock
heap_004 mark <native fn>
heap_007 mark gc
heap_008 mark <native fn>
heap_010 mark <script>
heap_010 blacken <script>
heap_008 blacken <native fn>
heap_007 blacken gc
heap_004 blacken <native fn>
heap_002 blacken clock
-- gc end: collected 0 bytes (from 698 to 698), next at 1396
heap_012 allocate 40 for 3
-- gc begin
heap_002 mark clock
heap_004 mark <native fn>
heap_007 mark gc
heap_008 mark <native fn>
heap_010 mark <script>
heap_010 blacken <script>
heap_008 blacken <native fn>
heap_007 blacken gc
heap_004 blacken <native fn>
heap_002 blacken clock
-- gc end: collected 0 bytes (from 826 to 826), next at 1652
-- gc begin
heap_002 mark clock
heap_004 mark <native fn>
heap_007 mark gc
heap_008 mark <native fn>
heap_010 mark <script>
heap_010 blacken <script>
heap_012 mark Hello, world!
heap_012 blacken Hello, world!
heap_008 blacken <native fn>
heap_007 blacken gc
heap_004 blacken <native fn>
heap_002 blacken clock
-- gc end: collected 0 bytes (from 834 to 834), next at 1668
-- gc begin
heap_002 mark clock
heap_004 mark <native fn>
heap_007 mark gc
heap_008 mark <native fn>
heap_010 mark <script>
heap_010 blacken <script>
heap_012 mark Hello, world!
heap_012 blacken Hello, world!
heap_008 blacken <native fn>
heap_007 blacken gc
heap_004 blacken <native fn>
heap_002 blacken clock
-- gc end: collected 0 bytes (from 866 to 866), next at 1732

Disassembling <script> ...
0000    2 OP_CONSTANT         0 'Hello, world!'
0002    | OP_PRINT
0003    3 OP_NIL
0004    | OP_RETURN
Disassembling <script> ... done.

-- gc begin
heap_010 mark <script>
heap_002 mark clock
heap_004 mark <native fn>
heap_007 mark gc
heap_008 mark <native fn>
heap_008 blacken <native fn>
heap_007 blacken gc
heap_004 blacken <native fn>
heap_002 blacken clock
heap_010 blacken <script>
heap_012 mark Hello, world!
heap_012 blacken Hello, world!
-- gc end: collected 0 bytes (from 906 to 906), next at 1812
heap_016 allocate 40 for 0

Executing ...
stack: <script>
0000    2 OP_CONSTANT         0 'Hello, world!'
stack: <script> Hello, world!
0002    | OP_PRINT
Hello, world!
stack: <script>
0003    3 OP_NIL
stack: <script> nil
0004    | OP_RETURN
Executing ... done.

heap_016 free type 0
heap_012 free type 3
heap_010 free type 1
heap_008 free type 2
heap_007 free type 3
heap_004 free type 2
heap_002 free type 3
