-- gc begin
-- gc end: collected 0 bytes (from 6 to 6), next at 12
-- gc begin
-- gc end: collected 0 bytes (from 46 to 46), next at 92
heap_002 allocate 40 for 3
-- gc begin
heap_002 mark clock
heap_002 blacken clock
-- gc end: collected 0 bytes (from 238 to 238), next at 476
-- gc begin
heap_002 mark clock
heap_002 blacken clock
-- gc end: collected 0 bytes (from 262 to 262), next at 524
heap_004 allocate 24 for 2
-- gc begin
heap_002 mark clock
heap_004 mark <native fn>
heap_004 blacken <native fn>
heap_002 blacken clock
-- gc end: collected 0 bytes (from 454 to 454), next at 908
-- gc begin
heap_002 mark clock
heap_004 mark <native fn>
heap_004 blacken <native fn>
heap_002 blacken clock
-- gc end: collected 0 bytes (from 457 to 457), next at 914
-- gc begin
heap_002 mark clock
heap_004 mark <native fn>
heap_004 blacken <native fn>
heap_002 blacken clock
-- gc end: collected 0 bytes (from 497 to 497), next at 994
heap_007 allocate 40 for 3
-- gc begin
heap_007 mark gc
heap_002 mark clock
heap_004 mark <native fn>
heap_004 blacken <native fn>
heap_002 blacken clock
heap_007 blacken gc
-- gc end: collected 0 bytes (from 521 to 521), next at 1042
heap_008 allocate 24 for 2
-- gc begin
heap_002 mark clock
heap_004 mark <native fn>
heap_007 mark gc
heap_008 mark <native fn>
heap_008 blacken <native fn>
heap_007 blacken gc
heap_004 blacken <native fn>
heap_002 blacken clock
-- gc end: collected 0 bytes (from 548 to 548), next at 1096
-- gc begin
heap_002 mark clock
heap_004 mark <native fn>
heap_007 mark gc
heap_008 mark <native fn>
heap_008 blacken <native fn>
heap_007 blacken gc
heap_004 blacken <native fn>
heap_002 blacken clock
-- gc end: collected 0 bytes (from 620 to 620), next at 1240
heap_010 allocate 72 for 1
-- gc begin
heap_002 mark clock
heap_004 mark <native fn>
heap_007 mark gc
heap_008 mark <native fn>
heap_008 blacken <native fn>
heap_007 blacken gc
heap_004 blacken <native fn>
heap_002 blacken clock
-- gc end: collected 0 bytes (from 748 to 748), next at 1496
-- gc begin
heap_002 mark clock
heap_004 mark <native fn>
heap_007 mark gc
heap_008 mark <native fn>
heap_010 mark <script>
heap_010 blacken <script>
heap_008 blacken <native fn>
heap_007 blacken gc
heap_004 blacken <native fn>
heap_002 blacken clock
-- gc end: collected 0 bytes (from 756 to 756), next at 1512
-- gc begin
heap_002 mark clock
heap_004 mark <native fn>
heap_007 mark gc
heap_008 mark <native fn>
heap_010 mark <script>
heap_010 blacken <script>
heap_008 blacken <native fn>
heap_007 blacken gc
heap_004 blacken <native fn>
heap_002 blacken clock
-- gc end: collected 0 bytes (from 788 to 788), next at 1576
-- gc begin
heap_002 mark clock
heap_004 mark <native fn>
heap_007 mark gc
heap_008 mark <native fn>
heap_010 mark <script>
heap_010 blacken <script>
heap_008 blacken <native fn>
heap_007 blacken gc
heap_004 blacken <native fn>
heap_002 blacken clock
-- gc end: collected 0 bytes (from 796 to 796), next at 1592
-- gc begin
heap_002 mark clock
heap_004 mark <native fn>
heap_007 mark gc
heap_008 mark <native fn>
heap_010 mark <script>
heap_010 blacken <script>
heap_008 blacken <native fn>
heap_007 blacken gc
heap_004 blacken <native fn>
heap_002 blacken clock
-- gc end: collected 0 bytes (from 828 to 828), next at 1656

Disassembling <script> ...
0000    1 OP_CONSTANT         0 '1'
0002    | OP_CONSTANT         1 '2'
0004    | OP_ADD
0005    | OP_PRINT
0006    2 OP_CONSTANT         2 '3'
0008    | OP_CONSTANT         3 '4'
0010    | OP_MULTIPLY
0011    | OP_PRINT
0012    3 OP_NIL
0013    | OP_RETURN
Disassembling <script> ... done.

-- gc begin
heap_010 mark <script>
heap_002 mark clock
heap_004 mark <native fn>
heap_007 mark gc
heap_008 mark <native fn>
heap_008 blacken <native fn>
heap_007 blacken gc
heap_004 blacken <native fn>
heap_002 blacken clock
heap_010 blacken <script>
-- gc end: collected 0 bytes (from 868 to 868), next at 1736
heap_014 allocate 40 for 0

Executing ...
stack: <script>
0000    1 OP_CONSTANT         0 '1'
stack: <script> 1
0002    | OP_CONSTANT         1 '2'
stack: <script> 1 2
0004    | OP_ADD
stack: <script> 3
0005    | OP_PRINT
3
stack: <script>
0006    2 OP_CONSTANT         2 '3'
stack: <script> 3
0008    | OP_CONSTANT         3 '4'
stack: <script> 3 4
0010    | OP_MULTIPLY
stack: <script> 12
0011    | OP_PRINT
12
stack: <script>
0012    3 OP_NIL
stack: <script> nil
0013    | OP_RETURN
Executing ... done.

heap_014 free type 0
heap_010 free type 1
heap_008 free type 2
heap_007 free type 3
heap_004 free type 2
heap_002 free type 3
