
Disassembling <script> ...
0000    1 OP_CLASS            0 'Brioche'
0002    | OP_DEFINE_GLOBAL    0 'Brioche'
0004    2 OP_GET_GLOBAL       1 'Brioche'
0006    | OP_CALL             0
0008    | OP_PRINT
0009    3 OP_NIL
0010    | OP_RETURN
Disassembling <script> ... done.


Executing ...
stack: <script>
0000    1 OP_CLASS            0 'Brioche'
stack: <script> <class Brioche>
0002    | OP_DEFINE_GLOBAL    0 'Brioche'
stack: <script>
0004    2 OP_GET_GLOBAL       1 'Brioche'
stack: <script> <class Brioche>
0006    | OP_CALL             0
stack: <script> Brioche instance
0008    | OP_PRINT
Brioche instance
stack: <script>
0009    3 OP_NIL
stack: <script> nil
0010    | OP_RETURN
Executing ... done.

