-- gc begin
-- gc end
-- gc begin
-- gc end
-- gc begin
-- gc end
-- gc begin
-- gc end
-- gc begin
-- gc end
-- gc begin
-- gc end
-- gc begin
-- gc end
-- gc begin
-- gc end
-- gc begin
-- gc end
-- gc begin
-- gc end
-- gc begin
-- gc end
-- gc begin
-- gc end
-- gc begin
-- gc end
-- gc begin
-- gc end
-- gc begin
-- gc end
-- gc begin
-- gc end
-- gc begin
-- gc end
-- gc begin
-- gc end

Disassembling f ...
0000    4 OP_GET_UPVALUE      0
0002    | OP_PRINT
0003    5 OP_NIL
0004    | OP_RETURN
Disassembling f ... done.

-- gc begin
-- gc end
-- gc begin
-- gc end
-- gc begin
-- gc end
-- gc begin
-- gc end
-- gc begin
-- gc end

Disassembling g ...
0000    8 OP_GET_UPVALUE      0
0002    | OP_PRINT
0003    9 OP_NIL
0004    | OP_RETURN
Disassembling g ... done.

-- gc begin
-- gc end
-- gc begin
-- gc end
-- gc begin
-- gc end
-- gc begin
-- gc end
-- gc begin
-- gc end
-- gc begin
-- gc end
-- gc begin
-- gc end

Disassembling h ...
0000   12 OP_GET_UPVALUE      0
0002    | OP_PRINT
0003   13 OP_NIL
0004    | OP_RETURN
Disassembling h ... done.

-- gc begin
-- gc end
-- gc begin
-- gc end

Disassembling <script> ...
0000    2 OP_CONSTANT         0 '1'
0002    5 OP_CLOSURE          1 <fn f>
0004      | local 1
0006    6 OP_CONSTANT         2 '2'
0008    9 OP_CLOSURE          3 <fn g>
0010      | local 3
0012   10 OP_CONSTANT         4 '3'
0014   13 OP_CLOSURE          5 <fn h>
0016      | local 5
0018   14 OP_POP
0019    | OP_CLOSE_UPVALUE
0020    | OP_POP
0021    | OP_CLOSE_UPVALUE
0022    | OP_POP
0023    | OP_CLOSE_UPVALUE
0024   15 OP_NIL
0025    | OP_RETURN
Disassembling <script> ... done.

-- gc begin
-- gc end

Executing ...
stack: <script>
0000    2 OP_CONSTANT         0 '1'
stack: <script> 1
0002    5 OP_CLOSURE          1 <fn f>
0004      | local 1
-- gc begin
-- gc end
-- gc begin
-- gc end
-- gc begin
-- gc end
stack: <script> 1 <fn f>
0006    6 OP_CONSTANT         2 '2'
stack: <script> 1 <fn f> 2
0008    9 OP_CLOSURE          3 <fn g>
0010      | local 3
-- gc begin
-- gc end
-- gc begin
-- gc end
-- gc begin
-- gc end
stack: <script> 1 <fn f> 2 <fn g>
0012   10 OP_CONSTANT         4 '3'
stack: <script> 1 <fn f> 2 <fn g> 3
0014   13 OP_CLOSURE          5 <fn h>
0016      | local 5
-- gc begin
-- gc end
-- gc begin
-- gc end
-- gc begin
-- gc end
stack: <script> 1 <fn f> 2 <fn g> 3 <fn h>
0018   14 OP_POP
stack: <script> 1 <fn f> 2 <fn g> 3
0019    | OP_CLOSE_UPVALUE
stack: <script> 1 <fn f> 2 <fn g>
0020    | OP_POP
stack: <script> 1 <fn f> 2
0021    | OP_CLOSE_UPVALUE
stack: <script> 1 <fn f>
0022    | OP_POP
stack: <script> 1
0023    | OP_CLOSE_UPVALUE
stack: <script>
0024   15 OP_NIL
stack: <script> nil
0025    | OP_RETURN
Executing ... done.

