
Disassembling a ...
0000    1 OP_GET_GLOBAL       0 'b'
0002    | OP_CALL             0
0004    | OP_POP
0005    | OP_NIL
0006    | OP_RETURN
Disassembling a ... done.


Disassembling b ...
0000    2 OP_GET_GLOBAL       0 'c'
0002    | OP_CALL             0
0004    | OP_POP
0005    | OP_NIL
0006    | OP_RETURN
Disassembling b ... done.


Disassembling c ...
0000    4 OP_GET_GLOBAL       0 'c'
0002    | OP_CONSTANT         1 'too'
0004    | OP_CONSTANT         2 'many'
0006    | OP_CALL             2
0008    | OP_POP
0009    5 OP_NIL
0010    | OP_RETURN
Disassembling c ... done.


Disassembling <script> ...
0000    1 OP_CLOSURE          1 <fn a>
0002    | OP_DEFINE_GLOBAL    0 'a'
0004    2 OP_CLOSURE          3 <fn b>
0006    | OP_DEFINE_GLOBAL    2 'b'
0008    5 OP_CLOSURE          5 <fn c>
0010    | OP_DEFINE_GLOBAL    4 'c'
0012    7 OP_GET_GLOBAL       6 'a'
0014    | OP_CALL             0
0016    | OP_POP
0017    8 OP_NIL
0018    | OP_RETURN
Disassembling <script> ... done.


Executing ...
stack: <script>
0000    1 OP_CLOSURE          1 <fn a>

