-- gc begin
-- gc end: collected 0 bytes (from 6 to 6), next at 12
-- gc begin
-- gc end: collected 0 bytes (from 46 to 46), next at 92
heap_002 allocate 40 for 3
-- gc begin
-- gc end: collected 0 bytes (from 238 to 238), next at 476
-- gc begin
heap_002 mark clock
heap_002 blacken clock
-- gc end: collected 0 bytes (from 262 to 262), next at 524
heap_004 allocate 24 for 2
-- gc begin
heap_004 mark <native fn>
heap_004 blacken <native fn>
-- gc end: collected 0 bytes (from 454 to 454), next at 908
-- gc begin
heap_004 mark <native fn>
heap_004 blacken <native fn>
-- gc end: collected 0 bytes (from 457 to 457), next at 914
-- gc begin
heap_004 mark <native fn>
heap_004 blacken <native fn>
-- gc end: collected 0 bytes (from 497 to 497), next at 994
heap_007 allocate 40 for 3
-- gc begin
heap_007 mark gc
heap_004 mark <native fn>
heap_004 blacken <native fn>
heap_007 blacken gc
-- gc end: collected 0 bytes (from 521 to 521), next at 1042
heap_008 allocate 24 for 2
-- gc begin
heap_004 mark <native fn>
heap_007 mark gc
heap_008 mark <native fn>
heap_008 blacken <native fn>
heap_007 blacken gc
heap_004 blacken <native fn>
-- gc end: collected 0 bytes (from 651 to 651), next at 1302
-- gc begin
heap_004 mark <native fn>
heap_007 mark gc
heap_008 mark <native fn>
heap_008 blacken <native fn>
heap_007 blacken gc
heap_004 blacken <native fn>
-- gc end: collected 0 bytes (from 723 to 723), next at 1446
heap_010 allocate 72 for 1
-- gc begin
heap_004 mark <native fn>
heap_007 mark gc
heap_008 mark <native fn>
heap_008 blacken <native fn>
heap_007 blacken gc
heap_004 blacken <native fn>
-- gc end: collected 0 bytes (from 725 to 725), next at 1450
-- gc begin
heap_004 mark <native fn>
heap_007 mark gc
heap_008 mark <native fn>
heap_010 mark <script>
heap_010 blacken <script>
heap_008 blacken <native fn>
heap_007 blacken gc
heap_004 blacken <native fn>
-- gc end: collected 0 bytes (from 765 to 765), next at 1530
heap_012 allocate 40 for 3
-- gc begin
heap_004 mark <native fn>
heap_007 mark gc
heap_008 mark <native fn>
heap_010 mark <script>
heap_010 blacken <script>
heap_008 blacken <native fn>
heap_007 blacken gc
heap_004 blacken <native fn>
-- gc end: collected 0 bytes (from 893 to 893), next at 1786
-- gc begin
heap_004 mark <native fn>
heap_007 mark gc
heap_008 mark <native fn>
heap_010 mark <script>
heap_010 blacken <script>
heap_012 mark a
heap_012 blacken a
heap_008 blacken <native fn>
heap_007 blacken gc
heap_004 blacken <native fn>
-- gc end: collected 0 bytes (from 901 to 901), next at 1802
-- gc begin
heap_004 mark <native fn>
heap_007 mark gc
heap_008 mark <native fn>
heap_010 mark <script>
heap_010 blacken <script>
heap_012 mark a
heap_012 blacken a
heap_008 blacken <native fn>
heap_007 blacken gc
heap_004 blacken <native fn>
-- gc end: collected 0 bytes (from 933 to 933), next at 1866
-- gc begin
heap_004 mark <native fn>
heap_007 mark gc
heap_008 mark <native fn>
heap_010 mark <script>
heap_010 blacken <script>
heap_012 mark a
heap_012 blacken a
heap_008 blacken <native fn>
heap_007 blacken gc
heap_004 blacken <native fn>
-- gc end: collected 0 bytes (from 938 to 938), next at 1876
-- gc begin
heap_004 mark <native fn>
heap_007 mark gc
heap_008 mark <native fn>
heap_010 mark <script>
heap_010 blacken <script>
heap_012 mark a
heap_012 blacken a
heap_008 blacken <native fn>
heap_007 blacken gc
heap_004 blacken <native fn>
-- gc end: collected 0 bytes (from 978 to 978), next at 1956
heap_017 allocate 40 for 3
-- gc begin
heap_004 mark <native fn>
heap_007 mark gc
heap_008 mark <native fn>
heap_010 mark <script>
heap_010 blacken <script>
heap_012 mark a
heap_012 blacken a
heap_008 blacken <native fn>
heap_007 blacken gc
heap_004 blacken <native fn>
-- gc end: collected 0 bytes (from 986 to 986), next at 1972
-- gc begin
heap_004 mark <native fn>
heap_007 mark gc
heap_008 mark <native fn>
heap_010 mark <script>
heap_010 blacken <script>
heap_012 mark a
heap_017 mark temp
heap_017 blacken temp
heap_012 blacken a
heap_008 blacken <native fn>
heap_007 blacken gc
heap_004 blacken <native fn>
-- gc end: collected 0 bytes (from 1018 to 1018), next at 2036
-- gc begin
heap_004 mark <native fn>
heap_007 mark gc
heap_008 mark <native fn>
heap_010 mark <script>
heap_010 blacken <script>
heap_012 mark a
heap_017 mark temp
heap_017 blacken temp
heap_012 blacken a
heap_008 blacken <native fn>
heap_007 blacken gc
heap_004 blacken <native fn>
-- gc end: collected 0 bytes (from 1034 to 1034), next at 2068
-- gc begin
heap_004 mark <native fn>
heap_007 mark gc
heap_008 mark <native fn>
heap_010 mark <script>
heap_010 blacken <script>
heap_012 mark a
heap_017 mark temp
heap_017 blacken temp
heap_012 blacken a
heap_008 blacken <native fn>
heap_007 blacken gc
heap_004 blacken <native fn>
-- gc end: collected 0 bytes (from 1098 to 1098), next at 2196
-- gc begin
heap_004 mark <native fn>
heap_007 mark gc
heap_008 mark <native fn>
heap_010 mark <script>
heap_010 blacken <script>
heap_012 mark a
heap_017 mark temp
heap_017 blacken temp
heap_012 blacken a
heap_008 blacken <native fn>
heap_007 blacken gc
heap_004 blacken <native fn>
-- gc end: collected 0 bytes (from 1130 to 1130), next at 2260
-- gc begin
heap_004 mark <native fn>
heap_007 mark gc
heap_008 mark <native fn>
heap_010 mark <script>
heap_010 blacken <script>
heap_012 mark a
heap_017 mark temp
heap_017 blacken temp
heap_012 blacken a
heap_008 blacken <native fn>
heap_007 blacken gc
heap_004 blacken <native fn>
-- gc end: collected 0 bytes (from 1258 to 1258), next at 2516
-- gc begin
heap_004 mark <native fn>
heap_007 mark gc
heap_008 mark <native fn>
heap_010 mark <script>
heap_010 blacken <script>
heap_012 mark a
heap_017 mark temp
heap_017 blacken temp
heap_012 blacken a
heap_008 blacken <native fn>
heap_007 blacken gc
heap_004 blacken <native fn>
-- gc end: collected 0 bytes (from 1386 to 1386), next at 2772
-- gc begin
heap_004 mark <native fn>
heap_007 mark gc
heap_008 mark <native fn>
heap_010 mark <script>
heap_010 blacken <script>
heap_012 mark a
heap_017 mark temp
heap_017 blacken temp
heap_012 blacken a
heap_008 blacken <native fn>
heap_007 blacken gc
heap_004 blacken <native fn>
-- gc end: collected 0 bytes (from 1392 to 1392), next at 2784
-- gc begin
heap_004 mark <native fn>
heap_007 mark gc
heap_008 mark <native fn>
heap_010 mark <script>
heap_010 blacken <script>
heap_012 mark a
heap_017 mark temp
heap_017 blacken temp
heap_012 blacken a
heap_008 blacken <native fn>
heap_007 blacken gc
heap_004 blacken <native fn>
-- gc end: collected 0 bytes (from 1432 to 1432), next at 2864
heap_025 allocate 40 for 3
-- gc begin
heap_004 mark <native fn>
heap_007 mark gc
heap_008 mark <native fn>
heap_010 mark <script>
heap_010 blacken <script>
heap_012 mark a
heap_017 mark temp
heap_017 blacken temp
heap_012 blacken a
heap_008 blacken <native fn>
heap_007 blacken gc
heap_004 blacken <native fn>
-- gc end: collected 0 bytes (from 1496 to 1496), next at 2992
-- gc begin
heap_004 mark <native fn>
heap_007 mark gc
heap_008 mark <native fn>
heap_010 mark <script>
heap_010 blacken <script>
heap_012 mark a
heap_017 mark temp
heap_025 mark break
heap_025 blacken break
heap_017 blacken temp
heap_012 blacken a
heap_008 blacken <native fn>
heap_007 blacken gc
heap_004 blacken <native fn>
-- gc end: collected 0 bytes (from 1752 to 1752), next at 3504

Disassembling <script> ...
0000    1 OP_CONSTANT         1 '0'
0002    | OP_DEFINE_GLOBAL    0 'a'
0004    2 OP_NIL
0005    | OP_DEFINE_GLOBAL    2 'temp'
0007    4 OP_CONSTANT         3 '1'
0009    | OP_GET_GLOBAL       4 'a'
0011    | OP_CONSTANT         5 '10000'
0013    | OP_LESS
0014    | OP_JUMP_IF_FALSE   14 -> 64
0017    | OP_POP
0018    | OP_JUMP            18 -> 32
0021    | OP_GET_GLOBAL       6 'temp'
0023    | OP_GET_LOCAL        1
0025    | OP_ADD
0026    | OP_SET_LOCAL        1
0028    | OP_POP
0029    | OP_LOOP            29 -> 9
0032    5 OP_GET_GLOBAL       7 'a'
0034    | OP_PRINT
0035    6 OP_GET_GLOBAL       8 'a'
0037    | OP_CONSTANT         9 '100'
0039    | OP_GREATER
0040    | OP_JUMP_IF_FALSE   40 -> 50
0043    | OP_POP
0044    | OP_GET_GLOBAL      10 'break'
0046    | OP_POP
0047    | OP_JUMP            47 -> 51
0050    | OP_POP
0051    7 OP_GET_GLOBAL      12 'a'
0053    | OP_SET_GLOBAL      11 'temp'
0055    | OP_POP
0056    8 OP_GET_LOCAL        1
0058    | OP_SET_GLOBAL      13 'a'
0060    | OP_POP
0061    9 OP_LOOP            61 -> 21
0064    | OP_POP
0065    | OP_POP
0066   10 OP_NIL
0067    | OP_RETURN
Disassembling <script> ... done.

-- gc begin
heap_010 mark <script>
heap_004 mark <native fn>
heap_007 mark gc
heap_008 mark <native fn>
heap_008 blacken <native fn>
heap_007 blacken gc
heap_004 blacken <native fn>
heap_010 blacken <script>
heap_012 mark a
heap_017 mark temp
heap_025 mark break
heap_025 blacken break
heap_017 blacken temp
heap_012 blacken a
-- gc end: collected 0 bytes (from 1792 to 1792), next at 3584
heap_028 allocate 40 for 0

Executing ...
stack: <script>
0000    1 OP_CONSTANT         1 '0'
stack: <script> 0
0002    | OP_DEFINE_GLOBAL    0 'a'
stack: <script>
0004    2 OP_NIL
stack: <script> nil
0005    | OP_DEFINE_GLOBAL    2 'temp'
stack: <script>
0007    4 OP_CONSTANT         3 '1'
stack: <script> 1
0009    | OP_GET_GLOBAL       4 'a'
stack: <script> 1 0
0011    | OP_CONSTANT         5 '10000'
stack: <script> 1 0 10000
0013    | OP_LESS
stack: <script> 1 true
0014    | OP_JUMP_IF_FALSE   14 -> 64
stack: <script> 1 true
0017    | OP_POP
stack: <script> 1
0018    | OP_JUMP            18 -> 32
stack: <script> 1
0032    5 OP_GET_GLOBAL       7 'a'
stack: <script> 1 0
0034    | OP_PRINT
0
stack: <script> 1
0035    6 OP_GET_GLOBAL       8 'a'
stack: <script> 1 0
0037    | OP_CONSTANT         9 '100'
stack: <script> 1 0 100
0039    | OP_GREATER
stack: <script> 1 false
0040    | OP_JUMP_IF_FALSE   40 -> 50
stack: <script> 1 false
0050    | OP_POP
stack: <script> 1
0051    7 OP_GET_GLOBAL      12 'a'
stack: <script> 1 0
0053    | OP_SET_GLOBAL      11 'temp'
stack: <script> 1 0
0055    | OP_POP
stack: <script> 1
0056    8 OP_GET_LOCAL        1
stack: <script> 1 1
0058    | OP_SET_GLOBAL      13 'a'
stack: <script> 1 1
0060    | OP_POP
stack: <script> 1
0061    9 OP_LOOP            61 -> 21
stack: <script> 1
0021    | OP_GET_GLOBAL       6 'temp'
stack: <script> 1 0
0023    | OP_GET_LOCAL        1
stack: <script> 1 0 1
0025    | OP_ADD
stack: <script> 1 1
0026    | OP_SET_LOCAL        1
stack: <script> 1 1
0028    | OP_POP
stack: <script> 1
0029    | OP_LOOP            29 -> 9
stack: <script> 1
0009    | OP_GET_GLOBAL       4 'a'
stack: <script> 1 1
0011    | OP_CONSTANT         5 '10000'
stack: <script> 1 1 10000
0013    | OP_LESS
stack: <script> 1 true
0014    | OP_JUMP_IF_FALSE   14 -> 64
stack: <script> 1 true
0017    | OP_POP
stack: <script> 1
0018    | OP_JUMP            18 -> 32
stack: <script> 1
0032    5 OP_GET_GLOBAL       7 'a'
stack: <script> 1 1
0034    | OP_PRINT
1
stack: <script> 1
0035    6 OP_GET_GLOBAL       8 'a'
stack: <script> 1 1
0037    | OP_CONSTANT         9 '100'
stack: <script> 1 1 100
0039    | OP_GREATER
stack: <script> 1 false
0040    | OP_JUMP_IF_FALSE   40 -> 50
stack: <script> 1 false
0050    | OP_POP
stack: <script> 1
0051    7 OP_GET_GLOBAL      12 'a'
stack: <script> 1 1
0053    | OP_SET_GLOBAL      11 'temp'
stack: <script> 1 1
0055    | OP_POP
stack: <script> 1
0056    8 OP_GET_LOCAL        1
stack: <script> 1 1
0058    | OP_SET_GLOBAL      13 'a'
stack: <script> 1 1
0060    | OP_POP
stack: <script> 1
0061    9 OP_LOOP            61 -> 21
stack: <script> 1
0021    | OP_GET_GLOBAL       6 'temp'
stack: <script> 1 1
0023    | OP_GET_LOCAL        1
stack: <script> 1 1 1
0025    | OP_ADD
stack: <script> 1 2
0026    | OP_SET_LOCAL        1
stack: <script> 2 2
0028    | OP_POP
stack: <script> 2
0029    | OP_LOOP            29 -> 9
stack: <script> 2
0009    | OP_GET_GLOBAL       4 'a'
stack: <script> 2 1
0011    | OP_CONSTANT         5 '10000'
stack: <script> 2 1 10000
0013    | OP_LESS
stack: <script> 2 true
0014    | OP_JUMP_IF_FALSE   14 -> 64
stack: <script> 2 true
0017    | OP_POP
stack: <script> 2
0018    | OP_JUMP            18 -> 32
stack: <script> 2
0032    5 OP_GET_GLOBAL       7 'a'
stack: <script> 2 1
0034    | OP_PRINT
1
stack: <script> 2
0035    6 OP_GET_GLOBAL       8 'a'
stack: <script> 2 1
0037    | OP_CONSTANT         9 '100'
stack: <script> 2 1 100
0039    | OP_GREATER
stack: <script> 2 false
0040    | OP_JUMP_IF_FALSE   40 -> 50
stack: <script> 2 false
0050    | OP_POP
stack: <script> 2
0051    7 OP_GET_GLOBAL      12 'a'
stack: <script> 2 1
0053    | OP_SET_GLOBAL      11 'temp'
stack: <script> 2 1
0055    | OP_POP
stack: <script> 2
0056    8 OP_GET_LOCAL        1
stack: <script> 2 2
0058    | OP_SET_GLOBAL      13 'a'
stack: <script> 2 2
0060    | OP_POP
stack: <script> 2
0061    9 OP_LOOP            61 -> 21
stack: <script> 2
0021    | OP_GET_GLOBAL       6 'temp'
stack: <script> 2 1
0023    | OP_GET_LOCAL        1
stack: <script> 2 1 2
0025    | OP_ADD
stack: <script> 2 3
0026    | OP_SET_LOCAL        1
stack: <script> 3 3
0028    | OP_POP
stack: <script> 3
0029    | OP_LOOP            29 -> 9
stack: <script> 3
0009    | OP_GET_GLOBAL       4 'a'
stack: <script> 3 2
0011    | OP_CONSTANT         5 '10000'
stack: <script> 3 2 10000
0013    | OP_LESS
stack: <script> 3 true
0014    | OP_JUMP_IF_FALSE   14 -> 64
stack: <script> 3 true
0017    | OP_POP
stack: <script> 3
0018    | OP_JUMP            18 -> 32
stack: <script> 3
0032    5 OP_GET_GLOBAL       7 'a'
stack: <script> 3 2
0034    | OP_PRINT
2
stack: <script> 3
0035    6 OP_GET_GLOBAL       8 'a'
stack: <script> 3 2
0037    | OP_CONSTANT         9 '100'
stack: <script> 3 2 100
0039    | OP_GREATER
stack: <script> 3 false
0040    | OP_JUMP_IF_FALSE   40 -> 50
stack: <script> 3 false
0050    | OP_POP
stack: <script> 3
0051    7 OP_GET_GLOBAL      12 'a'
stack: <script> 3 2
0053    | OP_SET_GLOBAL      11 'temp'
stack: <script> 3 2
0055    | OP_POP
stack: <script> 3
0056    8 OP_GET_LOCAL        1
stack: <script> 3 3
0058    | OP_SET_GLOBAL      13 'a'
stack: <script> 3 3
0060    | OP_POP
stack: <script> 3
0061    9 OP_LOOP            61 -> 21
stack: <script> 3
0021    | OP_GET_GLOBAL       6 'temp'
stack: <script> 3 2
0023    | OP_GET_LOCAL        1
stack: <script> 3 2 3
0025    | OP_ADD
stack: <script> 3 5
0026    | OP_SET_LOCAL        1
stack: <script> 5 5
0028    | OP_POP
stack: <script> 5
0029    | OP_LOOP            29 -> 9
stack: <script> 5
0009    | OP_GET_GLOBAL       4 'a'
stack: <script> 5 3
0011    | OP_CONSTANT         5 '10000'
stack: <script> 5 3 10000
0013    | OP_LESS
stack: <script> 5 true
0014    | OP_JUMP_IF_FALSE   14 -> 64
stack: <script> 5 true
0017    | OP_POP
stack: <script> 5
0018    | OP_JUMP            18 -> 32
stack: <script> 5
0032    5 OP_GET_GLOBAL       7 'a'
stack: <script> 5 3
0034    | OP_PRINT
3
stack: <script> 5
0035    6 OP_GET_GLOBAL       8 'a'
stack: <script> 5 3
0037    | OP_CONSTANT         9 '100'
stack: <script> 5 3 100
0039    | OP_GREATER
stack: <script> 5 false
0040    | OP_JUMP_IF_FALSE   40 -> 50
stack: <script> 5 false
0050    | OP_POP
stack: <script> 5
0051    7 OP_GET_GLOBAL      12 'a'
stack: <script> 5 3
0053    | OP_SET_GLOBAL      11 'temp'
stack: <script> 5 3
0055    | OP_POP
stack: <script> 5
0056    8 OP_GET_LOCAL        1
stack: <script> 5 5
0058    | OP_SET_GLOBAL      13 'a'
stack: <script> 5 5
0060    | OP_POP
stack: <script> 5
0061    9 OP_LOOP            61 -> 21
stack: <script> 5
0021    | OP_GET_GLOBAL       6 'temp'
stack: <script> 5 3
0023    | OP_GET_LOCAL        1
stack: <script> 5 3 5
0025    | OP_ADD
stack: <script> 5 8
0026    | OP_SET_LOCAL        1
stack: <script> 8 8
0028    | OP_POP
stack: <script> 8
0029    | OP_LOOP            29 -> 9
stack: <script> 8
0009    | OP_GET_GLOBAL       4 'a'
stack: <script> 8 5
0011    | OP_CONSTANT         5 '10000'
stack: <script> 8 5 10000
0013    | OP_LESS
stack: <script> 8 true
0014    | OP_JUMP_IF_FALSE   14 -> 64
stack: <script> 8 true
0017    | OP_POP
stack: <script> 8
0018    | OP_JUMP            18 -> 32
stack: <script> 8
0032    5 OP_GET_GLOBAL       7 'a'
stack: <script> 8 5
0034    | OP_PRINT
5
stack: <script> 8
0035    6 OP_GET_GLOBAL       8 'a'
stack: <script> 8 5
0037    | OP_CONSTANT         9 '100'
stack: <script> 8 5 100
0039    | OP_GREATER
stack: <script> 8 false
0040    | OP_JUMP_IF_FALSE   40 -> 50
stack: <script> 8 false
0050    | OP_POP
stack: <script> 8
0051    7 OP_GET_GLOBAL      12 'a'
stack: <script> 8 5
0053    | OP_SET_GLOBAL      11 'temp'
stack: <script> 8 5
0055    | OP_POP
stack: <script> 8
0056    8 OP_GET_LOCAL        1
stack: <script> 8 8
0058    | OP_SET_GLOBAL      13 'a'
stack: <script> 8 8
0060    | OP_POP
stack: <script> 8
0061    9 OP_LOOP            61 -> 21
stack: <script> 8
0021    | OP_GET_GLOBAL       6 'temp'
stack: <script> 8 5
0023    | OP_GET_LOCAL        1
stack: <script> 8 5 8
0025    | OP_ADD
stack: <script> 8 13
0026    | OP_SET_LOCAL        1
stack: <script> 13 13
0028    | OP_POP
stack: <script> 13
0029    | OP_LOOP            29 -> 9
stack: <script> 13
0009    | OP_GET_GLOBAL       4 'a'
stack: <script> 13 8
0011    | OP_CONSTANT         5 '10000'
stack: <script> 13 8 10000
0013    | OP_LESS
stack: <script> 13 true
0014    | OP_JUMP_IF_FALSE   14 -> 64
stack: <script> 13 true
0017    | OP_POP
stack: <script> 13
0018    | OP_JUMP            18 -> 32
stack: <script> 13
0032    5 OP_GET_GLOBAL       7 'a'
stack: <script> 13 8
0034    | OP_PRINT
8
stack: <script> 13
0035    6 OP_GET_GLOBAL       8 'a'
stack: <script> 13 8
0037    | OP_CONSTANT         9 '100'
stack: <script> 13 8 100
0039    | OP_GREATER
stack: <script> 13 false
0040    | OP_JUMP_IF_FALSE   40 -> 50
stack: <script> 13 false
0050    | OP_POP
stack: <script> 13
0051    7 OP_GET_GLOBAL      12 'a'
stack: <script> 13 8
0053    | OP_SET_GLOBAL      11 'temp'
stack: <script> 13 8
0055    | OP_POP
stack: <script> 13
0056    8 OP_GET_LOCAL        1
stack: <script> 13 13
0058    | OP_SET_GLOBAL      13 'a'
stack: <script> 13 13
0060    | OP_POP
stack: <script> 13
0061    9 OP_LOOP            61 -> 21
stack: <script> 13
0021    | OP_GET_GLOBAL       6 'temp'
stack: <script> 13 8
0023    | OP_GET_LOCAL        1
stack: <script> 13 8 13
0025    | OP_ADD
stack: <script> 13 21
0026    | OP_SET_LOCAL        1
stack: <script> 21 21
0028    | OP_POP
stack: <script> 21
0029    | OP_LOOP            29 -> 9
stack: <script> 21
0009    | OP_GET_GLOBAL       4 'a'
stack: <script> 21 13
0011    | OP_CONSTANT         5 '10000'
stack: <script> 21 13 10000
0013    | OP_LESS
stack: <script> 21 true
0014    | OP_JUMP_IF_FALSE   14 -> 64
stack: <script> 21 true
0017    | OP_POP
stack: <script> 21
0018    | OP_JUMP            18 -> 32
stack: <script> 21
0032    5 OP_GET_GLOBAL       7 'a'
stack: <script> 21 13
0034    | OP_PRINT
13
stack: <script> 21
0035    6 OP_GET_GLOBAL       8 'a'
stack: <script> 21 13
0037    | OP_CONSTANT         9 '100'
stack: <script> 21 13 100
0039    | OP_GREATER
stack: <script> 21 false
0040    | OP_JUMP_IF_FALSE   40 -> 50
stack: <script> 21 false
0050    | OP_POP
stack: <script> 21
0051    7 OP_GET_GLOBAL      12 'a'
stack: <script> 21 13
0053    | OP_SET_GLOBAL      11 'temp'
stack: <script> 21 13
0055    | OP_POP
stack: <script> 21
0056    8 OP_GET_LOCAL        1
stack: <script> 21 21
0058    | OP_SET_GLOBAL      13 'a'
stack: <script> 21 21
0060    | OP_POP
stack: <script> 21
0061    9 OP_LOOP            61 -> 21
stack: <script> 21
0021    | OP_GET_GLOBAL       6 'temp'
stack: <script> 21 13
0023    | OP_GET_LOCAL        1
stack: <script> 21 13 21
0025    | OP_ADD
stack: <script> 21 34
0026    | OP_SET_LOCAL        1
stack: <script> 34 34
0028    | OP_POP
stack: <script> 34
0029    | OP_LOOP            29 -> 9
stack: <script> 34
0009    | OP_GET_GLOBAL       4 'a'
stack: <script> 34 21
0011    | OP_CONSTANT         5 '10000'
stack: <script> 34 21 10000
0013    | OP_LESS
stack: <script> 34 true
0014    | OP_JUMP_IF_FALSE   14 -> 64
stack: <script> 34 true
0017    | OP_POP
stack: <script> 34
0018    | OP_JUMP            18 -> 32
stack: <script> 34
0032    5 OP_GET_GLOBAL       7 'a'
stack: <script> 34 21
0034    | OP_PRINT
21
stack: <script> 34
0035    6 OP_GET_GLOBAL       8 'a'
stack: <script> 34 21
0037    | OP_CONSTANT         9 '100'
stack: <script> 34 21 100
0039    | OP_GREATER
stack: <script> 34 false
0040    | OP_JUMP_IF_FALSE   40 -> 50
stack: <script> 34 false
0050    | OP_POP
stack: <script> 34
0051    7 OP_GET_GLOBAL      12 'a'
stack: <script> 34 21
0053    | OP_SET_GLOBAL      11 'temp'
stack: <script> 34 21
0055    | OP_POP
stack: <script> 34
0056    8 OP_GET_LOCAL        1
stack: <script> 34 34
0058    | OP_SET_GLOBAL      13 'a'
stack: <script> 34 34
0060    | OP_POP
stack: <script> 34
0061    9 OP_LOOP            61 -> 21
stack: <script> 34
0021    | OP_GET_GLOBAL       6 'temp'
stack: <script> 34 21
0023    | OP_GET_LOCAL        1
stack: <script> 34 21 34
0025    | OP_ADD
stack: <script> 34 55
0026    | OP_SET_LOCAL        1
stack: <script> 55 55
0028    | OP_POP
stack: <script> 55
0029    | OP_LOOP            29 -> 9
stack: <script> 55
0009    | OP_GET_GLOBAL       4 'a'
stack: <script> 55 34
0011    | OP_CONSTANT         5 '10000'
stack: <script> 55 34 10000
0013    | OP_LESS
stack: <script> 55 true
0014    | OP_JUMP_IF_FALSE   14 -> 64
stack: <script> 55 true
0017    | OP_POP
stack: <script> 55
0018    | OP_JUMP            18 -> 32
stack: <script> 55
0032    5 OP_GET_GLOBAL       7 'a'
stack: <script> 55 34
0034    | OP_PRINT
34
stack: <script> 55
0035    6 OP_GET_GLOBAL       8 'a'
stack: <script> 55 34
0037    | OP_CONSTANT         9 '100'
stack: <script> 55 34 100
0039    | OP_GREATER
stack: <script> 55 false
0040    | OP_JUMP_IF_FALSE   40 -> 50
stack: <script> 55 false
0050    | OP_POP
stack: <script> 55
0051    7 OP_GET_GLOBAL      12 'a'
stack: <script> 55 34
0053    | OP_SET_GLOBAL      11 'temp'
stack: <script> 55 34
0055    | OP_POP
stack: <script> 55
0056    8 OP_GET_LOCAL        1
stack: <script> 55 55
0058    | OP_SET_GLOBAL      13 'a'
stack: <script> 55 55
0060    | OP_POP
stack: <script> 55
0061    9 OP_LOOP            61 -> 21
stack: <script> 55
0021    | OP_GET_GLOBAL       6 'temp'
stack: <script> 55 34
0023    | OP_GET_LOCAL        1
stack: <script> 55 34 55
0025    | OP_ADD
stack: <script> 55 89
0026    | OP_SET_LOCAL        1
stack: <script> 89 89
0028    | OP_POP
stack: <script> 89
0029    | OP_LOOP            29 -> 9
stack: <script> 89
0009    | OP_GET_GLOBAL       4 'a'
stack: <script> 89 55
0011    | OP_CONSTANT         5 '10000'
stack: <script> 89 55 10000
0013    | OP_LESS
stack: <script> 89 true
0014    | OP_JUMP_IF_FALSE   14 -> 64
stack: <script> 89 true
0017    | OP_POP
stack: <script> 89
0018    | OP_JUMP            18 -> 32
stack: <script> 89
0032    5 OP_GET_GLOBAL       7 'a'
stack: <script> 89 55
0034    | OP_PRINT
55
stack: <script> 89
0035    6 OP_GET_GLOBAL       8 'a'
stack: <script> 89 55
0037    | OP_CONSTANT         9 '100'
stack: <script> 89 55 100
0039    | OP_GREATER
stack: <script> 89 false
0040    | OP_JUMP_IF_FALSE   40 -> 50
stack: <script> 89 false
0050    | OP_POP
stack: <script> 89
0051    7 OP_GET_GLOBAL      12 'a'
stack: <script> 89 55
0053    | OP_SET_GLOBAL      11 'temp'
stack: <script> 89 55
0055    | OP_POP
stack: <script> 89
0056    8 OP_GET_LOCAL        1
stack: <script> 89 89
0058    | OP_SET_GLOBAL      13 'a'
stack: <script> 89 89
0060    | OP_POP
stack: <script> 89
0061    9 OP_LOOP            61 -> 21
stack: <script> 89
0021    | OP_GET_GLOBAL       6 'temp'
stack: <script> 89 55
0023    | OP_GET_LOCAL        1
stack: <script> 89 55 89
0025    | OP_ADD
stack: <script> 89 144
0026    | OP_SET_LOCAL        1
stack: <script> 144 144
0028    | OP_POP
stack: <script> 144
0029    | OP_LOOP            29 -> 9
stack: <script> 144
0009    | OP_GET_GLOBAL       4 'a'
stack: <script> 144 89
0011    | OP_CONSTANT         5 '10000'
stack: <script> 144 89 10000
0013    | OP_LESS
stack: <script> 144 true
0014    | OP_JUMP_IF_FALSE   14 -> 64
stack: <script> 144 true
0017    | OP_POP
stack: <script> 144
0018    | OP_JUMP            18 -> 32
stack: <script> 144
0032    5 OP_GET_GLOBAL       7 'a'
stack: <script> 144 89
0034    | OP_PRINT
89
stack: <script> 144
0035    6 OP_GET_GLOBAL       8 'a'
stack: <script> 144 89
0037    | OP_CONSTANT         9 '100'
stack: <script> 144 89 100
0039    | OP_GREATER
stack: <script> 144 false
0040    | OP_JUMP_IF_FALSE   40 -> 50
stack: <script> 144 false
0050    | OP_POP
stack: <script> 144
0051    7 OP_GET_GLOBAL      12 'a'
stack: <script> 144 89
0053    | OP_SET_GLOBAL      11 'temp'
stack: <script> 144 89
0055    | OP_POP
stack: <script> 144
0056    8 OP_GET_LOCAL        1
stack: <script> 144 144
0058    | OP_SET_GLOBAL      13 'a'
stack: <script> 144 144
0060    | OP_POP
stack: <script> 144
0061    9 OP_LOOP            61 -> 21
stack: <script> 144
0021    | OP_GET_GLOBAL       6 'temp'
stack: <script> 144 89
0023    | OP_GET_LOCAL        1
stack: <script> 144 89 144
0025    | OP_ADD
stack: <script> 144 233
0026    | OP_SET_LOCAL        1
stack: <script> 233 233
0028    | OP_POP
stack: <script> 233
0029    | OP_LOOP            29 -> 9
stack: <script> 233
0009    | OP_GET_GLOBAL       4 'a'
stack: <script> 233 144
0011    | OP_CONSTANT         5 '10000'
stack: <script> 233 144 10000
0013    | OP_LESS
stack: <script> 233 true
0014    | OP_JUMP_IF_FALSE   14 -> 64
stack: <script> 233 true
0017    | OP_POP
stack: <script> 233
0018    | OP_JUMP            18 -> 32
stack: <script> 233
0032    5 OP_GET_GLOBAL       7 'a'
stack: <script> 233 144
0034    | OP_PRINT
144
stack: <script> 233
0035    6 OP_GET_GLOBAL       8 'a'
stack: <script> 233 144
0037    | OP_CONSTANT         9 '100'
stack: <script> 233 144 100
0039    | OP_GREATER
stack: <script> 233 true
0040    | OP_JUMP_IF_FALSE   40 -> 50
stack: <script> 233 true
0043    | OP_POP
stack: <script> 233
0044    | OP_GET_GLOBAL      10 'break'
