
Disassembling inner ...
0000    5 OP_GET_UPVALUE      0
0002    | OP_PRINT
0003    6 OP_NIL
0004    | OP_RETURN
Disassembling inner ... done.


Disassembling middle ...
0000    6 OP_CLOSURE          0 <fn inner>
0002      | upvalue 0
0004    7 OP_CONSTANT         1 'create inner closure'
0006    | OP_PRINT
0007    8 OP_GET_LOCAL        1
0009    | OP_RETURN
0010    9 OP_NIL
0011    | OP_RETURN
Disassembling middle ... done.


Disassembling outer ...
0000    2 OP_CONSTANT         0 'value'
0002    9 OP_CLOSURE          1 <fn middle>
0004      | local 1
0006   10 OP_CONSTANT         2 'return from outer'
0008    | OP_PRINT
0009   11 OP_GET_LOCAL        2
0011    | OP_RETURN
0012   12 OP_NIL
0013    | OP_RETURN
Disassembling outer ... done.


Disassembling <script> ...
0000   12 OP_CLOSURE          1 <fn outer>
0002    | OP_DEFINE_GLOBAL    0 'outer'
0004   14 OP_GET_GLOBAL       3 'outer'
0006    | OP_CALL             0
0008    | OP_DEFINE_GLOBAL    2 'mid'
0010   15 OP_GET_GLOBAL       5 'mid'
0012    | OP_CALL             0
0014    | OP_DEFINE_GLOBAL    4 'in'
0016   16 OP_GET_GLOBAL       6 'in'
0018    | OP_CALL             0
0020    | OP_POP
0021   22 OP_NIL
0022    | OP_RETURN
Disassembling <script> ... done.


Executing ...
stack: <script>
0000   12 OP_CLOSURE          1 <fn outer>
stack: <script> <fn outer>
0002    | OP_DEFINE_GLOBAL    0 'outer'
stack: <script>
0004   14 OP_GET_GLOBAL       3 'outer'
stack: <script> <fn outer>
0006    | OP_CALL             0
stack: <script> <fn outer>
0000    2 OP_CONSTANT         0 'value'
stack: <script> <fn outer> value
0002    9 OP_CLOSURE          1 <fn middle>
0004      | local 1
stack: <script> <fn outer> value <fn middle>
0004    | OP_NIL
stack: <script> <fn outer> value <fn middle> nil
0005    | OP_NIL
stack: <script> <fn outer> value <fn middle> nil nil
0006   10 OP_CONSTANT         2 'return from outer'
stack: <script> <fn outer> value <fn middle> nil nil return from outer
0008    | OP_PRINT
return from outer
stack: <script> <fn outer> value <fn middle> nil nil
0009   11 OP_GET_LOCAL        2
stack: <script> <fn outer> value <fn middle> nil nil <fn middle>
0011    | OP_RETURN
stack: <script> <fn middle>
0008    | OP_DEFINE_GLOBAL    2 'mid'
stack: <script>
0010   15 OP_GET_GLOBAL       5 'mid'
stack: <script> <fn middle>
0012    | OP_CALL             0
stack: <script> <fn middle>
0000    6 OP_CLOSURE          0 <fn inner>
0002      | upvalue 0
stack: <script> <fn middle> <fn inner>
0002    | OP_CONSTANT         0 '<fn inner>'
stack: <script> <fn middle> <fn inner> <fn inner>
0004    7 OP_CONSTANT         1 'create inner closure'
stack: <script> <fn middle> <fn inner> <fn inner> create inner closure
0006    | OP_PRINT
create inner closure
stack: <script> <fn middle> <fn inner> <fn inner>
0007    8 OP_GET_LOCAL        1
stack: <script> <fn middle> <fn inner> <fn inner> <fn inner>
0009    | OP_RETURN
stack: <script> <fn inner>
0014    | OP_DEFINE_GLOBAL    4 'in'
stack: <script>
0016   16 OP_GET_GLOBAL       6 'in'
stack: <script> <fn inner>
0018    | OP_CALL             0
stack: <script> <fn inner>
0000    5 OP_GET_UPVALUE      0

