-- gc begin
-- gc end: collected 0 bytes (from 6 to 6), next at 12
-- gc begin
-- gc end: collected 0 bytes (from 46 to 46), next at 92
heap_002 allocate 40 for 3
-- gc begin
-- gc end: collected 0 bytes (from 238 to 238), next at 476
-- gc begin
heap_002 mark clock
heap_002 blacken clock
-- gc end: collected 0 bytes (from 262 to 262), next at 524
heap_004 allocate 24 for 2
-- gc begin
heap_004 mark <native fn>
heap_004 blacken <native fn>
-- gc end: collected 0 bytes (from 454 to 454), next at 908
-- gc begin
heap_004 mark <native fn>
heap_004 blacken <native fn>
-- gc end: collected 0 bytes (from 457 to 457), next at 914
-- gc begin
heap_004 mark <native fn>
heap_004 blacken <native fn>
-- gc end: collected 0 bytes (from 497 to 497), next at 994
heap_007 allocate 40 for 3
-- gc begin
heap_007 mark gc
heap_004 mark <native fn>
heap_004 blacken <native fn>
heap_007 blacken gc
-- gc end: collected 0 bytes (from 521 to 521), next at 1042
heap_008 allocate 24 for 2
-- gc begin
heap_004 mark <native fn>
heap_007 mark gc
heap_008 mark <native fn>
heap_008 blacken <native fn>
heap_007 blacken gc
heap_004 blacken <native fn>
-- gc end: collected 0 bytes (from 622 to 622), next at 1244
-- gc begin
heap_004 mark <native fn>
heap_007 mark gc
heap_008 mark <native fn>
heap_008 blacken <native fn>
heap_007 blacken gc
heap_004 blacken <native fn>
-- gc end: collected 0 bytes (from 694 to 694), next at 1388
heap_010 allocate 72 for 1
-- gc begin
heap_004 mark <native fn>
heap_007 mark gc
heap_008 mark <native fn>
heap_008 blacken <native fn>
heap_007 blacken gc
heap_004 blacken <native fn>
-- gc end: collected 0 bytes (from 700 to 700), next at 1400
-- gc begin
heap_004 mark <native fn>
heap_007 mark gc
heap_008 mark <native fn>
heap_010 mark <script>
heap_010 blacken <script>
heap_008 blacken <native fn>
heap_007 blacken gc
heap_004 blacken <native fn>
-- gc end: collected 0 bytes (from 740 to 740), next at 1480
heap_012 allocate 40 for 3
-- gc begin
heap_004 mark <native fn>
heap_007 mark gc
heap_008 mark <native fn>
heap_010 mark <script>
heap_010 blacken <script>
heap_008 blacken <native fn>
heap_007 blacken gc
heap_004 blacken <native fn>
-- gc end: collected 0 bytes (from 868 to 868), next at 1736
-- gc begin
heap_004 mark <native fn>
heap_007 mark gc
heap_008 mark <native fn>
heap_010 mark <script>
heap_010 blacken <script>
heap_012 mark outer
heap_012 blacken outer
heap_008 blacken <native fn>
heap_007 blacken gc
heap_004 blacken <native fn>
-- gc end: collected 0 bytes (from 940 to 940), next at 1880
heap_014 allocate 72 for 1
-- gc begin
heap_004 mark <native fn>
heap_007 mark gc
heap_008 mark <native fn>
heap_010 mark <script>
heap_010 blacken <script>
heap_012 mark outer
heap_012 blacken outer
heap_008 blacken <native fn>
heap_007 blacken gc
heap_004 blacken <native fn>
-- gc end: collected 0 bytes (from 1068 to 1068), next at 2136
-- gc begin
heap_004 mark <native fn>
heap_007 mark gc
heap_008 mark <native fn>
heap_014 mark <fn outer>
heap_010 mark <script>
heap_010 blacken <script>
heap_012 mark outer
heap_012 blacken outer
heap_014 blacken <fn outer>
heap_008 blacken <native fn>
heap_007 blacken gc
heap_004 blacken <native fn>
-- gc end: collected 0 bytes (from 1076 to 1076), next at 2152
-- gc begin
heap_004 mark <native fn>
heap_007 mark gc
heap_008 mark <native fn>
heap_014 mark <fn outer>
heap_010 mark <script>
heap_010 blacken <script>
heap_012 mark outer
heap_012 blacken outer
heap_014 blacken <fn outer>
heap_008 blacken <native fn>
heap_007 blacken gc
heap_004 blacken <native fn>
-- gc end: collected 0 bytes (from 1108 to 1108), next at 2216
-- gc begin
heap_004 mark <native fn>
heap_007 mark gc
heap_008 mark <native fn>
heap_014 mark <fn outer>
heap_010 mark <script>
heap_010 blacken <script>
heap_012 mark outer
heap_012 blacken outer
heap_014 blacken <fn outer>
heap_008 blacken <native fn>
heap_007 blacken gc
heap_004 blacken <native fn>
-- gc end: collected 0 bytes (from 1180 to 1180), next at 2360
heap_018 allocate 72 for 1
-- gc begin
heap_004 mark <native fn>
heap_007 mark gc
heap_008 mark <native fn>
heap_014 mark <fn outer>
heap_010 mark <script>
heap_010 blacken <script>
heap_012 mark outer
heap_012 blacken outer
heap_014 blacken <fn outer>
heap_008 blacken <native fn>
heap_007 blacken gc
heap_004 blacken <native fn>
-- gc end: collected 0 bytes (from 1186 to 1186), next at 2372
-- gc begin
heap_004 mark <native fn>
heap_007 mark gc
heap_008 mark <native fn>
heap_018 mark <script>
heap_014 mark <fn outer>
heap_010 mark <script>
heap_010 blacken <script>
heap_012 mark outer
heap_012 blacken outer
heap_014 blacken <fn outer>
heap_018 blacken <script>
heap_008 blacken <native fn>
heap_007 blacken gc
heap_004 blacken <native fn>
-- gc end: collected 0 bytes (from 1226 to 1226), next at 2452
heap_020 allocate 40 for 3
-- gc begin
heap_004 mark <native fn>
heap_007 mark gc
heap_008 mark <native fn>
heap_018 mark <fn inner>
heap_014 mark <fn outer>
heap_010 mark <script>
heap_010 blacken <script>
heap_012 mark outer
heap_012 blacken outer
heap_014 blacken <fn outer>
heap_018 blacken <fn inner>
heap_008 blacken <native fn>
heap_007 blacken gc
heap_004 blacken <native fn>
-- gc end: collected 0 bytes (from 1234 to 1234), next at 2468
-- gc begin
heap_004 mark <native fn>
heap_007 mark gc
heap_008 mark <native fn>
heap_018 mark <fn inner>
heap_014 mark <fn outer>
heap_010 mark <script>
heap_010 blacken <script>
heap_012 mark outer
heap_012 blacken outer
heap_014 blacken <fn outer>
heap_018 blacken <fn inner>
heap_020 mark inner
heap_020 blacken inner
heap_008 blacken <native fn>
heap_007 blacken gc
heap_004 blacken <native fn>
-- gc end: collected 0 bytes (from 1266 to 1266), next at 2532

Disassembling inner ...
0000    4 OP_GET_UPVALUE      0
0002    | OP_PRINT
0003    5 OP_NIL
0004    | OP_RETURN
Disassembling inner ... done.

-- gc begin
heap_004 mark <native fn>
heap_007 mark gc
heap_008 mark <native fn>
heap_014 mark <fn outer>
heap_010 mark <script>
heap_010 blacken <script>
heap_012 mark outer
heap_012 blacken outer
heap_014 blacken <fn outer>
heap_018 mark <fn inner>
heap_018 blacken <fn inner>
heap_020 mark inner
heap_020 blacken inner
heap_008 blacken <native fn>
heap_007 blacken gc
heap_004 blacken <native fn>
-- gc end: collected 0 bytes (from 1274 to 1274), next at 2548
-- gc begin
heap_004 mark <native fn>
heap_007 mark gc
heap_008 mark <native fn>
heap_014 mark <fn outer>
heap_010 mark <script>
heap_010 blacken <script>
heap_012 mark outer
heap_012 blacken outer
heap_014 blacken <fn outer>
heap_018 mark <fn inner>
heap_018 blacken <fn inner>
heap_020 mark inner
heap_020 blacken inner
heap_008 blacken <native fn>
heap_007 blacken gc
heap_004 blacken <native fn>
-- gc end: collected 0 bytes (from 1306 to 1306), next at 2612

Disassembling outer ...
0000    2 OP_CONSTANT         0 '1'
0002    5 OP_CLOSURE          1 <fn inner>
0004      | local 1
0006    6 OP_GET_LOCAL        2
0008    | OP_CALL             0
0010    | OP_POP
0011    7 OP_NIL
0012    | OP_RETURN
Disassembling outer ... done.

-- gc begin
heap_004 mark <native fn>
heap_007 mark gc
heap_008 mark <native fn>
heap_010 mark <script>
heap_010 blacken <script>
heap_012 mark outer
heap_014 mark <fn outer>
heap_014 blacken <fn outer>
heap_018 mark <fn inner>
heap_018 blacken <fn inner>
heap_020 mark inner
heap_020 blacken inner
heap_012 blacken outer
heap_008 blacken <native fn>
heap_007 blacken gc
heap_004 blacken <native fn>
-- gc end: collected 0 bytes (from 1314 to 1314), next at 2628
-- gc begin
heap_004 mark <native fn>
heap_007 mark gc
heap_008 mark <native fn>
heap_010 mark <script>
heap_010 blacken <script>
heap_012 mark outer
heap_014 mark <fn outer>
heap_014 blacken <fn outer>
heap_018 mark <fn inner>
heap_018 blacken <fn inner>
heap_020 mark inner
heap_020 blacken inner
heap_012 blacken outer
heap_008 blacken <native fn>
heap_007 blacken gc
heap_004 blacken <native fn>
-- gc end: collected 0 bytes (from 1346 to 1346), next at 2692

Disassembling <script> ...
0000    7 OP_CLOSURE          1 <fn outer>
0002    | OP_DEFINE_GLOBAL    0 'outer'
0004    8 OP_NIL
0005    | OP_RETURN
Disassembling <script> ... done.

-- gc begin
heap_010 mark <script>
heap_004 mark <native fn>
heap_007 mark gc
heap_008 mark <native fn>
heap_008 blacken <native fn>
heap_007 blacken gc
heap_004 blacken <native fn>
heap_010 blacken <script>
heap_012 mark outer
heap_014 mark <fn outer>
heap_014 blacken <fn outer>
heap_018 mark <fn inner>
heap_018 blacken <fn inner>
heap_020 mark inner
heap_020 blacken inner
heap_012 blacken outer
-- gc end: collected 0 bytes (from 1386 to 1386), next at 2772
heap_026 allocate 40 for 0

Executing ...
stack: <script>
0000    7 OP_CLOSURE          1 <fn outer>
-- gc begin
heap_004 mark <native fn>
heap_007 mark gc
heap_008 mark <native fn>
heap_008 blacken <native fn>
heap_007 blacken gc
heap_004 blacken <native fn>
-- gc end: collected 0 bytes (from 1426 to 1426), next at 2852
heap_027 allocate 40 for 0
stack: <script> <fn outer>
0002    | OP_DEFINE_GLOBAL    0 'outer'
stack: <script>
0004    8 OP_NIL
stack: <script> nil
0005    | OP_RETURN
Executing ... done.

heap_027 free type 0
heap_026 free type 0
heap_008 free type 2
heap_007 free type 3
heap_004 free type 2
heap_002 free type 3
heap_020 free type 3
heap_018 free type 1
heap_014 free type 1
heap_012 free type 3
heap_010 free type 1
