-- gc begin
-- gc end: collected 0 bytes (from 6 to 6), next at 12
-- gc begin
-- gc end: collected 0 bytes (from 46 to 46), next at 92
heap_002 allocate 40 for 3
-- gc begin
-- gc end: collected 0 bytes (from 238 to 238), next at 476
-- gc begin
heap_002 mark clock
heap_002 blacken clock
-- gc end: collected 0 bytes (from 262 to 262), next at 524
heap_004 allocate 24 for 2
-- gc begin
heap_004 mark <native fn>
heap_004 blacken <native fn>
-- gc end: collected 0 bytes (from 454 to 454), next at 908
-- gc begin
heap_004 mark <native fn>
heap_004 blacken <native fn>
-- gc end: collected 0 bytes (from 457 to 457), next at 914
-- gc begin
heap_004 mark <native fn>
heap_004 blacken <native fn>
-- gc end: collected 0 bytes (from 497 to 497), next at 994
heap_007 allocate 40 for 3
-- gc begin
heap_007 mark gc
heap_004 mark <native fn>
heap_004 blacken <native fn>
heap_007 blacken gc
-- gc end: collected 0 bytes (from 521 to 521), next at 1042
heap_008 allocate 24 for 2
-- gc begin
heap_004 mark <native fn>
heap_007 mark gc
heap_008 mark <native fn>
heap_008 blacken <native fn>
heap_007 blacken gc
heap_004 blacken <native fn>
-- gc end: collected 0 bytes (from 610 to 610), next at 1220
-- gc begin
heap_004 mark <native fn>
heap_007 mark gc
heap_008 mark <native fn>
heap_008 blacken <native fn>
heap_007 blacken gc
heap_004 blacken <native fn>
-- gc end: collected 0 bytes (from 682 to 682), next at 1364
heap_010 allocate 72 for 1
-- gc begin
heap_004 mark <native fn>
heap_007 mark gc
heap_008 mark <native fn>
heap_008 blacken <native fn>
heap_007 blacken gc
heap_004 blacken <native fn>
-- gc end: collected 0 bytes (from 688 to 688), next at 1376
-- gc begin
heap_004 mark <native fn>
heap_007 mark gc
heap_008 mark <native fn>
heap_010 mark <script>
heap_010 blacken <script>
heap_008 blacken <native fn>
heap_007 blacken gc
heap_004 blacken <native fn>
-- gc end: collected 0 bytes (from 728 to 728), next at 1456
heap_012 allocate 40 for 3
-- gc begin
heap_004 mark <native fn>
heap_007 mark gc
heap_008 mark <native fn>
heap_010 mark <script>
heap_010 blacken <script>
heap_008 blacken <native fn>
heap_007 blacken gc
heap_004 blacken <native fn>
-- gc end: collected 0 bytes (from 856 to 856), next at 1712
-- gc begin
heap_004 mark <native fn>
heap_007 mark gc
heap_008 mark <native fn>
heap_010 mark <script>
heap_010 blacken <script>
heap_012 mark outer
heap_012 blacken outer
heap_008 blacken <native fn>
heap_007 blacken gc
heap_004 blacken <native fn>
-- gc end: collected 0 bytes (from 928 to 928), next at 1856
heap_014 allocate 72 for 1
-- gc begin
heap_004 mark <native fn>
heap_007 mark gc
heap_008 mark <native fn>
heap_010 mark <script>
heap_010 blacken <script>
heap_012 mark outer
heap_012 blacken outer
heap_008 blacken <native fn>
heap_007 blacken gc
heap_004 blacken <native fn>
-- gc end: collected 0 bytes (from 1056 to 1056), next at 2112
-- gc begin
heap_004 mark <native fn>
heap_007 mark gc
heap_008 mark <native fn>
heap_014 mark <fn outer>
heap_010 mark <script>
heap_010 blacken <script>
heap_012 mark outer
heap_012 blacken outer
heap_014 blacken <fn outer>
heap_008 blacken <native fn>
heap_007 blacken gc
heap_004 blacken <native fn>
-- gc end: collected 0 bytes (from 1064 to 1064), next at 2128
-- gc begin
heap_004 mark <native fn>
heap_007 mark gc
heap_008 mark <native fn>
heap_014 mark <fn outer>
heap_010 mark <script>
heap_010 blacken <script>
heap_012 mark outer
heap_012 blacken outer
heap_014 blacken <fn outer>
heap_008 blacken <native fn>
heap_007 blacken gc
heap_004 blacken <native fn>
-- gc end: collected 0 bytes (from 1096 to 1096), next at 2192
-- gc begin
heap_004 mark <native fn>
heap_007 mark gc
heap_008 mark <native fn>
heap_014 mark <fn outer>
heap_010 mark <script>
heap_010 blacken <script>
heap_012 mark outer
heap_012 blacken outer
heap_014 blacken <fn outer>
heap_008 blacken <native fn>
heap_007 blacken gc
heap_004 blacken <native fn>
-- gc end: collected 0 bytes (from 1168 to 1168), next at 2336
heap_018 allocate 72 for 1
-- gc begin
heap_004 mark <native fn>
heap_007 mark gc
heap_008 mark <native fn>
heap_014 mark <fn outer>
heap_010 mark <script>
heap_010 blacken <script>
heap_012 mark outer
heap_012 blacken outer
heap_014 blacken <fn outer>
heap_008 blacken <native fn>
heap_007 blacken gc
heap_004 blacken <native fn>
-- gc end: collected 0 bytes (from 1175 to 1175), next at 2350
-- gc begin
heap_004 mark <native fn>
heap_007 mark gc
heap_008 mark <native fn>
heap_018 mark <script>
heap_014 mark <fn outer>
heap_010 mark <script>
heap_010 blacken <script>
heap_012 mark outer
heap_012 blacken outer
heap_014 blacken <fn outer>
heap_018 blacken <script>
heap_008 blacken <native fn>
heap_007 blacken gc
heap_004 blacken <native fn>
-- gc end: collected 0 bytes (from 1215 to 1215), next at 2430
heap_020 allocate 40 for 3
-- gc begin
heap_004 mark <native fn>
heap_007 mark gc
heap_008 mark <native fn>
heap_018 mark <fn middle>
heap_014 mark <fn outer>
heap_010 mark <script>
heap_010 blacken <script>
heap_012 mark outer
heap_012 blacken outer
heap_014 blacken <fn outer>
heap_018 blacken <fn middle>
heap_008 blacken <native fn>
heap_007 blacken gc
heap_004 blacken <native fn>
-- gc end: collected 0 bytes (from 1287 to 1287), next at 2574
heap_021 allocate 72 for 1
-- gc begin
heap_004 mark <native fn>
heap_007 mark gc
heap_008 mark <native fn>
heap_018 mark <fn middle>
heap_014 mark <fn outer>
heap_010 mark <script>
heap_010 blacken <script>
heap_012 mark outer
heap_012 blacken outer
heap_014 blacken <fn outer>
heap_018 blacken <fn middle>
heap_020 mark middle
heap_020 blacken middle
heap_008 blacken <native fn>
heap_007 blacken gc
heap_004 blacken <native fn>
-- gc end: collected 0 bytes (from 1293 to 1293), next at 2586
-- gc begin
heap_004 mark <native fn>
heap_007 mark gc
heap_008 mark <native fn>
heap_021 mark <script>
heap_018 mark <fn middle>
heap_014 mark <fn outer>
heap_010 mark <script>
heap_010 blacken <script>
heap_012 mark outer
heap_012 blacken outer
heap_014 blacken <fn outer>
heap_018 blacken <fn middle>
heap_020 mark middle
heap_020 blacken middle
heap_021 blacken <script>
heap_008 blacken <native fn>
heap_007 blacken gc
heap_004 blacken <native fn>
-- gc end: collected 0 bytes (from 1333 to 1333), next at 2666
heap_023 allocate 40 for 3
-- gc begin
heap_004 mark <native fn>
heap_007 mark gc
heap_008 mark <native fn>
heap_021 mark <fn inner>
heap_018 mark <fn middle>
heap_014 mark <fn outer>
heap_010 mark <script>
heap_010 blacken <script>
heap_012 mark outer
heap_012 blacken outer
heap_014 blacken <fn outer>
heap_018 blacken <fn middle>
heap_020 mark middle
heap_020 blacken middle
heap_021 blacken <fn inner>
heap_008 blacken <native fn>
heap_007 blacken gc
heap_004 blacken <native fn>
-- gc end: collected 0 bytes (from 1341 to 1341), next at 2682
-- gc begin
heap_004 mark <native fn>
heap_007 mark gc
heap_008 mark <native fn>
heap_021 mark <fn inner>
heap_018 mark <fn middle>
heap_014 mark <fn outer>
heap_010 mark <script>
heap_010 blacken <script>
heap_012 mark outer
heap_012 blacken outer
heap_014 blacken <fn outer>
heap_018 blacken <fn middle>
heap_020 mark middle
heap_020 blacken middle
heap_021 blacken <fn inner>
heap_023 mark inner
heap_023 blacken inner
heap_008 blacken <native fn>
heap_007 blacken gc
heap_004 blacken <native fn>
-- gc end: collected 0 bytes (from 1373 to 1373), next at 2746

Disassembling inner ...
0000    5 OP_GET_UPVALUE      0
0002    | OP_PRINT
0003    6 OP_NIL
0004    | OP_RETURN
Disassembling inner ... done.

-- gc begin
heap_021 mark <fn inner>
heap_004 mark <native fn>
heap_007 mark gc
heap_008 mark <native fn>
heap_018 mark <fn middle>
heap_014 mark <fn outer>
heap_010 mark <script>
heap_010 blacken <script>
heap_012 mark outer
heap_012 blacken outer
heap_014 blacken <fn outer>
heap_018 blacken <fn middle>
heap_020 mark middle
heap_020 blacken middle
heap_008 blacken <native fn>
heap_007 blacken gc
heap_004 blacken <native fn>
heap_021 blacken <fn inner>
heap_023 mark inner
heap_023 blacken inner
-- gc end: collected 0 bytes (from 1501 to 1501), next at 3002
-- gc begin
heap_004 mark <native fn>
heap_007 mark gc
heap_008 mark <native fn>
heap_018 mark <fn middle>
heap_014 mark <fn outer>
heap_010 mark <script>
heap_010 blacken <script>
heap_012 mark outer
heap_012 blacken outer
heap_014 blacken <fn outer>
heap_018 blacken <fn middle>
heap_020 mark middle
heap_021 mark <fn inner>
heap_021 blacken <fn inner>
heap_023 mark inner
heap_023 blacken inner
heap_020 blacken middle
heap_008 blacken <native fn>
heap_007 blacken gc
heap_004 blacken <native fn>
-- gc end: collected 0 bytes (from 1509 to 1509), next at 3018
-- gc begin
heap_004 mark <native fn>
heap_007 mark gc
heap_008 mark <native fn>
heap_018 mark <fn middle>
heap_014 mark <fn outer>
heap_010 mark <script>
heap_010 blacken <script>
heap_012 mark outer
heap_012 blacken outer
heap_014 blacken <fn outer>
heap_018 blacken <fn middle>
heap_020 mark middle
heap_021 mark <fn inner>
heap_021 blacken <fn inner>
heap_023 mark inner
heap_023 blacken inner
heap_020 blacken middle
heap_008 blacken <native fn>
heap_007 blacken gc
heap_004 blacken <native fn>
-- gc end: collected 0 bytes (from 1541 to 1541), next at 3082

Disassembling middle ...
0000    6 OP_CLOSURE          0 <fn inner>
0002      | upvalue 0
0004    7 OP_NIL
0005    | OP_RETURN
Disassembling middle ... done.


Disassembling outer ...
0000    2 OP_CONSTANT         0 '1'
0002    7 OP_CLOSURE          1 <fn middle>
0004      | local 1
0006    8 OP_NIL
0007    | OP_RETURN
Disassembling outer ... done.

-- gc begin
heap_004 mark <native fn>
heap_007 mark gc
heap_008 mark <native fn>
heap_010 mark <script>
heap_010 blacken <script>
heap_012 mark outer
heap_014 mark <fn outer>
heap_014 blacken <fn outer>
heap_018 mark <fn middle>
heap_018 blacken <fn middle>
heap_020 mark middle
heap_021 mark <fn inner>
heap_021 blacken <fn inner>
heap_023 mark inner
heap_023 blacken inner
heap_020 blacken middle
heap_012 blacken outer
heap_008 blacken <native fn>
heap_007 blacken gc
heap_004 blacken <native fn>
-- gc end: collected 0 bytes (from 1549 to 1549), next at 3098
-- gc begin
heap_004 mark <native fn>
heap_007 mark gc
heap_008 mark <native fn>
heap_010 mark <script>
heap_010 blacken <script>
heap_012 mark outer
heap_014 mark <fn outer>
heap_014 blacken <fn outer>
heap_018 mark <fn middle>
heap_018 blacken <fn middle>
heap_020 mark middle
heap_021 mark <fn inner>
heap_021 blacken <fn inner>
heap_023 mark inner
heap_023 blacken inner
heap_020 blacken middle
heap_012 blacken outer
heap_008 blacken <native fn>
heap_007 blacken gc
heap_004 blacken <native fn>
-- gc end: collected 0 bytes (from 1581 to 1581), next at 3162

Disassembling <script> ...
0000    8 OP_CLOSURE          1 <fn outer>
0002    | OP_DEFINE_GLOBAL    0 'outer'
0004    9 OP_NIL
0005    | OP_RETURN
Disassembling <script> ... done.

-- gc begin
heap_010 mark <script>
heap_004 mark <native fn>
heap_007 mark gc
heap_008 mark <native fn>
heap_008 blacken <native fn>
heap_007 blacken gc
heap_004 blacken <native fn>
heap_010 blacken <script>
heap_012 mark outer
heap_014 mark <fn outer>
heap_014 blacken <fn outer>
heap_018 mark <fn middle>
heap_018 blacken <fn middle>
heap_020 mark middle
heap_021 mark <fn inner>
heap_021 blacken <fn inner>
heap_023 mark inner
heap_023 blacken inner
heap_020 blacken middle
heap_012 blacken outer
-- gc end: collected 0 bytes (from 1621 to 1621), next at 3242
heap_031 allocate 40 for 0

Executing ...
stack: <script>
0000    8 OP_CLOSURE          1 <fn outer>
-- gc begin
heap_004 mark <native fn>
heap_007 mark gc
heap_008 mark <native fn>
heap_008 blacken <native fn>
heap_007 blacken gc
heap_004 blacken <native fn>
-- gc end: collected 0 bytes (from 1661 to 1661), next at 3322
heap_032 allocate 40 for 0
stack: <script> <fn outer>
0002    | OP_DEFINE_GLOBAL    0 'outer'
stack: <script>
0004    9 OP_NIL
stack: <script> nil
0005    | OP_RETURN
Executing ... done.

heap_032 free type 0
heap_031 free type 0
heap_008 free type 2
heap_007 free type 3
heap_004 free type 2
heap_002 free type 3
heap_023 free type 3
heap_021 free type 1
heap_020 free type 3
heap_018 free type 1
heap_014 free type 1
heap_012 free type 3
heap_010 free type 1
