
Disassembling code ...
0000    1 OP_CONSTANT         1 'café au lait'
0002    | OP_DEFINE_GLOBAL    0 'beverage'
0004    2 OP_CONSTANT         3 'beignets with '
0006    | OP_GET_GLOBAL       4 'beverage'
0008    | OP_ADD
0009    | OP_DEFINE_GLOBAL    2 'breakfast'
0011    3 OP_GET_GLOBAL       5 'breakfast'
0013    | OP_PRINT
0014    4 OP_RETURN
Disassembling code ... done.


Executing ...
stack: empty.
0000    1 OP_CONSTANT         1 'café au lait'
stack: café au lait
0002    | OP_DEFINE_GLOBAL    0 'beverage'
stack: empty.
0004    2 OP_CONSTANT         3 'beignets with '
stack: beignets with 
0006    | OP_GET_GLOBAL       4 'beverage'
stack: beignets with  café au lait
0008    | OP_ADD
stack: beignets with café au lait
0009    | OP_DEFINE_GLOBAL    2 'breakfast'
stack: empty.
0011    3 OP_GET_GLOBAL       5 'breakfast'
stack: beignets with café au lait
0013    | OP_PRINT
beignets with café au lait
stack: empty.
0014    4 OP_RETURN
Executing ... done.

