
Disassembling <script> ...
0000    1 OP_CLASS            0 'Eclair'
0002    | OP_DEFINE_GLOBAL    0 'Eclair'
0004    2 OP_GET_GLOBAL       2 'Eclair'
0006    | OP_CALL             0
0008    | OP_DEFINE_GLOBAL    1 'eclair'
0010    3 OP_GET_GLOBAL       3 'eclair'
0012    | OP_CONSTANT         5 'pastry creme'
0014    | OP_SET_PROPERTY     4 'filling'
0016    | OP_POP
0017    4 OP_GET_GLOBAL       6 'eclair'
0019    | OP_GET_PROPERTY     7 'filling'
0021    | OP_PRINT
0022    5 OP_NIL
0023    | OP_RETURN
Disassembling <script> ... done.


Executing ...
stack: <script>
0000    1 OP_CLASS            0 'Eclair'
stack: <script> <class Eclair>
0002    | OP_DEFINE_GLOBAL    0 'Eclair'
stack: <script>
0004    2 OP_GET_GLOBAL       2 'Eclair'
stack: <script> <class Eclair>
0006    | OP_CALL             0
stack: <script> Eclair instance
0008    | OP_DEFINE_GLOBAL    1 'eclair'
stack: <script>
0010    3 OP_GET_GLOBAL       3 'eclair'
stack: <script> Eclair instance
0012    | OP_CONSTANT         5 'pastry creme'
stack: <script> Eclair instance pastry creme
0014    | OP_SET_PROPERTY     4 'filling'

