
Disassembling closure ...
0000    3 OP_GET_GLOBAL       0 'value'
0002    | OP_PRINT
0003    4 OP_NIL
0004    | OP_RETURN
Disassembling closure ... done.


Disassembling makeClosure ...
0000    4 OP_CLOSURE          0 <fn closure>
0002    5 OP_GET_LOCAL        2
0004    | OP_RETURN
0005    6 OP_NIL
0006    | OP_RETURN
Disassembling makeClosure ... done.


Disassembling <script> ...
0000    6 OP_CLOSURE          1 <fn makeClosure>
0002    | OP_DEFINE_GLOBAL    0 'makeClosure'
0004    8 OP_GET_GLOBAL       3 'makeClosure'
0006    | OP_CONSTANT         4 'doughnut'
0008    | OP_CALL             1
0010    | OP_DEFINE_GLOBAL    2 'doughnut'
0012    9 OP_GET_GLOBAL       6 'makeClosure'
0014    | OP_CONSTANT         7 'bagel'
0016    | OP_CALL             1
0018    | OP_DEFINE_GLOBAL    5 'bagel'
0020   10 OP_GET_GLOBAL       8 'doughnut'
0022    | OP_CALL             0
0024    | OP_POP
0025   11 OP_GET_GLOBAL       9 'bagel'
0027    | OP_CALL             0
0029    | OP_POP
0030   15 OP_NIL
0031    | OP_RETURN
Disassembling <script> ... done.


Executing ...
stack: <script>
0000    6 OP_CLOSURE          1 <fn makeClosure>

