[line 3] Error at 'for': Expect expression.
[line 3] Error at 'j': Expect expression.
[line 3] Error at 'j': Expect expression.
[line 4] Error at 'if': Expect expression.
[line 5] Error at 'j': Expect expression.
[line 6] Error at '}': Expect expression.
[line 7] Error at 'j': Expect expression.
[line 8] Error at '}': Expect expression.
[line 12] Error at 'if': Expect expression.
[line 13] Error at 'j': Expect expression.
[line 14] Error at '}': Expect expression.
[line 15] Error at 'j': Expect expression.
[line 16] Error at '}': Expect expression.
[line 19] Error at 'for': Expect expression.
[line 19] Error at 'i': Expect expression.
[line 19] Error at 'i': Expect expression.
[line 20] Error at 'if': Expect expression.
[line 21] Error at 'i': Expect expression.
[line 22] Error at '}': Expect expression.
[line 23] Error at 'i': Expect expression.
[line 24] Error at '}': Expect expression.
[line 27] Error at 'if': Expect expression.
[line 28] Error at 'i': Expect expression.
[line 29] Error at '}': Expect expression.
[line 30] Error at 'i': Expect expression.
[line 31] Error at '}': Expect expression.
