
Disassembling <script> ...
0000    1 OP_CLASS            0 'Brioche'
0002    | OP_DEFINE_GLOBAL    0 'Brioche'
0004    2 OP_GET_GLOBAL       1 'Brioche'
0006    | OP_PRINT
0007    3 OP_NIL
0008    | OP_RETURN
Disassembling <script> ... done.


Executing ...
stack: <script>
0000    1 OP_CLASS            0 'Brioche'
stack: <script> <class Brioche>
0002    | OP_DEFINE_GLOBAL    0 'Brioche'
stack: <script>
0004    2 OP_GET_GLOBAL       1 'Brioche'
stack: <script> <class Brioche>
0006    | OP_PRINT
<class Brioche>
stack: <script>
0007    3 OP_NIL
stack: <script> nil
0008    | OP_RETURN
Executing ... done.

