
Disassembling inner ...
0000    4 OP_CONSTANT         0 'assigned'
0002    | OP_SET_UPVALUE      0
0004    | OP_POP
0005    5 OP_NIL
0006    | OP_RETURN
Disassembling inner ... done.


Disassembling outer ...
0000    2 OP_CONSTANT         0 'before'
0002    5 OP_CLOSURE          1 <fn inner>
0004      | local 1
0006    6 OP_GET_LOCAL        2
0008    | OP_CALL             0
0010    | OP_POP
0011    7 OP_GET_LOCAL        1
0013    | OP_PRINT
0014    8 OP_NIL
0015    | OP_RETURN
Disassembling outer ... done.


Disassembling <script> ...
0000    8 OP_CLOSURE          1 <fn outer>
0002    | OP_DEFINE_GLOBAL    0 'outer'
0004    9 OP_GET_GLOBAL       2 'outer'
0006    | OP_CALL             0
0008    | OP_POP
0009   12 OP_NIL
0010    | OP_RETURN
Disassembling <script> ... done.


Executing ...
stack: <script>
0000    8 OP_CLOSURE          1 <fn outer>
stack: <script> <fn outer>
0002    | OP_DEFINE_GLOBAL    0 'outer'
stack: <script>
0004    9 OP_GET_GLOBAL       2 'outer'
stack: <script> <fn outer>
0006    | OP_CALL             0
stack: <script> <fn outer>
0000    2 OP_CONSTANT         0 'before'
stack: <script> <fn outer> before
0002    5 OP_CLOSURE          1 <fn inner>
0004      | local 1
stack: <script> <fn outer> before <fn inner>
0004    | OP_NIL
stack: <script> <fn outer> before <fn inner> nil
0005    | OP_NIL
stack: <script> <fn outer> before <fn inner> nil nil
0006    6 OP_GET_LOCAL        2
stack: <script> <fn outer> before <fn inner> nil nil <fn inner>
0008    | OP_CALL             0
stack: <script> <fn outer> before <fn inner> nil nil <fn inner>
0000    4 OP_CONSTANT         0 'assigned'
stack: <script> <fn outer> before <fn inner> nil nil <fn inner> assigned
0002    | OP_SET_UPVALUE      0

