-- gc begin
-- gc end: collected 0 bytes (from 6 to 6), next at 12
-- gc begin
-- gc end: collected 0 bytes (from 46 to 46), next at 92
heap_002 allocate 40 for 3
-- gc begin
-- gc end: collected 0 bytes (from 238 to 238), next at 476
-- gc begin
heap_002 mark clock
heap_002 blacken clock
-- gc end: collected 0 bytes (from 262 to 262), next at 524
heap_004 allocate 24 for 2
-- gc begin
heap_004 mark <native fn>
heap_004 blacken <native fn>
-- gc end: collected 0 bytes (from 454 to 454), next at 908
-- gc begin
heap_004 mark <native fn>
heap_004 blacken <native fn>
-- gc end: collected 0 bytes (from 457 to 457), next at 914
-- gc begin
heap_004 mark <native fn>
heap_004 blacken <native fn>
-- gc end: collected 0 bytes (from 497 to 497), next at 994
heap_007 allocate 40 for 3
-- gc begin
heap_007 mark gc
heap_004 mark <native fn>
heap_004 blacken <native fn>
heap_007 blacken gc
-- gc end: collected 0 bytes (from 521 to 521), next at 1042
heap_008 allocate 24 for 2
-- gc begin
heap_004 mark <native fn>
heap_007 mark gc
heap_008 mark <native fn>
heap_008 blacken <native fn>
heap_007 blacken gc
heap_004 blacken <native fn>
-- gc end: collected 0 bytes (from 612 to 612), next at 1224
-- gc begin
heap_004 mark <native fn>
heap_007 mark gc
heap_008 mark <native fn>
heap_008 blacken <native fn>
heap_007 blacken gc
heap_004 blacken <native fn>
-- gc end: collected 0 bytes (from 684 to 684), next at 1368
heap_010 allocate 72 for 1
-- gc begin
heap_004 mark <native fn>
heap_007 mark gc
heap_008 mark <native fn>
heap_008 blacken <native fn>
heap_007 blacken gc
heap_004 blacken <native fn>
-- gc end: collected 0 bytes (from 693 to 693), next at 1386
-- gc begin
heap_004 mark <native fn>
heap_007 mark gc
heap_008 mark <native fn>
heap_010 mark <script>
heap_010 blacken <script>
heap_008 blacken <native fn>
heap_007 blacken gc
heap_004 blacken <native fn>
-- gc end: collected 0 bytes (from 733 to 733), next at 1466
heap_012 allocate 40 for 3
-- gc begin
heap_004 mark <native fn>
heap_007 mark gc
heap_008 mark <native fn>
heap_010 mark <script>
heap_010 blacken <script>
heap_008 blacken <native fn>
heap_007 blacken gc
heap_004 blacken <native fn>
-- gc end: collected 0 bytes (from 861 to 861), next at 1722
-- gc begin
heap_004 mark <native fn>
heap_007 mark gc
heap_008 mark <native fn>
heap_010 mark <script>
heap_010 blacken <script>
heap_012 mark noReturn
heap_012 blacken noReturn
heap_008 blacken <native fn>
heap_007 blacken gc
heap_004 blacken <native fn>
-- gc end: collected 0 bytes (from 933 to 933), next at 1866
heap_014 allocate 72 for 1
-- gc begin
heap_004 mark <native fn>
heap_007 mark gc
heap_008 mark <native fn>
heap_010 mark <script>
heap_010 blacken <script>
heap_012 mark noReturn
heap_012 blacken noReturn
heap_008 blacken <native fn>
heap_007 blacken gc
heap_004 blacken <native fn>
-- gc end: collected 0 bytes (from 942 to 942), next at 1884
-- gc begin
heap_004 mark <native fn>
heap_007 mark gc
heap_008 mark <native fn>
heap_014 mark <fn noReturn>
heap_010 mark <script>
heap_010 blacken <script>
heap_012 mark noReturn
heap_012 blacken noReturn
heap_014 blacken <fn noReturn>
heap_008 blacken <native fn>
heap_007 blacken gc
heap_004 blacken <native fn>
-- gc end: collected 0 bytes (from 982 to 982), next at 1964
heap_016 allocate 40 for 3
-- gc begin
heap_004 mark <native fn>
heap_007 mark gc
heap_008 mark <native fn>
heap_014 mark <fn noReturn>
heap_010 mark <script>
heap_010 blacken <script>
heap_012 mark noReturn
heap_012 blacken noReturn
heap_014 blacken <fn noReturn>
heap_008 blacken <native fn>
heap_007 blacken gc
heap_004 blacken <native fn>
-- gc end: collected 0 bytes (from 1110 to 1110), next at 2220
-- gc begin
heap_004 mark <native fn>
heap_007 mark gc
heap_008 mark <native fn>
heap_014 mark <fn noReturn>
heap_010 mark <script>
heap_010 blacken <script>
heap_012 mark noReturn
heap_012 blacken noReturn
heap_014 blacken <fn noReturn>
heap_016 mark Do stuff
heap_016 blacken Do stuff
heap_008 blacken <native fn>
heap_007 blacken gc
heap_004 blacken <native fn>
-- gc end: collected 0 bytes (from 1118 to 1118), next at 2236
-- gc begin
heap_004 mark <native fn>
heap_007 mark gc
heap_008 mark <native fn>
heap_014 mark <fn noReturn>
heap_010 mark <script>
heap_010 blacken <script>
heap_012 mark noReturn
heap_012 blacken noReturn
heap_014 blacken <fn noReturn>
heap_016 mark Do stuff
heap_016 blacken Do stuff
heap_008 blacken <native fn>
heap_007 blacken gc
heap_004 blacken <native fn>
-- gc end: collected 0 bytes (from 1150 to 1150), next at 2300

Disassembling noReturn ...
0000    2 OP_CONSTANT         0 'Do stuff'
0002    | OP_PRINT
0003    4 OP_NIL
0004    | OP_RETURN
Disassembling noReturn ... done.

-- gc begin
heap_004 mark <native fn>
heap_007 mark gc
heap_008 mark <native fn>
heap_010 mark <script>
heap_010 blacken <script>
heap_012 mark noReturn
heap_014 mark <fn noReturn>
heap_014 blacken <fn noReturn>
heap_016 mark Do stuff
heap_016 blacken Do stuff
heap_012 blacken noReturn
heap_008 blacken <native fn>
heap_007 blacken gc
heap_004 blacken <native fn>
-- gc end: collected 0 bytes (from 1158 to 1158), next at 2316
-- gc begin
heap_004 mark <native fn>
heap_007 mark gc
heap_008 mark <native fn>
heap_010 mark <script>
heap_010 blacken <script>
heap_012 mark noReturn
heap_014 mark <fn noReturn>
heap_014 blacken <fn noReturn>
heap_016 mark Do stuff
heap_016 blacken Do stuff
heap_012 blacken noReturn
heap_008 blacken <native fn>
heap_007 blacken gc
heap_004 blacken <native fn>
-- gc end: collected 0 bytes (from 1190 to 1190), next at 2380
-- gc begin
heap_004 mark <native fn>
heap_007 mark gc
heap_008 mark <native fn>
heap_010 mark <script>
heap_010 blacken <script>
heap_012 mark noReturn
heap_014 mark <fn noReturn>
heap_014 blacken <fn noReturn>
heap_016 mark Do stuff
heap_016 blacken Do stuff
heap_012 blacken noReturn
heap_008 blacken <native fn>
heap_007 blacken gc
heap_004 blacken <native fn>
-- gc end: collected 0 bytes (from 1198 to 1198), next at 2396
-- gc begin
heap_004 mark <native fn>
heap_007 mark gc
heap_008 mark <native fn>
heap_010 mark <script>
heap_010 blacken <script>
heap_012 mark noReturn
heap_014 mark <fn noReturn>
heap_014 blacken <fn noReturn>
heap_016 mark Do stuff
heap_016 blacken Do stuff
heap_012 blacken noReturn
heap_008 blacken <native fn>
heap_007 blacken gc
heap_004 blacken <native fn>
-- gc end: collected 0 bytes (from 1230 to 1230), next at 2460

Disassembling <script> ...
0000    4 OP_CLOSURE          1 <fn noReturn>
0002    | OP_DEFINE_GLOBAL    0 'noReturn'
0004    6 OP_GET_GLOBAL       2 'noReturn'
0006    | OP_CALL             0
0008    | OP_PRINT
0009    7 OP_NIL
0010    | OP_RETURN
Disassembling <script> ... done.

-- gc begin
heap_010 mark <script>
heap_004 mark <native fn>
heap_007 mark gc
heap_008 mark <native fn>
heap_008 blacken <native fn>
heap_007 blacken gc
heap_004 blacken <native fn>
heap_010 blacken <script>
heap_012 mark noReturn
heap_014 mark <fn noReturn>
heap_014 blacken <fn noReturn>
heap_016 mark Do stuff
heap_016 blacken Do stuff
heap_012 blacken noReturn
-- gc end: collected 0 bytes (from 1270 to 1270), next at 2540
heap_022 allocate 40 for 0

Executing ...
stack: <script>
0000    4 OP_CLOSURE          1 <fn noReturn>
-- gc begin
heap_004 mark <native fn>
heap_007 mark gc
heap_008 mark <native fn>
heap_008 blacken <native fn>
heap_007 blacken gc
heap_004 blacken <native fn>
-- gc end: collected 0 bytes (from 1310 to 1310), next at 2620
heap_023 allocate 40 for 0
stack: <script> <fn noReturn>
0002    | OP_DEFINE_GLOBAL    0 'noReturn'
stack: <script>
0004    6 OP_GET_GLOBAL       2 'noReturn'
stack: <script> <fn noReturn>
0006    | OP_CALL             0
stack: <script> <fn noReturn>
0000    2 OP_CONSTANT         0 'Do stuff'
stack: <script> <fn noReturn> Do stuff
0002    | OP_PRINT
Do stuff
stack: <script> <fn noReturn>
0003    4 OP_NIL
stack: <script> <fn noReturn> nil
0004    | OP_RETURN
stack: <script> nil
0008    | OP_PRINT
nil
stack: <script>
0009    7 OP_NIL
stack: <script> nil
0010    | OP_RETURN
Executing ... done.

heap_023 free type 0
heap_022 free type 0
heap_008 free type 2
heap_007 free type 3
heap_004 free type 2
heap_002 free type 3
heap_016 free type 3
heap_014 free type 1
heap_012 free type 3
heap_010 free type 1
