
Disassembling fib ...
0000    5 OP_GET_LOCAL        1
0002    | OP_CONSTANT         0 '1'
0004    | OP_GREATER
0005    | OP_NOT
0006    | OP_JUMP_IF_FALSE    6 -> 16
0009    | OP_POP
0010    | OP_GET_LOCAL        1
0012    | OP_RETURN
0013    | OP_JUMP            13 -> 17
0016    | OP_POP
0017    6 OP_GET_GLOBAL       1 'fib'
0019    | OP_GET_LOCAL        1
0021    | OP_CONSTANT         2 '2'
0023    | OP_SUBTRACT
0024    | OP_CALL             1
0026    | OP_GET_GLOBAL       3 'fib'
0028    | OP_GET_LOCAL        1
0030    | OP_CONSTANT         4 '1'
0032    | OP_SUBTRACT
0033    | OP_CALL             1
0035    | OP_ADD
0036    | OP_RETURN
0037    7 OP_NIL
0038    | OP_RETURN
Disassembling fib ... done.


Disassembling <script> ...
0000    7 OP_CLOSURE          1 <fn fib>
0002    | OP_DEFINE_GLOBAL    0 'fib'
0004   11 OP_CONSTANT         2 '0'
0006    | OP_GET_LOCAL        1
0008    | OP_CONSTANT         3 '7'
0010    | OP_LESS
0011    | OP_JUMP_IF_FALSE   11 -> 39
0014    | OP_POP
0015    | OP_JUMP            15 -> 29
0018    | OP_GET_LOCAL        1
0020    | OP_CONSTANT         4 '1'
0022    | OP_ADD
0023    | OP_SET_LOCAL        1
0025    | OP_POP
0026    | OP_LOOP            26 -> 6
0029   12 OP_GET_GLOBAL       5 'fib'
0031    | OP_GET_LOCAL        1
0033    | OP_CALL             1
0035    | OP_PRINT
0036   13 OP_LOOP            36 -> 18
0039    | OP_POP
0040    | OP_POP
0041   14 OP_NIL
0042    | OP_RETURN
Disassembling <script> ... done.


Executing ...
stack: <script>
0000    7 OP_CLOSURE          1 <fn fib>

