-- gc begin
-- gc end
-- gc begin
-- gc end
heap_002 allocate 40 for 3
-- gc begin
-- gc end
-- gc begin
heap_002 mark clock
heap_002 blacken clock
-- gc end
heap_004 allocate 24 for 2
-- gc begin
heap_004 mark <native fn>
heap_004 blacken <native fn>
-- gc end
-- gc begin
-- gc end
-- gc begin
-- gc end
heap_007 allocate 40 for 3
-- gc begin
heap_007 mark gc
heap_007 blacken gc
-- gc end
heap_008 allocate 24 for 2
-- gc begin
heap_008 mark <native fn>
heap_008 blacken <native fn>
-- gc end
-- gc begin
-- gc end
heap_010 allocate 72 for 1
-- gc begin
-- gc end
-- gc begin
-- gc end
-- gc begin
-- gc end
-- gc begin
-- gc end
heap_014 allocate 40 for 3
-- gc begin
-- gc end
-- gc begin
-- gc end
-- gc begin
-- gc end
heap_017 allocate 40 for 3
-- gc begin
-- gc end
-- gc begin
-- gc end
