-- gc begin
-- gc end
-- gc begin
-- gc end
heap_002 allocate 40 for 3
-- gc begin
-- gc end
-- gc begin
heap_002 mark clock
-- gc end
heap_004 allocate 24 for 2
-- gc begin
heap_002 mark clock
heap_004 mark <native fn>
-- gc end
-- gc begin
heap_002 mark clock
heap_004 mark <native fn>
-- gc end
-- gc begin
heap_002 mark clock
heap_004 mark <native fn>
-- gc end
heap_007 allocate 40 for 3
-- gc begin
heap_007 mark gc
heap_002 mark clock
heap_004 mark <native fn>
-- gc end
heap_008 allocate 24 for 2
-- gc begin
heap_002 mark clock
heap_004 mark <native fn>
heap_007 mark gc
heap_008 mark <native fn>
-- gc end
-- gc begin
heap_002 mark clock
heap_004 mark <native fn>
heap_007 mark gc
heap_008 mark <native fn>
-- gc end
heap_010 allocate 72 for 1
-- gc begin
heap_002 mark clock
heap_004 mark <native fn>
heap_007 mark gc
heap_008 mark <native fn>
heap_010 mark <script>
-- gc end
-- gc begin
heap_002 mark clock
heap_004 mark <native fn>
heap_007 mark gc
heap_008 mark <native fn>
heap_010 mark <script>
-- gc end
heap_012 allocate 40 for 3
-- gc begin
heap_002 mark clock
heap_004 mark <native fn>
heap_007 mark gc
heap_008 mark <native fn>
heap_010 mark <script>
-- gc end
-- gc begin
heap_002 mark clock
heap_004 mark <native fn>
heap_007 mark gc
heap_008 mark <native fn>
heap_010 mark <script>
heap_012 mark j
-- gc end
-- gc begin
heap_002 mark clock
heap_004 mark <native fn>
heap_007 mark gc
heap_008 mark <native fn>
heap_010 mark <script>
heap_012 mark j
-- gc end
-- gc begin
heap_002 mark clock
heap_004 mark <native fn>
heap_007 mark gc
heap_008 mark <native fn>
heap_010 mark <script>
heap_012 mark j
-- gc end
-- gc begin
heap_002 mark clock
heap_004 mark <native fn>
heap_007 mark gc
heap_008 mark <native fn>
heap_010 mark <script>
heap_012 mark j
-- gc end
-- gc begin
heap_002 mark clock
heap_004 mark <native fn>
heap_007 mark gc
heap_008 mark <native fn>
heap_010 mark <script>
heap_012 mark j
-- gc end
-- gc begin
heap_002 mark clock
heap_004 mark <native fn>
heap_007 mark gc
heap_008 mark <native fn>
heap_010 mark <script>
heap_012 mark j
-- gc end
-- gc begin
heap_002 mark clock
heap_004 mark <native fn>
heap_007 mark gc
heap_008 mark <native fn>
heap_010 mark <script>
heap_012 mark j
-- gc end
-- gc begin
heap_002 mark clock
heap_004 mark <native fn>
heap_007 mark gc
heap_008 mark <native fn>
heap_010 mark <script>
heap_012 mark j
-- gc end
-- gc begin
heap_002 mark clock
heap_004 mark <native fn>
heap_007 mark gc
heap_008 mark <native fn>
heap_010 mark <script>
heap_012 mark j
-- gc end
-- gc begin
heap_002 mark clock
heap_004 mark <native fn>
heap_007 mark gc
heap_008 mark <native fn>
heap_010 mark <script>
heap_012 mark j
-- gc end
heap_021 allocate 40 for 3
-- gc begin
heap_002 mark clock
heap_004 mark <native fn>
heap_007 mark gc
heap_008 mark <native fn>
heap_010 mark <script>
heap_012 mark j
heap_021 mark PASS: j = 
-- gc end
-- gc begin
heap_002 mark clock
heap_004 mark <native fn>
heap_007 mark gc
heap_008 mark <native fn>
heap_010 mark <script>
heap_012 mark j
heap_021 mark PASS: j = 
-- gc end
heap_023 allocate 40 for 3
-- gc begin
heap_002 mark clock
heap_004 mark <native fn>
heap_007 mark gc
heap_008 mark <native fn>
heap_010 mark <script>
heap_012 mark j
heap_021 mark PASS: j = 
heap_023 mark FAIL: j = 
-- gc end
-- gc begin
heap_002 mark clock
heap_004 mark <native fn>
heap_007 mark gc
heap_008 mark <native fn>
heap_010 mark <script>
heap_012 mark j
heap_021 mark PASS: j = 
heap_023 mark FAIL: j = 
-- gc end
-- gc begin
heap_002 mark clock
heap_004 mark <native fn>
heap_007 mark gc
heap_008 mark <native fn>
heap_010 mark <script>
heap_012 mark j
heap_021 mark PASS: j = 
heap_023 mark FAIL: j = 
-- gc end
-- gc begin
heap_002 mark clock
heap_004 mark <native fn>
heap_007 mark gc
heap_008 mark <native fn>
heap_010 mark <script>
heap_012 mark j
heap_021 mark PASS: j = 
heap_023 mark FAIL: j = 
heap_012 mark j
-- gc end
-- gc begin
heap_002 mark clock
heap_004 mark <native fn>
heap_007 mark gc
heap_008 mark <native fn>
heap_010 mark <script>
heap_012 mark j
heap_021 mark PASS: j = 
heap_023 mark FAIL: j = 
heap_012 mark j
-- gc end
heap_028 allocate 40 for 3
-- gc begin
heap_002 mark clock
heap_004 mark <native fn>
heap_007 mark gc
heap_008 mark <native fn>
heap_010 mark <script>
heap_012 mark j
heap_021 mark PASS: j = 
heap_023 mark FAIL: j = 
heap_012 mark j
heap_028 mark PASS: final j = 
heap_012 mark j
-- gc end
-- gc begin
heap_002 mark clock
heap_004 mark <native fn>
heap_007 mark gc
heap_008 mark <native fn>
heap_010 mark <script>
heap_012 mark j
heap_021 mark PASS: j = 
heap_023 mark FAIL: j = 
heap_012 mark j
heap_028 mark PASS: final j = 
heap_012 mark j
-- gc end
heap_030 allocate 40 for 3
-- gc begin
heap_002 mark clock
heap_004 mark <native fn>
heap_007 mark gc
heap_008 mark <native fn>
heap_010 mark <script>
heap_012 mark j
heap_021 mark PASS: j = 
heap_023 mark FAIL: j = 
heap_012 mark j
heap_028 mark PASS: final j = 
heap_012 mark j
-- gc end
-- gc begin
heap_002 mark clock
heap_004 mark <native fn>
heap_007 mark gc
heap_008 mark <native fn>
heap_010 mark <script>
heap_012 mark j
heap_021 mark PASS: j = 
heap_023 mark FAIL: j = 
heap_012 mark j
heap_028 mark PASS: final j = 
heap_012 mark j
heap_030 mark FAIL: final j = 
heap_012 mark j
-- gc end
-- gc begin
heap_002 mark clock
heap_004 mark <native fn>
heap_007 mark gc
heap_008 mark <native fn>
heap_010 mark <script>
heap_012 mark j
heap_021 mark PASS: j = 
heap_023 mark FAIL: j = 
heap_012 mark j
heap_028 mark PASS: final j = 
heap_012 mark j
heap_030 mark FAIL: final j = 
heap_012 mark j
-- gc end
heap_033 allocate 40 for 3
-- gc begin
heap_002 mark clock
heap_004 mark <native fn>
heap_007 mark gc
heap_008 mark <native fn>
heap_010 mark <script>
heap_012 mark j
heap_021 mark PASS: j = 
heap_023 mark FAIL: j = 
heap_012 mark j
heap_028 mark PASS: final j = 
heap_012 mark j
heap_030 mark FAIL: final j = 
heap_012 mark j
heap_033 mark i
heap_033 mark i
-- gc end
-- gc begin
heap_002 mark clock
heap_004 mark <native fn>
heap_007 mark gc
heap_008 mark <native fn>
heap_010 mark <script>
heap_012 mark j
heap_021 mark PASS: j = 
heap_023 mark FAIL: j = 
heap_012 mark j
heap_028 mark PASS: final j = 
heap_012 mark j
heap_030 mark FAIL: final j = 
heap_012 mark j
heap_033 mark i
heap_033 mark i
heap_033 mark i
heap_033 mark i
heap_033 mark i
heap_033 mark i
-- gc end
-- gc begin
heap_002 mark clock
heap_004 mark <native fn>
heap_007 mark gc
heap_008 mark <native fn>
heap_010 mark <script>
heap_012 mark j
heap_021 mark PASS: j = 
heap_023 mark FAIL: j = 
heap_012 mark j
heap_028 mark PASS: final j = 
heap_012 mark j
heap_030 mark FAIL: final j = 
heap_012 mark j
heap_033 mark i
heap_033 mark i
heap_033 mark i
heap_033 mark i
heap_033 mark i
heap_033 mark i
-- gc end
-- gc begin
heap_002 mark clock
heap_004 mark <native fn>
heap_007 mark gc
heap_008 mark <native fn>
heap_010 mark <script>
heap_012 mark j
heap_021 mark PASS: j = 
heap_023 mark FAIL: j = 
heap_012 mark j
heap_028 mark PASS: final j = 
heap_012 mark j
heap_030 mark FAIL: final j = 
heap_012 mark j
heap_033 mark i
heap_033 mark i
heap_033 mark i
heap_033 mark i
heap_033 mark i
heap_033 mark i
heap_033 mark i
-- gc end
-- gc begin
heap_002 mark clock
heap_004 mark <native fn>
heap_007 mark gc
heap_008 mark <native fn>
heap_010 mark <script>
heap_012 mark j
heap_021 mark PASS: j = 
heap_023 mark FAIL: j = 
heap_012 mark j
heap_028 mark PASS: final j = 
heap_012 mark j
heap_030 mark FAIL: final j = 
heap_012 mark j
heap_033 mark i
heap_033 mark i
heap_033 mark i
heap_033 mark i
heap_033 mark i
heap_033 mark i
heap_033 mark i
-- gc end
heap_038 allocate 40 for 3
-- gc begin
heap_002 mark clock
heap_004 mark <native fn>
heap_007 mark gc
heap_008 mark <native fn>
heap_010 mark <script>
heap_012 mark j
heap_021 mark PASS: j = 
heap_023 mark FAIL: j = 
heap_012 mark j
heap_028 mark PASS: final j = 
heap_012 mark j
heap_030 mark FAIL: final j = 
heap_012 mark j
heap_033 mark i
heap_033 mark i
heap_033 mark i
heap_033 mark i
heap_033 mark i
heap_033 mark i
heap_033 mark i
heap_038 mark PASS: i = 
heap_033 mark i
-- gc end
-- gc begin
heap_002 mark clock
heap_004 mark <native fn>
heap_007 mark gc
heap_008 mark <native fn>
heap_010 mark <script>
heap_012 mark j
heap_021 mark PASS: j = 
heap_023 mark FAIL: j = 
heap_012 mark j
heap_028 mark PASS: final j = 
heap_012 mark j
heap_030 mark FAIL: final j = 
heap_012 mark j
heap_033 mark i
heap_033 mark i
heap_033 mark i
heap_033 mark i
heap_033 mark i
heap_033 mark i
heap_033 mark i
heap_038 mark PASS: i = 
heap_033 mark i
-- gc end
heap_040 allocate 40 for 3
-- gc begin
heap_002 mark clock
heap_004 mark <native fn>
heap_007 mark gc
heap_008 mark <native fn>
heap_010 mark <script>
heap_012 mark j
heap_021 mark PASS: j = 
heap_023 mark FAIL: j = 
heap_012 mark j
heap_028 mark PASS: final j = 
heap_012 mark j
heap_030 mark FAIL: final j = 
heap_012 mark j
heap_033 mark i
heap_033 mark i
heap_033 mark i
heap_033 mark i
heap_033 mark i
heap_033 mark i
heap_033 mark i
heap_038 mark PASS: i = 
heap_033 mark i
heap_040 mark FAIL: i = 
heap_033 mark i
heap_033 mark i
-- gc end
-- gc begin
heap_002 mark clock
heap_004 mark <native fn>
heap_007 mark gc
heap_008 mark <native fn>
heap_010 mark <script>
heap_012 mark j
heap_021 mark PASS: j = 
heap_023 mark FAIL: j = 
heap_012 mark j
heap_028 mark PASS: final j = 
heap_012 mark j
heap_030 mark FAIL: final j = 
heap_012 mark j
heap_033 mark i
heap_033 mark i
heap_033 mark i
heap_033 mark i
heap_033 mark i
heap_033 mark i
heap_033 mark i
heap_038 mark PASS: i = 
heap_033 mark i
heap_040 mark FAIL: i = 
heap_033 mark i
heap_033 mark i
-- gc end
heap_042 allocate 40 for 3
-- gc begin
heap_002 mark clock
heap_004 mark <native fn>
heap_007 mark gc
heap_008 mark <native fn>
heap_010 mark <script>
heap_012 mark j
heap_021 mark PASS: j = 
heap_023 mark FAIL: j = 
heap_012 mark j
heap_028 mark PASS: final j = 
heap_012 mark j
heap_030 mark FAIL: final j = 
heap_012 mark j
heap_033 mark i
heap_033 mark i
heap_033 mark i
heap_033 mark i
heap_033 mark i
heap_033 mark i
heap_033 mark i
heap_038 mark PASS: i = 
heap_033 mark i
heap_040 mark FAIL: i = 
heap_033 mark i
heap_033 mark i
heap_042 mark PASS: final i = 
-- gc end
-- gc begin
heap_002 mark clock
heap_004 mark <native fn>
heap_007 mark gc
heap_008 mark <native fn>
heap_010 mark <script>
heap_012 mark j
heap_021 mark PASS: j = 
heap_023 mark FAIL: j = 
heap_012 mark j
heap_028 mark PASS: final j = 
heap_012 mark j
heap_030 mark FAIL: final j = 
heap_012 mark j
heap_033 mark i
heap_033 mark i
heap_033 mark i
heap_033 mark i
heap_033 mark i
heap_033 mark i
heap_033 mark i
heap_038 mark PASS: i = 
heap_033 mark i
heap_040 mark FAIL: i = 
heap_033 mark i
heap_033 mark i
heap_042 mark PASS: final i = 
heap_033 mark i
-- gc end
-- gc begin
heap_002 mark clock
heap_004 mark <native fn>
heap_007 mark gc
heap_008 mark <native fn>
heap_010 mark <script>
heap_012 mark j
heap_021 mark PASS: j = 
heap_023 mark FAIL: j = 
heap_012 mark j
heap_028 mark PASS: final j = 
heap_012 mark j
heap_030 mark FAIL: final j = 
heap_012 mark j
heap_033 mark i
heap_033 mark i
heap_033 mark i
heap_033 mark i
heap_033 mark i
heap_033 mark i
heap_033 mark i
heap_038 mark PASS: i = 
heap_033 mark i
heap_040 mark FAIL: i = 
heap_033 mark i
heap_033 mark i
heap_042 mark PASS: final i = 
heap_033 mark i
-- gc end
heap_045 allocate 40 for 3

Disassembling <script> ...
0000    2 OP_NIL
0001    | OP_DEFINE_GLOBAL    0 'j'
0003    3 OP_CONSTANT         1 '10'
0005    | OP_GET_LOCAL        1
0007    | OP_CONSTANT         2 '0'
0009    | OP_GREATER
0010    | OP_JUMP_IF_FALSE   10 -> 66
0013    | OP_POP
0014    | OP_JUMP            14 -> 28
0017    | OP_GET_LOCAL        1
0019    | OP_CONSTANT         3 '1'
0021    | OP_SUBTRACT
0022    | OP_SET_LOCAL        1
0024    | OP_POP
0025    | OP_LOOP            25 -> 5
0028    4 OP_GET_LOCAL        1
0030    | OP_CONSTANT         4 '10'
0032    | OP_GREATER
0033    | OP_NOT
0034    | OP_JUMP_IF_FALSE   34 -> 43
0037    | OP_POP
0038    | OP_GET_LOCAL        1
0040    | OP_CONSTANT         5 '0'
0042    | OP_GREATER
0043    | OP_JUMP_IF_FALSE   43 -> 56
0046    | OP_POP
0047    5 OP_CONSTANT         6 'PASS: j = '
0049    | OP_GET_LOCAL        1
0051    | OP_ADD
0052    | OP_PRINT
0053    6 OP_JUMP            53 -> 63
0056    | OP_POP
0057    7 OP_CONSTANT         7 'FAIL: j = '
0059    | OP_GET_LOCAL        1
0061    | OP_ADD
0062    | OP_PRINT
0063   10 OP_LOOP            63 -> 17
0066    | OP_POP
0067    | OP_POP
0068   12 OP_GET_GLOBAL       8 'j'
0070    | OP_NIL
0071    | OP_EQUAL
0072    | OP_JUMP_IF_FALSE   72 -> 85
0075    | OP_POP
0076   13 OP_CONSTANT         9 'PASS: final j = '
0078    | OP_GET_GLOBAL      10 'j'
0080    | OP_ADD
0081    | OP_PRINT
0082   14 OP_JUMP            82 -> 92
0085    | OP_POP
0086   15 OP_CONSTANT        11 'FAIL: final j = '
0088    | OP_GET_GLOBAL      12 'j'
0090    | OP_ADD
0091    | OP_PRINT
0092   18 OP_NIL
0093    | OP_DEFINE_GLOBAL   13 'i'
0095   19 OP_CONSTANT        15 '10'
0097    | OP_SET_GLOBAL      14 'i'
0099    | OP_POP
0100    | OP_GET_GLOBAL      16 'i'
0102    | OP_CONSTANT        17 '0'
0104    | OP_GREATER
0105    | OP_JUMP_IF_FALSE  105 -> 161
0108    | OP_POP
0109    | OP_JUMP           109 -> 123
0112    | OP_GET_GLOBAL      19 'i'
0114    | OP_CONSTANT        20 '1'
0116    | OP_SUBTRACT
0117    | OP_SET_GLOBAL      18 'i'
0119    | OP_POP
0120    | OP_LOOP           120 -> 100
0123   20 OP_GET_GLOBAL      21 'i'
0125    | OP_CONSTANT        22 '10'
0127    | OP_GREATER
0128    | OP_NOT
0129    | OP_JUMP_IF_FALSE  129 -> 138
0132    | OP_POP
0133    | OP_GET_GLOBAL      23 'i'
0135    | OP_CONSTANT        24 '0'
0137    | OP_GREATER
0138    | OP_JUMP_IF_FALSE  138 -> 151
0141    | OP_POP
0142   21 OP_CONSTANT        25 'PASS: i = '
0144    | OP_GET_GLOBAL      26 'i'
0146    | OP_ADD
0147    | OP_PRINT
0148   22 OP_JUMP           148 -> 158
0151    | OP_POP
0152   23 OP_CONSTANT        27 'FAIL: i = '
0154    | OP_GET_GLOBAL      28 'i'
0156    | OP_ADD
0157    | OP_PRINT
0158   25 OP_LOOP           158 -> 112
0161    | OP_POP
0162   27 OP_GET_GLOBAL      29 'i'
0164    | OP_CONSTANT        30 '0'
0166    | OP_EQUAL
0167    | OP_JUMP_IF_FALSE  167 -> 180
0170    | OP_POP
0171   28 OP_CONSTANT        31 'PASS: final i = '
0173    | OP_GET_GLOBAL      32 'i'
0175    | OP_ADD
0176    | OP_PRINT
0177   29 OP_JUMP           177 -> 187
0180    | OP_POP
0181   30 OP_CONSTANT        33 'FAIL: final i = '
0183    | OP_GET_GLOBAL      34 'i'
0185    | OP_ADD
0186    | OP_PRINT
0187   32 OP_NIL
0188    | OP_RETURN
Disassembling <script> ... done.

-- gc begin
heap_010 mark <script>
heap_002 mark clock
heap_004 mark <native fn>
heap_007 mark gc
heap_008 mark <native fn>
heap_012 mark j
heap_021 mark PASS: j = 
heap_023 mark FAIL: j = 
heap_012 mark j
heap_028 mark PASS: final j = 
heap_012 mark j
heap_030 mark FAIL: final j = 
heap_012 mark j
heap_033 mark i
heap_033 mark i
heap_033 mark i
heap_033 mark i
heap_033 mark i
heap_033 mark i
heap_033 mark i
heap_038 mark PASS: i = 
heap_033 mark i
heap_040 mark FAIL: i = 
heap_033 mark i
heap_033 mark i
heap_042 mark PASS: final i = 
heap_033 mark i
heap_045 mark FAIL: final i = 
heap_033 mark i
-- gc end
heap_046 allocate 40 for 0

Executing ...
stack: <script>
0000    2 OP_NIL
stack: <script> nil
0001    | OP_DEFINE_GLOBAL    0 'j'
stack: <script>
0003    3 OP_CONSTANT         1 '10'
stack: <script> 10
0005    | OP_GET_LOCAL        1
stack: <script> 10 10
0007    | OP_CONSTANT         2 '0'
stack: <script> 10 10 0
0009    | OP_GREATER
stack: <script> 10 true
0010    | OP_JUMP_IF_FALSE   10 -> 66
stack: <script> 10 true
0013    | OP_POP
stack: <script> 10
0014    | OP_JUMP            14 -> 28
stack: <script> 10
0028    4 OP_GET_LOCAL        1
stack: <script> 10 10
0030    | OP_CONSTANT         4 '10'
stack: <script> 10 10 10
0032    | OP_GREATER
stack: <script> 10 false
0033    | OP_NOT
stack: <script> 10 true
0034    | OP_JUMP_IF_FALSE   34 -> 43
stack: <script> 10 true
0037    | OP_POP
stack: <script> 10
0038    | OP_GET_LOCAL        1
stack: <script> 10 10
0040    | OP_CONSTANT         5 '0'
stack: <script> 10 10 0
0042    | OP_GREATER
stack: <script> 10 true
0043    | OP_JUMP_IF_FALSE   43 -> 56
stack: <script> 10 true
0046    | OP_POP
stack: <script> 10
0047    5 OP_CONSTANT         6 'PASS: j = '
stack: <script> 10 PASS: j = 
0049    | OP_GET_LOCAL        1
stack: <script> 10 PASS: j =  10
0051    | OP_ADD
stack: empty.
0052    | OP_PRINT

