-- gc begin
-- gc end: collected 0 bytes (from 6 to 6), next at 12
-- gc begin
-- gc end: collected 0 bytes (from 46 to 46), next at 92
heap_002 allocate 40 for 3
-- gc begin
heap_002 mark clock
heap_002 blacken clock
-- gc end: collected 0 bytes (from 238 to 238), next at 476
-- gc begin
heap_002 mark clock
heap_002 blacken clock
-- gc end: collected 0 bytes (from 262 to 262), next at 524
heap_004 allocate 24 for 2
-- gc begin
heap_002 mark clock
heap_004 mark <native fn>
heap_004 blacken <native fn>
heap_002 blacken clock
-- gc end: collected 0 bytes (from 454 to 454), next at 908
-- gc begin
heap_002 mark clock
heap_004 mark <native fn>
heap_004 blacken <native fn>
heap_002 blacken clock
-- gc end: collected 0 bytes (from 457 to 457), next at 914
-- gc begin
heap_002 mark clock
heap_004 mark <native fn>
heap_004 blacken <native fn>
heap_002 blacken clock
-- gc end: collected 0 bytes (from 497 to 497), next at 994
heap_007 allocate 40 for 3
-- gc begin
heap_007 mark gc
heap_002 mark clock
heap_004 mark <native fn>
heap_004 blacken <native fn>
heap_002 blacken clock
heap_007 blacken gc
-- gc end: collected 0 bytes (from 521 to 521), next at 1042
heap_008 allocate 24 for 2
-- gc begin
heap_002 mark clock
heap_004 mark <native fn>
heap_007 mark gc
heap_008 mark <native fn>
heap_008 blacken <native fn>
heap_007 blacken gc
heap_004 blacken <native fn>
heap_002 blacken clock
-- gc end: collected 0 bytes (from 1764 to 1764), next at 3528
-- gc begin
heap_002 mark clock
heap_004 mark <native fn>
heap_007 mark gc
heap_008 mark <native fn>
heap_008 blacken <native fn>
heap_007 blacken gc
heap_004 blacken <native fn>
heap_002 blacken clock
-- gc end: collected 0 bytes (from 1836 to 1836), next at 3672
heap_010 allocate 72 for 1
-- gc begin
heap_002 mark clock
heap_004 mark <native fn>
heap_007 mark gc
heap_008 mark <native fn>
heap_010 mark <script>
heap_010 blacken <script>
heap_008 blacken <native fn>
heap_007 blacken gc
heap_004 blacken <native fn>
heap_002 blacken clock
-- gc end: collected 0 bytes (from 1838 to 1838), next at 3676
-- gc begin
heap_002 mark clock
heap_004 mark <native fn>
heap_007 mark gc
heap_008 mark <native fn>
heap_010 mark <script>
heap_010 blacken <script>
heap_008 blacken <native fn>
heap_007 blacken gc
heap_004 blacken <native fn>
heap_002 blacken clock
-- gc end: collected 0 bytes (from 1878 to 1878), next at 3756
heap_012 allocate 40 for 3
-- gc begin
heap_012 mark a
heap_002 mark clock
heap_004 mark <native fn>
heap_007 mark gc
heap_008 mark <native fn>
heap_010 mark <script>
heap_010 blacken <script>
heap_008 blacken <native fn>
heap_007 blacken gc
heap_004 blacken <native fn>
heap_002 blacken clock
heap_012 blacken a
-- gc end: collected 0 bytes (from 2006 to 2006), next at 4012
-- gc begin
heap_002 mark clock
heap_004 mark <native fn>
heap_007 mark gc
heap_008 mark <native fn>
heap_010 mark <script>
heap_010 blacken <script>
heap_012 mark a
heap_012 blacken a
heap_008 blacken <native fn>
heap_007 blacken gc
heap_004 blacken <native fn>
heap_002 blacken clock
-- gc end: collected 0 bytes (from 2015 to 2015), next at 4030
-- gc begin
heap_002 mark clock
heap_004 mark <native fn>
heap_007 mark gc
heap_008 mark <native fn>
heap_010 mark <script>
heap_010 blacken <script>
heap_012 mark a
heap_012 blacken a
heap_008 blacken <native fn>
heap_007 blacken gc
heap_004 blacken <native fn>
heap_002 blacken clock
-- gc end: collected 0 bytes (from 2055 to 2055), next at 4110
heap_015 allocate 40 for 3
-- gc begin
heap_002 mark clock
heap_004 mark <native fn>
heap_007 mark gc
heap_008 mark <native fn>
heap_010 mark <script>
heap_010 blacken <script>
heap_012 mark a
heap_015 mark global a
heap_015 blacken global a
heap_012 blacken a
heap_008 blacken <native fn>
heap_007 blacken gc
heap_004 blacken <native fn>
heap_002 blacken clock
-- gc end: collected 0 bytes (from 2063 to 2063), next at 4126
-- gc begin
heap_002 mark clock
heap_004 mark <native fn>
heap_007 mark gc
heap_008 mark <native fn>
heap_010 mark <script>
heap_010 blacken <script>
heap_012 mark a
heap_015 mark global a
heap_015 blacken global a
heap_012 blacken a
heap_008 blacken <native fn>
heap_007 blacken gc
heap_004 blacken <native fn>
heap_002 blacken clock
-- gc end: collected 0 bytes (from 2095 to 2095), next at 4190
-- gc begin
heap_002 mark clock
heap_004 mark <native fn>
heap_007 mark gc
heap_008 mark <native fn>
heap_010 mark <script>
heap_010 blacken <script>
heap_012 mark a
heap_015 mark global a
heap_015 blacken global a
heap_012 blacken a
heap_008 blacken <native fn>
heap_007 blacken gc
heap_004 blacken <native fn>
heap_002 blacken clock
-- gc end: collected 0 bytes (from 2097 to 2097), next at 4194
-- gc begin
heap_002 mark clock
heap_004 mark <native fn>
heap_007 mark gc
heap_008 mark <native fn>
heap_010 mark <script>
heap_010 blacken <script>
heap_012 mark a
heap_015 mark global a
heap_015 blacken global a
heap_012 blacken a
heap_008 blacken <native fn>
heap_007 blacken gc
heap_004 blacken <native fn>
heap_002 blacken clock
-- gc end: collected 0 bytes (from 2137 to 2137), next at 4274
heap_019 allocate 40 for 3
-- gc begin
heap_002 mark clock
heap_004 mark <native fn>
heap_007 mark gc
heap_008 mark <native fn>
heap_010 mark <script>
heap_010 blacken <script>
heap_012 mark a
heap_015 mark global a
heap_019 mark b
heap_019 blacken b
heap_015 blacken global a
heap_012 blacken a
heap_008 blacken <native fn>
heap_007 blacken gc
heap_004 blacken <native fn>
heap_002 blacken clock
-- gc end: collected 0 bytes (from 2146 to 2146), next at 4292
-- gc begin
heap_002 mark clock
heap_004 mark <native fn>
heap_007 mark gc
heap_008 mark <native fn>
heap_010 mark <script>
heap_010 blacken <script>
heap_012 mark a
heap_015 mark global a
heap_019 mark b
heap_019 blacken b
heap_015 blacken global a
heap_012 blacken a
heap_008 blacken <native fn>
heap_007 blacken gc
heap_004 blacken <native fn>
heap_002 blacken clock
-- gc end: collected 0 bytes (from 2186 to 2186), next at 4372
heap_021 allocate 40 for 3
-- gc begin
heap_002 mark clock
heap_004 mark <native fn>
heap_007 mark gc
heap_008 mark <native fn>
heap_010 mark <script>
heap_010 blacken <script>
heap_012 mark a
heap_015 mark global a
heap_019 mark b
heap_021 mark global b
heap_021 blacken global b
heap_019 blacken b
heap_015 blacken global a
heap_012 blacken a
heap_008 blacken <native fn>
heap_007 blacken gc
heap_004 blacken <native fn>
heap_002 blacken clock
-- gc end: collected 0 bytes (from 2188 to 2188), next at 4376
-- gc begin
heap_002 mark clock
heap_004 mark <native fn>
heap_007 mark gc
heap_008 mark <native fn>
heap_010 mark <script>
heap_010 blacken <script>
heap_012 mark a
heap_015 mark global a
heap_019 mark b
heap_021 mark global b
heap_021 blacken global b
heap_019 blacken b
heap_015 blacken global a
heap_012 blacken a
heap_008 blacken <native fn>
heap_007 blacken gc
heap_004 blacken <native fn>
heap_002 blacken clock
-- gc end: collected 0 bytes (from 2228 to 2228), next at 4456
heap_023 allocate 40 for 3
-- gc begin
heap_023 mark c
heap_002 mark clock
heap_004 mark <native fn>
heap_007 mark gc
heap_008 mark <native fn>
heap_010 mark <script>
heap_010 blacken <script>
heap_012 mark a
heap_015 mark global a
heap_019 mark b
heap_021 mark global b
heap_021 blacken global b
heap_019 blacken b
heap_015 blacken global a
heap_012 blacken a
heap_008 blacken <native fn>
heap_007 blacken gc
heap_004 blacken <native fn>
heap_002 blacken clock
heap_023 blacken c
-- gc end: collected 0 bytes (from 2612 to 2612), next at 5224
-- gc begin
heap_002 mark clock
heap_004 mark <native fn>
heap_007 mark gc
heap_008 mark <native fn>
heap_010 mark <script>
heap_010 blacken <script>
heap_012 mark a
heap_015 mark global a
heap_019 mark b
heap_021 mark global b
heap_023 mark c
heap_023 blacken c
heap_021 blacken global b
heap_019 blacken b
heap_015 blacken global a
heap_012 blacken a
heap_008 blacken <native fn>
heap_007 blacken gc
heap_004 blacken <native fn>
heap_002 blacken clock
-- gc end: collected 0 bytes (from 2429 to 2429), next at 4858
-- gc begin
heap_002 mark clock
heap_004 mark <native fn>
heap_007 mark gc
heap_008 mark <native fn>
heap_010 mark <script>
heap_010 blacken <script>
heap_012 mark a
heap_015 mark global a
heap_019 mark b
heap_021 mark global b
heap_023 mark c
heap_023 blacken c
heap_021 blacken global b
heap_019 blacken b
heap_015 blacken global a
heap_012 blacken a
heap_008 blacken <native fn>
heap_007 blacken gc
heap_004 blacken <native fn>
heap_002 blacken clock
-- gc end: collected 0 bytes (from 2469 to 2469), next at 4938
heap_026 allocate 40 for 3
-- gc begin
heap_002 mark clock
heap_004 mark <native fn>
heap_007 mark gc
heap_008 mark <native fn>
heap_010 mark <script>
heap_010 blacken <script>
heap_012 mark a
heap_015 mark global a
heap_019 mark b
heap_021 mark global b
heap_023 mark c
heap_026 mark global c
heap_026 blacken global c
heap_023 blacken c
heap_021 blacken global b
heap_019 blacken b
heap_015 blacken global a
heap_012 blacken a
heap_008 blacken <native fn>
heap_007 blacken gc
heap_004 blacken <native fn>
heap_002 blacken clock
-- gc end: collected 0 bytes (from 2477 to 2477), next at 4954
-- gc begin
heap_002 mark clock
heap_004 mark <native fn>
heap_007 mark gc
heap_008 mark <native fn>
heap_010 mark <script>
heap_010 blacken <script>
heap_012 mark a
heap_015 mark global a
heap_019 mark b
heap_021 mark global b
heap_023 mark c
heap_026 mark global c
heap_026 blacken global c
heap_023 blacken c
heap_021 blacken global b
heap_019 blacken b
heap_015 blacken global a
heap_012 blacken a
heap_008 blacken <native fn>
heap_007 blacken gc
heap_004 blacken <native fn>
heap_002 blacken clock
-- gc end: collected 0 bytes (from 2509 to 2509), next at 5018
-- gc begin
heap_002 mark clock
heap_004 mark <native fn>
heap_007 mark gc
heap_008 mark <native fn>
heap_010 mark <script>
heap_010 blacken <script>
heap_012 mark a
heap_015 mark global a
heap_019 mark b
heap_021 mark global b
heap_023 mark c
heap_026 mark global c
heap_026 blacken global c
heap_023 blacken c
heap_021 blacken global b
heap_019 blacken b
heap_015 blacken global a
heap_012 blacken a
heap_008 blacken <native fn>
heap_007 blacken gc
heap_004 blacken <native fn>
heap_002 blacken clock
-- gc end: collected 0 bytes (from 2517 to 2517), next at 5034
-- gc begin
heap_002 mark clock
heap_004 mark <native fn>
heap_007 mark gc
heap_008 mark <native fn>
heap_010 mark <script>
heap_010 blacken <script>
heap_012 mark a
heap_015 mark global a
heap_019 mark b
heap_021 mark global b
heap_023 mark c
heap_026 mark global c
heap_026 blacken global c
heap_023 blacken c
heap_021 blacken global b
heap_019 blacken b
heap_015 blacken global a
heap_012 blacken a
heap_008 blacken <native fn>
heap_007 blacken gc
heap_004 blacken <native fn>
heap_002 blacken clock
-- gc end: collected 0 bytes (from 2557 to 2557), next at 5114
heap_029 allocate 40 for 3
-- gc begin
heap_002 mark clock
heap_004 mark <native fn>
heap_007 mark gc
heap_008 mark <native fn>
heap_010 mark <script>
heap_010 blacken <script>
heap_012 mark a
heap_015 mark global a
heap_019 mark b
heap_021 mark global b
heap_023 mark c
heap_026 mark global c
heap_029 mark outer a
heap_029 blacken outer a
heap_026 blacken global c
heap_023 blacken c
heap_021 blacken global b
heap_019 blacken b
heap_015 blacken global a
heap_012 blacken a
heap_008 blacken <native fn>
heap_007 blacken gc
heap_004 blacken <native fn>
heap_002 blacken clock
-- gc end: collected 0 bytes (from 2565 to 2565), next at 5130
-- gc begin
heap_002 mark clock
heap_004 mark <native fn>
heap_007 mark gc
heap_008 mark <native fn>
heap_010 mark <script>
heap_010 blacken <script>
heap_012 mark a
heap_015 mark global a
heap_019 mark b
heap_021 mark global b
heap_023 mark c
heap_026 mark global c
heap_029 mark outer a
heap_029 blacken outer a
heap_026 blacken global c
heap_023 blacken c
heap_021 blacken global b
heap_019 blacken b
heap_015 blacken global a
heap_012 blacken a
heap_008 blacken <native fn>
heap_007 blacken gc
heap_004 blacken <native fn>
heap_002 blacken clock
-- gc end: collected 0 bytes (from 2605 to 2605), next at 5210
heap_031 allocate 40 for 3
-- gc begin
heap_002 mark clock
heap_004 mark <native fn>
heap_007 mark gc
heap_008 mark <native fn>
heap_010 mark <script>
heap_010 blacken <script>
heap_012 mark a
heap_015 mark global a
heap_019 mark b
heap_021 mark global b
heap_023 mark c
heap_026 mark global c
heap_029 mark outer a
heap_031 mark outer b
heap_031 blacken outer b
heap_029 blacken outer a
heap_026 blacken global c
heap_023 blacken c
heap_021 blacken global b
heap_019 blacken b
heap_015 blacken global a
heap_012 blacken a
heap_008 blacken <native fn>
heap_007 blacken gc
heap_004 blacken <native fn>
heap_002 blacken clock
-- gc end: collected 0 bytes (from 2613 to 2613), next at 5226
-- gc begin
heap_002 mark clock
heap_004 mark <native fn>
heap_007 mark gc
heap_008 mark <native fn>
heap_010 mark <script>
heap_010 blacken <script>
heap_012 mark a
heap_015 mark global a
heap_019 mark b
heap_021 mark global b
heap_023 mark c
heap_026 mark global c
heap_029 mark outer a
heap_031 mark outer b
heap_031 blacken outer b
heap_029 blacken outer a
heap_026 blacken global c
heap_023 blacken c
heap_021 blacken global b
heap_019 blacken b
heap_015 blacken global a
heap_012 blacken a
heap_008 blacken <native fn>
heap_007 blacken gc
heap_004 blacken <native fn>
heap_002 blacken clock
-- gc end: collected 0 bytes (from 2653 to 2653), next at 5306
heap_033 allocate 40 for 3
-- gc begin
heap_033 mark inner a
heap_002 mark clock
heap_004 mark <native fn>
heap_007 mark gc
heap_008 mark <native fn>
heap_010 mark <script>
heap_010 blacken <script>
heap_012 mark a
heap_015 mark global a
heap_019 mark b
heap_021 mark global b
heap_023 mark c
heap_026 mark global c
heap_029 mark outer a
heap_031 mark outer b
heap_031 blacken outer b
heap_029 blacken outer a
heap_026 blacken global c
heap_023 blacken c
heap_021 blacken global b
heap_019 blacken b
heap_015 blacken global a
heap_012 blacken a
heap_008 blacken <native fn>
heap_007 blacken gc
heap_004 blacken <native fn>
heap_002 blacken clock
heap_033 blacken inner a
-- gc end: collected 0 bytes (from 2781 to 2781), next at 5562
-- gc begin
heap_002 mark clock
heap_004 mark <native fn>
heap_007 mark gc
heap_008 mark <native fn>
heap_010 mark <script>
heap_010 blacken <script>
heap_012 mark a
heap_015 mark global a
heap_019 mark b
heap_021 mark global b
heap_023 mark c
heap_026 mark global c
heap_029 mark outer a
heap_031 mark outer b
heap_033 mark inner a
heap_033 blacken inner a
heap_031 blacken outer b
heap_029 blacken outer a
heap_026 blacken global c
heap_023 blacken c
heap_021 blacken global b
heap_019 blacken b
heap_015 blacken global a
heap_012 blacken a
heap_008 blacken <native fn>
heap_007 blacken gc
heap_004 blacken <native fn>
heap_002 blacken clock
-- gc end: collected 0 bytes (from 2797 to 2797), next at 5594
-- gc begin
heap_002 mark clock
heap_004 mark <native fn>
heap_007 mark gc
heap_008 mark <native fn>
heap_010 mark <script>
heap_010 blacken <script>
heap_012 mark a
heap_015 mark global a
heap_019 mark b
heap_021 mark global b
heap_023 mark c
heap_026 mark global c
heap_029 mark outer a
heap_031 mark outer b
heap_033 mark inner a
heap_033 blacken inner a
heap_031 blacken outer b
heap_029 blacken outer a
heap_026 blacken global c
heap_023 blacken c
heap_021 blacken global b
heap_019 blacken b
heap_015 blacken global a
heap_012 blacken a
heap_008 blacken <native fn>
heap_007 blacken gc
heap_004 blacken <native fn>
heap_002 blacken clock
-- gc end: collected 0 bytes (from 2861 to 2861), next at 5722
-- gc begin
heap_002 mark clock
heap_004 mark <native fn>
heap_007 mark gc
heap_008 mark <native fn>
heap_010 mark <script>
heap_010 blacken <script>
heap_012 mark a
heap_015 mark global a
heap_019 mark b
heap_021 mark global b
heap_023 mark c
heap_026 mark global c
heap_029 mark outer a
heap_031 mark outer b
heap_033 mark inner a
heap_033 blacken inner a
heap_031 blacken outer b
heap_029 blacken outer a
heap_026 blacken global c
heap_023 blacken c
heap_021 blacken global b
heap_019 blacken b
heap_015 blacken global a
heap_012 blacken a
heap_008 blacken <native fn>
heap_007 blacken gc
heap_004 blacken <native fn>
heap_002 blacken clock
-- gc end: collected 0 bytes (from 2893 to 2893), next at 5786
-- gc begin
heap_002 mark clock
heap_004 mark <native fn>
heap_007 mark gc
heap_008 mark <native fn>
heap_010 mark <script>
heap_010 blacken <script>
heap_012 mark a
heap_015 mark global a
heap_019 mark b
heap_021 mark global b
heap_023 mark c
heap_026 mark global c
heap_029 mark outer a
heap_031 mark outer b
heap_033 mark inner a
heap_033 blacken inner a
heap_031 blacken outer b
heap_029 blacken outer a
heap_026 blacken global c
heap_023 blacken c
heap_021 blacken global b
heap_019 blacken b
heap_015 blacken global a
heap_012 blacken a
heap_008 blacken <native fn>
heap_007 blacken gc
heap_004 blacken <native fn>
heap_002 blacken clock
-- gc end: collected 0 bytes (from 3021 to 3021), next at 6042
-- gc begin
heap_002 mark clock
heap_004 mark <native fn>
heap_007 mark gc
heap_008 mark <native fn>
heap_010 mark <script>
heap_010 blacken <script>
heap_012 mark a
heap_015 mark global a
heap_019 mark b
heap_021 mark global b
heap_023 mark c
heap_026 mark global c
heap_029 mark outer a
heap_031 mark outer b
heap_033 mark inner a
heap_033 blacken inner a
heap_031 blacken outer b
heap_029 blacken outer a
heap_026 blacken global c
heap_023 blacken c
heap_021 blacken global b
heap_019 blacken b
heap_015 blacken global a
heap_012 blacken a
heap_008 blacken <native fn>
heap_007 blacken gc
heap_004 blacken <native fn>
heap_002 blacken clock
-- gc end: collected 0 bytes (from 3032 to 3032), next at 6064
-- gc begin
heap_002 mark clock
heap_004 mark <native fn>
heap_007 mark gc
heap_008 mark <native fn>
heap_010 mark <script>
heap_010 blacken <script>
heap_012 mark a
heap_015 mark global a
heap_019 mark b
heap_021 mark global b
heap_023 mark c
heap_026 mark global c
heap_029 mark outer a
heap_031 mark outer b
heap_033 mark inner a
heap_033 blacken inner a
heap_031 blacken outer b
heap_029 blacken outer a
heap_026 blacken global c
heap_023 blacken c
heap_021 blacken global b
heap_019 blacken b
heap_015 blacken global a
heap_012 blacken a
heap_008 blacken <native fn>
heap_007 blacken gc
heap_004 blacken <native fn>
heap_002 blacken clock
-- gc end: collected 0 bytes (from 3072 to 3072), next at 6144
heap_040 allocate 40 for 3
-- gc begin
heap_002 mark clock
heap_004 mark <native fn>
heap_007 mark gc
heap_008 mark <native fn>
heap_010 mark <script>
heap_010 blacken <script>
heap_012 mark a
heap_015 mark global a
heap_019 mark b
heap_021 mark global b
heap_023 mark c
heap_026 mark global c
heap_029 mark outer a
heap_031 mark outer b
heap_033 mark inner a
heap_040 mark PASS: a = 
heap_040 blacken PASS: a = 
heap_033 blacken inner a
heap_031 blacken outer b
heap_029 blacken outer a
heap_026 blacken global c
heap_023 blacken c
heap_021 blacken global b
heap_019 blacken b
heap_015 blacken global a
heap_012 blacken a
heap_008 blacken <native fn>
heap_007 blacken gc
heap_004 blacken <native fn>
heap_002 blacken clock
-- gc end: collected 0 bytes (from 3079 to 3079), next at 6158
-- gc begin
heap_002 mark clock
heap_004 mark <native fn>
heap_007 mark gc
heap_008 mark <native fn>
heap_010 mark <script>
heap_010 blacken <script>
heap_012 mark a
heap_015 mark global a
heap_019 mark b
heap_021 mark global b
heap_023 mark c
heap_026 mark global c
heap_029 mark outer a
heap_031 mark outer b
heap_033 mark inner a
heap_040 mark PASS: a = 
heap_040 blacken PASS: a = 
heap_033 blacken inner a
heap_031 blacken outer b
heap_029 blacken outer a
heap_026 blacken global c
heap_023 blacken c
heap_021 blacken global b
heap_019 blacken b
heap_015 blacken global a
heap_012 blacken a
heap_008 blacken <native fn>
heap_007 blacken gc
heap_004 blacken <native fn>
heap_002 blacken clock
-- gc end: collected 0 bytes (from 3119 to 3119), next at 6238
heap_042 allocate 40 for 3
-- gc begin
heap_042 mark , b = 
heap_002 mark clock
heap_004 mark <native fn>
heap_007 mark gc
heap_008 mark <native fn>
heap_010 mark <script>
heap_010 blacken <script>
heap_012 mark a
heap_015 mark global a
heap_019 mark b
heap_021 mark global b
heap_023 mark c
heap_026 mark global c
heap_029 mark outer a
heap_031 mark outer b
heap_033 mark inner a
heap_040 mark PASS: a = 
heap_040 blacken PASS: a = 
heap_033 blacken inner a
heap_031 blacken outer b
heap_029 blacken outer a
heap_026 blacken global c
heap_023 blacken c
heap_021 blacken global b
heap_019 blacken b
heap_015 blacken global a
heap_012 blacken a
heap_008 blacken <native fn>
heap_007 blacken gc
heap_004 blacken <native fn>
heap_002 blacken clock
heap_042 blacken , b = 
-- gc end: collected 0 bytes (from 3887 to 3887), next at 7774
-- gc begin
heap_002 mark clock
heap_004 mark <native fn>
heap_007 mark gc
heap_008 mark <native fn>
heap_010 mark <script>
heap_010 blacken <script>
heap_012 mark a
heap_015 mark global a
heap_019 mark b
heap_021 mark global b
heap_023 mark c
heap_026 mark global c
heap_029 mark outer a
heap_031 mark outer b
heap_033 mark inner a
heap_040 mark PASS: a = 
heap_042 mark , b = 
heap_042 blacken , b = 
heap_040 blacken PASS: a = 
heap_033 blacken inner a
heap_031 blacken outer b
heap_029 blacken outer a
heap_026 blacken global c
heap_023 blacken c
heap_021 blacken global b
heap_019 blacken b
heap_015 blacken global a
heap_012 blacken a
heap_008 blacken <native fn>
heap_007 blacken gc
heap_004 blacken <native fn>
heap_002 blacken clock
-- gc end: collected 0 bytes (from 3510 to 3510), next at 7020
-- gc begin
heap_002 mark clock
heap_004 mark <native fn>
heap_007 mark gc
heap_008 mark <native fn>
heap_010 mark <script>
heap_010 blacken <script>
heap_012 mark a
heap_015 mark global a
heap_019 mark b
heap_021 mark global b
heap_023 mark c
heap_026 mark global c
heap_029 mark outer a
heap_031 mark outer b
heap_033 mark inner a
heap_040 mark PASS: a = 
heap_042 mark , b = 
heap_042 blacken , b = 
heap_040 blacken PASS: a = 
heap_033 blacken inner a
heap_031 blacken outer b
heap_029 blacken outer a
heap_026 blacken global c
heap_023 blacken c
heap_021 blacken global b
heap_019 blacken b
heap_015 blacken global a
heap_012 blacken a
heap_008 blacken <native fn>
heap_007 blacken gc
heap_004 blacken <native fn>
heap_002 blacken clock
-- gc end: collected 0 bytes (from 3550 to 3550), next at 7100
heap_045 allocate 40 for 3
-- gc begin
heap_023 mark c
heap_002 mark clock
heap_004 mark <native fn>
heap_007 mark gc
heap_008 mark <native fn>
heap_010 mark <script>
heap_010 blacken <script>
heap_012 mark a
heap_015 mark global a
heap_019 mark b
heap_021 mark global b
heap_026 mark global c
heap_029 mark outer a
heap_031 mark outer b
heap_033 mark inner a
heap_040 mark PASS: a = 
heap_042 mark , b = 
heap_045 mark , c = 
heap_045 blacken , c = 
heap_042 blacken , b = 
heap_040 blacken PASS: a = 
heap_033 blacken inner a
heap_031 blacken outer b
heap_029 blacken outer a
heap_026 blacken global c
heap_021 blacken global b
heap_019 blacken b
heap_015 blacken global a
heap_012 blacken a
heap_008 blacken <native fn>
heap_007 blacken gc
heap_004 blacken <native fn>
heap_002 blacken clock
heap_023 blacken c
-- gc end: collected 0 bytes (from 3806 to 3806), next at 7612
-- gc begin
heap_002 mark clock
heap_004 mark <native fn>
heap_007 mark gc
heap_008 mark <native fn>
heap_010 mark <script>
heap_010 blacken <script>
heap_012 mark a
heap_015 mark global a
heap_019 mark b
heap_021 mark global b
heap_023 mark c
heap_026 mark global c
heap_029 mark outer a
heap_031 mark outer b
heap_033 mark inner a
heap_040 mark PASS: a = 
heap_042 mark , b = 
heap_045 mark , c = 
heap_045 blacken , c = 
heap_042 blacken , b = 
heap_040 blacken PASS: a = 
heap_033 blacken inner a
heap_031 blacken outer b
heap_029 blacken outer a
heap_026 blacken global c
heap_023 blacken c
heap_021 blacken global b
heap_019 blacken b
heap_015 blacken global a
heap_012 blacken a
heap_008 blacken <native fn>
heap_007 blacken gc
heap_004 blacken <native fn>
heap_002 blacken clock
-- gc end: collected 0 bytes (from 3870 to 3870), next at 7740
-- gc begin
heap_002 mark clock
heap_004 mark <native fn>
heap_007 mark gc
heap_008 mark <native fn>
heap_010 mark <script>
heap_010 blacken <script>
heap_012 mark a
heap_015 mark global a
heap_019 mark b
heap_021 mark global b
heap_023 mark c
heap_026 mark global c
heap_029 mark outer a
heap_031 mark outer b
heap_033 mark inner a
heap_040 mark PASS: a = 
heap_042 mark , b = 
heap_045 mark , c = 
heap_045 blacken , c = 
heap_042 blacken , b = 
heap_040 blacken PASS: a = 
heap_033 blacken inner a
heap_031 blacken outer b
heap_029 blacken outer a
heap_026 blacken global c
heap_023 blacken c
heap_021 blacken global b
heap_019 blacken b
heap_015 blacken global a
heap_012 blacken a
heap_008 blacken <native fn>
heap_007 blacken gc
heap_004 blacken <native fn>
heap_002 blacken clock
-- gc end: collected 0 bytes (from 4126 to 4126), next at 8252
-- gc begin
heap_002 mark clock
heap_004 mark <native fn>
heap_007 mark gc
heap_008 mark <native fn>
heap_010 mark <script>
heap_010 blacken <script>
heap_012 mark a
heap_015 mark global a
heap_019 mark b
heap_021 mark global b
heap_023 mark c
heap_026 mark global c
heap_029 mark outer a
heap_031 mark outer b
heap_033 mark inner a
heap_040 mark PASS: a = 
heap_042 mark , b = 
heap_045 mark , c = 
heap_045 blacken , c = 
heap_042 blacken , b = 
heap_040 blacken PASS: a = 
heap_033 blacken inner a
heap_031 blacken outer b
heap_029 blacken outer a
heap_026 blacken global c
heap_023 blacken c
heap_021 blacken global b
heap_019 blacken b
heap_015 blacken global a
heap_012 blacken a
heap_008 blacken <native fn>
heap_007 blacken gc
heap_004 blacken <native fn>
heap_002 blacken clock
-- gc end: collected 0 bytes (from 4137 to 4137), next at 8274
-- gc begin
heap_002 mark clock
heap_004 mark <native fn>
heap_007 mark gc
heap_008 mark <native fn>
heap_010 mark <script>
heap_010 blacken <script>
heap_012 mark a
heap_015 mark global a
heap_019 mark b
heap_021 mark global b
heap_023 mark c
heap_026 mark global c
heap_029 mark outer a
heap_031 mark outer b
heap_033 mark inner a
heap_040 mark PASS: a = 
heap_042 mark , b = 
heap_045 mark , c = 
heap_045 blacken , c = 
heap_042 blacken , b = 
heap_040 blacken PASS: a = 
heap_033 blacken inner a
heap_031 blacken outer b
heap_029 blacken outer a
heap_026 blacken global c
heap_023 blacken c
heap_021 blacken global b
heap_019 blacken b
heap_015 blacken global a
heap_012 blacken a
heap_008 blacken <native fn>
heap_007 blacken gc
heap_004 blacken <native fn>
heap_002 blacken clock
-- gc end: collected 0 bytes (from 4177 to 4177), next at 8354
heap_050 allocate 40 for 3
-- gc begin
heap_002 mark clock
heap_004 mark <native fn>
heap_007 mark gc
heap_008 mark <native fn>
heap_010 mark <script>
heap_010 blacken <script>
heap_012 mark a
heap_015 mark global a
heap_019 mark b
heap_021 mark global b
heap_023 mark c
heap_026 mark global c
heap_029 mark outer a
heap_031 mark outer b
heap_033 mark inner a
heap_040 mark PASS: a = 
heap_042 mark , b = 
heap_045 mark , c = 
heap_050 mark FAIL: a = 
heap_050 blacken FAIL: a = 
heap_045 blacken , c = 
heap_042 blacken , b = 
heap_040 blacken PASS: a = 
heap_033 blacken inner a
heap_031 blacken outer b
heap_029 blacken outer a
heap_026 blacken global c
heap_023 blacken c
heap_021 blacken global b
heap_019 blacken b
heap_015 blacken global a
heap_012 blacken a
heap_008 blacken <native fn>
heap_007 blacken gc
heap_004 blacken <native fn>
heap_002 blacken clock
-- gc end: collected 0 bytes (from 4188 to 4188), next at 8376
-- gc begin
heap_002 mark clock
heap_004 mark <native fn>
heap_007 mark gc
heap_008 mark <native fn>
heap_010 mark <script>
heap_010 blacken <script>
heap_012 mark a
heap_015 mark global a
heap_019 mark b
heap_021 mark global b
heap_023 mark c
heap_026 mark global c
heap_029 mark outer a
heap_031 mark outer b
heap_033 mark inner a
heap_040 mark PASS: a = 
heap_042 mark , b = 
heap_045 mark , c = 
heap_050 mark FAIL: a = 
heap_050 blacken FAIL: a = 
heap_045 blacken , c = 
heap_042 blacken , b = 
heap_040 blacken PASS: a = 
heap_033 blacken inner a
heap_031 blacken outer b
heap_029 blacken outer a
heap_026 blacken global c
heap_023 blacken c
heap_021 blacken global b
heap_019 blacken b
heap_015 blacken global a
heap_012 blacken a
heap_008 blacken <native fn>
heap_007 blacken gc
heap_004 blacken <native fn>
heap_002 blacken clock
-- gc end: collected 0 bytes (from 4228 to 4228), next at 8456
heap_052 allocate 40 for 3
-- gc begin
heap_002 mark clock
heap_004 mark <native fn>
heap_007 mark gc
heap_008 mark <native fn>
heap_010 mark <script>
heap_010 blacken <script>
heap_012 mark a
heap_015 mark global a
heap_019 mark b
heap_021 mark global b
heap_023 mark c
heap_026 mark global c
heap_029 mark outer a
heap_031 mark outer b
heap_033 mark inner a
heap_040 mark PASS: a = 
heap_042 mark , b = 
heap_045 mark , c = 
heap_050 mark FAIL: a = 
heap_052 mark ????: a = 
heap_052 blacken ????: a = 
heap_050 blacken FAIL: a = 
heap_045 blacken , c = 
heap_042 blacken , b = 
heap_040 blacken PASS: a = 
heap_033 blacken inner a
heap_031 blacken outer b
heap_029 blacken outer a
heap_026 blacken global c
heap_023 blacken c
heap_021 blacken global b
heap_019 blacken b
heap_015 blacken global a
heap_012 blacken a
heap_008 blacken <native fn>
heap_007 blacken gc
heap_004 blacken <native fn>
heap_002 blacken clock
-- gc end: collected 0 bytes (from 4356 to 4356), next at 8712
-- gc begin
heap_002 mark clock
heap_004 mark <native fn>
heap_007 mark gc
heap_008 mark <native fn>
heap_010 mark <script>
heap_010 blacken <script>
heap_012 mark a
heap_015 mark global a
heap_019 mark b
heap_021 mark global b
heap_023 mark c
heap_026 mark global c
heap_029 mark outer a
heap_031 mark outer b
heap_033 mark inner a
heap_040 mark PASS: a = 
heap_042 mark , b = 
heap_045 mark , c = 
heap_050 mark FAIL: a = 
heap_052 mark ????: a = 
heap_052 blacken ????: a = 
heap_050 blacken FAIL: a = 
heap_045 blacken , c = 
heap_042 blacken , b = 
heap_040 blacken PASS: a = 
heap_033 blacken inner a
heap_031 blacken outer b
heap_029 blacken outer a
heap_026 blacken global c
heap_023 blacken c
heap_021 blacken global b
heap_019 blacken b
heap_015 blacken global a
heap_012 blacken a
heap_008 blacken <native fn>
heap_007 blacken gc
heap_004 blacken <native fn>
heap_002 blacken clock
-- gc end: collected 0 bytes (from 4868 to 4868), next at 9736
-- gc begin
heap_026 mark global c
heap_002 mark clock
heap_004 mark <native fn>
heap_007 mark gc
heap_008 mark <native fn>
heap_010 mark <script>
heap_010 blacken <script>
heap_012 mark a
heap_015 mark global a
heap_019 mark b
heap_021 mark global b
heap_023 mark c
heap_029 mark outer a
heap_031 mark outer b
heap_033 mark inner a
heap_040 mark PASS: a = 
heap_042 mark , b = 
heap_045 mark , c = 
heap_050 mark FAIL: a = 
heap_052 mark ????: a = 
heap_052 blacken ????: a = 
heap_050 blacken FAIL: a = 
heap_045 blacken , c = 
heap_042 blacken , b = 
heap_040 blacken PASS: a = 
heap_033 blacken inner a
heap_031 blacken outer b
heap_029 blacken outer a
heap_023 blacken c
heap_021 blacken global b
heap_019 blacken b
heap_015 blacken global a
heap_012 blacken a
heap_008 blacken <native fn>
heap_007 blacken gc
heap_004 blacken <native fn>
heap_002 blacken clock
heap_026 blacken global c
-- gc end: collected 0 bytes (from 5380 to 5380), next at 10760
-- gc begin
heap_002 mark clock
heap_004 mark <native fn>
heap_007 mark gc
heap_008 mark <native fn>
heap_010 mark <script>
heap_010 blacken <script>
heap_012 mark a
heap_015 mark global a
heap_019 mark b
heap_021 mark global b
heap_023 mark c
heap_026 mark global c
heap_029 mark outer a
heap_031 mark outer b
heap_033 mark inner a
heap_040 mark PASS: a = 
heap_042 mark , b = 
heap_045 mark , c = 
heap_050 mark FAIL: a = 
heap_052 mark ????: a = 
heap_052 blacken ????: a = 
heap_050 blacken FAIL: a = 
heap_045 blacken , c = 
heap_042 blacken , b = 
heap_040 blacken PASS: a = 
heap_033 blacken inner a
heap_031 blacken outer b
heap_029 blacken outer a
heap_026 blacken global c
heap_023 blacken c
heap_021 blacken global b
heap_019 blacken b
heap_015 blacken global a
heap_012 blacken a
heap_008 blacken <native fn>
heap_007 blacken gc
heap_004 blacken <native fn>
heap_002 blacken clock
-- gc end: collected 0 bytes (from 5636 to 5636), next at 11272
-- gc begin
heap_002 mark clock
heap_004 mark <native fn>
heap_007 mark gc
heap_008 mark <native fn>
heap_010 mark <script>
heap_010 blacken <script>
heap_012 mark a
heap_015 mark global a
heap_019 mark b
heap_021 mark global b
heap_023 mark c
heap_026 mark global c
heap_029 mark outer a
heap_031 mark outer b
heap_033 mark inner a
heap_040 mark PASS: a = 
heap_042 mark , b = 
heap_045 mark , c = 
heap_050 mark FAIL: a = 
heap_052 mark ????: a = 
heap_052 blacken ????: a = 
heap_050 blacken FAIL: a = 
heap_045 blacken , c = 
heap_042 blacken , b = 
heap_040 blacken PASS: a = 
heap_033 blacken inner a
heap_031 blacken outer b
heap_029 blacken outer a
heap_026 blacken global c
heap_023 blacken c
heap_021 blacken global b
heap_019 blacken b
heap_015 blacken global a
heap_012 blacken a
heap_008 blacken <native fn>
heap_007 blacken gc
heap_004 blacken <native fn>
heap_002 blacken clock
-- gc end: collected 0 bytes (from 6660 to 6660), next at 13320
-- gc begin
heap_021 mark global b
heap_002 mark clock
heap_004 mark <native fn>
heap_007 mark gc
heap_008 mark <native fn>
heap_010 mark <script>
heap_010 blacken <script>
heap_012 mark a
heap_015 mark global a
heap_019 mark b
heap_023 mark c
heap_026 mark global c
heap_029 mark outer a
heap_031 mark outer b
heap_033 mark inner a
heap_040 mark PASS: a = 
heap_042 mark , b = 
heap_045 mark , c = 
heap_050 mark FAIL: a = 
heap_052 mark ????: a = 
heap_052 blacken ????: a = 
heap_050 blacken FAIL: a = 
heap_045 blacken , c = 
heap_042 blacken , b = 
heap_040 blacken PASS: a = 
heap_033 blacken inner a
heap_031 blacken outer b
heap_029 blacken outer a
heap_026 blacken global c
heap_023 blacken c
heap_019 blacken b
heap_015 blacken global a
heap_012 blacken a
heap_008 blacken <native fn>
heap_007 blacken gc
heap_004 blacken <native fn>
heap_002 blacken clock
heap_021 blacken global b
-- gc end: collected 0 bytes (from 7684 to 7684), next at 15368

Disassembling <script> ...
0000    3 OP_CONSTANT         1 'global a'
0002    | OP_DEFINE_GLOBAL    0 'a'
0004    4 OP_CONSTANT         3 'global b'
0006    | OP_DEFINE_GLOBAL    2 'b'
0008    5 OP_CONSTANT         5 'global c'
0010    | OP_DEFINE_GLOBAL    4 'c'
0012    7 OP_CONSTANT         6 'outer a'
0014    8 OP_CONSTANT         7 'outer b'
0016   10 OP_CONSTANT         8 'inner a'
0018   12 OP_GET_LOCAL        3
0020    | OP_CONSTANT         9 'inner a'
0022    | OP_EQUAL
0023    | OP_JUMP_IF_FALSE   23 -> 41
0026    | OP_POP
0027    | OP_GET_LOCAL        2
0029    | OP_CONSTANT        10 'outer b'
0031    | OP_EQUAL
0032    | OP_JUMP_IF_FALSE   32 -> 41
0035    | OP_POP
0036    | OP_GET_GLOBAL      11 'c'
0038    | OP_CONSTANT        12 'global c'
0040    | OP_EQUAL
0041    | OP_JUMP_IF_FALSE   41 -> 66
0044    | OP_POP
0045   13 OP_CONSTANT        13 'PASS: a = '
0047    | OP_GET_LOCAL        3
0049    | OP_ADD
0050    | OP_CONSTANT        14 ', b = '
0052    | OP_ADD
0053    | OP_GET_LOCAL        2
0055    | OP_ADD
0056    | OP_CONSTANT        15 ', c = '
0058    | OP_ADD
0059    | OP_GET_GLOBAL      16 'c'
0061    | OP_ADD
0062    | OP_PRINT
0063   14 OP_JUMP            63 -> 143
0066    | OP_POP
0067    | OP_GET_LOCAL        3
0069    | OP_CONSTANT        17 'inner a'
0071    | OP_EQUAL
0072    | OP_NOT
0073    | OP_JUMP_IF_FALSE   73 -> 79
0076    | OP_JUMP            76 -> 99
0079    | OP_POP
0080    | OP_GET_LOCAL        2
0082    | OP_CONSTANT        18 'outer b'
0084    | OP_EQUAL
0085    | OP_NOT
0086    | OP_JUMP_IF_FALSE   86 -> 92
0089    | OP_JUMP            89 -> 99
0092    | OP_POP
0093    | OP_GET_GLOBAL      19 'c'
0095    | OP_CONSTANT        20 'global c'
0097    | OP_EQUAL
0098    | OP_NOT
0099    | OP_JUMP_IF_FALSE   99 -> 124
0102    | OP_POP
0103   15 OP_CONSTANT        21 'FAIL: a = '
0105    | OP_GET_LOCAL        3
0107    | OP_ADD
0108    | OP_CONSTANT        22 ', b = '
0110    | OP_ADD
0111    | OP_GET_LOCAL        2
0113    | OP_ADD
0114    | OP_CONSTANT        23 ', c = '
0116    | OP_ADD
0117    | OP_GET_GLOBAL      24 'c'
0119    | OP_ADD
0120    | OP_PRINT
0121   16 OP_JUMP           121 -> 143
0124    | OP_POP
0125   17 OP_CONSTANT        25 '????: a = '
0127    | OP_GET_LOCAL        3
0129    | OP_ADD
0130    | OP_CONSTANT        26 ', b = '
0132    | OP_ADD
0133    | OP_GET_LOCAL        2
0135    | OP_ADD
0136    | OP_CONSTANT        27 ', c = '
0138    | OP_ADD
0139    | OP_GET_GLOBAL      28 'c'
0141    | OP_ADD
0142    | OP_PRINT
0143   19 OP_POP
0144   20 OP_GET_LOCAL        1
0146    | OP_CONSTANT        29 'outer a'
0148    | OP_EQUAL
0149    | OP_JUMP_IF_FALSE  149 -> 167
0152    | OP_POP
0153    | OP_GET_LOCAL        2
0155    | OP_CONSTANT        30 'outer b'
0157    | OP_EQUAL
0158    | OP_JUMP_IF_FALSE  158 -> 167
0161    | OP_POP
0162    | OP_GET_GLOBAL      31 'c'
0164    | OP_CONSTANT        32 'global c'
0166    | OP_EQUAL
0167    | OP_JUMP_IF_FALSE  167 -> 192
0170    | OP_POP
0171   21 OP_CONSTANT        33 'PASS: a = '
0173    | OP_GET_LOCAL        1
0175    | OP_ADD
0176    | OP_CONSTANT        34 ', b = '
0178    | OP_ADD
0179    | OP_GET_LOCAL        2
0181    | OP_ADD
0182    | OP_CONSTANT        35 ', c = '
0184    | OP_ADD
0185    | OP_GET_GLOBAL      36 'c'
0187    | OP_ADD
0188    | OP_PRINT
0189   22 OP_JUMP           189 -> 269
0192    | OP_POP
0193    | OP_GET_LOCAL        1
0195    | OP_CONSTANT        37 'inner a'
0197    | OP_EQUAL
0198    | OP_NOT
0199    | OP_JUMP_IF_FALSE  199 -> 205
0202    | OP_JUMP           202 -> 225
0205    | OP_POP
0206    | OP_GET_LOCAL        2
0208    | OP_CONSTANT        38 'outer b'
0210    | OP_EQUAL
0211    | OP_NOT
0212    | OP_JUMP_IF_FALSE  212 -> 218
0215    | OP_JUMP           215 -> 225
0218    | OP_POP
0219    | OP_GET_GLOBAL      39 'c'
0221    | OP_CONSTANT        40 'global c'
0223    | OP_EQUAL
0224    | OP_NOT
0225    | OP_JUMP_IF_FALSE  225 -> 250
0228    | OP_POP
0229   23 OP_CONSTANT        41 'FAIL: a = '
0231    | OP_GET_LOCAL        1
0233    | OP_ADD
0234    | OP_CONSTANT        42 ', b = '
0236    | OP_ADD
0237    | OP_GET_LOCAL        2
0239    | OP_ADD
0240    | OP_CONSTANT        43 ', c = '
0242    | OP_ADD
0243    | OP_GET_GLOBAL      44 'c'
0245    | OP_ADD
0246    | OP_PRINT
0247   24 OP_JUMP           247 -> 269
0250    | OP_POP
0251   25 OP_CONSTANT        45 '????: a = '
0253    | OP_GET_LOCAL        1
0255    | OP_ADD
0256    | OP_CONSTANT        46 ', b = '
0258    | OP_ADD
0259    | OP_GET_LOCAL        2
0261    | OP_ADD
0262    | OP_CONSTANT        47 ', c = '
0264    | OP_ADD
0265    | OP_GET_GLOBAL      48 'c'
0267    | OP_ADD
0268    | OP_PRINT
0269   27 OP_POP
0270    | OP_POP
0271   28 OP_GET_GLOBAL      49 'a'
0273    | OP_CONSTANT        50 'global a'
0275    | OP_EQUAL
0276    | OP_JUMP_IF_FALSE  276 -> 294
0279    | OP_POP
0280    | OP_GET_GLOBAL      51 'b'
0282    | OP_CONSTANT        52 'global b'
0284    | OP_EQUAL
0285    | OP_JUMP_IF_FALSE  285 -> 294
0288    | OP_POP
0289    | OP_GET_GLOBAL      53 'c'
0291    | OP_CONSTANT        54 'global c'
0293    | OP_EQUAL
0294    | OP_JUMP_IF_FALSE  294 -> 319
0297    | OP_POP
0298   29 OP_CONSTANT        55 'PASS: a = '
0300    | OP_GET_GLOBAL      56 'a'
0302    | OP_ADD
0303    | OP_CONSTANT        57 ', b = '
0305    | OP_ADD
0306    | OP_GET_GLOBAL      58 'b'
0308    | OP_ADD
0309    | OP_CONSTANT        59 ', c = '
0311    | OP_ADD
0312    | OP_GET_GLOBAL      60 'c'
0314    | OP_ADD
0315    | OP_PRINT
0316   30 OP_JUMP           316 -> 396
0319    | OP_POP
0320    | OP_GET_GLOBAL      61 'a'
0322    | OP_CONSTANT        62 'inner a'
0324    | OP_EQUAL
0325    | OP_NOT
0326    | OP_JUMP_IF_FALSE  326 -> 332
0329    | OP_JUMP           329 -> 352
0332    | OP_POP
0333    | OP_GET_GLOBAL      63 'b'
0335    | OP_CONSTANT        64 'global b'
0337    | OP_EQUAL
0338    | OP_NOT
0339    | OP_JUMP_IF_FALSE  339 -> 345
0342    | OP_JUMP           342 -> 352
0345    | OP_POP
0346    | OP_GET_GLOBAL      65 'c'
0348    | OP_CONSTANT        66 'global c'
0350    | OP_EQUAL
0351    | OP_NOT
0352    | OP_JUMP_IF_FALSE  352 -> 377
0355    | OP_POP
0356   31 OP_CONSTANT        67 'FAIL: a = '
0358    | OP_GET_GLOBAL      68 'a'
0360    | OP_ADD
0361    | OP_CONSTANT        69 ', b = '
0363    | OP_ADD
0364    | OP_GET_GLOBAL      70 'b'
0366    | OP_ADD
0367    | OP_CONSTANT        71 ', c = '
0369    | OP_ADD
0370    | OP_GET_GLOBAL      72 'c'
0372    | OP_ADD
0373    | OP_PRINT
0374   32 OP_JUMP           374 -> 396
0377    | OP_POP
0378   33 OP_CONSTANT        73 '????: a = '
0380    | OP_GET_GLOBAL      74 'a'
0382    | OP_ADD
0383    | OP_CONSTANT        75 ', b = '
0385    | OP_ADD
0386    | OP_GET_GLOBAL      76 'b'
0388    | OP_ADD
0389    | OP_CONSTANT        77 ', c = '
0391    | OP_ADD
0392    | OP_GET_GLOBAL      78 'c'
0394    | OP_ADD
0395    | OP_PRINT
0396   35 OP_NIL
0397    | OP_RETURN
Disassembling <script> ... done.

-- gc begin
heap_010 mark <script>
heap_002 mark clock
heap_004 mark <native fn>
heap_007 mark gc
heap_008 mark <native fn>
heap_008 blacken <native fn>
heap_007 blacken gc
heap_004 blacken <native fn>
heap_002 blacken clock
heap_010 blacken <script>
heap_012 mark a
heap_015 mark global a
heap_019 mark b
heap_021 mark global b
heap_023 mark c
heap_026 mark global c
heap_029 mark outer a
heap_031 mark outer b
heap_033 mark inner a
heap_040 mark PASS: a = 
heap_042 mark , b = 
heap_045 mark , c = 
heap_050 mark FAIL: a = 
heap_052 mark ????: a = 
heap_052 blacken ????: a = 
heap_050 blacken FAIL: a = 
heap_045 blacken , c = 
heap_042 blacken , b = 
heap_040 blacken PASS: a = 
heap_033 blacken inner a
heap_031 blacken outer b
heap_029 blacken outer a
heap_026 blacken global c
heap_023 blacken c
heap_021 blacken global b
heap_019 blacken b
heap_015 blacken global a
heap_012 blacken a
-- gc end: collected 0 bytes (from 7724 to 7724), next at 15448
heap_059 allocate 40 for 0

Executing ...
stack: <script>
0000    3 OP_CONSTANT         1 'global a'
stack: <script> global a
0002    | OP_DEFINE_GLOBAL    0 'a'
stack: <script>
0004    4 OP_CONSTANT         3 'global b'
stack: <script> global b
0006    | OP_DEFINE_GLOBAL    2 'b'
stack: <script>
0008    5 OP_CONSTANT         5 'global c'
stack: <script> global c
0010    | OP_DEFINE_GLOBAL    4 'c'
stack: <script>
0012    7 OP_CONSTANT         6 'outer a'
stack: <script> outer a
0014    8 OP_CONSTANT         7 'outer b'
stack: <script> outer a outer b
0016   10 OP_CONSTANT         8 'inner a'
stack: <script> outer a outer b inner a
0018   12 OP_GET_LOCAL        3
stack: <script> outer a outer b inner a inner a
0020    | OP_CONSTANT         9 'inner a'
stack: <script> outer a outer b inner a inner a inner a
0022    | OP_EQUAL
stack: <script> outer a outer b inner a true
0023    | OP_JUMP_IF_FALSE   23 -> 41
stack: <script> outer a outer b inner a true
0026    | OP_POP
stack: <script> outer a outer b inner a
0027    | OP_GET_LOCAL        2
stack: <script> outer a outer b inner a outer b
0029    | OP_CONSTANT        10 'outer b'
stack: <script> outer a outer b inner a outer b outer b
0031    | OP_EQUAL
stack: <script> outer a outer b inner a true
0032    | OP_JUMP_IF_FALSE   32 -> 41
stack: <script> outer a outer b inner a true
0035    | OP_POP
stack: <script> outer a outer b inner a
0036    | OP_GET_GLOBAL      11 'c'
stack: <script> outer a outer b inner a global c
0038    | OP_CONSTANT        12 'global c'
stack: <script> outer a outer b inner a global c global c
0040    | OP_EQUAL
stack: <script> outer a outer b inner a true
0041    | OP_JUMP_IF_FALSE   41 -> 66
stack: <script> outer a outer b inner a true
0044    | OP_POP
stack: <script> outer a outer b inner a
0045   13 OP_CONSTANT        13 'PASS: a = '
stack: <script> outer a outer b inner a PASS: a = 
0047    | OP_GET_LOCAL        3
stack: <script> outer a outer b inner a PASS: a =  inner a
0049    | OP_ADD
-- gc begin
heap_059 mark <script>
heap_029 mark outer a
heap_031 mark outer b
heap_033 mark inner a
heap_040 mark PASS: a = 
heap_019 mark b
heap_021 mark global b
heap_012 mark a
heap_015 mark global a
heap_023 mark c
heap_026 mark global c
heap_002 mark clock
heap_004 mark <native fn>
heap_007 mark gc
heap_008 mark <native fn>
heap_008 blacken <native fn>
heap_007 blacken gc
heap_004 blacken <native fn>
heap_002 blacken clock
heap_026 blacken global c
heap_023 blacken c
heap_015 blacken global a
heap_012 blacken a
heap_021 blacken global b
heap_019 blacken b
heap_040 blacken PASS: a = 
heap_033 blacken inner a
heap_031 blacken outer b
heap_029 blacken outer a
heap_059 blacken <script>
heap_010 mark <script>
heap_010 blacken <script>
heap_042 mark , b = 
heap_045 mark , c = 
heap_050 mark FAIL: a = 
heap_052 mark ????: a = 
heap_052 blacken ????: a = 
heap_050 blacken FAIL: a = 
heap_045 blacken , c = 
heap_042 blacken , b = 
-- gc end: collected 0 bytes (from 7742 to 7742), next at 15484
-- gc begin
heap_059 mark <script>
heap_029 mark outer a
heap_031 mark outer b
heap_033 mark inner a
heap_040 mark PASS: a = 
heap_019 mark b
heap_021 mark global b
heap_012 mark a
heap_015 mark global a
heap_023 mark c
heap_026 mark global c
heap_002 mark clock
heap_004 mark <native fn>
heap_007 mark gc
heap_008 mark <native fn>
heap_008 blacken <native fn>
heap_007 blacken gc
heap_004 blacken <native fn>
heap_002 blacken clock
heap_026 blacken global c
heap_023 blacken c
heap_015 blacken global a
heap_012 blacken a
heap_021 blacken global b
heap_019 blacken b
heap_040 blacken PASS: a = 
heap_033 blacken inner a
heap_031 blacken outer b
heap_029 blacken outer a
heap_059 blacken <script>
heap_010 mark <script>
heap_010 blacken <script>
heap_042 mark , b = 
heap_045 mark , c = 
heap_050 mark FAIL: a = 
heap_052 mark ????: a = 
heap_052 blacken ????: a = 
heap_050 blacken FAIL: a = 
heap_045 blacken , c = 
heap_042 blacken , b = 
-- gc end: collected 0 bytes (from 7782 to 7782), next at 15564
heap_061 allocate 40 for 3
stack: <script> outer a outer b inner a PASS: a = inner a
0050    | OP_CONSTANT        14 ', b = '
stack: <script> outer a outer b inner a PASS: a = inner a , b = 
0052    | OP_ADD
-- gc begin
heap_059 mark <script>
heap_029 mark outer a
heap_031 mark outer b
heap_033 mark inner a
heap_061 mark PASS: a = inner a
heap_042 mark , b = 
heap_019 mark b
heap_021 mark global b
heap_012 mark a
heap_015 mark global a
heap_023 mark c
heap_026 mark global c
heap_002 mark clock
heap_004 mark <native fn>
heap_007 mark gc
heap_008 mark <native fn>
heap_008 blacken <native fn>
heap_007 blacken gc
heap_004 blacken <native fn>
heap_002 blacken clock
heap_026 blacken global c
heap_023 blacken c
heap_015 blacken global a
heap_012 blacken a
heap_021 blacken global b
heap_019 blacken b
heap_042 blacken , b = 
heap_061 blacken PASS: a = inner a
heap_033 blacken inner a
heap_031 blacken outer b
heap_029 blacken outer a
heap_059 blacken <script>
heap_010 mark <script>
heap_010 blacken <script>
heap_040 mark PASS: a = 
heap_045 mark , c = 
heap_050 mark FAIL: a = 
heap_052 mark ????: a = 
heap_052 blacken ????: a = 
heap_050 blacken FAIL: a = 
heap_045 blacken , c = 
heap_040 blacken PASS: a = 
-- gc end: collected 0 bytes (from 7806 to 7806), next at 15612
-- gc begin
heap_059 mark <script>
heap_029 mark outer a
heap_031 mark outer b
heap_033 mark inner a
heap_061 mark PASS: a = inner a
heap_042 mark , b = 
heap_019 mark b
heap_021 mark global b
heap_012 mark a
heap_015 mark global a
heap_023 mark c
heap_026 mark global c
heap_002 mark clock
heap_004 mark <native fn>
heap_007 mark gc
heap_008 mark <native fn>
heap_008 blacken <native fn>
heap_007 blacken gc
heap_004 blacken <native fn>
heap_002 blacken clock
heap_026 blacken global c
heap_023 blacken c
heap_015 blacken global a
heap_012 blacken a
heap_021 blacken global b
heap_019 blacken b
heap_042 blacken , b = 
heap_061 blacken PASS: a = inner a
heap_033 blacken inner a
heap_031 blacken outer b
heap_029 blacken outer a
heap_059 blacken <script>
heap_010 mark <script>
heap_010 blacken <script>
heap_040 mark PASS: a = 
heap_045 mark , c = 
heap_050 mark FAIL: a = 
heap_052 mark ????: a = 
heap_052 blacken ????: a = 
heap_050 blacken FAIL: a = 
heap_045 blacken , c = 
heap_040 blacken PASS: a = 
-- gc end: collected 0 bytes (from 7846 to 7846), next at 15692
heap_063 allocate 40 for 3
stack: <script> outer a outer b inner a PASS: a = inner a, b = 
0053    | OP_GET_LOCAL        2
stack: <script> outer a outer b inner a PASS: a = inner a, b =  outer b
0055    | OP_ADD
-- gc begin
heap_059 mark <script>
heap_029 mark outer a
heap_031 mark outer b
heap_033 mark inner a
heap_063 mark PASS: a = inner a, b = 
heap_019 mark b
heap_021 mark global b
heap_012 mark a
heap_015 mark global a
heap_023 mark c
heap_026 mark global c
heap_002 mark clock
heap_004 mark <native fn>
heap_007 mark gc
heap_008 mark <native fn>
heap_008 blacken <native fn>
heap_007 blacken gc
heap_004 blacken <native fn>
heap_002 blacken clock
heap_026 blacken global c
heap_023 blacken c
heap_015 blacken global a
heap_012 blacken a
heap_021 blacken global b
heap_019 blacken b
heap_063 blacken PASS: a = inner a, b = 
heap_033 blacken inner a
heap_031 blacken outer b
heap_029 blacken outer a
heap_059 blacken <script>
heap_010 mark <script>
heap_010 blacken <script>
heap_040 mark PASS: a = 
heap_042 mark , b = 
heap_045 mark , c = 
heap_050 mark FAIL: a = 
heap_052 mark ????: a = 
heap_052 blacken ????: a = 
heap_050 blacken FAIL: a = 
heap_045 blacken , c = 
heap_042 blacken , b = 
heap_040 blacken PASS: a = 
tableRemoveWhite: dropping weak key heap_061 PASS: a = inner a
heap_061 free type 3
-- gc end: collected 58 bytes (from 7877 to 7819), next at 15638
-- gc begin
heap_059 mark <script>
heap_029 mark outer a
heap_031 mark outer b
heap_033 mark inner a
heap_063 mark PASS: a = inner a, b = 
heap_019 mark b
heap_021 mark global b
heap_012 mark a
heap_015 mark global a
heap_023 mark c
heap_026 mark global c
heap_002 mark clock
heap_004 mark <native fn>
heap_007 mark gc
heap_008 mark <native fn>
heap_008 blacken <native fn>
heap_007 blacken gc
heap_004 blacken <native fn>
heap_002 blacken clock
heap_026 blacken global c
heap_023 blacken c
heap_015 blacken global a
heap_012 blacken a
heap_021 blacken global b
heap_019 blacken b
heap_063 blacken PASS: a = inner a, b = 
heap_033 blacken inner a
heap_031 blacken outer b
heap_029 blacken outer a
heap_059 blacken <script>
heap_010 mark <script>
heap_010 blacken <script>
heap_040 mark PASS: a = 
heap_042 mark , b = 
heap_045 mark , c = 
heap_050 mark FAIL: a = 
heap_052 mark ????: a = 
heap_052 blacken ????: a = 
heap_050 blacken FAIL: a = 
heap_045 blacken , c = 
heap_042 blacken , b = 
heap_040 blacken PASS: a = 
-- gc end: collected 0 bytes (from 7859 to 7859), next at 15718
heap_065 allocate 40 for 3
stack: <script> outer a outer b inner a PASS: a = inner a, b = outer b
0056    | OP_CONSTANT        15 ', c = '
stack: <script> outer a outer b inner a PASS: a = inner a, b = outer b , c = 
0058    | OP_ADD
-- gc begin
heap_059 mark <script>
heap_029 mark outer a
heap_031 mark outer b
heap_033 mark inner a
heap_065 mark PASS: a = inner a, b = outer b
heap_045 mark , c = 
heap_019 mark b
heap_021 mark global b
heap_012 mark a
heap_015 mark global a
heap_023 mark c
heap_026 mark global c
heap_002 mark clock
heap_004 mark <native fn>
heap_007 mark gc
heap_008 mark <native fn>
heap_008 blacken <native fn>
heap_007 blacken gc
heap_004 blacken <native fn>
heap_002 blacken clock
heap_026 blacken global c
heap_023 blacken c
heap_015 blacken global a
heap_012 blacken a
heap_021 blacken global b
heap_019 blacken b
heap_045 blacken , c = 
heap_065 blacken PASS: a = inner a, b = outer b
heap_033 blacken inner a
heap_031 blacken outer b
heap_029 blacken outer a
heap_059 blacken <script>
heap_010 mark <script>
heap_010 blacken <script>
heap_040 mark PASS: a = 
heap_042 mark , b = 
heap_050 mark FAIL: a = 
heap_052 mark ????: a = 
heap_052 blacken ????: a = 
heap_050 blacken FAIL: a = 
heap_042 blacken , b = 
heap_040 blacken PASS: a = 
tableRemoveWhite: dropping weak key heap_063 PASS: a = inner a, b = 
heap_063 free type 3
-- gc end: collected 64 bytes (from 7896 to 7832), next at 15664
-- gc begin
heap_059 mark <script>
heap_029 mark outer a
heap_031 mark outer b
heap_033 mark inner a
heap_065 mark PASS: a = inner a, b = outer b
heap_045 mark , c = 
heap_019 mark b
heap_021 mark global b
heap_012 mark a
heap_015 mark global a
heap_023 mark c
heap_026 mark global c
heap_002 mark clock
heap_004 mark <native fn>
heap_007 mark gc
heap_008 mark <native fn>
heap_008 blacken <native fn>
heap_007 blacken gc
heap_004 blacken <native fn>
heap_002 blacken clock
heap_026 blacken global c
heap_023 blacken c
heap_015 blacken global a
heap_012 blacken a
heap_021 blacken global b
heap_019 blacken b
heap_045 blacken , c = 
heap_065 blacken PASS: a = inner a, b = outer b
heap_033 blacken inner a
heap_031 blacken outer b
heap_029 blacken outer a
heap_059 blacken <script>
heap_010 mark <script>
heap_010 blacken <script>
heap_040 mark PASS: a = 
heap_042 mark , b = 
heap_050 mark FAIL: a = 
heap_052 mark ????: a = 
heap_052 blacken ????: a = 
heap_050 blacken FAIL: a = 
heap_042 blacken , b = 
heap_040 blacken PASS: a = 
-- gc end: collected 0 bytes (from 7872 to 7872), next at 15744
heap_067 allocate 40 for 3
stack: <script> outer a outer b inner a PASS: a = inner a, b = outer b, c = 
0059    | OP_GET_GLOBAL      16 'c'
stack: <script> outer a outer b inner a PASS: a = inner a, b = outer b, c =  global c
0061    | OP_ADD
-- gc begin
heap_059 mark <script>
heap_029 mark outer a
heap_031 mark outer b
heap_033 mark inner a
heap_067 mark PASS: a = inner a, b = outer b, c = 
heap_026 mark global c
heap_019 mark b
heap_021 mark global b
heap_012 mark a
heap_015 mark global a
heap_023 mark c
heap_002 mark clock
heap_004 mark <native fn>
heap_007 mark gc
heap_008 mark <native fn>
heap_008 blacken <native fn>
heap_007 blacken gc
heap_004 blacken <native fn>
heap_002 blacken clock
heap_023 blacken c
heap_015 blacken global a
heap_012 blacken a
heap_021 blacken global b
heap_019 blacken b
heap_026 blacken global c
heap_067 blacken PASS: a = inner a, b = outer b, c = 
heap_033 blacken inner a
heap_031 blacken outer b
heap_029 blacken outer a
heap_059 blacken <script>
heap_010 mark <script>
heap_010 blacken <script>
heap_040 mark PASS: a = 
heap_042 mark , b = 
heap_045 mark , c = 
heap_050 mark FAIL: a = 
heap_052 mark ????: a = 
heap_052 blacken ????: a = 
heap_050 blacken FAIL: a = 
heap_045 blacken , c = 
heap_042 blacken , b = 
heap_040 blacken PASS: a = 
tableRemoveWhite: dropping weak key heap_065 PASS: a = inner a, b = outer b
heap_065 free type 3
-- gc end: collected 71 bytes (from 7917 to 7846), next at 15692
-- gc begin
heap_059 mark <script>
heap_029 mark outer a
heap_031 mark outer b
heap_033 mark inner a
heap_067 mark PASS: a = inner a, b = outer b, c = 
heap_026 mark global c
heap_019 mark b
heap_021 mark global b
heap_012 mark a
heap_015 mark global a
heap_023 mark c
heap_002 mark clock
heap_004 mark <native fn>
heap_007 mark gc
heap_008 mark <native fn>
heap_008 blacken <native fn>
heap_007 blacken gc
heap_004 blacken <native fn>
heap_002 blacken clock
heap_023 blacken c
heap_015 blacken global a
heap_012 blacken a
heap_021 blacken global b
heap_019 blacken b
heap_026 blacken global c
heap_067 blacken PASS: a = inner a, b = outer b, c = 
heap_033 blacken inner a
heap_031 blacken outer b
heap_029 blacken outer a
heap_059 blacken <script>
heap_010 mark <script>
heap_010 blacken <script>
heap_040 mark PASS: a = 
heap_042 mark , b = 
heap_045 mark , c = 
heap_050 mark FAIL: a = 
heap_052 mark ????: a = 
heap_052 blacken ????: a = 
heap_050 blacken FAIL: a = 
heap_045 blacken , c = 
heap_042 blacken , b = 
heap_040 blacken PASS: a = 
-- gc end: collected 0 bytes (from 7886 to 7886), next at 15772
heap_069 allocate 40 for 3
stack: <script> outer a outer b inner a PASS: a = inner a, b = outer b, c = global c
0062    | OP_PRINT
PASS: a = inner a, b = outer b, c = global c
stack: <script> outer a outer b inner a
0063   14 OP_JUMP            63 -> 143
stack: <script> outer a outer b inner a
0143   19 OP_POP
stack: <script> outer a outer b
0144   20 OP_GET_LOCAL        1
stack: <script> outer a outer b outer a
0146    | OP_CONSTANT        29 'outer a'
stack: <script> outer a outer b outer a outer a
0148    | OP_EQUAL
stack: <script> outer a outer b true
0149    | OP_JUMP_IF_FALSE  149 -> 167
stack: <script> outer a outer b true
0152    | OP_POP
stack: <script> outer a outer b
0153    | OP_GET_LOCAL        2
stack: <script> outer a outer b outer b
0155    | OP_CONSTANT        30 'outer b'
stack: <script> outer a outer b outer b outer b
0157    | OP_EQUAL
stack: <script> outer a outer b true
0158    | OP_JUMP_IF_FALSE  158 -> 167
stack: <script> outer a outer b true
0161    | OP_POP
stack: <script> outer a outer b
0162    | OP_GET_GLOBAL      31 'c'
stack: <script> outer a outer b global c
0164    | OP_CONSTANT        32 'global c'
stack: <script> outer a outer b global c global c
0166    | OP_EQUAL
stack: <script> outer a outer b true
0167    | OP_JUMP_IF_FALSE  167 -> 192
stack: <script> outer a outer b true
0170    | OP_POP
stack: <script> outer a outer b
0171   21 OP_CONSTANT        33 'PASS: a = '
stack: <script> outer a outer b PASS: a = 
0173    | OP_GET_LOCAL        1
stack: <script> outer a outer b PASS: a =  outer a
0175    | OP_ADD
-- gc begin
heap_059 mark <script>
heap_029 mark outer a
heap_031 mark outer b
heap_040 mark PASS: a = 
heap_019 mark b
heap_021 mark global b
heap_012 mark a
heap_015 mark global a
heap_023 mark c
heap_026 mark global c
heap_002 mark clock
heap_004 mark <native fn>
heap_007 mark gc
heap_008 mark <native fn>
heap_008 blacken <native fn>
heap_007 blacken gc
heap_004 blacken <native fn>
heap_002 blacken clock
heap_026 blacken global c
heap_023 blacken c
heap_015 blacken global a
heap_012 blacken a
heap_021 blacken global b
heap_019 blacken b
heap_040 blacken PASS: a = 
heap_031 blacken outer b
heap_029 blacken outer a
heap_059 blacken <script>
heap_010 mark <script>
heap_010 blacken <script>
heap_033 mark inner a
heap_042 mark , b = 
heap_045 mark , c = 
heap_050 mark FAIL: a = 
heap_052 mark ????: a = 
heap_052 blacken ????: a = 
heap_050 blacken FAIL: a = 
heap_045 blacken , c = 
heap_042 blacken , b = 
heap_033 blacken inner a
tableRemoveWhite: dropping weak key heap_069 PASS: a = inner a, b = outer b, c = global c
tableRemoveWhite: dropping weak key heap_067 PASS: a = inner a, b = outer b, c = 
heap_069 free type 3
heap_067 free type 3
-- gc end: collected 162 bytes (from 7904 to 7742), next at 15484
-- gc begin
heap_059 mark <script>
heap_029 mark outer a
heap_031 mark outer b
heap_040 mark PASS: a = 
heap_019 mark b
heap_021 mark global b
heap_012 mark a
heap_015 mark global a
heap_023 mark c
heap_026 mark global c
heap_002 mark clock
heap_004 mark <native fn>
heap_007 mark gc
heap_008 mark <native fn>
heap_008 blacken <native fn>
heap_007 blacken gc
heap_004 blacken <native fn>
heap_002 blacken clock
heap_026 blacken global c
heap_023 blacken c
heap_015 blacken global a
heap_012 blacken a
heap_021 blacken global b
heap_019 blacken b
heap_040 blacken PASS: a = 
heap_031 blacken outer b
heap_029 blacken outer a
heap_059 blacken <script>
heap_010 mark <script>
heap_010 blacken <script>
heap_033 mark inner a
heap_042 mark , b = 
heap_045 mark , c = 
heap_050 mark FAIL: a = 
heap_052 mark ????: a = 
heap_052 blacken ????: a = 
heap_050 blacken FAIL: a = 
heap_045 blacken , c = 
heap_042 blacken , b = 
heap_033 blacken inner a
-- gc end: collected 0 bytes (from 7782 to 7782), next at 15564
heap_071 allocate 40 for 3
stack: <script> outer a outer b PASS: a = outer a
0176    | OP_CONSTANT        34 ', b = '
stack: <script> outer a outer b PASS: a = outer a , b = 
0178    | OP_ADD
-- gc begin
heap_059 mark <script>
heap_029 mark outer a
heap_031 mark outer b
heap_071 mark PASS: a = outer a
heap_042 mark , b = 
heap_019 mark b
heap_021 mark global b
heap_012 mark a
heap_015 mark global a
heap_023 mark c
heap_026 mark global c
heap_002 mark clock
heap_004 mark <native fn>
heap_007 mark gc
heap_008 mark <native fn>
heap_008 blacken <native fn>
heap_007 blacken gc
heap_004 blacken <native fn>
heap_002 blacken clock
heap_026 blacken global c
heap_023 blacken c
heap_015 blacken global a
heap_012 blacken a
heap_021 blacken global b
heap_019 blacken b
heap_042 blacken , b = 
heap_071 blacken PASS: a = outer a
heap_031 blacken outer b
heap_029 blacken outer a
heap_059 blacken <script>
heap_010 mark <script>
heap_010 blacken <script>
heap_033 mark inner a
heap_040 mark PASS: a = 
heap_045 mark , c = 
heap_050 mark FAIL: a = 
heap_052 mark ????: a = 
heap_052 blacken ????: a = 
heap_050 blacken FAIL: a = 
heap_045 blacken , c = 
heap_040 blacken PASS: a = 
heap_033 blacken inner a
-- gc end: collected 0 bytes (from 7806 to 7806), next at 15612
-- gc begin
heap_059 mark <script>
heap_029 mark outer a
heap_031 mark outer b
heap_071 mark PASS: a = outer a
heap_042 mark , b = 
heap_019 mark b
heap_021 mark global b
heap_012 mark a
heap_015 mark global a
heap_023 mark c
heap_026 mark global c
heap_002 mark clock
heap_004 mark <native fn>
heap_007 mark gc
heap_008 mark <native fn>
heap_008 blacken <native fn>
heap_007 blacken gc
heap_004 blacken <native fn>
heap_002 blacken clock
heap_026 blacken global c
heap_023 blacken c
heap_015 blacken global a
heap_012 blacken a
heap_021 blacken global b
heap_019 blacken b
heap_042 blacken , b = 
heap_071 blacken PASS: a = outer a
heap_031 blacken outer b
heap_029 blacken outer a
heap_059 blacken <script>
heap_010 mark <script>
heap_010 blacken <script>
heap_033 mark inner a
heap_040 mark PASS: a = 
heap_045 mark , c = 
heap_050 mark FAIL: a = 
heap_052 mark ????: a = 
heap_052 blacken ????: a = 
heap_050 blacken FAIL: a = 
heap_045 blacken , c = 
heap_040 blacken PASS: a = 
heap_033 blacken inner a
-- gc end: collected 0 bytes (from 7846 to 7846), next at 15692
heap_073 allocate 40 for 3
stack: <script> outer a outer b PASS: a = outer a, b = 
0179    | OP_GET_LOCAL        2
stack: <script> outer a outer b PASS: a = outer a, b =  outer b
0181    | OP_ADD
-- gc begin
heap_059 mark <script>
heap_029 mark outer a
heap_031 mark outer b
heap_073 mark PASS: a = outer a, b = 
heap_019 mark b
heap_021 mark global b
heap_012 mark a
heap_015 mark global a
heap_023 mark c
heap_026 mark global c
heap_002 mark clock
heap_004 mark <native fn>
heap_007 mark gc
heap_008 mark <native fn>
heap_008 blacken <native fn>
heap_007 blacken gc
heap_004 blacken <native fn>
heap_002 blacken clock
heap_026 blacken global c
heap_023 blacken c
heap_015 blacken global a
heap_012 blacken a
heap_021 blacken global b
heap_019 blacken b
heap_073 blacken PASS: a = outer a, b = 
heap_031 blacken outer b
heap_029 blacken outer a
heap_059 blacken <script>
heap_010 mark <script>
heap_010 blacken <script>
heap_033 mark inner a
heap_040 mark PASS: a = 
heap_042 mark , b = 
heap_045 mark , c = 
heap_050 mark FAIL: a = 
heap_052 mark ????: a = 
heap_052 blacken ????: a = 
heap_050 blacken FAIL: a = 
heap_045 blacken , c = 
heap_042 blacken , b = 
heap_040 blacken PASS: a = 
heap_033 blacken inner a
tableRemoveWhite: dropping weak key heap_071 PASS: a = outer a
heap_071 free type 3
-- gc end: collected 58 bytes (from 7877 to 7819), next at 15638
-- gc begin
heap_059 mark <script>
heap_029 mark outer a
heap_031 mark outer b
heap_073 mark PASS: a = outer a, b = 
heap_019 mark b
heap_021 mark global b
heap_012 mark a
heap_015 mark global a
heap_023 mark c
heap_026 mark global c
heap_002 mark clock
heap_004 mark <native fn>
heap_007 mark gc
heap_008 mark <native fn>
heap_008 blacken <native fn>
heap_007 blacken gc
heap_004 blacken <native fn>
heap_002 blacken clock
heap_026 blacken global c
heap_023 blacken c
heap_015 blacken global a
heap_012 blacken a
heap_021 blacken global b
heap_019 blacken b
heap_073 blacken PASS: a = outer a, b = 
heap_031 blacken outer b
heap_029 blacken outer a
heap_059 blacken <script>
heap_010 mark <script>
heap_010 blacken <script>
heap_033 mark inner a
heap_040 mark PASS: a = 
heap_042 mark , b = 
heap_045 mark , c = 
heap_050 mark FAIL: a = 
heap_052 mark ????: a = 
heap_052 blacken ????: a = 
heap_050 blacken FAIL: a = 
heap_045 blacken , c = 
heap_042 blacken , b = 
heap_040 blacken PASS: a = 
heap_033 blacken inner a
-- gc end: collected 0 bytes (from 7859 to 7859), next at 15718
heap_075 allocate 40 for 3
stack: <script> outer a outer b PASS: a = outer a, b = outer b
0182    | OP_CONSTANT        35 ', c = '
stack: <script> outer a outer b PASS: a = outer a, b = outer b , c = 
0184    | OP_ADD
-- gc begin
heap_059 mark <script>
heap_029 mark outer a
heap_031 mark outer b
heap_075 mark PASS: a = outer a, b = outer b
heap_045 mark , c = 
heap_019 mark b
heap_021 mark global b
heap_012 mark a
heap_015 mark global a
heap_023 mark c
heap_026 mark global c
heap_002 mark clock
heap_004 mark <native fn>
heap_007 mark gc
heap_008 mark <native fn>
heap_008 blacken <native fn>
heap_007 blacken gc
heap_004 blacken <native fn>
heap_002 blacken clock
heap_026 blacken global c
heap_023 blacken c
heap_015 blacken global a
heap_012 blacken a
heap_021 blacken global b
heap_019 blacken b
heap_045 blacken , c = 
heap_075 blacken PASS: a = outer a, b = outer b
heap_031 blacken outer b
heap_029 blacken outer a
heap_059 blacken <script>
heap_010 mark <script>
heap_010 blacken <script>
heap_033 mark inner a
heap_040 mark PASS: a = 
heap_042 mark , b = 
heap_050 mark FAIL: a = 
heap_052 mark ????: a = 
heap_052 blacken ????: a = 
heap_050 blacken FAIL: a = 
heap_042 blacken , b = 
heap_040 blacken PASS: a = 
heap_033 blacken inner a
tableRemoveWhite: dropping weak key heap_073 PASS: a = outer a, b = 
heap_073 free type 3
-- gc end: collected 64 bytes (from 7896 to 7832), next at 15664
-- gc begin
heap_059 mark <script>
heap_029 mark outer a
heap_031 mark outer b
heap_075 mark PASS: a = outer a, b = outer b
heap_045 mark , c = 
heap_019 mark b
heap_021 mark global b
heap_012 mark a
heap_015 mark global a
heap_023 mark c
heap_026 mark global c
heap_002 mark clock
heap_004 mark <native fn>
heap_007 mark gc
heap_008 mark <native fn>
heap_008 blacken <native fn>
heap_007 blacken gc
heap_004 blacken <native fn>
heap_002 blacken clock
heap_026 blacken global c
heap_023 blacken c
heap_015 blacken global a
heap_012 blacken a
heap_021 blacken global b
heap_019 blacken b
heap_045 blacken , c = 
heap_075 blacken PASS: a = outer a, b = outer b
heap_031 blacken outer b
heap_029 blacken outer a
heap_059 blacken <script>
heap_010 mark <script>
heap_010 blacken <script>
heap_033 mark inner a
heap_040 mark PASS: a = 
heap_042 mark , b = 
heap_050 mark FAIL: a = 
heap_052 mark ????: a = 
heap_052 blacken ????: a = 
heap_050 blacken FAIL: a = 
heap_042 blacken , b = 
heap_040 blacken PASS: a = 
heap_033 blacken inner a
-- gc end: collected 0 bytes (from 7872 to 7872), next at 15744
heap_077 allocate 40 for 3
stack: <script> outer a outer b PASS: a = outer a, b = outer b, c = 
0185    | OP_GET_GLOBAL      36 'c'
stack: <script> outer a outer b PASS: a = outer a, b = outer b, c =  global c
0187    | OP_ADD
-- gc begin
heap_059 mark <script>
heap_029 mark outer a
heap_031 mark outer b
heap_077 mark PASS: a = outer a, b = outer b, c = 
heap_026 mark global c
heap_019 mark b
heap_021 mark global b
heap_012 mark a
heap_015 mark global a
heap_023 mark c
heap_002 mark clock
heap_004 mark <native fn>
heap_007 mark gc
heap_008 mark <native fn>
heap_008 blacken <native fn>
heap_007 blacken gc
heap_004 blacken <native fn>
heap_002 blacken clock
heap_023 blacken c
heap_015 blacken global a
heap_012 blacken a
heap_021 blacken global b
heap_019 blacken b
heap_026 blacken global c
heap_077 blacken PASS: a = outer a, b = outer b, c = 
heap_031 blacken outer b
heap_029 blacken outer a
heap_059 blacken <script>
heap_010 mark <script>
heap_010 blacken <script>
heap_033 mark inner a
heap_040 mark PASS: a = 
heap_042 mark , b = 
heap_045 mark , c = 
heap_050 mark FAIL: a = 
heap_052 mark ????: a = 
heap_052 blacken ????: a = 
heap_050 blacken FAIL: a = 
heap_045 blacken , c = 
heap_042 blacken , b = 
heap_040 blacken PASS: a = 
heap_033 blacken inner a
tableRemoveWhite: dropping weak key heap_075 PASS: a = outer a, b = outer b
heap_075 free type 3
-- gc end: collected 71 bytes (from 7917 to 7846), next at 15692
-- gc begin
heap_059 mark <script>
heap_029 mark outer a
heap_031 mark outer b
heap_077 mark PASS: a = outer a, b = outer b, c = 
heap_026 mark global c
heap_019 mark b
heap_021 mark global b
heap_012 mark a
heap_015 mark global a
heap_023 mark c
heap_002 mark clock
heap_004 mark <native fn>
heap_007 mark gc
heap_008 mark <native fn>
heap_008 blacken <native fn>
heap_007 blacken gc
heap_004 blacken <native fn>
heap_002 blacken clock
heap_023 blacken c
heap_015 blacken global a
heap_012 blacken a
heap_021 blacken global b
heap_019 blacken b
heap_026 blacken global c
heap_077 blacken PASS: a = outer a, b = outer b, c = 
heap_031 blacken outer b
heap_029 blacken outer a
heap_059 blacken <script>
heap_010 mark <script>
heap_010 blacken <script>
heap_033 mark inner a
heap_040 mark PASS: a = 
heap_042 mark , b = 
heap_045 mark , c = 
heap_050 mark FAIL: a = 
heap_052 mark ????: a = 
heap_052 blacken ????: a = 
heap_050 blacken FAIL: a = 
heap_045 blacken , c = 
heap_042 blacken , b = 
heap_040 blacken PASS: a = 
heap_033 blacken inner a
-- gc end: collected 0 bytes (from 7886 to 7886), next at 15772
heap_079 allocate 40 for 3
stack: <script> outer a outer b PASS: a = outer a, b = outer b, c = global c
0188    | OP_PRINT
PASS: a = outer a, b = outer b, c = global c
stack: <script> outer a outer b
0189   22 OP_JUMP           189 -> 269
stack: <script> outer a outer b
0269   27 OP_POP
stack: <script> outer a
0270    | OP_POP
stack: <script>
0271   28 OP_GET_GLOBAL      49 'a'
stack: <script> global a
0273    | OP_CONSTANT        50 'global a'
stack: <script> global a global a
0275    | OP_EQUAL
stack: <script> true
0276    | OP_JUMP_IF_FALSE  276 -> 294
stack: <script> true
0279    | OP_POP
stack: <script>
0280    | OP_GET_GLOBAL      51 'b'
stack: <script> global b
0282    | OP_CONSTANT        52 'global b'
stack: <script> global b global b
0284    | OP_EQUAL
stack: <script> true
0285    | OP_JUMP_IF_FALSE  285 -> 294
stack: <script> true
0288    | OP_POP
stack: <script>
0289    | OP_GET_GLOBAL      53 'c'
stack: <script> global c
0291    | OP_CONSTANT        54 'global c'
stack: <script> global c global c
0293    | OP_EQUAL
stack: <script> true
0294    | OP_JUMP_IF_FALSE  294 -> 319
stack: <script> true
0297    | OP_POP
stack: <script>
0298   29 OP_CONSTANT        55 'PASS: a = '
stack: <script> PASS: a = 
0300    | OP_GET_GLOBAL      56 'a'
stack: <script> PASS: a =  global a
0302    | OP_ADD
-- gc begin
heap_059 mark <script>
heap_040 mark PASS: a = 
heap_015 mark global a
heap_019 mark b
heap_021 mark global b
heap_012 mark a
heap_023 mark c
heap_026 mark global c
heap_002 mark clock
heap_004 mark <native fn>
heap_007 mark gc
heap_008 mark <native fn>
heap_008 blacken <native fn>
heap_007 blacken gc
heap_004 blacken <native fn>
heap_002 blacken clock
heap_026 blacken global c
heap_023 blacken c
heap_012 blacken a
heap_021 blacken global b
heap_019 blacken b
heap_015 blacken global a
heap_040 blacken PASS: a = 
heap_059 blacken <script>
heap_010 mark <script>
heap_010 blacken <script>
heap_029 mark outer a
heap_031 mark outer b
heap_033 mark inner a
heap_042 mark , b = 
heap_045 mark , c = 
heap_050 mark FAIL: a = 
heap_052 mark ????: a = 
heap_052 blacken ????: a = 
heap_050 blacken FAIL: a = 
heap_045 blacken , c = 
heap_042 blacken , b = 
heap_033 blacken inner a
heap_031 blacken outer b
heap_029 blacken outer a
tableRemoveWhite: dropping weak key heap_077 PASS: a = outer a, b = outer b, c = 
tableRemoveWhite: dropping weak key heap_079 PASS: a = outer a, b = outer b, c = global c
heap_079 free type 3
heap_077 free type 3
-- gc end: collected 162 bytes (from 7905 to 7743), next at 15486
-- gc begin
heap_059 mark <script>
heap_040 mark PASS: a = 
heap_015 mark global a
heap_019 mark b
heap_021 mark global b
heap_012 mark a
heap_023 mark c
heap_026 mark global c
heap_002 mark clock
heap_004 mark <native fn>
heap_007 mark gc
heap_008 mark <native fn>
heap_008 blacken <native fn>
heap_007 blacken gc
heap_004 blacken <native fn>
heap_002 blacken clock
heap_026 blacken global c
heap_023 blacken c
heap_012 blacken a
heap_021 blacken global b
heap_019 blacken b
heap_015 blacken global a
heap_040 blacken PASS: a = 
heap_059 blacken <script>
heap_010 mark <script>
heap_010 blacken <script>
heap_029 mark outer a
heap_031 mark outer b
heap_033 mark inner a
heap_042 mark , b = 
heap_045 mark , c = 
heap_050 mark FAIL: a = 
heap_052 mark ????: a = 
heap_052 blacken ????: a = 
heap_050 blacken FAIL: a = 
heap_045 blacken , c = 
heap_042 blacken , b = 
heap_033 blacken inner a
heap_031 blacken outer b
heap_029 blacken outer a
-- gc end: collected 0 bytes (from 7783 to 7783), next at 15566
heap_081 allocate 40 for 3
stack: <script> PASS: a = global a
0303    | OP_CONSTANT        57 ', b = '
stack: <script> PASS: a = global a , b = 
0305    | OP_ADD
-- gc begin
heap_059 mark <script>
heap_081 mark PASS: a = global a
heap_042 mark , b = 
heap_019 mark b
heap_021 mark global b
heap_012 mark a
heap_015 mark global a
heap_023 mark c
heap_026 mark global c
heap_002 mark clock
heap_004 mark <native fn>
heap_007 mark gc
heap_008 mark <native fn>
heap_008 blacken <native fn>
heap_007 blacken gc
heap_004 blacken <native fn>
heap_002 blacken clock
heap_026 blacken global c
heap_023 blacken c
heap_015 blacken global a
heap_012 blacken a
heap_021 blacken global b
heap_019 blacken b
heap_042 blacken , b = 
heap_081 blacken PASS: a = global a
heap_059 blacken <script>
heap_010 mark <script>
heap_010 blacken <script>
heap_029 mark outer a
heap_031 mark outer b
heap_033 mark inner a
heap_040 mark PASS: a = 
heap_045 mark , c = 
heap_050 mark FAIL: a = 
heap_052 mark ????: a = 
heap_052 blacken ????: a = 
heap_050 blacken FAIL: a = 
heap_045 blacken , c = 
heap_040 blacken PASS: a = 
heap_033 blacken inner a
heap_031 blacken outer b
heap_029 blacken outer a
-- gc end: collected 0 bytes (from 7808 to 7808), next at 15616
-- gc begin
heap_059 mark <script>
heap_081 mark PASS: a = global a
heap_042 mark , b = 
heap_019 mark b
heap_021 mark global b
heap_012 mark a
heap_015 mark global a
heap_023 mark c
heap_026 mark global c
heap_002 mark clock
heap_004 mark <native fn>
heap_007 mark gc
heap_008 mark <native fn>
heap_008 blacken <native fn>
heap_007 blacken gc
heap_004 blacken <native fn>
heap_002 blacken clock
heap_026 blacken global c
heap_023 blacken c
heap_015 blacken global a
heap_012 blacken a
heap_021 blacken global b
heap_019 blacken b
heap_042 blacken , b = 
heap_081 blacken PASS: a = global a
heap_059 blacken <script>
heap_010 mark <script>
heap_010 blacken <script>
heap_029 mark outer a
heap_031 mark outer b
heap_033 mark inner a
heap_040 mark PASS: a = 
heap_045 mark , c = 
heap_050 mark FAIL: a = 
heap_052 mark ????: a = 
heap_052 blacken ????: a = 
heap_050 blacken FAIL: a = 
heap_045 blacken , c = 
heap_040 blacken PASS: a = 
heap_033 blacken inner a
heap_031 blacken outer b
heap_029 blacken outer a
-- gc end: collected 0 bytes (from 7848 to 7848), next at 15696
heap_083 allocate 40 for 3
stack: <script> PASS: a = global a, b = 
0306    | OP_GET_GLOBAL      58 'b'
stack: <script> PASS: a = global a, b =  global b
0308    | OP_ADD
-- gc begin
heap_059 mark <script>
heap_083 mark PASS: a = global a, b = 
heap_021 mark global b
heap_019 mark b
heap_012 mark a
heap_015 mark global a
heap_023 mark c
heap_026 mark global c
heap_002 mark clock
heap_004 mark <native fn>
heap_007 mark gc
heap_008 mark <native fn>
heap_008 blacken <native fn>
heap_007 blacken gc
heap_004 blacken <native fn>
heap_002 blacken clock
heap_026 blacken global c
heap_023 blacken c
heap_015 blacken global a
heap_012 blacken a
heap_019 blacken b
heap_021 blacken global b
heap_083 blacken PASS: a = global a, b = 
heap_059 blacken <script>
heap_010 mark <script>
heap_010 blacken <script>
heap_029 mark outer a
heap_031 mark outer b
heap_033 mark inner a
heap_040 mark PASS: a = 
heap_042 mark , b = 
heap_045 mark , c = 
heap_050 mark FAIL: a = 
heap_052 mark ????: a = 
heap_052 blacken ????: a = 
heap_050 blacken FAIL: a = 
heap_045 blacken , c = 
heap_042 blacken , b = 
heap_040 blacken PASS: a = 
heap_033 blacken inner a
heap_031 blacken outer b
heap_029 blacken outer a
tableRemoveWhite: dropping weak key heap_081 PASS: a = global a
heap_081 free type 3
-- gc end: collected 59 bytes (from 7881 to 7822), next at 15644
-- gc begin
heap_059 mark <script>
heap_083 mark PASS: a = global a, b = 
heap_021 mark global b
heap_019 mark b
heap_012 mark a
heap_015 mark global a
heap_023 mark c
heap_026 mark global c
heap_002 mark clock
heap_004 mark <native fn>
heap_007 mark gc
heap_008 mark <native fn>
heap_008 blacken <native fn>
heap_007 blacken gc
heap_004 blacken <native fn>
heap_002 blacken clock
heap_026 blacken global c
heap_023 blacken c
heap_015 blacken global a
heap_012 blacken a
heap_019 blacken b
heap_021 blacken global b
heap_083 blacken PASS: a = global a, b = 
heap_059 blacken <script>
heap_010 mark <script>
heap_010 blacken <script>
heap_029 mark outer a
heap_031 mark outer b
heap_033 mark inner a
heap_040 mark PASS: a = 
heap_042 mark , b = 
heap_045 mark , c = 
heap_050 mark FAIL: a = 
heap_052 mark ????: a = 
heap_052 blacken ????: a = 
heap_050 blacken FAIL: a = 
heap_045 blacken , c = 
heap_042 blacken , b = 
heap_040 blacken PASS: a = 
heap_033 blacken inner a
heap_031 blacken outer b
heap_029 blacken outer a
-- gc end: collected 0 bytes (from 7862 to 7862), next at 15724
heap_085 allocate 40 for 3
stack: <script> PASS: a = global a, b = global b
0309    | OP_CONSTANT        59 ', c = '
stack: <script> PASS: a = global a, b = global b , c = 
0311    | OP_ADD
-- gc begin
heap_059 mark <script>
heap_085 mark PASS: a = global a, b = global b
heap_045 mark , c = 
heap_019 mark b
heap_021 mark global b
heap_012 mark a
heap_015 mark global a
heap_023 mark c
heap_026 mark global c
heap_002 mark clock
heap_004 mark <native fn>
heap_007 mark gc
heap_008 mark <native fn>
heap_008 blacken <native fn>
heap_007 blacken gc
heap_004 blacken <native fn>
heap_002 blacken clock
heap_026 blacken global c
heap_023 blacken c
heap_015 blacken global a
heap_012 blacken a
heap_021 blacken global b
heap_019 blacken b
heap_045 blacken , c = 
heap_085 blacken PASS: a = global a, b = global b
heap_059 blacken <script>
heap_010 mark <script>
heap_010 blacken <script>
heap_029 mark outer a
heap_031 mark outer b
heap_033 mark inner a
heap_040 mark PASS: a = 
heap_042 mark , b = 
heap_050 mark FAIL: a = 
heap_052 mark ????: a = 
heap_052 blacken ????: a = 
heap_050 blacken FAIL: a = 
heap_042 blacken , b = 
heap_040 blacken PASS: a = 
heap_033 blacken inner a
heap_031 blacken outer b
heap_029 blacken outer a
tableRemoveWhite: dropping weak key heap_083 PASS: a = global a, b = 
heap_083 free type 3
-- gc end: collected 65 bytes (from 7901 to 7836), next at 15672
-- gc begin
heap_059 mark <script>
heap_085 mark PASS: a = global a, b = global b
heap_045 mark , c = 
heap_019 mark b
heap_021 mark global b
heap_012 mark a
heap_015 mark global a
heap_023 mark c
heap_026 mark global c
heap_002 mark clock
heap_004 mark <native fn>
heap_007 mark gc
heap_008 mark <native fn>
heap_008 blacken <native fn>
heap_007 blacken gc
heap_004 blacken <native fn>
heap_002 blacken clock
heap_026 blacken global c
heap_023 blacken c
heap_015 blacken global a
heap_012 blacken a
heap_021 blacken global b
heap_019 blacken b
heap_045 blacken , c = 
heap_085 blacken PASS: a = global a, b = global b
heap_059 blacken <script>
heap_010 mark <script>
heap_010 blacken <script>
heap_029 mark outer a
heap_031 mark outer b
heap_033 mark inner a
heap_040 mark PASS: a = 
heap_042 mark , b = 
heap_050 mark FAIL: a = 
heap_052 mark ????: a = 
heap_052 blacken ????: a = 
heap_050 blacken FAIL: a = 
heap_042 blacken , b = 
heap_040 blacken PASS: a = 
heap_033 blacken inner a
heap_031 blacken outer b
heap_029 blacken outer a
-- gc end: collected 0 bytes (from 7876 to 7876), next at 15752
heap_087 allocate 40 for 3
stack: <script> PASS: a = global a, b = global b, c = 
0312    | OP_GET_GLOBAL      60 'c'
stack: <script> PASS: a = global a, b = global b, c =  global c
0314    | OP_ADD
-- gc begin
heap_059 mark <script>
heap_087 mark PASS: a = global a, b = global b, c = 
heap_026 mark global c
heap_019 mark b
heap_021 mark global b
heap_012 mark a
heap_015 mark global a
heap_023 mark c
heap_002 mark clock
heap_004 mark <native fn>
heap_007 mark gc
heap_008 mark <native fn>
heap_008 blacken <native fn>
heap_007 blacken gc
heap_004 blacken <native fn>
heap_002 blacken clock
heap_023 blacken c
heap_015 blacken global a
heap_012 blacken a
heap_021 blacken global b
heap_019 blacken b
heap_026 blacken global c
heap_087 blacken PASS: a = global a, b = global b, c = 
heap_059 blacken <script>
heap_010 mark <script>
heap_010 blacken <script>
heap_029 mark outer a
heap_031 mark outer b
heap_033 mark inner a
heap_040 mark PASS: a = 
heap_042 mark , b = 
heap_045 mark , c = 
heap_050 mark FAIL: a = 
heap_052 mark ????: a = 
heap_052 blacken ????: a = 
heap_050 blacken FAIL: a = 
heap_045 blacken , c = 
heap_042 blacken , b = 
heap_040 blacken PASS: a = 
heap_033 blacken inner a
heap_031 blacken outer b
heap_029 blacken outer a
tableRemoveWhite: dropping weak key heap_085 PASS: a = global a, b = global b
heap_085 free type 3
-- gc end: collected 73 bytes (from 7923 to 7850), next at 15700
-- gc begin
heap_059 mark <script>
heap_087 mark PASS: a = global a, b = global b, c = 
heap_026 mark global c
heap_019 mark b
heap_021 mark global b
heap_012 mark a
heap_015 mark global a
heap_023 mark c
heap_002 mark clock
heap_004 mark <native fn>
heap_007 mark gc
heap_008 mark <native fn>
heap_008 blacken <native fn>
heap_007 blacken gc
heap_004 blacken <native fn>
heap_002 blacken clock
heap_023 blacken c
heap_015 blacken global a
heap_012 blacken a
heap_021 blacken global b
heap_019 blacken b
heap_026 blacken global c
heap_087 blacken PASS: a = global a, b = global b, c = 
heap_059 blacken <script>
heap_010 mark <script>
heap_010 blacken <script>
heap_029 mark outer a
heap_031 mark outer b
heap_033 mark inner a
heap_040 mark PASS: a = 
heap_042 mark , b = 
heap_045 mark , c = 
heap_050 mark FAIL: a = 
heap_052 mark ????: a = 
heap_052 blacken ????: a = 
heap_050 blacken FAIL: a = 
heap_045 blacken , c = 
heap_042 blacken , b = 
heap_040 blacken PASS: a = 
heap_033 blacken inner a
heap_031 blacken outer b
heap_029 blacken outer a
-- gc end: collected 0 bytes (from 7890 to 7890), next at 15780
heap_089 allocate 40 for 3
stack: <script> PASS: a = global a, b = global b, c = global c
0315    | OP_PRINT
PASS: a = global a, b = global b, c = global c
stack: <script>
0316   30 OP_JUMP           316 -> 396
stack: <script>
0396   35 OP_NIL
stack: <script> nil
0397    | OP_RETURN
Executing ... done.

heap_089 free type 3
heap_087 free type 3
heap_059 free type 0
heap_052 free type 3
heap_050 free type 3
heap_045 free type 3
heap_042 free type 3
heap_040 free type 3
heap_033 free type 3
heap_031 free type 3
heap_029 free type 3
heap_026 free type 3
heap_023 free type 3
heap_021 free type 3
heap_019 free type 3
heap_015 free type 3
heap_012 free type 3
heap_010 free type 1
heap_008 free type 2
heap_007 free type 3
heap_004 free type 2
heap_002 free type 3
