-- gc begin
-- gc end: collected 0 bytes (from 6 to 6), next at 12
-- gc begin
-- gc end: collected 0 bytes (from 46 to 46), next at 92
heap_002 allocate 40 for 3
-- gc begin
heap_002 mark clock
heap_002 blacken clock
-- gc end: collected 0 bytes (from 238 to 238), next at 476
-- gc begin
heap_002 mark clock
heap_002 blacken clock
-- gc end: collected 0 bytes (from 262 to 262), next at 524
heap_004 allocate 24 for 2
-- gc begin
heap_002 mark clock
heap_004 mark <native fn>
heap_004 blacken <native fn>
heap_002 blacken clock
-- gc end: collected 0 bytes (from 454 to 454), next at 908
-- gc begin
heap_002 mark clock
heap_004 mark <native fn>
heap_004 blacken <native fn>
heap_002 blacken clock
-- gc end: collected 0 bytes (from 457 to 457), next at 914
-- gc begin
heap_002 mark clock
heap_004 mark <native fn>
heap_004 blacken <native fn>
heap_002 blacken clock
-- gc end: collected 0 bytes (from 497 to 497), next at 994
heap_007 allocate 40 for 3
-- gc begin
heap_007 mark gc
heap_002 mark clock
heap_004 mark <native fn>
heap_004 blacken <native fn>
heap_002 blacken clock
heap_007 blacken gc
-- gc end: collected 0 bytes (from 521 to 521), next at 1042
heap_008 allocate 24 for 2
-- gc begin
heap_002 mark clock
heap_004 mark <native fn>
heap_007 mark gc
heap_008 mark <native fn>
heap_008 blacken <native fn>
heap_007 blacken gc
heap_004 blacken <native fn>
heap_002 blacken clock
-- gc end: collected 0 bytes (from 709 to 709), next at 1418
-- gc begin
heap_002 mark clock
heap_004 mark <native fn>
heap_007 mark gc
heap_008 mark <native fn>
heap_008 blacken <native fn>
heap_007 blacken gc
heap_004 blacken <native fn>
heap_002 blacken clock
-- gc end: collected 0 bytes (from 781 to 781), next at 1562
heap_010 allocate 72 for 1
-- gc begin
heap_002 mark clock
heap_004 mark <native fn>
heap_007 mark gc
heap_008 mark <native fn>
heap_010 mark <script>
heap_010 blacken <script>
heap_008 blacken <native fn>
heap_007 blacken gc
heap_004 blacken <native fn>
heap_002 blacken clock
-- gc end: collected 0 bytes (from 793 to 793), next at 1586
-- gc begin
heap_002 mark clock
heap_004 mark <native fn>
heap_007 mark gc
heap_008 mark <native fn>
heap_010 mark <script>
heap_010 blacken <script>
heap_008 blacken <native fn>
heap_007 blacken gc
heap_004 blacken <native fn>
heap_002 blacken clock
-- gc end: collected 0 bytes (from 833 to 833), next at 1666
heap_012 allocate 40 for 3
-- gc begin
heap_012 mark makeCounter
heap_002 mark clock
heap_004 mark <native fn>
heap_007 mark gc
heap_008 mark <native fn>
heap_010 mark <script>
heap_010 blacken <script>
heap_008 blacken <native fn>
heap_007 blacken gc
heap_004 blacken <native fn>
heap_002 blacken clock
heap_012 blacken makeCounter
-- gc end: collected 0 bytes (from 961 to 961), next at 1922
-- gc begin
heap_002 mark clock
heap_004 mark <native fn>
heap_007 mark gc
heap_008 mark <native fn>
heap_010 mark <script>
heap_010 blacken <script>
heap_012 mark makeCounter
heap_012 blacken makeCounter
heap_008 blacken <native fn>
heap_007 blacken gc
heap_004 blacken <native fn>
heap_002 blacken clock
-- gc end: collected 0 bytes (from 1033 to 1033), next at 2066
heap_014 allocate 72 for 1
-- gc begin
heap_002 mark clock
heap_004 mark <native fn>
heap_007 mark gc
heap_008 mark <native fn>
heap_014 mark <fn makeCounter>
heap_010 mark <script>
heap_010 blacken <script>
heap_012 mark makeCounter
heap_012 blacken makeCounter
heap_014 blacken <fn makeCounter>
heap_008 blacken <native fn>
heap_007 blacken gc
heap_004 blacken <native fn>
heap_002 blacken clock
-- gc end: collected 0 bytes (from 1161 to 1161), next at 2322
-- gc begin
heap_002 mark clock
heap_004 mark <native fn>
heap_007 mark gc
heap_008 mark <native fn>
heap_014 mark <fn makeCounter>
heap_010 mark <script>
heap_010 blacken <script>
heap_012 mark makeCounter
heap_012 blacken makeCounter
heap_014 blacken <fn makeCounter>
heap_008 blacken <native fn>
heap_007 blacken gc
heap_004 blacken <native fn>
heap_002 blacken clock
-- gc end: collected 0 bytes (from 1169 to 1169), next at 2338
-- gc begin
heap_002 mark clock
heap_004 mark <native fn>
heap_007 mark gc
heap_008 mark <native fn>
heap_014 mark <fn makeCounter>
heap_010 mark <script>
heap_010 blacken <script>
heap_012 mark makeCounter
heap_012 blacken makeCounter
heap_014 blacken <fn makeCounter>
heap_008 blacken <native fn>
heap_007 blacken gc
heap_004 blacken <native fn>
heap_002 blacken clock
-- gc end: collected 0 bytes (from 1201 to 1201), next at 2402
-- gc begin
heap_002 mark clock
heap_004 mark <native fn>
heap_007 mark gc
heap_008 mark <native fn>
heap_014 mark <fn makeCounter>
heap_010 mark <script>
heap_010 blacken <script>
heap_012 mark makeCounter
heap_012 blacken makeCounter
heap_014 blacken <fn makeCounter>
heap_008 blacken <native fn>
heap_007 blacken gc
heap_004 blacken <native fn>
heap_002 blacken clock
-- gc end: collected 0 bytes (from 1273 to 1273), next at 2546
heap_018 allocate 72 for 1
-- gc begin
heap_002 mark clock
heap_004 mark <native fn>
heap_007 mark gc
heap_008 mark <native fn>
heap_018 mark <script>
heap_014 mark <fn makeCounter>
heap_010 mark <script>
heap_010 blacken <script>
heap_012 mark makeCounter
heap_012 blacken makeCounter
heap_014 blacken <fn makeCounter>
heap_018 blacken <script>
heap_008 blacken <native fn>
heap_007 blacken gc
heap_004 blacken <native fn>
heap_002 blacken clock
-- gc end: collected 0 bytes (from 1279 to 1279), next at 2558
-- gc begin
heap_002 mark clock
heap_004 mark <native fn>
heap_007 mark gc
heap_008 mark <native fn>
heap_018 mark <script>
heap_014 mark <fn makeCounter>
heap_010 mark <script>
heap_010 blacken <script>
heap_012 mark makeCounter
heap_012 blacken makeCounter
heap_014 blacken <fn makeCounter>
heap_018 blacken <script>
heap_008 blacken <native fn>
heap_007 blacken gc
heap_004 blacken <native fn>
heap_002 blacken clock
-- gc end: collected 0 bytes (from 1319 to 1319), next at 2638
heap_020 allocate 40 for 3
-- gc begin
heap_002 mark clock
heap_004 mark <native fn>
heap_007 mark gc
heap_008 mark <native fn>
heap_018 mark <fn count>
heap_014 mark <fn makeCounter>
heap_010 mark <script>
heap_010 blacken <script>
heap_012 mark makeCounter
heap_012 blacken makeCounter
heap_014 blacken <fn makeCounter>
heap_018 blacken <fn count>
heap_020 mark count
heap_020 blacken count
heap_008 blacken <native fn>
heap_007 blacken gc
heap_004 blacken <native fn>
heap_002 blacken clock
-- gc end: collected 0 bytes (from 1327 to 1327), next at 2654
-- gc begin
heap_002 mark clock
heap_004 mark <native fn>
heap_007 mark gc
heap_008 mark <native fn>
heap_018 mark <fn count>
heap_014 mark <fn makeCounter>
heap_010 mark <script>
heap_010 blacken <script>
heap_012 mark makeCounter
heap_012 blacken makeCounter
heap_014 blacken <fn makeCounter>
heap_018 blacken <fn count>
heap_020 mark count
heap_020 blacken count
heap_008 blacken <native fn>
heap_007 blacken gc
heap_004 blacken <native fn>
heap_002 blacken clock
-- gc end: collected 0 bytes (from 1359 to 1359), next at 2718
-- gc begin
heap_002 mark clock
heap_004 mark <native fn>
heap_007 mark gc
heap_008 mark <native fn>
heap_018 mark <fn count>
heap_014 mark <fn makeCounter>
heap_010 mark <script>
heap_010 blacken <script>
heap_012 mark makeCounter
heap_012 blacken makeCounter
heap_014 blacken <fn makeCounter>
heap_018 blacken <fn count>
heap_020 mark count
heap_020 blacken count
heap_008 blacken <native fn>
heap_007 blacken gc
heap_004 blacken <native fn>
heap_002 blacken clock
-- gc end: collected 0 bytes (from 1487 to 1487), next at 2974
-- gc begin
heap_002 mark clock
heap_004 mark <native fn>
heap_007 mark gc
heap_008 mark <native fn>
heap_018 mark <fn count>
heap_014 mark <fn makeCounter>
heap_010 mark <script>
heap_010 blacken <script>
heap_012 mark makeCounter
heap_012 blacken makeCounter
heap_014 blacken <fn makeCounter>
heap_018 blacken <fn count>
heap_020 mark count
heap_020 blacken count
heap_008 blacken <native fn>
heap_007 blacken gc
heap_004 blacken <native fn>
heap_002 blacken clock
-- gc end: collected 0 bytes (from 1495 to 1495), next at 2990
-- gc begin
heap_002 mark clock
heap_004 mark <native fn>
heap_007 mark gc
heap_008 mark <native fn>
heap_018 mark <fn count>
heap_014 mark <fn makeCounter>
heap_010 mark <script>
heap_010 blacken <script>
heap_012 mark makeCounter
heap_012 blacken makeCounter
heap_014 blacken <fn makeCounter>
heap_018 blacken <fn count>
heap_020 mark count
heap_020 blacken count
heap_008 blacken <native fn>
heap_007 blacken gc
heap_004 blacken <native fn>
heap_002 blacken clock
-- gc end: collected 0 bytes (from 1527 to 1527), next at 3054

Disassembling count ...
0000    6 OP_GET_UPVALUE      0
0002    | OP_CONSTANT         0 '1'
0004    | OP_ADD
0005    | OP_SET_UPVALUE      0
0007    | OP_POP
0008    7 OP_GET_UPVALUE      0
0010    | OP_PRINT
0011    8 OP_NIL
0012    | OP_RETURN
Disassembling count ... done.

-- gc begin
heap_002 mark clock
heap_004 mark <native fn>
heap_007 mark gc
heap_008 mark <native fn>
heap_014 mark <fn makeCounter>
heap_010 mark <script>
heap_010 blacken <script>
heap_012 mark makeCounter
heap_012 blacken makeCounter
heap_014 blacken <fn makeCounter>
heap_018 mark <fn count>
heap_018 blacken <fn count>
heap_020 mark count
heap_020 blacken count
heap_008 blacken <native fn>
heap_007 blacken gc
heap_004 blacken <native fn>
heap_002 blacken clock
-- gc end: collected 0 bytes (from 1535 to 1535), next at 3070
-- gc begin
heap_002 mark clock
heap_004 mark <native fn>
heap_007 mark gc
heap_008 mark <native fn>
heap_014 mark <fn makeCounter>
heap_010 mark <script>
heap_010 blacken <script>
heap_012 mark makeCounter
heap_012 blacken makeCounter
heap_014 blacken <fn makeCounter>
heap_018 mark <fn count>
heap_018 blacken <fn count>
heap_020 mark count
heap_020 blacken count
heap_008 blacken <native fn>
heap_007 blacken gc
heap_004 blacken <native fn>
heap_002 blacken clock
-- gc end: collected 0 bytes (from 1567 to 1567), next at 3134

Disassembling makeCounter ...
0000    4 OP_CONSTANT         0 '0'
0002    8 OP_CLOSURE          1 <fn count>
0004      | local 1
0006    9 OP_GET_LOCAL        2
0008    | OP_RETURN
0009   10 OP_NIL
0010    | OP_RETURN
Disassembling makeCounter ... done.

-- gc begin
heap_002 mark clock
heap_004 mark <native fn>
heap_007 mark gc
heap_008 mark <native fn>
heap_010 mark <script>
heap_010 blacken <script>
heap_012 mark makeCounter
heap_014 mark <fn makeCounter>
heap_014 blacken <fn makeCounter>
heap_018 mark <fn count>
heap_018 blacken <fn count>
heap_020 mark count
heap_020 blacken count
heap_012 blacken makeCounter
heap_008 blacken <native fn>
heap_007 blacken gc
heap_004 blacken <native fn>
heap_002 blacken clock
-- gc end: collected 0 bytes (from 1575 to 1575), next at 3150
-- gc begin
heap_002 mark clock
heap_004 mark <native fn>
heap_007 mark gc
heap_008 mark <native fn>
heap_010 mark <script>
heap_010 blacken <script>
heap_012 mark makeCounter
heap_014 mark <fn makeCounter>
heap_014 blacken <fn makeCounter>
heap_018 mark <fn count>
heap_018 blacken <fn count>
heap_020 mark count
heap_020 blacken count
heap_012 blacken makeCounter
heap_008 blacken <native fn>
heap_007 blacken gc
heap_004 blacken <native fn>
heap_002 blacken clock
-- gc end: collected 0 bytes (from 1607 to 1607), next at 3214
-- gc begin
heap_002 mark clock
heap_004 mark <native fn>
heap_007 mark gc
heap_008 mark <native fn>
heap_010 mark <script>
heap_010 blacken <script>
heap_012 mark makeCounter
heap_014 mark <fn makeCounter>
heap_014 blacken <fn makeCounter>
heap_018 mark <fn count>
heap_018 blacken <fn count>
heap_020 mark count
heap_020 blacken count
heap_012 blacken makeCounter
heap_008 blacken <native fn>
heap_007 blacken gc
heap_004 blacken <native fn>
heap_002 blacken clock
-- gc end: collected 0 bytes (from 1615 to 1615), next at 3230
-- gc begin
heap_002 mark clock
heap_004 mark <native fn>
heap_007 mark gc
heap_008 mark <native fn>
heap_010 mark <script>
heap_010 blacken <script>
heap_012 mark makeCounter
heap_014 mark <fn makeCounter>
heap_014 blacken <fn makeCounter>
heap_018 mark <fn count>
heap_018 blacken <fn count>
heap_020 mark count
heap_020 blacken count
heap_012 blacken makeCounter
heap_008 blacken <native fn>
heap_007 blacken gc
heap_004 blacken <native fn>
heap_002 blacken clock
-- gc end: collected 0 bytes (from 1655 to 1655), next at 3310
heap_029 allocate 40 for 3
-- gc begin
heap_002 mark clock
heap_004 mark <native fn>
heap_007 mark gc
heap_008 mark <native fn>
heap_010 mark <script>
heap_010 blacken <script>
heap_012 mark makeCounter
heap_014 mark <fn makeCounter>
heap_029 mark counter
heap_029 blacken counter
heap_014 blacken <fn makeCounter>
heap_018 mark <fn count>
heap_018 blacken <fn count>
heap_020 mark count
heap_020 blacken count
heap_012 blacken makeCounter
heap_008 blacken <native fn>
heap_007 blacken gc
heap_004 blacken <native fn>
heap_002 blacken clock
-- gc end: collected 0 bytes (from 1663 to 1663), next at 3326
-- gc begin
heap_002 mark clock
heap_004 mark <native fn>
heap_007 mark gc
heap_008 mark <native fn>
heap_010 mark <script>
heap_010 blacken <script>
heap_012 mark makeCounter
heap_014 mark <fn makeCounter>
heap_029 mark counter
heap_029 blacken counter
heap_014 blacken <fn makeCounter>
heap_018 mark <fn count>
heap_018 blacken <fn count>
heap_020 mark count
heap_020 blacken count
heap_012 blacken makeCounter
heap_008 blacken <native fn>
heap_007 blacken gc
heap_004 blacken <native fn>
heap_002 blacken clock
-- gc end: collected 0 bytes (from 1695 to 1695), next at 3390
-- gc begin
heap_002 mark clock
heap_004 mark <native fn>
heap_007 mark gc
heap_008 mark <native fn>
heap_010 mark <script>
heap_010 blacken <script>
heap_012 mark makeCounter
heap_014 mark <fn makeCounter>
heap_029 mark counter
heap_029 blacken counter
heap_014 blacken <fn makeCounter>
heap_018 mark <fn count>
heap_018 blacken <fn count>
heap_020 mark count
heap_020 blacken count
heap_012 blacken makeCounter
heap_008 blacken <native fn>
heap_007 blacken gc
heap_004 blacken <native fn>
heap_002 blacken clock
-- gc end: collected 0 bytes (from 1711 to 1711), next at 3422
-- gc begin
heap_002 mark clock
heap_004 mark <native fn>
heap_007 mark gc
heap_008 mark <native fn>
heap_010 mark <script>
heap_010 blacken <script>
heap_012 mark makeCounter
heap_014 mark <fn makeCounter>
heap_029 mark counter
heap_029 blacken counter
heap_014 blacken <fn makeCounter>
heap_018 mark <fn count>
heap_018 blacken <fn count>
heap_020 mark count
heap_020 blacken count
heap_012 blacken makeCounter
heap_008 blacken <native fn>
heap_007 blacken gc
heap_004 blacken <native fn>
heap_002 blacken clock
-- gc end: collected 0 bytes (from 1775 to 1775), next at 3550

Disassembling <script> ...
0000   10 OP_CLOSURE          1 <fn makeCounter>
0002    | OP_DEFINE_GLOBAL    0 'makeCounter'
0004   12 OP_GET_GLOBAL       3 'makeCounter'
0006    | OP_CALL             0
0008    | OP_DEFINE_GLOBAL    2 'counter'
0010   13 OP_GET_GLOBAL       4 'counter'
0012    | OP_CALL             0
0014    | OP_POP
0015   14 OP_GET_GLOBAL       5 'counter'
0017    | OP_CALL             0
0019    | OP_POP
0020   15 OP_NIL
0021    | OP_RETURN
Disassembling <script> ... done.

-- gc begin
heap_010 mark <script>
heap_002 mark clock
heap_004 mark <native fn>
heap_007 mark gc
heap_008 mark <native fn>
heap_008 blacken <native fn>
heap_007 blacken gc
heap_004 blacken <native fn>
heap_002 blacken clock
heap_010 blacken <script>
heap_012 mark makeCounter
heap_014 mark <fn makeCounter>
heap_029 mark counter
heap_029 blacken counter
heap_014 blacken <fn makeCounter>
heap_018 mark <fn count>
heap_018 blacken <fn count>
heap_020 mark count
heap_020 blacken count
heap_012 blacken makeCounter
-- gc end: collected 0 bytes (from 1815 to 1815), next at 3630
heap_033 allocate 40 for 0

Executing ...
stack: <script>
0000   10 OP_CLOSURE          1 <fn makeCounter>
-- gc begin
heap_033 mark <script>
heap_002 mark clock
heap_004 mark <native fn>
heap_007 mark gc
heap_008 mark <native fn>
heap_008 blacken <native fn>
heap_007 blacken gc
heap_004 blacken <native fn>
heap_002 blacken clock
heap_033 blacken <script>
heap_010 mark <script>
heap_010 blacken <script>
heap_012 mark makeCounter
heap_014 mark <fn makeCounter>
heap_029 mark counter
heap_029 blacken counter
heap_014 blacken <fn makeCounter>
heap_018 mark <fn count>
heap_018 blacken <fn count>
heap_020 mark count
heap_020 blacken count
heap_012 blacken makeCounter
-- gc end: collected 0 bytes (from 1855 to 1855), next at 3710
heap_034 allocate 40 for 0
stack: <script> <fn makeCounter>
0002    | OP_DEFINE_GLOBAL    0 'makeCounter'
stack: <script>
0004   12 OP_GET_GLOBAL       3 'makeCounter'
stack: <script> <fn makeCounter>
0006    | OP_CALL             0
stack: <script> <fn makeCounter>
0000    4 OP_CONSTANT         0 '0'
stack: <script> <fn makeCounter> 0
0002    8 OP_CLOSURE          1 <fn count>
0004      | local 1
-- gc begin
heap_033 mark <script>
heap_034 mark <fn makeCounter>
heap_002 mark clock
heap_004 mark <native fn>
heap_007 mark gc
heap_008 mark <native fn>
heap_012 mark makeCounter
heap_012 blacken makeCounter
heap_008 blacken <native fn>
heap_007 blacken gc
heap_004 blacken <native fn>
heap_002 blacken clock
heap_034 blacken <fn makeCounter>
heap_014 mark <fn makeCounter>
heap_014 blacken <fn makeCounter>
heap_018 mark <fn count>
heap_018 blacken <fn count>
heap_020 mark count
heap_020 blacken count
heap_033 blacken <script>
heap_010 mark <script>
heap_010 blacken <script>
heap_029 mark counter
heap_029 blacken counter
-- gc end: collected 0 bytes (from 1863 to 1863), next at 3726
-- gc begin
heap_033 mark <script>
heap_034 mark <fn makeCounter>
heap_002 mark clock
heap_004 mark <native fn>
heap_007 mark gc
heap_008 mark <native fn>
heap_012 mark makeCounter
heap_012 blacken makeCounter
heap_008 blacken <native fn>
heap_007 blacken gc
heap_004 blacken <native fn>
heap_002 blacken clock
heap_034 blacken <fn makeCounter>
heap_014 mark <fn makeCounter>
heap_014 blacken <fn makeCounter>
heap_018 mark <fn count>
heap_018 blacken <fn count>
heap_020 mark count
heap_020 blacken count
heap_033 blacken <script>
heap_010 mark <script>
heap_010 blacken <script>
heap_029 mark counter
heap_029 blacken counter
-- gc end: collected 0 bytes (from 1903 to 1903), next at 3806
heap_036 allocate 40 for 0
-- gc begin
heap_033 mark <script>
heap_034 mark <fn makeCounter>
heap_036 mark <fn count>
heap_002 mark clock
heap_004 mark <native fn>
heap_007 mark gc
heap_008 mark <native fn>
heap_012 mark makeCounter
heap_012 blacken makeCounter
heap_008 blacken <native fn>
heap_007 blacken gc
heap_004 blacken <native fn>
heap_002 blacken clock
heap_036 blacken <fn count>
heap_018 mark <fn count>
heap_018 blacken <fn count>
heap_020 mark count
heap_020 blacken count
heap_034 blacken <fn makeCounter>
heap_014 mark <fn makeCounter>
heap_014 blacken <fn makeCounter>
heap_033 blacken <script>
heap_010 mark <script>
heap_010 blacken <script>
heap_029 mark counter
heap_029 blacken counter
-- gc end: collected 0 bytes (from 1951 to 1951), next at 3902
heap_037 allocate 48 for 4
stack: <script> <fn makeCounter> 0 <fn count>
0006    9 OP_GET_LOCAL        2
stack: <script> <fn makeCounter> 0 <fn count> <fn count>
0008    | OP_RETURN
stack: <script> <fn count>
0008    | OP_DEFINE_GLOBAL    2 'counter'
stack: <script>
0010   13 OP_GET_GLOBAL       4 'counter'
stack: <script> <fn count>
0012    | OP_CALL             0
stack: <script> <fn count>
0000    6 OP_GET_UPVALUE      0
stack: <script> <fn count> 0
0002    | OP_CONSTANT         0 '1'
stack: <script> <fn count> 0 1
0004    | OP_ADD
stack: <script> <fn count> 1
0005    | OP_SET_UPVALUE      0
stack: <script> <fn count>
0007    | OP_POP
stack: <script>
0008    7 OP_GET_UPVALUE      0
stack: <script> 1
0010    | OP_PRINT
1
stack: <script>
0011    8 OP_NIL
stack: <script> nil
0012    | OP_RETURN
stack: <script> nil
0014    | OP_POP
stack: <script>
0015   14 OP_GET_GLOBAL       5 'counter'
stack: <script> <fn count>
0017    | OP_CALL             0
stack: <script> <fn count>
0000    6 OP_GET_UPVALUE      0
stack: <script> <fn count> 1
0002    | OP_CONSTANT         0 '1'
stack: <script> <fn count> 1 1
0004    | OP_ADD
stack: <script> <fn count> 2
0005    | OP_SET_UPVALUE      0
stack: <script> <fn count>
0007    | OP_POP
stack: <script>
0008    7 OP_GET_UPVALUE      0
stack: <script> 2
0010    | OP_PRINT
2
stack: <script>
0011    8 OP_NIL
stack: <script> nil
0012    | OP_RETURN
stack: <script> nil
0019    | OP_POP
stack: <script>
0020   15 OP_NIL
stack: <script> nil
0021    | OP_RETURN
Executing ... done.

heap_037 free type 4
heap_036 free type 0
heap_034 free type 0
heap_033 free type 0
heap_029 free type 3
heap_020 free type 3
heap_018 free type 1
heap_014 free type 1
heap_012 free type 3
heap_010 free type 1
heap_008 free type 2
heap_007 free type 3
heap_004 free type 2
heap_002 free type 3
