
Disassembling inner ...
0000    6 OP_GET_GLOBAL       0 'x'
0002    | OP_PRINT
0003    7 OP_NIL
0004    | OP_RETURN
Disassembling inner ... done.


Disassembling outer ...
0000    3 OP_CONSTANT         0 'outer'
0002    7 OP_CLOSURE          1 <fn inner>
0004    8 OP_GET_LOCAL        2
0006    | OP_CALL             0
0008    | OP_POP
0009    9 OP_NIL
0010    | OP_RETURN
Disassembling outer ... done.


Disassembling <script> ...
0000    1 OP_CONSTANT         1 'global'
0002    | OP_DEFINE_GLOBAL    0 'x'
0004    9 OP_CLOSURE          3 <fn outer>
0006    | OP_DEFINE_GLOBAL    2 'outer'
0008   11 OP_GET_GLOBAL       4 'outer'
0010    | OP_CALL             0
0012    | OP_POP
0013   15 OP_NIL
0014    | OP_RETURN
Disassembling <script> ... done.


Executing ...
stack: <script>
0000    1 OP_CONSTANT         1 'global'
stack: <script> global
0002    | OP_DEFINE_GLOBAL    0 'x'
stack: <script>
0004    9 OP_CLOSURE          3 <fn outer>

