
Disassembling sayHi ...
0000    2 OP_CONSTANT         0 'Hi, '
0002    | OP_GET_LOCAL        1
0004    | OP_ADD
0005    | OP_CONSTANT         1 ' '
0007    | OP_ADD
0008    | OP_GET_LOCAL        2
0010    | OP_ADD
0011    | OP_CONSTANT         2 '!'
0013    | OP_ADD
0014    | OP_PRINT
0015    3 OP_RETURN
Disassembling sayHi ... done.


Disassembling <script> ...
0000    3 OP_CONSTANT         1 '<fn sayHi>'
0002    | OP_DEFINE_GLOBAL    0 'sayHi'
0004    4 OP_GET_GLOBAL       2 'sayHi'
0006    | OP_CONSTANT         3 'Dear'
0008    | OP_CONSTANT         4 'Reader'
0010    | 
