
Disassembling first ...
0000    2 OP_CONSTANT         0 '1'
0002    3 OP_GET_UPVALUE      0
0004    | OP_CALL             0
0006    | OP_POP
0007    4 OP_CONSTANT         1 '2'
0009    5 OP_GET_UPVALUE      0
0011    | OP_CALL             0
0013    | OP_POP
0014    6 OP_NIL
0015    | OP_RETURN
Disassembling first ... done.


Disassembling second ...
0000    9 OP_CONSTANT         0 '3'
0002   10 OP_CONSTANT         1 '4'
0004   11 OP_NIL
0005    | OP_RETURN
Disassembling second ... done.


Disassembling <script> ...
0000    6 OP_CLOSURE          1 <fn first>
0002    | OP_DEFINE_GLOBAL    0 'first'
0004   11 OP_CLOSURE          3 <fn second>
0006    | OP_DEFINE_GLOBAL    2 'second'
0008   13 OP_GET_GLOBAL       4 'first'
0010    | OP_CALL             0
0012    | OP_POP
0013   14 OP_NIL
0014    | OP_RETURN
Disassembling <script> ... done.


Executing ...
stack: <script>
0000    6 OP_CLOSURE          1 <fn first>
stack: <script> <fn first>
0002    | OP_DEFINE_GLOBAL    0 'first'
stack: <script>
0004   11 OP_CLOSURE          3 <fn second>
stack: <script> <fn second>
0006    | OP_DEFINE_GLOBAL    2 'second'
stack: <script>
0008   13 OP_GET_GLOBAL       4 'first'
stack: <script> <fn first>
0010    | OP_CALL             0
stack: <script> <fn first>
0000    2 OP_CONSTANT         0 '1'
stack: <script> <fn first> 1
0002    3 OP_GET_UPVALUE      0

