
Disassembling code ...
0000    3 OP_CONSTANT         1 'global a'
0002    | OP_DEFINE_GLOBAL    0 'a'
0004    4 OP_CONSTANT         3 'global b'
0006    | OP_DEFINE_GLOBAL    2 'b'
0008    5 OP_CONSTANT         5 'global c'
0010    | OP_DEFINE_GLOBAL    4 'c'
0012    7 OP_CONSTANT         6 'outer a'
0014    8 OP_CONSTANT         7 'outer b'
0016   10 OP_CONSTANT         8 'inner a'
0018   12 OP_GET_LOCAL        2
0020    | OP_PRINT
0021   13 OP_GET_LOCAL        1
0023    | OP_PRINT
0024   14 OP_GET_GLOBAL       9 'c'
0026    | OP_PRINT
0027   15 OP_POP
0028   16 OP_GET_LOCAL        0
0030    | OP_PRINT
0031   17 OP_GET_LOCAL        1
0033    | OP_PRINT
0034   18 OP_GET_GLOBAL      10 'c'
0036    | OP_PRINT
0037   19 OP_POP
0038    | OP_POP
0039   20 OP_GET_GLOBAL      11 'a'
0041    | OP_PRINT
0042   21 OP_GET_GLOBAL      12 'b'
0044    | OP_PRINT
0045   22 OP_GET_GLOBAL      13 'c'
0047    | OP_PRINT
0048   23 OP_RETURN
Disassembling code ... done.


Executing ...
stack: empty.
0000    3 OP_CONSTANT         1 'global a'
stack: global a
0002    | OP_DEFINE_GLOBAL    0 'a'
stack: empty.
0004    4 OP_CONSTANT         3 'global b'
stack: global b
0006    | OP_DEFINE_GLOBAL    2 'b'
stack: empty.
0008    5 OP_CONSTANT         5 'global c'
stack: global c
0010    | OP_DEFINE_GLOBAL    4 'c'
stack: empty.
0012    7 OP_CONSTANT         6 'outer a'
stack: outer a
0014    8 OP_CONSTANT         7 'outer b'
stack: outer a outer b
0016   10 OP_CONSTANT         8 'inner a'
stack: outer a outer b inner a
0018   12 OP_GET_LOCAL        2
stack: outer a outer b inner a inner a
0020    | OP_PRINT
inner a
stack: outer a outer b inner a
0021   13 OP_GET_LOCAL        1
stack: outer a outer b inner a outer b
0023    | OP_PRINT
outer b
stack: outer a outer b inner a
0024   14 OP_GET_GLOBAL       9 'c'
stack: outer a outer b inner a global c
0026    | OP_PRINT
global c
stack: outer a outer b inner a
0027   15 OP_POP
stack: outer a outer b
0028   16 OP_GET_LOCAL        0
stack: outer a outer b outer a
0030    | OP_PRINT
outer a
stack: outer a outer b
0031   17 OP_GET_LOCAL        1
stack: outer a outer b outer b
0033    | OP_PRINT
outer b
stack: outer a outer b
0034   18 OP_GET_GLOBAL      10 'c'
stack: outer a outer b global c
0036    | OP_PRINT
global c
stack: outer a outer b
0037   19 OP_POP
stack: outer a
0038    | OP_POP
stack: empty.
0039   20 OP_GET_GLOBAL      11 'a'
stack: global a
0041    | OP_PRINT
global a
stack: empty.
0042   21 OP_GET_GLOBAL      12 'b'
stack: global b
0044    | OP_PRINT
global b
stack: empty.
0045   22 OP_GET_GLOBAL      13 'c'
stack: global c
0047    | OP_PRINT
global c
stack: empty.
0048   23 OP_RETURN
Executing ... done.

