[line 6] Error at '{': Expect expression.
[line 9] Error at '{': Expect expression.
[line 12] Error at 'if': Expect expression.
[line 12] Error at 'a': Expect expression.
[line 12] Error at 'else': Expect expression.
[line 12] Error at 'a': Expect expression.
[line 13] Error at 'if': Expect expression.
[line 13] Error at 'b': Expect expression.
[line 13] Error at 'else': Expect expression.
[line 13] Error at 'b': Expect expression.
[line 14] Error at 'if': Expect expression.
[line 14] Error at 'c': Expect expression.
[line 14] Error at 'else': Expect expression.
[line 14] Error at 'c': Expect expression.
[line 15] Error at '}': Expect expression.
[line 16] Error at 'if': Expect expression.
[line 16] Error at 'a': Expect expression.
[line 16] Error at 'else': Expect expression.
[line 16] Error at 'a': Expect expression.
[line 17] Error at 'if': Expect expression.
[line 17] Error at 'b': Expect expression.
[line 17] Error at 'else': Expect expression.
[line 17] Error at 'b': Expect expression.
[line 18] Error at 'if': Expect expression.
[line 18] Error at 'c': Expect expression.
[line 18] Error at 'else': Expect expression.
[line 18] Error at 'c': Expect expression.
[line 19] Error at '}': Expect expression.
[line 20] Error at 'if': Expect expression.
[line 20] Error at 'a': Expect expression.
[line 20] Error at 'else': Expect expression.
[line 20] Error at 'a': Expect expression.
[line 21] Error at 'if': Expect expression.
[line 21] Error at 'b': Expect expression.
[line 21] Error at 'else': Expect expression.
[line 21] Error at 'b': Expect expression.
[line 22] Error at 'if': Expect expression.
[line 22] Error at 'c': Expect expression.
[line 22] Error at 'else': Expect expression.
[line 22] Error at 'c': Expect expression.
