-- gc begin
-- gc end
-- gc begin
-- gc end
heap_002 allocate 40 for 3
-- gc begin
-- gc end
-- gc begin
heap_002 mark clock
-- gc end
heap_004 allocate 24 for 2
-- gc begin
heap_002 mark clock
heap_004 mark <native fn>
-- gc end
-- gc begin
heap_002 mark clock
heap_004 mark <native fn>
-- gc end
-- gc begin
heap_002 mark clock
heap_004 mark <native fn>
-- gc end
heap_007 allocate 40 for 3
-- gc begin
heap_007 mark gc
heap_002 mark clock
heap_004 mark <native fn>
-- gc end
heap_008 allocate 24 for 2
-- gc begin
heap_002 mark clock
heap_004 mark <native fn>
heap_007 mark gc
heap_008 mark <native fn>
-- gc end
-- gc begin
heap_002 mark clock
heap_004 mark <native fn>
heap_007 mark gc
heap_008 mark <native fn>
-- gc end
heap_010 allocate 72 for 1
-- gc begin
heap_002 mark clock
heap_004 mark <native fn>
heap_007 mark gc
heap_008 mark <native fn>
heap_010 mark <script>
-- gc end
-- gc begin
heap_002 mark clock
heap_004 mark <native fn>
heap_007 mark gc
heap_008 mark <native fn>
heap_010 mark <script>
-- gc end
-- gc begin
heap_002 mark clock
heap_004 mark <native fn>
heap_007 mark gc
heap_008 mark <native fn>
heap_010 mark <script>
-- gc end
-- gc begin
heap_002 mark clock
heap_004 mark <native fn>
heap_007 mark gc
heap_008 mark <native fn>
heap_010 mark <script>
-- gc end
heap_014 allocate 40 for 3
-- gc begin
heap_002 mark clock
heap_004 mark <native fn>
heap_007 mark gc
heap_008 mark <native fn>
heap_010 mark <script>
-- gc end
-- gc begin
heap_002 mark clock
heap_004 mark <native fn>
heap_007 mark gc
heap_008 mark <native fn>
heap_010 mark <script>
heap_014 mark adjective
-- gc end
-- gc begin
heap_002 mark clock
heap_004 mark <native fn>
heap_007 mark gc
heap_008 mark <native fn>
heap_010 mark <script>
heap_014 mark adjective
-- gc end
heap_017 allocate 40 for 3
-- gc begin
heap_002 mark clock
heap_004 mark <native fn>
heap_007 mark gc
heap_008 mark <native fn>
heap_010 mark <script>
heap_014 mark adjective
heap_017 mark delicious
-- gc end
-- gc begin
heap_002 mark clock
heap_004 mark <native fn>
heap_007 mark gc
heap_008 mark <native fn>
heap_010 mark <script>
heap_014 mark adjective
heap_017 mark delicious
-- gc end
heap_019 allocate 40 for 3
-- gc begin
heap_002 mark clock
heap_004 mark <native fn>
heap_007 mark gc
heap_008 mark <native fn>
heap_010 mark <script>
heap_014 mark adjective
heap_017 mark delicious
heap_019 mark The 
-- gc end
-- gc begin
heap_002 mark clock
heap_004 mark <native fn>
heap_007 mark gc
heap_008 mark <native fn>
heap_010 mark <script>
heap_014 mark adjective
heap_017 mark delicious
heap_019 mark The 
-- gc end
-- gc begin
heap_002 mark clock
heap_004 mark <native fn>
heap_007 mark gc
heap_008 mark <native fn>
heap_010 mark <script>
heap_014 mark adjective
heap_017 mark delicious
heap_019 mark The 
-- gc end
-- gc begin
heap_002 mark clock
heap_004 mark <native fn>
heap_007 mark gc
heap_008 mark <native fn>
heap_010 mark <script>
heap_014 mark adjective
heap_017 mark delicious
heap_019 mark The 
-- gc end
heap_022 allocate 40 for 3
-- gc begin
heap_002 mark clock
heap_004 mark <native fn>
heap_007 mark gc
heap_008 mark <native fn>
heap_010 mark <script>
heap_014 mark adjective
heap_017 mark delicious
heap_019 mark The 
heap_022 mark cake
-- gc end
-- gc begin
heap_002 mark clock
heap_004 mark <native fn>
heap_007 mark gc
heap_008 mark <native fn>
heap_010 mark <script>
heap_014 mark adjective
heap_017 mark delicious
heap_019 mark The 
heap_022 mark cake
-- gc end
heap_024 allocate 40 for 3
-- gc begin
heap_002 mark clock
heap_004 mark <native fn>
heap_007 mark gc
heap_008 mark <native fn>
heap_010 mark <script>
heap_014 mark adjective
heap_017 mark delicious
heap_019 mark The 
heap_022 mark cake
-- gc end
-- gc begin
heap_002 mark clock
heap_004 mark <native fn>
heap_007 mark gc
heap_008 mark <native fn>
heap_010 mark <script>
heap_014 mark adjective
heap_017 mark delicious
heap_019 mark The 
heap_022 mark cake
heap_024 mark Cake
-- gc end
-- gc begin
heap_002 mark clock
heap_004 mark <native fn>
heap_007 mark gc
heap_008 mark <native fn>
heap_010 mark <script>
heap_014 mark adjective
heap_017 mark delicious
heap_019 mark The 
heap_022 mark cake
heap_024 mark Cake
-- gc end
heap_027 allocate 40 for 3
-- gc begin
heap_002 mark clock
heap_004 mark <native fn>
heap_007 mark gc
heap_008 mark <native fn>
heap_010 mark <script>
heap_014 mark adjective
heap_017 mark delicious
heap_019 mark The 
heap_022 mark cake
heap_024 mark Cake
heap_027 mark t
heap_022 mark cake
-- gc end
-- gc begin
heap_002 mark clock
heap_004 mark <native fn>
heap_007 mark gc
heap_008 mark <native fn>
heap_010 mark <script>
heap_014 mark adjective
heap_017 mark delicious
heap_019 mark The 
heap_022 mark cake
heap_024 mark Cake
heap_027 mark t
heap_022 mark cake
-- gc end
-- gc begin
heap_002 mark clock
heap_004 mark <native fn>
heap_007 mark gc
heap_008 mark <native fn>
heap_010 mark <script>
heap_014 mark adjective
heap_017 mark delicious
heap_019 mark The 
heap_022 mark cake
heap_024 mark Cake
heap_027 mark t
heap_022 mark cake
heap_022 mark cake
-- gc end
-- gc begin
heap_002 mark clock
heap_004 mark <native fn>
heap_007 mark gc
heap_008 mark <native fn>
heap_010 mark <script>
heap_014 mark adjective
heap_017 mark delicious
heap_019 mark The 
heap_022 mark cake
heap_024 mark Cake
heap_027 mark t
heap_022 mark cake
heap_022 mark cake
heap_022 mark cake
heap_027 mark t
-- gc end
-- gc begin
heap_002 mark clock
heap_004 mark <native fn>
heap_007 mark gc
heap_008 mark <native fn>
heap_010 mark <script>
heap_014 mark adjective
heap_017 mark delicious
heap_019 mark The 
heap_022 mark cake
heap_024 mark Cake
heap_027 mark t
heap_022 mark cake
heap_022 mark cake
heap_022 mark cake
heap_027 mark t
-- gc end
