
Disassembling closure ...
0000    4 OP_GET_UPVALUE      0
0002    | OP_PRINT
0003    5 OP_NIL
0004    | OP_RETURN
Disassembling closure ... done.


Disassembling makeClosure ...
0000    2 OP_CONSTANT         0 'local'
0002    5 OP_CLOSURE          1 <fn closure>
0004      | local 1
0006    6 OP_GET_LOCAL        2
0008    | OP_RETURN
0009    7 OP_NIL
0010    | OP_RETURN
Disassembling makeClosure ... done.


Disassembling <script> ...
0000    7 OP_CLOSURE          1 <fn makeClosure>
0002    | OP_DEFINE_GLOBAL    0 'makeClosure'
0004    8 OP_GET_GLOBAL       3 'makeClosure'
0006    | OP_CALL             0
0008    | OP_DEFINE_GLOBAL    2 'closure'
0010    9 OP_GET_GLOBAL       4 'closure'
0012    | OP_CALL             0
0014    | OP_POP
0015   13 OP_NIL
0016    | OP_RETURN
Disassembling <script> ... done.


Executing ...
stack: <script>
0000    7 OP_CLOSURE          1 <fn makeClosure>
stack: <script> <fn makeClosure>
0002    | OP_DEFINE_GLOBAL    0 'makeClosure'
stack: <script>
0004    8 OP_GET_GLOBAL       3 'makeClosure'
stack: <script> <fn makeClosure>
0006    | OP_CALL             0
stack: <script> <fn makeClosure>
0000    2 OP_CONSTANT         0 'local'
stack: <script> <fn makeClosure> local
0002    5 OP_CLOSURE          1 <fn closure>
0004      | local 1
stack: <script> <fn makeClosure> local <fn closure>
0006    6 OP_GET_LOCAL        2
stack: <script> <fn makeClosure> local <fn closure> <fn closure>
0008    | OP_RETURN
stack: <script> <fn closure>
0008    | OP_DEFINE_GLOBAL    2 'closure'
stack: <script>
0010    9 OP_GET_GLOBAL       4 'closure'
stack: <script> <fn closure>
0012    | OP_CALL             0
stack: <script> <fn closure>
0000    4 OP_GET_UPVALUE      0
stack: <script> <fn closure> local
0002    | OP_PRINT
local
stack: <script> <fn closure>
0003    5 OP_NIL
stack: <script> <fn closure> nil
0004    | OP_RETURN
stack: <script> nil
0014    | OP_POP
stack: <script>
0015   13 OP_NIL
stack: <script> nil
0016    | OP_RETURN
Executing ... done.

