-- gc begin
-- gc end: collected 0 bytes (from 6 to 6), next at 12
-- gc begin
-- gc end: collected 0 bytes (from 46 to 46), next at 92
heap_002 allocate 40 for 3
-- gc begin
heap_002 mark clock
heap_002 blacken clock
-- gc end: collected 0 bytes (from 238 to 238), next at 476
-- gc begin
heap_002 mark clock
heap_002 blacken clock
-- gc end: collected 0 bytes (from 262 to 262), next at 524
heap_004 allocate 24 for 2
-- gc begin
heap_002 mark clock
heap_004 mark <native fn>
heap_004 blacken <native fn>
heap_002 blacken clock
-- gc end: collected 0 bytes (from 454 to 454), next at 908
-- gc begin
heap_002 mark clock
heap_004 mark <native fn>
heap_004 blacken <native fn>
heap_002 blacken clock
-- gc end: collected 0 bytes (from 457 to 457), next at 914
-- gc begin
heap_002 mark clock
heap_004 mark <native fn>
heap_004 blacken <native fn>
heap_002 blacken clock
-- gc end: collected 0 bytes (from 497 to 497), next at 994
heap_007 allocate 40 for 3
-- gc begin
heap_007 mark gc
heap_002 mark clock
heap_004 mark <native fn>
heap_004 blacken <native fn>
heap_002 blacken clock
heap_007 blacken gc
-- gc end: collected 0 bytes (from 521 to 521), next at 1042
heap_008 allocate 24 for 2
-- gc begin
heap_002 mark clock
heap_004 mark <native fn>
heap_007 mark gc
heap_008 mark <native fn>
heap_008 blacken <native fn>
heap_007 blacken gc
heap_004 blacken <native fn>
heap_002 blacken clock
-- gc end: collected 0 bytes (from 590 to 590), next at 1180
-- gc begin
heap_002 mark clock
heap_004 mark <native fn>
heap_007 mark gc
heap_008 mark <native fn>
heap_008 blacken <native fn>
heap_007 blacken gc
heap_004 blacken <native fn>
heap_002 blacken clock
-- gc end: collected 0 bytes (from 662 to 662), next at 1324
heap_010 allocate 72 for 1
-- gc begin
heap_002 mark clock
heap_004 mark <native fn>
heap_007 mark gc
heap_008 mark <native fn>
heap_008 blacken <native fn>
heap_007 blacken gc
heap_004 blacken <native fn>
heap_002 blacken clock
-- gc end: collected 0 bytes (from 666 to 666), next at 1332
-- gc begin
heap_002 mark clock
heap_004 mark <native fn>
heap_007 mark gc
heap_008 mark <native fn>
heap_010 mark <script>
heap_010 blacken <script>
heap_008 blacken <native fn>
heap_007 blacken gc
heap_004 blacken <native fn>
heap_002 blacken clock
-- gc end: collected 0 bytes (from 706 to 706), next at 1412
heap_012 allocate 40 for 3
-- gc begin
heap_002 mark clock
heap_004 mark <native fn>
heap_007 mark gc
heap_008 mark <native fn>
heap_010 mark <script>
heap_010 blacken <script>
heap_008 blacken <native fn>
heap_007 blacken gc
heap_004 blacken <native fn>
heap_002 blacken clock
-- gc end: collected 0 bytes (from 834 to 834), next at 1668
-- gc begin
heap_002 mark clock
heap_004 mark <native fn>
heap_007 mark gc
heap_008 mark <native fn>
heap_010 mark <script>
heap_010 blacken <script>
heap_012 mark sum
heap_012 blacken sum
heap_008 blacken <native fn>
heap_007 blacken gc
heap_004 blacken <native fn>
heap_002 blacken clock
-- gc end: collected 0 bytes (from 906 to 906), next at 1812
heap_014 allocate 72 for 1
-- gc begin
heap_002 mark clock
heap_004 mark <native fn>
heap_007 mark gc
heap_008 mark <native fn>
heap_010 mark <script>
heap_010 blacken <script>
heap_012 mark sum
heap_012 blacken sum
heap_008 blacken <native fn>
heap_007 blacken gc
heap_004 blacken <native fn>
heap_002 blacken clock
-- gc end: collected 0 bytes (from 914 to 914), next at 1828
-- gc begin
heap_002 mark clock
heap_004 mark <native fn>
heap_007 mark gc
heap_008 mark <native fn>
heap_014 mark <fn sum>
heap_010 mark <script>
heap_010 blacken <script>
heap_012 mark sum
heap_012 blacken sum
heap_014 blacken <fn sum>
heap_008 blacken <native fn>
heap_007 blacken gc
heap_004 blacken <native fn>
heap_002 blacken clock
-- gc end: collected 0 bytes (from 946 to 946), next at 1892
-- gc begin
heap_002 mark clock
heap_004 mark <native fn>
heap_007 mark gc
heap_008 mark <native fn>
heap_014 mark <fn sum>
heap_010 mark <script>
heap_010 blacken <script>
heap_012 mark sum
heap_012 blacken sum
heap_014 blacken <fn sum>
heap_008 blacken <native fn>
heap_007 blacken gc
heap_004 blacken <native fn>
heap_002 blacken clock
-- gc end: collected 0 bytes (from 954 to 954), next at 1908
-- gc begin
heap_002 mark clock
heap_004 mark <native fn>
heap_007 mark gc
heap_008 mark <native fn>
heap_014 mark <fn sum>
heap_010 mark <script>
heap_010 blacken <script>
heap_012 mark sum
heap_012 blacken sum
heap_014 blacken <fn sum>
heap_008 blacken <native fn>
heap_007 blacken gc
heap_004 blacken <native fn>
heap_002 blacken clock
-- gc end: collected 0 bytes (from 986 to 986), next at 1972

Disassembling sum ...
0000    2 OP_GET_LOCAL        1
0002    | OP_GET_LOCAL        2
0004    | OP_ADD
0005    | OP_GET_LOCAL        3
0007    | OP_ADD
0008    | OP_RETURN
0009    3 OP_NIL
0010    | OP_RETURN
Disassembling sum ... done.

-- gc begin
heap_002 mark clock
heap_004 mark <native fn>
heap_007 mark gc
heap_008 mark <native fn>
heap_010 mark <script>
heap_010 blacken <script>
heap_012 mark sum
heap_014 mark <fn sum>
heap_014 blacken <fn sum>
heap_012 blacken sum
heap_008 blacken <native fn>
heap_007 blacken gc
heap_004 blacken <native fn>
heap_002 blacken clock
-- gc end: collected 0 bytes (from 994 to 994), next at 1988
-- gc begin
heap_002 mark clock
heap_004 mark <native fn>
heap_007 mark gc
heap_008 mark <native fn>
heap_010 mark <script>
heap_010 blacken <script>
heap_012 mark sum
heap_014 mark <fn sum>
heap_014 blacken <fn sum>
heap_012 blacken sum
heap_008 blacken <native fn>
heap_007 blacken gc
heap_004 blacken <native fn>
heap_002 blacken clock
-- gc end: collected 0 bytes (from 1026 to 1026), next at 2052
-- gc begin
heap_002 mark clock
heap_004 mark <native fn>
heap_007 mark gc
heap_008 mark <native fn>
heap_010 mark <script>
heap_010 blacken <script>
heap_012 mark sum
heap_014 mark <fn sum>
heap_014 blacken <fn sum>
heap_012 blacken sum
heap_008 blacken <native fn>
heap_007 blacken gc
heap_004 blacken <native fn>
heap_002 blacken clock
-- gc end: collected 0 bytes (from 1034 to 1034), next at 2068
-- gc begin
heap_002 mark clock
heap_004 mark <native fn>
heap_007 mark gc
heap_008 mark <native fn>
heap_010 mark <script>
heap_010 blacken <script>
heap_012 mark sum
heap_014 mark <fn sum>
heap_014 blacken <fn sum>
heap_012 blacken sum
heap_008 blacken <native fn>
heap_007 blacken gc
heap_004 blacken <native fn>
heap_002 blacken clock
-- gc end: collected 0 bytes (from 1066 to 1066), next at 2132
-- gc begin
heap_002 mark clock
heap_004 mark <native fn>
heap_007 mark gc
heap_008 mark <native fn>
heap_010 mark <script>
heap_010 blacken <script>
heap_012 mark sum
heap_014 mark <fn sum>
heap_014 blacken <fn sum>
heap_012 blacken sum
heap_008 blacken <native fn>
heap_007 blacken gc
heap_004 blacken <native fn>
heap_002 blacken clock
-- gc end: collected 0 bytes (from 1082 to 1082), next at 2164
-- gc begin
heap_002 mark clock
heap_004 mark <native fn>
heap_007 mark gc
heap_008 mark <native fn>
heap_010 mark <script>
heap_010 blacken <script>
heap_012 mark sum
heap_014 mark <fn sum>
heap_014 blacken <fn sum>
heap_012 blacken sum
heap_008 blacken <native fn>
heap_007 blacken gc
heap_004 blacken <native fn>
heap_002 blacken clock
-- gc end: collected 0 bytes (from 1146 to 1146), next at 2292

Disassembling <script> ...
0000    3 OP_CLOSURE          1 <fn sum>
0002    | OP_DEFINE_GLOBAL    0 'sum'
0004    5 OP_CONSTANT         2 '4'
0006    | OP_GET_GLOBAL       3 'sum'
0008    | OP_CONSTANT         4 '5'
0010    | OP_CONSTANT         5 '6'
0012    | OP_CONSTANT         6 '7'
0014    | OP_CALL             3
0016    | OP_ADD
0017    | OP_PRINT
0018    6 OP_NIL
0019    | OP_RETURN
Disassembling <script> ... done.

-- gc begin
heap_010 mark <script>
heap_002 mark clock
heap_004 mark <native fn>
heap_007 mark gc
heap_008 mark <native fn>
heap_008 blacken <native fn>
heap_007 blacken gc
heap_004 blacken <native fn>
heap_002 blacken clock
heap_010 blacken <script>
heap_012 mark sum
heap_014 mark <fn sum>
heap_014 blacken <fn sum>
heap_012 blacken sum
-- gc end: collected 0 bytes (from 1186 to 1186), next at 2372
heap_021 allocate 40 for 0

Executing ...
stack: <script>
0000    3 OP_CLOSURE          1 <fn sum>
-- gc begin
heap_002 mark clock
heap_004 mark <native fn>
heap_007 mark gc
heap_008 mark <native fn>
heap_008 blacken <native fn>
heap_007 blacken gc
heap_004 blacken <native fn>
heap_002 blacken clock
-- gc end: collected 0 bytes (from 1226 to 1226), next at 2452
heap_022 allocate 40 for 0
stack: <script> <fn sum>
0002    | OP_DEFINE_GLOBAL    0 'sum'
stack: <script>
0004    5 OP_CONSTANT         2 '4'
stack: <script> 4
0006    | OP_GET_GLOBAL       3 'sum'
stack: <script> 4 <fn sum>
0008    | OP_CONSTANT         4 '5'
stack: <script> 4 <fn sum> 5
0010    | OP_CONSTANT         5 '6'
stack: <script> 4 <fn sum> 5 6
0012    | OP_CONSTANT         6 '7'
stack: <script> 4 <fn sum> 5 6 7
0014    | OP_CALL             3
stack: <script> 4 <fn sum> 5 6 7
0000    2 OP_GET_LOCAL        1
stack: <script> 4 <fn sum> 5 6 7 5
0002    | OP_GET_LOCAL        2
stack: <script> 4 <fn sum> 5 6 7 5 6
0004    | OP_ADD
stack: <script> 4 <fn sum> 5 6 7 11
0005    | OP_GET_LOCAL        3
stack: <script> 4 <fn sum> 5 6 7 11 7
0007    | OP_ADD
stack: <script> 4 <fn sum> 5 6 7 18
0008    | OP_RETURN
stack: <script> 4 18
0016    | OP_ADD
stack: <script> 22
0017    | OP_PRINT
22
stack: <script>
0018    6 OP_NIL
stack: <script> nil
0019    | OP_RETURN
Executing ... done.

heap_022 free type 0
heap_021 free type 0
heap_008 free type 2
heap_007 free type 3
heap_004 free type 2
heap_002 free type 3
heap_014 free type 1
heap_012 free type 3
heap_010 free type 1
