-- gc begin
-- gc end
-- gc begin
-- gc end
heap_002 allocate 40 for 3
-- gc begin
-- gc end
-- gc begin
heap_002 mark clock
heap_002 blacken clock
-- gc end
heap_004 allocate 24 for 2
-- gc begin
heap_002 mark clock
heap_004 mark <native fn>
heap_004 blacken <native fn>
heap_002 blacken clock
-- gc end
-- gc begin
heap_002 mark clock
heap_004 mark <native fn>
heap_004 blacken <native fn>
heap_002 blacken clock
-- gc end
-- gc begin
heap_002 mark clock
heap_004 mark <native fn>
heap_004 blacken <native fn>
heap_002 blacken clock
-- gc end
heap_007 allocate 40 for 3
-- gc begin
heap_007 mark gc
heap_002 mark clock
heap_004 mark <native fn>
heap_004 blacken <native fn>
heap_002 blacken clock
heap_007 blacken gc
-- gc end
heap_008 allocate 24 for 2
-- gc begin
heap_002 mark clock
heap_004 mark <native fn>
heap_007 mark gc
heap_008 mark <native fn>
heap_008 blacken <native fn>
heap_007 blacken gc
heap_004 blacken <native fn>
heap_002 blacken clock
-- gc end
-- gc begin
heap_002 mark clock
heap_004 mark <native fn>
heap_007 mark gc
heap_008 mark <native fn>
heap_008 blacken <native fn>
heap_007 blacken gc
heap_004 blacken <native fn>
heap_002 blacken clock
-- gc end
heap_010 allocate 72 for 1
-- gc begin
heap_002 mark clock
heap_004 mark <native fn>
heap_007 mark gc
heap_008 mark <native fn>
heap_010 mark <script>
heap_010 blacken <script>
heap_008 blacken <native fn>
heap_007 blacken gc
heap_004 blacken <native fn>
heap_002 blacken clock
-- gc end
-- gc begin
heap_002 mark clock
heap_004 mark <native fn>
heap_007 mark gc
heap_008 mark <native fn>
heap_010 mark <script>
heap_010 blacken <script>
heap_008 blacken <native fn>
heap_007 blacken gc
heap_004 blacken <native fn>
heap_002 blacken clock
-- gc end
heap_012 allocate 40 for 3
-- gc begin
heap_002 mark clock
heap_004 mark <native fn>
heap_007 mark gc
heap_008 mark <native fn>
heap_010 mark <script>
heap_010 blacken <script>
heap_008 blacken <native fn>
heap_007 blacken gc
heap_004 blacken <native fn>
heap_002 blacken clock
-- gc end
-- gc begin
heap_002 mark clock
heap_004 mark <native fn>
heap_007 mark gc
heap_008 mark <native fn>
heap_010 mark <script>
heap_010 blacken <script>
heap_012 mark outer
heap_012 blacken outer
heap_008 blacken <native fn>
heap_007 blacken gc
heap_004 blacken <native fn>
heap_002 blacken clock
-- gc end
heap_014 allocate 72 for 1
-- gc begin
heap_002 mark clock
heap_004 mark <native fn>
heap_007 mark gc
heap_008 mark <native fn>
heap_014 mark <fn outer>
heap_010 mark <script>
heap_010 blacken <script>
heap_012 mark outer
heap_012 blacken outer
heap_014 blacken <fn outer>
heap_012 mark outer
heap_012 blacken outer
heap_008 blacken <native fn>
heap_007 blacken gc
heap_004 blacken <native fn>
heap_002 blacken clock
-- gc end
-- gc begin
heap_002 mark clock
heap_004 mark <native fn>
heap_007 mark gc
heap_008 mark <native fn>
heap_014 mark <fn outer>
heap_010 mark <script>
heap_010 blacken <script>
heap_012 mark outer
heap_012 blacken outer
heap_014 blacken <fn outer>
heap_012 mark outer
heap_012 blacken outer
heap_008 blacken <native fn>
heap_007 blacken gc
heap_004 blacken <native fn>
heap_002 blacken clock
-- gc end
heap_016 allocate 40 for 3
-- gc begin
heap_002 mark clock
heap_004 mark <native fn>
heap_007 mark gc
heap_008 mark <native fn>
heap_014 mark <fn outer>
heap_010 mark <script>
heap_010 blacken <script>
heap_012 mark outer
heap_012 blacken outer
heap_014 blacken <fn outer>
heap_012 mark outer
heap_012 blacken outer
heap_008 blacken <native fn>
heap_007 blacken gc
heap_004 blacken <native fn>
heap_002 blacken clock
-- gc end
-- gc begin
heap_002 mark clock
heap_004 mark <native fn>
heap_007 mark gc
heap_008 mark <native fn>
heap_014 mark <fn outer>
heap_010 mark <script>
heap_010 blacken <script>
heap_012 mark outer
heap_012 blacken outer
heap_014 blacken <fn outer>
heap_012 mark outer
heap_016 mark outside
heap_016 blacken outside
heap_012 blacken outer
heap_008 blacken <native fn>
heap_007 blacken gc
heap_004 blacken <native fn>
heap_002 blacken clock
-- gc end
-- gc begin
heap_002 mark clock
heap_004 mark <native fn>
heap_007 mark gc
heap_008 mark <native fn>
heap_014 mark <fn outer>
heap_010 mark <script>
heap_010 blacken <script>
heap_012 mark outer
heap_012 blacken outer
heap_014 blacken <fn outer>
heap_012 mark outer
heap_016 mark outside
heap_016 blacken outside
heap_012 blacken outer
heap_008 blacken <native fn>
heap_007 blacken gc
heap_004 blacken <native fn>
heap_002 blacken clock
-- gc end
-- gc begin
heap_002 mark clock
heap_004 mark <native fn>
heap_007 mark gc
heap_008 mark <native fn>
heap_014 mark <fn outer>
heap_010 mark <script>
heap_010 blacken <script>
heap_012 mark outer
heap_012 blacken outer
heap_014 blacken <fn outer>
heap_012 mark outer
heap_016 mark outside
heap_016 blacken outside
heap_012 blacken outer
heap_008 blacken <native fn>
heap_007 blacken gc
heap_004 blacken <native fn>
heap_002 blacken clock
-- gc end
heap_020 allocate 72 for 1
-- gc begin
heap_002 mark clock
heap_004 mark <native fn>
heap_007 mark gc
heap_008 mark <native fn>
heap_020 mark <script>
heap_014 mark <fn outer>
heap_010 mark <script>
heap_010 blacken <script>
heap_012 mark outer
heap_012 blacken outer
heap_014 blacken <fn outer>
heap_012 mark outer
heap_016 mark outside
heap_016 blacken outside
heap_012 blacken outer
heap_020 blacken <script>
heap_008 blacken <native fn>
heap_007 blacken gc
heap_004 blacken <native fn>
heap_002 blacken clock
-- gc end
-- gc begin
heap_002 mark clock
heap_004 mark <native fn>
heap_007 mark gc
heap_008 mark <native fn>
heap_020 mark <script>
heap_014 mark <fn outer>
heap_010 mark <script>
heap_010 blacken <script>
heap_012 mark outer
heap_012 blacken outer
heap_014 blacken <fn outer>
heap_012 mark outer
heap_016 mark outside
heap_016 blacken outside
heap_012 blacken outer
heap_020 blacken <script>
heap_008 blacken <native fn>
heap_007 blacken gc
heap_004 blacken <native fn>
heap_002 blacken clock
-- gc end
heap_022 allocate 40 for 3
-- gc begin
heap_002 mark clock
heap_004 mark <native fn>
heap_007 mark gc
heap_008 mark <native fn>
heap_020 mark <fn inner>
heap_014 mark <fn outer>
heap_010 mark <script>
heap_010 blacken <script>
heap_012 mark outer
heap_012 blacken outer
heap_014 blacken <fn outer>
heap_012 mark outer
heap_016 mark outside
heap_016 blacken outside
heap_012 blacken outer
heap_020 blacken <fn inner>
heap_022 mark inner
heap_022 blacken inner
heap_008 blacken <native fn>
heap_007 blacken gc
heap_004 blacken <native fn>
heap_002 blacken clock
-- gc end
-- gc begin
heap_002 mark clock
heap_004 mark <native fn>
heap_007 mark gc
heap_008 mark <native fn>
heap_020 mark <fn inner>
heap_014 mark <fn outer>
heap_010 mark <script>
heap_010 blacken <script>
heap_012 mark outer
heap_012 blacken outer
heap_014 blacken <fn outer>
heap_012 mark outer
heap_016 mark outside
heap_016 blacken outside
heap_012 blacken outer
heap_020 blacken <fn inner>
heap_022 mark inner
heap_022 blacken inner
heap_008 blacken <native fn>
heap_007 blacken gc
heap_004 blacken <native fn>
heap_002 blacken clock
-- gc end

Disassembling inner ...
0000    4 OP_GET_UPVALUE      0
0002    | OP_PRINT
0003    5 OP_NIL
0004    | OP_RETURN
Disassembling inner ... done.

-- gc begin
heap_002 mark clock
heap_004 mark <native fn>
heap_007 mark gc
heap_008 mark <native fn>
heap_014 mark <fn outer>
heap_010 mark <script>
heap_010 blacken <script>
heap_012 mark outer
heap_012 blacken outer
heap_014 blacken <fn outer>
heap_012 mark outer
heap_016 mark outside
heap_020 mark <fn inner>
heap_020 blacken <fn inner>
heap_022 mark inner
heap_022 blacken inner
heap_016 blacken outside
heap_012 blacken outer
heap_008 blacken <native fn>
heap_007 blacken gc
heap_004 blacken <native fn>
heap_002 blacken clock
-- gc end
-- gc begin
heap_002 mark clock
heap_004 mark <native fn>
heap_007 mark gc
heap_008 mark <native fn>
heap_014 mark <fn outer>
heap_010 mark <script>
heap_010 blacken <script>
heap_012 mark outer
heap_012 blacken outer
heap_014 blacken <fn outer>
heap_012 mark outer
heap_016 mark outside
heap_020 mark <fn inner>
heap_020 blacken <fn inner>
heap_022 mark inner
heap_022 blacken inner
heap_016 blacken outside
heap_012 blacken outer
heap_008 blacken <native fn>
heap_007 blacken gc
heap_004 blacken <native fn>
heap_002 blacken clock
-- gc end

Disassembling outer ...
0000    2 OP_CONSTANT         0 'outside'
0002    5 OP_CLOSURE          1 <fn inner>
0004      | local 1
0006    7 OP_GET_LOCAL        2
0008    | OP_RETURN
0009    8 OP_NIL
0010    | OP_RETURN
Disassembling outer ... done.

-- gc begin
heap_002 mark clock
heap_004 mark <native fn>
heap_007 mark gc
heap_008 mark <native fn>
heap_010 mark <script>
heap_010 blacken <script>
heap_012 mark outer
heap_014 mark <fn outer>
heap_014 blacken <fn outer>
heap_012 mark outer
heap_016 mark outside
heap_020 mark <fn inner>
heap_020 blacken <fn inner>
heap_022 mark inner
heap_022 blacken inner
heap_016 blacken outside
heap_012 blacken outer
heap_012 blacken outer
heap_008 blacken <native fn>
heap_007 blacken gc
heap_004 blacken <native fn>
heap_002 blacken clock
-- gc end
-- gc begin
heap_002 mark clock
heap_004 mark <native fn>
heap_007 mark gc
heap_008 mark <native fn>
heap_010 mark <script>
heap_010 blacken <script>
heap_012 mark outer
heap_014 mark <fn outer>
heap_014 blacken <fn outer>
heap_012 mark outer
heap_016 mark outside
heap_020 mark <fn inner>
heap_020 blacken <fn inner>
heap_022 mark inner
heap_022 blacken inner
heap_016 blacken outside
heap_012 blacken outer
heap_012 blacken outer
heap_008 blacken <native fn>
heap_007 blacken gc
heap_004 blacken <native fn>
heap_002 blacken clock
-- gc end
-- gc begin
heap_002 mark clock
heap_004 mark <native fn>
heap_007 mark gc
heap_008 mark <native fn>
heap_010 mark <script>
heap_010 blacken <script>
heap_012 mark outer
heap_014 mark <fn outer>
heap_014 blacken <fn outer>
heap_012 mark outer
heap_016 mark outside
heap_020 mark <fn inner>
heap_020 blacken <fn inner>
heap_022 mark inner
heap_022 blacken inner
heap_016 blacken outside
heap_012 blacken outer
heap_012 blacken outer
heap_008 blacken <native fn>
heap_007 blacken gc
heap_004 blacken <native fn>
heap_002 blacken clock
-- gc end
-- gc begin
heap_002 mark clock
heap_004 mark <native fn>
heap_007 mark gc
heap_008 mark <native fn>
heap_010 mark <script>
heap_010 blacken <script>
heap_012 mark outer
heap_014 mark <fn outer>
heap_014 blacken <fn outer>
heap_012 mark outer
heap_016 mark outside
heap_020 mark <fn inner>
heap_020 blacken <fn inner>
heap_022 mark inner
heap_022 blacken inner
heap_016 blacken outside
heap_012 blacken outer
heap_012 blacken outer
heap_008 blacken <native fn>
heap_007 blacken gc
heap_004 blacken <native fn>
heap_002 blacken clock
-- gc end
heap_029 allocate 40 for 3
-- gc begin
heap_002 mark clock
heap_004 mark <native fn>
heap_007 mark gc
heap_008 mark <native fn>
heap_010 mark <script>
heap_010 blacken <script>
heap_012 mark outer
heap_014 mark <fn outer>
heap_029 mark closure
heap_012 mark outer
heap_012 blacken outer
heap_029 blacken closure
heap_014 blacken <fn outer>
heap_012 mark outer
heap_016 mark outside
heap_020 mark <fn inner>
heap_020 blacken <fn inner>
heap_022 mark inner
heap_022 blacken inner
heap_016 blacken outside
heap_012 blacken outer
heap_012 blacken outer
heap_008 blacken <native fn>
heap_007 blacken gc
heap_004 blacken <native fn>
heap_002 blacken clock
-- gc end
-- gc begin
heap_002 mark clock
heap_004 mark <native fn>
heap_007 mark gc
heap_008 mark <native fn>
heap_010 mark <script>
heap_010 blacken <script>
heap_012 mark outer
heap_014 mark <fn outer>
heap_029 mark closure
heap_012 mark outer
heap_012 blacken outer
heap_029 blacken closure
heap_014 blacken <fn outer>
heap_012 mark outer
heap_016 mark outside
heap_020 mark <fn inner>
heap_020 blacken <fn inner>
heap_022 mark inner
heap_022 blacken inner
heap_016 blacken outside
heap_012 blacken outer
heap_012 blacken outer
heap_008 blacken <native fn>
heap_007 blacken gc
heap_004 blacken <native fn>
heap_002 blacken clock
-- gc end
-- gc begin
heap_002 mark clock
heap_004 mark <native fn>
heap_007 mark gc
heap_008 mark <native fn>
heap_010 mark <script>
heap_010 blacken <script>
heap_012 mark outer
heap_014 mark <fn outer>
heap_029 mark closure
heap_012 mark outer
heap_029 mark closure
heap_029 blacken closure
heap_012 blacken outer
heap_029 blacken closure
heap_014 blacken <fn outer>
heap_012 mark outer
heap_016 mark outside
heap_020 mark <fn inner>
heap_020 blacken <fn inner>
heap_022 mark inner
heap_022 blacken inner
heap_016 blacken outside
heap_012 blacken outer
heap_012 blacken outer
heap_008 blacken <native fn>
heap_007 blacken gc
heap_004 blacken <native fn>
heap_002 blacken clock
-- gc end
-- gc begin
heap_002 mark clock
heap_004 mark <native fn>
heap_007 mark gc
heap_008 mark <native fn>
heap_010 mark <script>
heap_010 blacken <script>
heap_012 mark outer
heap_014 mark <fn outer>
heap_029 mark closure
heap_012 mark outer
heap_029 mark closure
heap_029 blacken closure
heap_012 blacken outer
heap_029 blacken closure
heap_014 blacken <fn outer>
heap_012 mark outer
heap_016 mark outside
heap_020 mark <fn inner>
heap_020 blacken <fn inner>
heap_022 mark inner
heap_022 blacken inner
heap_016 blacken outside
heap_012 blacken outer
heap_012 blacken outer
heap_008 blacken <native fn>
heap_007 blacken gc
heap_004 blacken <native fn>
heap_002 blacken clock
-- gc end

Disassembling <script> ...
0000    8 OP_CLOSURE          1 <fn outer>
0002    | OP_DEFINE_GLOBAL    0 'outer'
0004   10 OP_GET_GLOBAL       3 'outer'
0006    | OP_CALL             0
0008    | OP_DEFINE_GLOBAL    2 'closure'
0010   11 OP_GET_GLOBAL       4 'closure'
0012    | OP_CALL             0
0014    | OP_POP
0015   16 OP_NIL
0016    | OP_RETURN
Disassembling <script> ... done.

-- gc begin
heap_010 mark <script>
heap_002 mark clock
heap_004 mark <native fn>
heap_007 mark gc
heap_008 mark <native fn>
heap_008 blacken <native fn>
heap_007 blacken gc
heap_004 blacken <native fn>
heap_002 blacken clock
heap_010 blacken <script>
heap_012 mark outer
heap_014 mark <fn outer>
heap_029 mark closure
heap_012 mark outer
heap_029 mark closure
heap_029 blacken closure
heap_012 blacken outer
heap_029 blacken closure
heap_014 blacken <fn outer>
heap_012 mark outer
heap_016 mark outside
heap_020 mark <fn inner>
heap_020 blacken <fn inner>
heap_022 mark inner
heap_022 blacken inner
heap_016 blacken outside
heap_012 blacken outer
heap_012 blacken outer
-- gc end
heap_033 allocate 40 for 0

Executing ...
stack: <script>
0000    8 OP_CLOSURE          1 <fn outer>
-- gc begin
heap_033 mark <script>
heap_033 mark <script>
heap_002 mark clock
heap_004 mark <native fn>
heap_007 mark gc
heap_008 mark <native fn>
heap_008 blacken <native fn>
heap_007 blacken gc
heap_004 blacken <native fn>
heap_002 blacken clock
heap_033 blacken <script>
heap_010 mark <script>
heap_010 blacken <script>
heap_012 mark outer
heap_014 mark <fn outer>
heap_029 mark closure
heap_012 mark outer
heap_029 mark closure
heap_029 blacken closure
heap_012 blacken outer
heap_029 blacken closure
heap_014 blacken <fn outer>
heap_012 mark outer
heap_016 mark outside
heap_020 mark <fn inner>
heap_020 blacken <fn inner>
heap_022 mark inner
heap_022 blacken inner
heap_016 blacken outside
heap_012 blacken outer
heap_012 blacken outer
heap_033 blacken <script>
heap_010 mark <script>
heap_010 blacken <script>
heap_012 mark outer
heap_014 mark <fn outer>
heap_029 mark closure
heap_012 mark outer
heap_029 mark closure
heap_029 blacken closure
heap_012 blacken outer
heap_029 blacken closure
heap_014 blacken <fn outer>
heap_012 mark outer
heap_016 mark outside
heap_020 mark <fn inner>
heap_020 blacken <fn inner>
heap_022 mark inner
heap_022 blacken inner
heap_016 blacken outside
heap_012 blacken outer
heap_012 blacken outer
-- gc end
heap_034 allocate 40 for 0
stack: <script> <fn outer>
0002    | OP_DEFINE_GLOBAL    0 'outer'
stack: <script>
0004   10 OP_GET_GLOBAL       3 'outer'
stack: <script> <fn outer>
0006    | OP_CALL             0
stack: <script> <fn outer>
0000    2 OP_CONSTANT         0 'outside'
stack: <script> <fn outer> outside
0002    5 OP_CLOSURE          1 <fn inner>
0004      | local 1
-- gc begin
heap_033 mark <script>
heap_034 mark <fn outer>
heap_016 mark outside
heap_033 mark <script>
heap_034 mark <fn outer>
heap_012 mark outer
heap_034 mark <fn outer>
heap_002 mark clock
heap_004 mark <native fn>
heap_007 mark gc
heap_008 mark <native fn>
heap_008 blacken <native fn>
heap_007 blacken gc
heap_004 blacken <native fn>
heap_002 blacken clock
heap_034 blacken <fn outer>
heap_014 mark <fn outer>
heap_014 blacken <fn outer>
heap_012 mark outer
heap_016 mark outside
heap_020 mark <fn inner>
heap_020 blacken <fn inner>
heap_022 mark inner
heap_022 blacken inner
heap_016 blacken outside
heap_012 blacken outer
heap_012 blacken outer
heap_034 blacken <fn outer>
heap_014 mark <fn outer>
heap_014 blacken <fn outer>
heap_012 mark outer
heap_016 mark outside
heap_020 mark <fn inner>
heap_020 blacken <fn inner>
heap_022 mark inner
heap_022 blacken inner
heap_016 blacken outside
heap_012 blacken outer
heap_033 blacken <script>
heap_010 mark <script>
heap_010 blacken <script>
heap_012 mark outer
heap_014 mark <fn outer>
heap_029 mark closure
heap_012 mark outer
heap_029 mark closure
heap_029 blacken closure
heap_012 blacken outer
heap_029 blacken closure
heap_014 blacken <fn outer>
heap_012 mark outer
heap_016 mark outside
heap_020 mark <fn inner>
heap_020 blacken <fn inner>
heap_022 mark inner
heap_022 blacken inner
heap_016 blacken outside
heap_012 blacken outer
heap_012 blacken outer
heap_016 blacken outside
heap_034 blacken <fn outer>
heap_014 mark <fn outer>
heap_014 blacken <fn outer>
heap_012 mark outer
heap_016 mark outside
heap_020 mark <fn inner>
heap_020 blacken <fn inner>
heap_022 mark inner
heap_022 blacken inner
heap_016 blacken outside
heap_012 blacken outer
heap_033 blacken <script>
heap_010 mark <script>
heap_010 blacken <script>
heap_012 mark outer
heap_014 mark <fn outer>
heap_029 mark closure
heap_012 mark outer
heap_029 mark closure
heap_029 blacken closure
heap_012 blacken outer
heap_029 blacken closure
heap_014 blacken <fn outer>
heap_012 mark outer
heap_016 mark outside
heap_020 mark <fn inner>
heap_020 blacken <fn inner>
heap_022 mark inner
heap_022 blacken inner
heap_016 blacken outside
heap_012 blacken outer
heap_012 blacken outer
-- gc end
-- gc begin
heap_033 mark <script>
heap_034 mark <fn outer>
heap_016 mark outside
heap_033 mark <script>
heap_034 mark <fn outer>
heap_012 mark outer
heap_034 mark <fn outer>
heap_002 mark clock
heap_004 mark <native fn>
heap_007 mark gc
heap_008 mark <native fn>
heap_008 blacken <native fn>
heap_007 blacken gc
heap_004 blacken <native fn>
heap_002 blacken clock
heap_034 blacken <fn outer>
heap_014 mark <fn outer>
heap_014 blacken <fn outer>
heap_012 mark outer
heap_016 mark outside
heap_020 mark <fn inner>
heap_020 blacken <fn inner>
heap_022 mark inner
heap_022 blacken inner
heap_016 blacken outside
heap_012 blacken outer
heap_012 blacken outer
heap_034 blacken <fn outer>
heap_014 mark <fn outer>
heap_014 blacken <fn outer>
heap_012 mark outer
heap_016 mark outside
heap_020 mark <fn inner>
heap_020 blacken <fn inner>
heap_022 mark inner
heap_022 blacken inner
heap_016 blacken outside
heap_012 blacken outer
heap_033 blacken <script>
heap_010 mark <script>
heap_010 blacken <script>
heap_012 mark outer
heap_014 mark <fn outer>
heap_029 mark closure
heap_012 mark outer
heap_029 mark closure
heap_029 blacken closure
heap_012 blacken outer
heap_029 blacken closure
heap_014 blacken <fn outer>
heap_012 mark outer
heap_016 mark outside
heap_020 mark <fn inner>
heap_020 blacken <fn inner>
heap_022 mark inner
heap_022 blacken inner
heap_016 blacken outside
heap_012 blacken outer
heap_012 blacken outer
heap_016 blacken outside
heap_034 blacken <fn outer>
heap_014 mark <fn outer>
heap_014 blacken <fn outer>
heap_012 mark outer
heap_016 mark outside
heap_020 mark <fn inner>
heap_020 blacken <fn inner>
heap_022 mark inner
heap_022 blacken inner
heap_016 blacken outside
heap_012 blacken outer
heap_033 blacken <script>
heap_010 mark <script>
heap_010 blacken <script>
heap_012 mark outer
heap_014 mark <fn outer>
heap_029 mark closure
heap_012 mark outer
heap_029 mark closure
heap_029 blacken closure
heap_012 blacken outer
heap_029 blacken closure
heap_014 blacken <fn outer>
heap_012 mark outer
heap_016 mark outside
heap_020 mark <fn inner>
heap_020 blacken <fn inner>
heap_022 mark inner
heap_022 blacken inner
heap_016 blacken outside
heap_012 blacken outer
heap_012 blacken outer
-- gc end
heap_036 allocate 40 for 0
-- gc begin
heap_033 mark <script>
heap_034 mark <fn outer>
heap_016 mark outside
heap_036 mark <fn inner>
heap_033 mark <script>
heap_034 mark <fn outer>
heap_012 mark outer
heap_034 mark <fn outer>
heap_002 mark clock
heap_004 mark <native fn>
heap_007 mark gc
heap_008 mark <native fn>
heap_008 blacken <native fn>
heap_007 blacken gc
heap_004 blacken <native fn>
heap_002 blacken clock
heap_034 blacken <fn outer>
heap_014 mark <fn outer>
heap_014 blacken <fn outer>
heap_012 mark outer
heap_016 mark outside
heap_020 mark <fn inner>
heap_020 blacken <fn inner>
heap_022 mark inner
heap_022 blacken inner
heap_016 blacken outside
heap_012 blacken outer
heap_012 blacken outer
heap_034 blacken <fn outer>
heap_014 mark <fn outer>
heap_014 blacken <fn outer>
heap_012 mark outer
heap_016 mark outside
heap_020 mark <fn inner>
heap_020 blacken <fn inner>
heap_022 mark inner
heap_022 blacken inner
heap_016 blacken outside
heap_012 blacken outer
heap_033 blacken <script>
heap_010 mark <script>
heap_010 blacken <script>
heap_012 mark outer
heap_014 mark <fn outer>
heap_029 mark closure
heap_012 mark outer
heap_029 mark closure
heap_029 blacken closure
heap_012 blacken outer
heap_029 blacken closure
heap_014 blacken <fn outer>
heap_012 mark outer
heap_016 mark outside
heap_020 mark <fn inner>
heap_020 blacken <fn inner>
heap_022 mark inner
heap_022 blacken inner
heap_016 blacken outside
heap_012 blacken outer
heap_012 blacken outer
heap_036 blacken <fn inner>
heap_020 mark <fn inner>
heap_020 blacken <fn inner>
heap_022 mark inner
heap_022 blacken inner
heap_016 blacken outside
heap_034 blacken <fn outer>
heap_014 mark <fn outer>
heap_014 blacken <fn outer>
heap_012 mark outer
heap_016 mark outside
heap_020 mark <fn inner>
heap_020 blacken <fn inner>
heap_022 mark inner
heap_022 blacken inner
heap_016 blacken outside
heap_012 blacken outer
heap_033 blacken <script>
heap_010 mark <script>
heap_010 blacken <script>
heap_012 mark outer
heap_014 mark <fn outer>
heap_029 mark closure
heap_012 mark outer
heap_029 mark closure
heap_029 blacken closure
heap_012 blacken outer
heap_029 blacken closure
heap_014 blacken <fn outer>
heap_012 mark outer
heap_016 mark outside
heap_020 mark <fn inner>
heap_020 blacken <fn inner>
heap_022 mark inner
heap_022 blacken inner
heap_016 blacken outside
heap_012 blacken outer
heap_012 blacken outer
-- gc end
heap_037 allocate 48 for 4
stack: <script> <fn outer> outside <fn inner>
0006    7 OP_GET_LOCAL        2
stack: <script> <fn outer> outside <fn inner> <fn inner>
0008    | OP_RETURN
stack: <script> <fn inner>
0008    | OP_DEFINE_GLOBAL    2 'closure'
stack: <script>
0010   11 OP_GET_GLOBAL       4 'closure'
stack: <script> <fn inner>
0012    | OP_CALL             0
stack: <script> <fn inner>
0000    4 OP_GET_UPVALUE      0
stack: <script> <fn inner> outside
0002    | OP_PRINT
outside
stack: <script> <fn inner>
0003    5 OP_NIL
stack: <script> <fn inner> nil
0004    | OP_RETURN
stack: <script> nil
0014    | OP_POP
stack: <script>
0015   16 OP_NIL
stack: <script> nil
0016    | OP_RETURN
Executing ... done.

heap_037 free type 4
heap_036 free type 0
heap_034 free type 0
heap_033 free type 0
heap_029 free type 3
heap_022 free type 3
heap_020 free type 1
heap_016 free type 3
heap_014 free type 1
heap_012 free type 3
heap_010 free type 1
heap_008 free type 2
heap_007 free type 3
heap_004 free type 2
heap_002 free type 3
