
Disassembling code ...
0000    1 OP_CONSTANT         1 '10'
0002    | OP_DEFINE_GLOBAL    0 'i'
0004    2 OP_GET_GLOBAL       2 'i'
0006    | OP_CONSTANT         3 '0'
0008    | OP_GREATER
0009    | OP_JUMP_IF_FALSE    9 -> 27
0012    | OP_POP
0013    3 OP_GET_GLOBAL       4 'i'
0015    | OP_PRINT
0016    4 OP_GET_GLOBAL       6 'i'
0018    | OP_CONSTANT         7 '1'
0020    | OP_SUBTRACT
0021    | OP_SET_GLOBAL       5 'i'
0023    | OP_POP
0024    5 OP_LOOP            24 -> 4
0027    | OP_POP
0028    7 OP_GET_GLOBAL       8 'i'
0030    | OP_CONSTANT         9 '0'
0032    | OP_EQUAL
0033    | OP_JUMP_IF_FALSE   33 -> 46
0036    | OP_POP
0037    8 OP_CONSTANT        10 'PASS: i = '
0039    | OP_GET_GLOBAL      11 'i'
0041    | OP_ADD
0042    | OP_PRINT
0043    9 OP_JUMP            43 -> 53
0046    | OP_POP
0047   10 OP_CONSTANT        12 'FAIL: i = '
0049    | OP_GET_GLOBAL      13 'i'
0051    | OP_ADD
0052    | OP_PRINT
0053   12 OP_RETURN
Disassembling code ... done.


Executing ...
stack: empty.
0000    1 OP_CONSTANT         1 '10'
stack: 10
0002    | OP_DEFINE_GLOBAL    0 'i'
stack: empty.
0004    2 OP_GET_GLOBAL       2 'i'
stack: 10
0006    | OP_CONSTANT         3 '0'
stack: 10 0
0008    | OP_GREATER
stack: true
0009    | OP_JUMP_IF_FALSE    9 -> 27
stack: true
0012    | OP_POP
stack: empty.
0013    3 OP_GET_GLOBAL       4 'i'
stack: 10
0015    | OP_PRINT
10
stack: empty.
0016    4 OP_GET_GLOBAL       6 'i'
stack: 10
0018    | OP_CONSTANT         7 '1'
stack: 10 1
0020    | OP_SUBTRACT
stack: 9
0021    | OP_SET_GLOBAL       5 'i'
stack: 9
0023    | OP_POP
stack: empty.
0024    5 OP_LOOP            24 -> 4
stack: empty.
0004    2 OP_GET_GLOBAL       2 'i'
stack: 9
0006    | OP_CONSTANT         3 '0'
stack: 9 0
0008    | OP_GREATER
stack: true
0009    | OP_JUMP_IF_FALSE    9 -> 27
stack: true
0012    | OP_POP
stack: empty.
0013    3 OP_GET_GLOBAL       4 'i'
stack: 9
0015    | OP_PRINT
9
stack: empty.
0016    4 OP_GET_GLOBAL       6 'i'
stack: 9
0018    | OP_CONSTANT         7 '1'
stack: 9 1
0020    | OP_SUBTRACT
stack: 8
0021    | OP_SET_GLOBAL       5 'i'
stack: 8
0023    | OP_POP
stack: empty.
0024    5 OP_LOOP            24 -> 4
stack: empty.
0004    2 OP_GET_GLOBAL       2 'i'
stack: 8
0006    | OP_CONSTANT         3 '0'
stack: 8 0
0008    | OP_GREATER
stack: true
0009    | OP_JUMP_IF_FALSE    9 -> 27
stack: true
0012    | OP_POP
stack: empty.
0013    3 OP_GET_GLOBAL       4 'i'
stack: 8
0015    | OP_PRINT
8
stack: empty.
0016    4 OP_GET_GLOBAL       6 'i'
stack: 8
0018    | OP_CONSTANT         7 '1'
stack: 8 1
0020    | OP_SUBTRACT
stack: 7
0021    | OP_SET_GLOBAL       5 'i'
stack: 7
0023    | OP_POP
stack: empty.
0024    5 OP_LOOP            24 -> 4
stack: empty.
0004    2 OP_GET_GLOBAL       2 'i'
stack: 7
0006    | OP_CONSTANT         3 '0'
stack: 7 0
0008    | OP_GREATER
stack: true
0009    | OP_JUMP_IF_FALSE    9 -> 27
stack: true
0012    | OP_POP
stack: empty.
0013    3 OP_GET_GLOBAL       4 'i'
stack: 7
0015    | OP_PRINT
7
stack: empty.
0016    4 OP_GET_GLOBAL       6 'i'
stack: 7
0018    | OP_CONSTANT         7 '1'
stack: 7 1
0020    | OP_SUBTRACT
stack: 6
0021    | OP_SET_GLOBAL       5 'i'
stack: 6
0023    | OP_POP
stack: empty.
0024    5 OP_LOOP            24 -> 4
stack: empty.
0004    2 OP_GET_GLOBAL       2 'i'
stack: 6
0006    | OP_CONSTANT         3 '0'
stack: 6 0
0008    | OP_GREATER
stack: true
0009    | OP_JUMP_IF_FALSE    9 -> 27
stack: true
0012    | OP_POP
stack: empty.
0013    3 OP_GET_GLOBAL       4 'i'
stack: 6
0015    | OP_PRINT
6
stack: empty.
0016    4 OP_GET_GLOBAL       6 'i'
stack: 6
0018    | OP_CONSTANT         7 '1'
stack: 6 1
0020    | OP_SUBTRACT
stack: 5
0021    | OP_SET_GLOBAL       5 'i'
stack: 5
0023    | OP_POP
stack: empty.
0024    5 OP_LOOP            24 -> 4
stack: empty.
0004    2 OP_GET_GLOBAL       2 'i'
stack: 5
0006    | OP_CONSTANT         3 '0'
stack: 5 0
0008    | OP_GREATER
stack: true
0009    | OP_JUMP_IF_FALSE    9 -> 27
stack: true
0012    | OP_POP
stack: empty.
0013    3 OP_GET_GLOBAL       4 'i'
stack: 5
0015    | OP_PRINT
5
stack: empty.
0016    4 OP_GET_GLOBAL       6 'i'
stack: 5
0018    | OP_CONSTANT         7 '1'
stack: 5 1
0020    | OP_SUBTRACT
stack: 4
0021    | OP_SET_GLOBAL       5 'i'
stack: 4
0023    | OP_POP
stack: empty.
0024    5 OP_LOOP            24 -> 4
stack: empty.
0004    2 OP_GET_GLOBAL       2 'i'
stack: 4
0006    | OP_CONSTANT         3 '0'
stack: 4 0
0008    | OP_GREATER
stack: true
0009    | OP_JUMP_IF_FALSE    9 -> 27
stack: true
0012    | OP_POP
stack: empty.
0013    3 OP_GET_GLOBAL       4 'i'
stack: 4
0015    | OP_PRINT
4
stack: empty.
0016    4 OP_GET_GLOBAL       6 'i'
stack: 4
0018    | OP_CONSTANT         7 '1'
stack: 4 1
0020    | OP_SUBTRACT
stack: 3
0021    | OP_SET_GLOBAL       5 'i'
stack: 3
0023    | OP_POP
stack: empty.
0024    5 OP_LOOP            24 -> 4
stack: empty.
0004    2 OP_GET_GLOBAL       2 'i'
stack: 3
0006    | OP_CONSTANT         3 '0'
stack: 3 0
0008    | OP_GREATER
stack: true
0009    | OP_JUMP_IF_FALSE    9 -> 27
stack: true
0012    | OP_POP
stack: empty.
0013    3 OP_GET_GLOBAL       4 'i'
stack: 3
0015    | OP_PRINT
3
stack: empty.
0016    4 OP_GET_GLOBAL       6 'i'
stack: 3
0018    | OP_CONSTANT         7 '1'
stack: 3 1
0020    | OP_SUBTRACT
stack: 2
0021    | OP_SET_GLOBAL       5 'i'
stack: 2
0023    | OP_POP
stack: empty.
0024    5 OP_LOOP            24 -> 4
stack: empty.
0004    2 OP_GET_GLOBAL       2 'i'
stack: 2
0006    | OP_CONSTANT         3 '0'
stack: 2 0
0008    | OP_GREATER
stack: true
0009    | OP_JUMP_IF_FALSE    9 -> 27
stack: true
0012    | OP_POP
stack: empty.
0013    3 OP_GET_GLOBAL       4 'i'
stack: 2
0015    | OP_PRINT
2
stack: empty.
0016    4 OP_GET_GLOBAL       6 'i'
stack: 2
0018    | OP_CONSTANT         7 '1'
stack: 2 1
0020    | OP_SUBTRACT
stack: 1
0021    | OP_SET_GLOBAL       5 'i'
stack: 1
0023    | OP_POP
stack: empty.
0024    5 OP_LOOP            24 -> 4
stack: empty.
0004    2 OP_GET_GLOBAL       2 'i'
stack: 1
0006    | OP_CONSTANT         3 '0'
stack: 1 0
0008    | OP_GREATER
stack: true
0009    | OP_JUMP_IF_FALSE    9 -> 27
stack: true
0012    | OP_POP
stack: empty.
0013    3 OP_GET_GLOBAL       4 'i'
stack: 1
0015    | OP_PRINT
1
stack: empty.
0016    4 OP_GET_GLOBAL       6 'i'
stack: 1
0018    | OP_CONSTANT         7 '1'
stack: 1 1
0020    | OP_SUBTRACT
stack: 0
0021    | OP_SET_GLOBAL       5 'i'
stack: 0
0023    | OP_POP
stack: empty.
0024    5 OP_LOOP            24 -> 4
stack: empty.
0004    2 OP_GET_GLOBAL       2 'i'
stack: 0
0006    | OP_CONSTANT         3 '0'
stack: 0 0
0008    | OP_GREATER
stack: false
0009    | OP_JUMP_IF_FALSE    9 -> 27
stack: false
0027    | OP_POP
stack: empty.
0028    7 OP_GET_GLOBAL       8 'i'
stack: 0
0030    | OP_CONSTANT         9 '0'
stack: 0 0
0032    | OP_EQUAL
stack: true
0033    | OP_JUMP_IF_FALSE   33 -> 46
stack: true
0036    | OP_POP
stack: empty.
0037    8 OP_CONSTANT        10 'PASS: i = '
stack: PASS: i = 
0039    | OP_GET_GLOBAL      11 'i'
stack: PASS: i =  0
0041    | OP_ADD
stack: empty.
0042    | OP_PRINT

