
Disassembling <script> ...
0000    1 OP_CLASS            0 'Bagel'
0002    | OP_DEFINE_GLOBAL    0 'Bagel'
0004    2 OP_GET_GLOBAL       2 'Bagel'
0006    | OP_CALL             0
0008    | OP_DEFINE_GLOBAL    1 'bagel'
0010    3 OP_GET_GLOBAL       3 'bagel'
0012    | OP_PRINT
0013    4 OP_NIL
0014    | OP_RETURN
Disassembling <script> ... done.


Executing ...
stack: <script>
0000    1 OP_CLASS            0 'Bagel'
stack: <script> <class Bagel>
0002    | OP_DEFINE_GLOBAL    0 'Bagel'
stack: <script>
0004    2 OP_GET_GLOBAL       2 'Bagel'
stack: <script> <class Bagel>
0006    | OP_CALL             0

