
Disassembling inner ...
0000    4 OP_GET_UPVALUE      0
0002    | OP_PRINT
0003    5 OP_NIL
0004    | OP_RETURN
Disassembling inner ... done.


Disassembling outer ...
0000    2 OP_CONSTANT         0 'outside'
0002    5 OP_CLOSURE          1 <fn inner>
0004      | local 1
0006    6 OP_GET_LOCAL        2
0008    | OP_CALL             0
0010    | OP_POP
0011    7 OP_NIL
0012    | OP_RETURN
Disassembling outer ... done.


Disassembling <script> ...
0000    7 OP_CLOSURE          1 <fn outer>
0002    | OP_DEFINE_GLOBAL    0 'outer'
0004    8 OP_GET_GLOBAL       2 'outer'
0006    | OP_CALL             0
0008    | OP_POP
0009   11 OP_NIL
0010    | OP_RETURN
Disassembling <script> ... done.


Executing ...
stack: <script>
0000    7 OP_CLOSURE          1 <fn outer>
stack: <script> <fn outer>
0002    | OP_DEFINE_GLOBAL    0 'outer'
stack: <script>
0004    8 OP_GET_GLOBAL       2 'outer'
stack: <script> <fn outer>
0006    | OP_CALL             0
stack: <script> <fn outer>
0000    2 OP_CONSTANT         0 'outside'
stack: <script> <fn outer> outside
0002    5 OP_CLOSURE          1 <fn inner>
0004      | local 1
stack: <script> <fn outer> outside <fn inner>
0006    6 OP_GET_LOCAL        2
stack: <script> <fn outer> outside <fn inner> <fn inner>
0008    | OP_CALL             0
stack: <script> <fn outer> outside <fn inner> <fn inner>
0000    4 OP_GET_UPVALUE      0
stack: <script> <fn outer> outside <fn inner> <fn inner> outside
0002    | OP_PRINT
outside
stack: <script> <fn outer> outside <fn inner> <fn inner>
0003    5 OP_NIL
stack: <script> <fn outer> outside <fn inner> <fn inner> nil
0004    | OP_RETURN
stack: <script> <fn outer> outside <fn inner> nil
0010    | OP_POP
stack: <script> <fn outer> outside <fn inner>
0011    7 OP_NIL
stack: <script> <fn outer> outside <fn inner> nil
0012    | OP_RETURN
stack: <script> nil
0008    | OP_POP
stack: <script>
0009   11 OP_NIL
stack: <script> nil
0010    | OP_RETURN
Executing ... done.

