
Disassembling init ...
0000    3 OP_GET_LOCAL        0
0002    | OP_GET_LOCAL        1
0004    | OP_SET_PROPERTY     0 'coffee'
0006    | OP_POP
0007    4 OP_GET_LOCAL        0
0009    | OP_RETURN
Disassembling init ... done.


Disassembling brew ...
0000    7 OP_CONSTANT         0 'Enjoy your cup of '
0002    | OP_GET_LOCAL        0
0004    | OP_GET_PROPERTY     1 'coffee'
0006    | OP_ADD
0007    | OP_PRINT
0008   10 OP_GET_LOCAL        0
0010    | OP_NIL
0011    | OP_SET_PROPERTY     2 'coffee'
0013    | OP_POP
0014   11 OP_NIL
0015    | OP_RETURN
Disassembling brew ... done.


Disassembling <script> ...
0000    1 OP_CLASS            0 'CoffeeMaker'
0002    | OP_DEFINE_GLOBAL    0 'CoffeeMaker'
0004    | OP_GET_GLOBAL       1 'CoffeeMaker'
0006    4 OP_CLOSURE          3 <fn init>
0008    | OP_METHOD           2 'init'
0010   11 OP_CLOSURE          5 <fn brew>
0012    | OP_METHOD           4 'brew'
0014   12 OP_POP
0015   14 OP_GET_GLOBAL       7 'CoffeeMaker'
0017    | OP_CONSTANT         8 'coffee and chicory'
0019    | OP_CALL             1
0021    | OP_DEFINE_GLOBAL    6 'maker'
0023   15 OP_GET_GLOBAL       9 'maker'
0025    | OP_INVOKE        (0 args)   10 'brew'
0028    | OP_POP
0029   16 OP_NIL
0030    | OP_RETURN
Disassembling <script> ... done.


Executing ...
stack: <script>
0000    1 OP_CLASS            0 'CoffeeMaker'
stack: <script> <class CoffeeMaker>
0002    | OP_DEFINE_GLOBAL    0 'CoffeeMaker'
stack: <script>
0004    | OP_GET_GLOBAL       1 'CoffeeMaker'
stack: <script> <class CoffeeMaker>
0006    4 OP_CLOSURE          3 <fn init>
stack: <script> <class CoffeeMaker> <fn init>
0008    | OP_METHOD           2 'init'
stack: <script> <class CoffeeMaker>
0010   11 OP_CLOSURE          5 <fn brew>
stack: <script> <class CoffeeMaker> <fn brew>
0012    | OP_METHOD           4 'brew'
stack: <script> <class CoffeeMaker>
0014   12 OP_POP
stack: <script>
0015   14 OP_GET_GLOBAL       7 'CoffeeMaker'
stack: <script> <class CoffeeMaker>
0017    | OP_CONSTANT         8 'coffee and chicory'
stack: <script> <class CoffeeMaker> coffee and chicory
0019    | OP_CALL             1
stack: <script> CoffeeMaker instance coffee and chicory
0000    3 OP_GET_LOCAL        0
stack: <script> CoffeeMaker instance coffee and chicory CoffeeMaker instance
0002    | OP_GET_LOCAL        1
stack: <script> CoffeeMaker instance coffee and chicory CoffeeMaker instance coffee and chicory
0004    | OP_SET_PROPERTY     0 'coffee'
stack: <script> CoffeeMaker instance coffee and chicory coffee and chicory
0006    | OP_POP
stack: <script> CoffeeMaker instance coffee and chicory
0007    4 OP_GET_LOCAL        0
stack: <script> CoffeeMaker instance coffee and chicory CoffeeMaker instance
0009    | OP_RETURN
stack: <script> CoffeeMaker instance
0021    | OP_DEFINE_GLOBAL    6 'maker'
stack: <script>
0023   15 OP_GET_GLOBAL       9 'maker'
stack: <script> CoffeeMaker instance
0025    | OP_INVOKE        (0 args)   10 'brew'
stack: <script> CoffeeMaker instance
0000    7 OP_CONSTANT         0 'Enjoy your cup of '
stack: <script> CoffeeMaker instance Enjoy your cup of 
0002    | OP_GET_LOCAL        0
stack: <script> CoffeeMaker instance Enjoy your cup of  CoffeeMaker instance
0004    | OP_GET_PROPERTY     1 'coffee'
stack: <script> CoffeeMaker instance Enjoy your cup of  coffee and chicory
0006    | OP_ADD
stack: <script> CoffeeMaker instance Enjoy your cup of coffee and chicory
0007    | OP_PRINT
Enjoy your cup of coffee and chicory
stack: <script> CoffeeMaker instance
0008   10 OP_GET_LOCAL        0
stack: <script> CoffeeMaker instance CoffeeMaker instance
0010    | OP_NIL
stack: <script> CoffeeMaker instance CoffeeMaker instance nil
0011    | OP_SET_PROPERTY     2 'coffee'
stack: <script> CoffeeMaker instance nil
0013    | OP_POP
stack: <script> CoffeeMaker instance
0014   11 OP_NIL
stack: <script> CoffeeMaker instance nil
0015    | OP_RETURN
stack: <script> nil
0028    | OP_POP
stack: <script>
0029   16 OP_NIL
stack: <script> nil
0030    | OP_RETURN
Executing ... done.

