-- gc begin
-- gc end: collected 0 bytes (from 6 to 6), next at 12
-- gc begin
-- gc end: collected 0 bytes (from 46 to 46), next at 92
heap_002 allocate 40 for 3
-- gc begin
heap_002 mark clock
heap_002 blacken clock
-- gc end: collected 0 bytes (from 238 to 238), next at 476
-- gc begin
heap_002 mark clock
heap_002 blacken clock
-- gc end: collected 0 bytes (from 262 to 262), next at 524
heap_004 allocate 24 for 2
-- gc begin
heap_002 mark clock
heap_004 mark <native fn>
heap_004 blacken <native fn>
heap_002 blacken clock
-- gc end: collected 0 bytes (from 454 to 454), next at 908
-- gc begin
heap_002 mark clock
heap_004 mark <native fn>
heap_004 blacken <native fn>
heap_002 blacken clock
-- gc end: collected 0 bytes (from 457 to 457), next at 914
-- gc begin
heap_002 mark clock
heap_004 mark <native fn>
heap_004 blacken <native fn>
heap_002 blacken clock
-- gc end: collected 0 bytes (from 497 to 497), next at 994
heap_007 allocate 40 for 3
-- gc begin
heap_007 mark gc
heap_002 mark clock
heap_004 mark <native fn>
heap_004 blacken <native fn>
heap_002 blacken clock
heap_007 blacken gc
-- gc end: collected 0 bytes (from 521 to 521), next at 1042
heap_008 allocate 24 for 2
-- gc begin
heap_002 mark clock
heap_004 mark <native fn>
heap_007 mark gc
heap_008 mark <native fn>
heap_008 blacken <native fn>
heap_007 blacken gc
heap_004 blacken <native fn>
heap_002 blacken clock
-- gc end: collected 0 bytes (from 644 to 644), next at 1288
-- gc begin
heap_002 mark clock
heap_004 mark <native fn>
heap_007 mark gc
heap_008 mark <native fn>
heap_008 blacken <native fn>
heap_007 blacken gc
heap_004 blacken <native fn>
heap_002 blacken clock
-- gc end: collected 0 bytes (from 716 to 716), next at 1432
heap_010 allocate 72 for 1
-- gc begin
heap_002 mark clock
heap_004 mark <native fn>
heap_007 mark gc
heap_008 mark <native fn>
heap_008 blacken <native fn>
heap_007 blacken gc
heap_004 blacken <native fn>
heap_002 blacken clock
-- gc end: collected 0 bytes (from 726 to 726), next at 1452
-- gc begin
heap_002 mark clock
heap_004 mark <native fn>
heap_007 mark gc
heap_008 mark <native fn>
heap_010 mark <script>
heap_010 blacken <script>
heap_008 blacken <native fn>
heap_007 blacken gc
heap_004 blacken <native fn>
heap_002 blacken clock
-- gc end: collected 0 bytes (from 766 to 766), next at 1532
heap_012 allocate 40 for 3
-- gc begin
heap_002 mark clock
heap_004 mark <native fn>
heap_007 mark gc
heap_008 mark <native fn>
heap_010 mark <script>
heap_010 blacken <script>
heap_008 blacken <native fn>
heap_007 blacken gc
heap_004 blacken <native fn>
heap_002 blacken clock
-- gc end: collected 0 bytes (from 894 to 894), next at 1788
-- gc begin
heap_002 mark clock
heap_004 mark <native fn>
heap_007 mark gc
heap_008 mark <native fn>
heap_010 mark <script>
heap_010 blacken <script>
heap_012 mark breakfast
heap_012 blacken breakfast
heap_008 blacken <native fn>
heap_007 blacken gc
heap_004 blacken <native fn>
heap_002 blacken clock
-- gc end: collected 0 bytes (from 903 to 903), next at 1806
-- gc begin
heap_002 mark clock
heap_004 mark <native fn>
heap_007 mark gc
heap_008 mark <native fn>
heap_010 mark <script>
heap_010 blacken <script>
heap_012 mark breakfast
heap_012 blacken breakfast
heap_008 blacken <native fn>
heap_007 blacken gc
heap_004 blacken <native fn>
heap_002 blacken clock
-- gc end: collected 0 bytes (from 943 to 943), next at 1886
heap_015 allocate 40 for 3
-- gc begin
heap_002 mark clock
heap_004 mark <native fn>
heap_007 mark gc
heap_008 mark <native fn>
heap_010 mark <script>
heap_010 blacken <script>
heap_012 mark breakfast
heap_012 blacken breakfast
heap_008 blacken <native fn>
heap_007 blacken gc
heap_004 blacken <native fn>
heap_002 blacken clock
-- gc end: collected 0 bytes (from 951 to 951), next at 1902
-- gc begin
heap_002 mark clock
heap_004 mark <native fn>
heap_007 mark gc
heap_008 mark <native fn>
heap_010 mark <script>
heap_010 blacken <script>
heap_012 mark breakfast
heap_015 mark beignets
heap_015 blacken beignets
heap_012 blacken breakfast
heap_008 blacken <native fn>
heap_007 blacken gc
heap_004 blacken <native fn>
heap_002 blacken clock
-- gc end: collected 0 bytes (from 983 to 983), next at 1966
-- gc begin
heap_002 mark clock
heap_004 mark <native fn>
heap_007 mark gc
heap_008 mark <native fn>
heap_010 mark <script>
heap_010 blacken <script>
heap_012 mark breakfast
heap_015 mark beignets
heap_015 blacken beignets
heap_012 blacken breakfast
heap_008 blacken <native fn>
heap_007 blacken gc
heap_004 blacken <native fn>
heap_002 blacken clock
-- gc end: collected 0 bytes (from 992 to 992), next at 1984
-- gc begin
heap_002 mark clock
heap_004 mark <native fn>
heap_007 mark gc
heap_008 mark <native fn>
heap_010 mark <script>
heap_010 blacken <script>
heap_012 mark breakfast
heap_015 mark beignets
heap_015 blacken beignets
heap_012 blacken breakfast
heap_008 blacken <native fn>
heap_007 blacken gc
heap_004 blacken <native fn>
heap_002 blacken clock
-- gc end: collected 0 bytes (from 1032 to 1032), next at 2064
heap_019 allocate 40 for 3
-- gc begin
heap_002 mark clock
heap_004 mark <native fn>
heap_007 mark gc
heap_008 mark <native fn>
heap_010 mark <script>
heap_010 blacken <script>
heap_012 mark breakfast
heap_015 mark beignets
heap_015 blacken beignets
heap_012 blacken breakfast
heap_008 blacken <native fn>
heap_007 blacken gc
heap_004 blacken <native fn>
heap_002 blacken clock
-- gc end: collected 0 bytes (from 1046 to 1046), next at 2092
-- gc begin
heap_002 mark clock
heap_004 mark <native fn>
heap_007 mark gc
heap_008 mark <native fn>
heap_010 mark <script>
heap_010 blacken <script>
heap_012 mark breakfast
heap_015 mark beignets
heap_019 mark beverage
heap_019 blacken beverage
heap_015 blacken beignets
heap_012 blacken breakfast
heap_008 blacken <native fn>
heap_007 blacken gc
heap_004 blacken <native fn>
heap_002 blacken clock
-- gc end: collected 0 bytes (from 1086 to 1086), next at 2172
heap_021 allocate 40 for 3
-- gc begin
heap_002 mark clock
heap_004 mark <native fn>
heap_007 mark gc
heap_008 mark <native fn>
heap_010 mark <script>
heap_010 blacken <script>
heap_012 mark breakfast
heap_015 mark beignets
heap_019 mark beverage
heap_019 blacken beverage
heap_015 blacken beignets
heap_012 blacken breakfast
heap_008 blacken <native fn>
heap_007 blacken gc
heap_004 blacken <native fn>
heap_002 blacken clock
-- gc end: collected 0 bytes (from 1094 to 1094), next at 2188
-- gc begin
heap_002 mark clock
heap_004 mark <native fn>
heap_007 mark gc
heap_008 mark <native fn>
heap_010 mark <script>
heap_010 blacken <script>
heap_012 mark breakfast
heap_015 mark beignets
heap_019 mark beverage
heap_021 mark café au lait
heap_021 blacken café au lait
heap_019 blacken beverage
heap_015 blacken beignets
heap_012 blacken breakfast
heap_008 blacken <native fn>
heap_007 blacken gc
heap_004 blacken <native fn>
heap_002 blacken clock
-- gc end: collected 0 bytes (from 1126 to 1126), next at 2252
-- gc begin
heap_002 mark clock
heap_004 mark <native fn>
heap_007 mark gc
heap_008 mark <native fn>
heap_010 mark <script>
heap_010 blacken <script>
heap_012 mark breakfast
heap_015 mark beignets
heap_019 mark beverage
heap_021 mark café au lait
heap_021 blacken café au lait
heap_019 blacken beverage
heap_015 blacken beignets
heap_012 blacken breakfast
heap_008 blacken <native fn>
heap_007 blacken gc
heap_004 blacken <native fn>
heap_002 blacken clock
-- gc end: collected 0 bytes (from 1133 to 1133), next at 2266
-- gc begin
heap_002 mark clock
heap_004 mark <native fn>
heap_007 mark gc
heap_008 mark <native fn>
heap_010 mark <script>
heap_010 blacken <script>
heap_012 mark breakfast
heap_015 mark beignets
heap_019 mark beverage
heap_021 mark café au lait
heap_021 blacken café au lait
heap_019 blacken beverage
heap_015 blacken beignets
heap_012 blacken breakfast
heap_008 blacken <native fn>
heap_007 blacken gc
heap_004 blacken <native fn>
heap_002 blacken clock
-- gc end: collected 0 bytes (from 1173 to 1173), next at 2346
heap_024 allocate 40 for 3
-- gc begin
heap_002 mark clock
heap_004 mark <native fn>
heap_007 mark gc
heap_008 mark <native fn>
heap_010 mark <script>
heap_010 blacken <script>
heap_012 mark breakfast
heap_015 mark beignets
heap_019 mark beverage
heap_021 mark café au lait
heap_021 blacken café au lait
heap_019 blacken beverage
heap_015 blacken beignets
heap_012 blacken breakfast
heap_008 blacken <native fn>
heap_007 blacken gc
heap_004 blacken <native fn>
heap_002 blacken clock
-- gc end: collected 0 bytes (from 1557 to 1557), next at 3114
-- gc begin
heap_002 mark clock
heap_004 mark <native fn>
heap_007 mark gc
heap_008 mark <native fn>
heap_010 mark <script>
heap_010 blacken <script>
heap_012 mark breakfast
heap_015 mark beignets
heap_019 mark beverage
heap_021 mark café au lait
heap_024 mark  with 
heap_024 blacken  with 
heap_021 blacken café au lait
heap_019 blacken beverage
heap_015 blacken beignets
heap_012 blacken breakfast
heap_008 blacken <native fn>
heap_007 blacken gc
heap_004 blacken <native fn>
heap_002 blacken clock
-- gc end: collected 0 bytes (from 1381 to 1381), next at 2762
-- gc begin
heap_002 mark clock
heap_004 mark <native fn>
heap_007 mark gc
heap_008 mark <native fn>
heap_010 mark <script>
heap_010 blacken <script>
heap_012 mark breakfast
heap_015 mark beignets
heap_019 mark beverage
heap_021 mark café au lait
heap_024 mark  with 
heap_024 blacken  with 
heap_021 blacken café au lait
heap_019 blacken beverage
heap_015 blacken beignets
heap_012 blacken breakfast
heap_008 blacken <native fn>
heap_007 blacken gc
heap_004 blacken <native fn>
heap_002 blacken clock
-- gc end: collected 0 bytes (from 1445 to 1445), next at 2890
-- gc begin
heap_012 mark breakfast
heap_002 mark clock
heap_004 mark <native fn>
heap_007 mark gc
heap_008 mark <native fn>
heap_010 mark <script>
heap_010 blacken <script>
heap_015 mark beignets
heap_019 mark beverage
heap_021 mark café au lait
heap_024 mark  with 
heap_024 blacken  with 
heap_021 blacken café au lait
heap_019 blacken beverage
heap_015 blacken beignets
heap_008 blacken <native fn>
heap_007 blacken gc
heap_004 blacken <native fn>
heap_002 blacken clock
heap_012 blacken breakfast
-- gc end: collected 0 bytes (from 1573 to 1573), next at 3146

Disassembling <script> ...
0000    1 OP_CONSTANT         1 'beignets'
0002    | OP_DEFINE_GLOBAL    0 'breakfast'
0004    2 OP_CONSTANT         3 'café au lait'
0006    | OP_DEFINE_GLOBAL    2 'beverage'
0008    3 OP_GET_GLOBAL       5 'breakfast'
0010    | OP_CONSTANT         6 ' with '
0012    | OP_ADD
0013    | OP_GET_GLOBAL       7 'beverage'
0015    | OP_ADD
0016    | OP_SET_GLOBAL       4 'breakfast'
0018    | OP_POP
0019    4 OP_GET_GLOBAL       8 'breakfast'
0021    | OP_PRINT
0022    5 OP_NIL
0023    | OP_RETURN
Disassembling <script> ... done.

-- gc begin
heap_010 mark <script>
heap_002 mark clock
heap_004 mark <native fn>
heap_007 mark gc
heap_008 mark <native fn>
heap_008 blacken <native fn>
heap_007 blacken gc
heap_004 blacken <native fn>
heap_002 blacken clock
heap_010 blacken <script>
heap_012 mark breakfast
heap_015 mark beignets
heap_019 mark beverage
heap_021 mark café au lait
heap_024 mark  with 
heap_024 blacken  with 
heap_021 blacken café au lait
heap_019 blacken beverage
heap_015 blacken beignets
heap_012 blacken breakfast
-- gc end: collected 0 bytes (from 1613 to 1613), next at 3226
heap_029 allocate 40 for 0

Executing ...
stack: <script>
0000    1 OP_CONSTANT         1 'beignets'
stack: <script> beignets
0002    | OP_DEFINE_GLOBAL    0 'breakfast'
stack: <script>
0004    2 OP_CONSTANT         3 'café au lait'
stack: <script> café au lait
0006    | OP_DEFINE_GLOBAL    2 'beverage'
stack: <script>
0008    3 OP_GET_GLOBAL       5 'breakfast'
stack: <script> beignets
0010    | OP_CONSTANT         6 ' with '
stack: <script> beignets  with 
0012    | OP_ADD
-- gc begin
heap_015 mark beignets
heap_024 mark  with 
heap_012 mark breakfast
heap_002 mark clock
heap_004 mark <native fn>
heap_007 mark gc
heap_008 mark <native fn>
heap_019 mark beverage
heap_021 mark café au lait
heap_021 blacken café au lait
heap_019 blacken beverage
heap_008 blacken <native fn>
heap_007 blacken gc
heap_004 blacken <native fn>
heap_002 blacken clock
heap_012 blacken breakfast
heap_024 blacken  with 
heap_015 blacken beignets
-- gc end: collected 0 bytes (from 1628 to 1628), next at 3256
-- gc begin
heap_029 mark <script>
heap_015 mark beignets
heap_024 mark  with 
heap_012 mark breakfast
heap_002 mark clock
heap_004 mark <native fn>
heap_007 mark gc
heap_008 mark <native fn>
heap_019 mark beverage
heap_021 mark café au lait
heap_021 blacken café au lait
heap_019 blacken beverage
heap_008 blacken <native fn>
heap_007 blacken gc
heap_004 blacken <native fn>
heap_002 blacken clock
heap_012 blacken breakfast
heap_024 blacken  with 
heap_015 blacken beignets
heap_029 blacken <script>
heap_010 mark <script>
heap_010 blacken <script>
-- gc end: collected 0 bytes (from 1668 to 1668), next at 3336
heap_031 allocate 40 for 3
stack: <script> beignets with 
0013    | OP_GET_GLOBAL       7 'beverage'
stack: <script> beignets with  café au lait
0015    | OP_ADD
-- gc begin
heap_029 mark <script>
heap_021 mark café au lait
heap_012 mark breakfast
heap_015 mark beignets
heap_002 mark clock
heap_004 mark <native fn>
heap_007 mark gc
heap_008 mark <native fn>
heap_019 mark beverage
heap_019 blacken beverage
heap_008 blacken <native fn>
heap_007 blacken gc
heap_004 blacken <native fn>
heap_002 blacken clock
heap_015 blacken beignets
heap_012 blacken breakfast
heap_021 blacken café au lait
heap_029 blacken <script>
-- gc end: collected 0 bytes (from 1696 to 1696), next at 3392
-- gc begin
heap_029 mark <script>
heap_031 mark beignets with 
heap_021 mark café au lait
heap_012 mark breakfast
heap_015 mark beignets
heap_002 mark clock
heap_004 mark <native fn>
heap_007 mark gc
heap_008 mark <native fn>
heap_019 mark beverage
heap_019 blacken beverage
heap_008 blacken <native fn>
heap_007 blacken gc
heap_004 blacken <native fn>
heap_002 blacken clock
heap_015 blacken beignets
heap_012 blacken breakfast
heap_021 blacken café au lait
heap_031 blacken beignets with 
heap_029 blacken <script>
-- gc end: collected 0 bytes (from 1736 to 1736), next at 3472
heap_033 allocate 40 for 3
stack: <script> beignets with café au lait
0016    | OP_SET_GLOBAL       4 'breakfast'
stack: <script> beignets with café au lait
0018    | OP_POP
stack: <script>
0019    4 OP_GET_GLOBAL       8 'breakfast'
stack: <script> beignets with café au lait
0021    | OP_PRINT
beignets with café au lait
stack: <script>
0022    5 OP_NIL
stack: <script> nil
0023    | OP_RETURN
Executing ... done.

heap_033 free type 3
heap_031 free type 3
heap_029 free type 0
heap_021 free type 3
heap_019 free type 3
heap_015 free type 3
heap_012 free type 3
heap_008 free type 2
heap_007 free type 3
heap_004 free type 2
heap_002 free type 3
heap_010 free type 1
heap_024 free type 3
