
Disassembling f ...
0000    4 OP_GET_GLOBAL       0 'a'
0002    | OP_PRINT
0003    5 OP_NIL
0004    | OP_RETURN
Disassembling f ... done.


Disassembling <script> ...
0000    2 OP_CONSTANT         0 '3'
0002    5 OP_CLOSURE          1 <fn f>
0004    6 OP_POP
0005    | OP_POP
0006    7 OP_NIL
0007    | OP_RETURN
Disassembling <script> ... done.


Executing ...
stack: <script>
0000    2 OP_CONSTANT         0 '3'
stack: <script> 3
0002    5 OP_CLOSURE          1 <fn f>
stack: <script> 3 <fn f>
0004    6 OP_POP
stack: <script> 3
0005    | OP_POP
stack: <script>
0006    7 OP_NIL
stack: <script> nil
0007    | OP_RETURN
Executing ... done.

