-- gc begin
-- gc end: collected 0 bytes (from 6 to 6), next at 12
-- gc begin
-- gc end: collected 0 bytes (from 46 to 46), next at 92
heap_002 allocate 40 for 3
-- gc begin
-- gc end: collected 0 bytes (from 238 to 238), next at 476
-- gc begin
heap_002 mark clock
heap_002 blacken clock
-- gc end: collected 0 bytes (from 262 to 262), next at 524
heap_004 allocate 24 for 2
-- gc begin
heap_004 mark <native fn>
heap_004 blacken <native fn>
-- gc end: collected 0 bytes (from 454 to 454), next at 908
-- gc begin
heap_004 mark <native fn>
heap_004 blacken <native fn>
-- gc end: collected 0 bytes (from 457 to 457), next at 914
-- gc begin
heap_004 mark <native fn>
heap_004 blacken <native fn>
-- gc end: collected 0 bytes (from 497 to 497), next at 994
heap_007 allocate 40 for 3
-- gc begin
heap_007 mark gc
heap_004 mark <native fn>
heap_004 blacken <native fn>
heap_007 blacken gc
-- gc end: collected 0 bytes (from 521 to 521), next at 1042
heap_008 allocate 24 for 2
-- gc begin
heap_004 mark <native fn>
heap_007 mark gc
heap_008 mark <native fn>
heap_008 blacken <native fn>
heap_007 blacken gc
heap_004 blacken <native fn>
-- gc end: collected 0 bytes (from 675 to 675), next at 1350
-- gc begin
heap_004 mark <native fn>
heap_007 mark gc
heap_008 mark <native fn>
heap_008 blacken <native fn>
heap_007 blacken gc
heap_004 blacken <native fn>
-- gc end: collected 0 bytes (from 747 to 747), next at 1494
heap_010 allocate 72 for 1
-- gc begin
heap_004 mark <native fn>
heap_007 mark gc
heap_008 mark <native fn>
heap_008 blacken <native fn>
heap_007 blacken gc
heap_004 blacken <native fn>
-- gc end: collected 0 bytes (from 764 to 764), next at 1528
-- gc begin
heap_004 mark <native fn>
heap_007 mark gc
heap_008 mark <native fn>
heap_010 mark <script>
heap_010 blacken <script>
heap_008 blacken <native fn>
heap_007 blacken gc
heap_004 blacken <native fn>
-- gc end: collected 0 bytes (from 804 to 804), next at 1608
heap_012 allocate 40 for 3
-- gc begin
heap_004 mark <native fn>
heap_007 mark gc
heap_008 mark <native fn>
heap_010 mark <script>
heap_010 blacken <script>
heap_008 blacken <native fn>
heap_007 blacken gc
heap_004 blacken <native fn>
-- gc end: collected 0 bytes (from 932 to 932), next at 1864
-- gc begin
heap_004 mark <native fn>
heap_007 mark gc
heap_008 mark <native fn>
heap_010 mark <script>
heap_010 blacken <script>
heap_012 mark areWeHavingItYet
heap_012 blacken areWeHavingItYet
heap_008 blacken <native fn>
heap_007 blacken gc
heap_004 blacken <native fn>
-- gc end: collected 0 bytes (from 1004 to 1004), next at 2008
heap_014 allocate 72 for 1
-- gc begin
heap_004 mark <native fn>
heap_007 mark gc
heap_008 mark <native fn>
heap_010 mark <script>
heap_010 blacken <script>
heap_012 mark areWeHavingItYet
heap_012 blacken areWeHavingItYet
heap_008 blacken <native fn>
heap_007 blacken gc
heap_004 blacken <native fn>
-- gc end: collected 0 bytes (from 1012 to 1012), next at 2024
-- gc begin
heap_004 mark <native fn>
heap_007 mark gc
heap_008 mark <native fn>
heap_014 mark <fn areWeHavingItYet>
heap_010 mark <script>
heap_010 blacken <script>
heap_012 mark areWeHavingItYet
heap_012 blacken areWeHavingItYet
heap_014 blacken <fn areWeHavingItYet>
heap_008 blacken <native fn>
heap_007 blacken gc
heap_004 blacken <native fn>
-- gc end: collected 0 bytes (from 1044 to 1044), next at 2088
-- gc begin
heap_004 mark <native fn>
heap_007 mark gc
heap_008 mark <native fn>
heap_014 mark <fn areWeHavingItYet>
heap_010 mark <script>
heap_010 blacken <script>
heap_012 mark areWeHavingItYet
heap_012 blacken areWeHavingItYet
heap_014 blacken <fn areWeHavingItYet>
heap_008 blacken <native fn>
heap_007 blacken gc
heap_004 blacken <native fn>
-- gc end: collected 0 bytes (from 1056 to 1056), next at 2112
-- gc begin
heap_004 mark <native fn>
heap_007 mark gc
heap_008 mark <native fn>
heap_014 mark <fn areWeHavingItYet>
heap_010 mark <script>
heap_010 blacken <script>
heap_012 mark areWeHavingItYet
heap_012 blacken areWeHavingItYet
heap_014 blacken <fn areWeHavingItYet>
heap_008 blacken <native fn>
heap_007 blacken gc
heap_004 blacken <native fn>
-- gc end: collected 0 bytes (from 1096 to 1096), next at 2192
heap_018 allocate 40 for 3
-- gc begin
heap_004 mark <native fn>
heap_007 mark gc
heap_008 mark <native fn>
heap_014 mark <fn areWeHavingItYet>
heap_010 mark <script>
heap_010 blacken <script>
heap_012 mark areWeHavingItYet
heap_012 blacken areWeHavingItYet
heap_014 blacken <fn areWeHavingItYet>
heap_008 blacken <native fn>
heap_007 blacken gc
heap_004 blacken <native fn>
-- gc end: collected 0 bytes (from 1224 to 1224), next at 2448

Disassembling areWeHavingItYet ...
0000    2 OP_GET_LOCAL        1
0002    | OP_PRINT
0003    3 OP_CONSTANT         0 'Yes we are!'
0005    | OP_PRINT
0006    4 OP_NIL
0007    | OP_RETURN
Disassembling areWeHavingItYet ... done.

-- gc begin
heap_004 mark <native fn>
heap_007 mark gc
heap_008 mark <native fn>
heap_010 mark <script>
heap_010 blacken <script>
heap_012 mark areWeHavingItYet
heap_014 mark <fn areWeHavingItYet>
heap_014 blacken <fn areWeHavingItYet>
heap_018 mark Yes we are!
heap_018 blacken Yes we are!
heap_012 blacken areWeHavingItYet
heap_008 blacken <native fn>
heap_007 blacken gc
heap_004 blacken <native fn>
-- gc end: collected 0 bytes (from 1232 to 1232), next at 2464
-- gc begin
heap_004 mark <native fn>
heap_007 mark gc
heap_008 mark <native fn>
heap_010 mark <script>
heap_010 blacken <script>
heap_012 mark areWeHavingItYet
heap_014 mark <fn areWeHavingItYet>
heap_014 blacken <fn areWeHavingItYet>
heap_018 mark Yes we are!
heap_018 blacken Yes we are!
heap_012 blacken areWeHavingItYet
heap_008 blacken <native fn>
heap_007 blacken gc
heap_004 blacken <native fn>
-- gc end: collected 0 bytes (from 1264 to 1264), next at 2528
-- gc begin
heap_004 mark <native fn>
heap_007 mark gc
heap_008 mark <native fn>
heap_010 mark <script>
heap_010 blacken <script>
heap_012 mark areWeHavingItYet
heap_014 mark <fn areWeHavingItYet>
heap_014 blacken <fn areWeHavingItYet>
heap_018 mark Yes we are!
heap_018 blacken Yes we are!
heap_012 blacken areWeHavingItYet
heap_008 blacken <native fn>
heap_007 blacken gc
heap_004 blacken <native fn>
-- gc end: collected 0 bytes (from 1272 to 1272), next at 2544
-- gc begin
heap_004 mark <native fn>
heap_007 mark gc
heap_008 mark <native fn>
heap_010 mark <script>
heap_010 blacken <script>
heap_012 mark areWeHavingItYet
heap_014 mark <fn areWeHavingItYet>
heap_014 blacken <fn areWeHavingItYet>
heap_018 mark Yes we are!
heap_018 blacken Yes we are!
heap_012 blacken areWeHavingItYet
heap_008 blacken <native fn>
heap_007 blacken gc
heap_004 blacken <native fn>
-- gc end: collected 0 bytes (from 1304 to 1304), next at 2608

Disassembling <script> ...
0000    4 OP_CLOSURE          1 <fn areWeHavingItYet>
0002    | OP_DEFINE_GLOBAL    0 'areWeHavingItYet'
0004    8 OP_GET_GLOBAL       2 'areWeHavingItYet'
0006    | OP_PRINT
0007    9 OP_NIL
0008    | OP_RETURN
Disassembling <script> ... done.

-- gc begin
heap_010 mark <script>
heap_004 mark <native fn>
heap_007 mark gc
heap_008 mark <native fn>
heap_008 blacken <native fn>
heap_007 blacken gc
heap_004 blacken <native fn>
heap_010 blacken <script>
heap_012 mark areWeHavingItYet
heap_014 mark <fn areWeHavingItYet>
heap_014 blacken <fn areWeHavingItYet>
heap_018 mark Yes we are!
heap_018 blacken Yes we are!
heap_012 blacken areWeHavingItYet
-- gc end: collected 0 bytes (from 1344 to 1344), next at 2688
heap_022 allocate 40 for 0

Executing ...
stack: <script>
0000    4 OP_CLOSURE          1 <fn areWeHavingItYet>
-- gc begin
heap_004 mark <native fn>
heap_007 mark gc
heap_008 mark <native fn>
heap_008 blacken <native fn>
heap_007 blacken gc
heap_004 blacken <native fn>
-- gc end: collected 0 bytes (from 1384 to 1384), next at 2768
heap_023 allocate 40 for 0
stack: <script> <fn areWeHavingItYet>
0002    | OP_DEFINE_GLOBAL    0 'areWeHavingItYet'
stack: <script>
0004    8 OP_GET_GLOBAL       2 'areWeHavingItYet'
stack: <script> <fn areWeHavingItYet>
0006    | OP_PRINT
<fn areWeHavingItYet>
stack: <script>
0007    9 OP_NIL
stack: <script> nil
0008    | OP_RETURN
Executing ... done.

heap_023 free type 0
heap_022 free type 0
heap_008 free type 2
heap_007 free type 3
heap_004 free type 2
heap_002 free type 3
heap_018 free type 3
heap_014 free type 1
heap_012 free type 3
heap_010 free type 1
