-- gc begin
-- gc end
-- gc begin
-- gc end
heap_002 allocate 40 for 3
-- gc begin
-- gc end
-- gc begin
heap_002 mark clock
heap_002 blacken clock
-- gc end
heap_004 allocate 24 for 2
-- gc begin
heap_002 mark clock
heap_004 mark <native fn>
heap_004 blacken <native fn>
heap_002 blacken clock
-- gc end
-- gc begin
heap_002 mark clock
heap_004 mark <native fn>
heap_004 blacken <native fn>
heap_002 blacken clock
-- gc end
-- gc begin
heap_002 mark clock
heap_004 mark <native fn>
heap_004 blacken <native fn>
heap_002 blacken clock
-- gc end
heap_007 allocate 40 for 3
-- gc begin
heap_007 mark gc
heap_002 mark clock
heap_004 mark <native fn>
heap_004 blacken <native fn>
heap_002 blacken clock
heap_007 blacken gc
-- gc end
heap_008 allocate 24 for 2
-- gc begin
heap_002 mark clock
heap_004 mark <native fn>
heap_007 mark gc
heap_008 mark <native fn>
heap_008 blacken <native fn>
heap_007 blacken gc
heap_004 blacken <native fn>
heap_002 blacken clock
-- gc end
-- gc begin
heap_002 mark clock
heap_004 mark <native fn>
heap_007 mark gc
heap_008 mark <native fn>
heap_008 blacken <native fn>
heap_007 blacken gc
heap_004 blacken <native fn>
heap_002 blacken clock
-- gc end
heap_010 allocate 72 for 1
-- gc begin
heap_002 mark clock
heap_004 mark <native fn>
heap_007 mark gc
heap_008 mark <native fn>
heap_010 mark <script>
heap_010 blacken <script>
heap_008 blacken <native fn>
heap_007 blacken gc
heap_004 blacken <native fn>
heap_002 blacken clock
-- gc end
-- gc begin
heap_002 mark clock
heap_004 mark <native fn>
heap_007 mark gc
heap_008 mark <native fn>
heap_010 mark <script>
heap_010 blacken <script>
heap_008 blacken <native fn>
heap_007 blacken gc
heap_004 blacken <native fn>
heap_002 blacken clock
-- gc end
heap_012 allocate 40 for 3
-- gc begin
heap_002 mark clock
heap_004 mark <native fn>
heap_007 mark gc
heap_008 mark <native fn>
heap_010 mark <script>
heap_010 blacken <script>
heap_008 blacken <native fn>
heap_007 blacken gc
heap_004 blacken <native fn>
heap_002 blacken clock
-- gc end
-- gc begin
heap_002 mark clock
heap_004 mark <native fn>
heap_007 mark gc
heap_008 mark <native fn>
heap_010 mark <script>
heap_010 blacken <script>
heap_012 mark outer
heap_012 blacken outer
heap_008 blacken <native fn>
heap_007 blacken gc
heap_004 blacken <native fn>
heap_002 blacken clock
-- gc end
heap_014 allocate 72 for 1
-- gc begin
heap_002 mark clock
heap_004 mark <native fn>
heap_007 mark gc
heap_008 mark <native fn>
heap_014 mark <fn outer>
heap_010 mark <script>
heap_010 blacken <script>
heap_012 mark outer
heap_012 blacken outer
heap_014 blacken <fn outer>
heap_012 mark outer
heap_012 blacken outer
heap_008 blacken <native fn>
heap_007 blacken gc
heap_004 blacken <native fn>
heap_002 blacken clock
-- gc end
-- gc begin
heap_002 mark clock
heap_004 mark <native fn>
heap_007 mark gc
heap_008 mark <native fn>
heap_014 mark <fn outer>
heap_010 mark <script>
heap_010 blacken <script>
heap_012 mark outer
heap_012 blacken outer
heap_014 blacken <fn outer>
heap_012 mark outer
heap_012 blacken outer
heap_008 blacken <native fn>
heap_007 blacken gc
heap_004 blacken <native fn>
heap_002 blacken clock
-- gc end
-- gc begin
heap_002 mark clock
heap_004 mark <native fn>
heap_007 mark gc
heap_008 mark <native fn>
heap_014 mark <fn outer>
heap_010 mark <script>
heap_010 blacken <script>
heap_012 mark outer
heap_012 blacken outer
heap_014 blacken <fn outer>
heap_012 mark outer
heap_012 blacken outer
heap_008 blacken <native fn>
heap_007 blacken gc
heap_004 blacken <native fn>
heap_002 blacken clock
-- gc end
-- gc begin
heap_002 mark clock
heap_004 mark <native fn>
heap_007 mark gc
heap_008 mark <native fn>
heap_014 mark <fn outer>
heap_010 mark <script>
heap_010 blacken <script>
heap_012 mark outer
heap_012 blacken outer
heap_014 blacken <fn outer>
heap_012 mark outer
heap_012 blacken outer
heap_008 blacken <native fn>
heap_007 blacken gc
heap_004 blacken <native fn>
heap_002 blacken clock
-- gc end
heap_018 allocate 72 for 1
-- gc begin
heap_002 mark clock
heap_004 mark <native fn>
heap_007 mark gc
heap_008 mark <native fn>
heap_018 mark <script>
heap_014 mark <fn outer>
heap_010 mark <script>
heap_010 blacken <script>
heap_012 mark outer
heap_012 blacken outer
heap_014 blacken <fn outer>
heap_012 mark outer
heap_012 blacken outer
heap_018 blacken <script>
heap_008 blacken <native fn>
heap_007 blacken gc
heap_004 blacken <native fn>
heap_002 blacken clock
-- gc end
-- gc begin
heap_002 mark clock
heap_004 mark <native fn>
heap_007 mark gc
heap_008 mark <native fn>
heap_018 mark <script>
heap_014 mark <fn outer>
heap_010 mark <script>
heap_010 blacken <script>
heap_012 mark outer
heap_012 blacken outer
heap_014 blacken <fn outer>
heap_012 mark outer
heap_012 blacken outer
heap_018 blacken <script>
heap_008 blacken <native fn>
heap_007 blacken gc
heap_004 blacken <native fn>
heap_002 blacken clock
-- gc end
heap_020 allocate 40 for 3
-- gc begin
heap_002 mark clock
heap_004 mark <native fn>
heap_007 mark gc
heap_008 mark <native fn>
heap_018 mark <fn middle>
heap_014 mark <fn outer>
heap_010 mark <script>
heap_010 blacken <script>
heap_012 mark outer
heap_012 blacken outer
heap_014 blacken <fn outer>
heap_012 mark outer
heap_012 blacken outer
heap_018 blacken <fn middle>
heap_020 mark middle
heap_020 blacken middle
heap_008 blacken <native fn>
heap_007 blacken gc
heap_004 blacken <native fn>
heap_002 blacken clock
-- gc end
-- gc begin
heap_002 mark clock
heap_004 mark <native fn>
heap_007 mark gc
heap_008 mark <native fn>
heap_018 mark <fn middle>
heap_014 mark <fn outer>
heap_010 mark <script>
heap_010 blacken <script>
heap_012 mark outer
heap_012 blacken outer
heap_014 blacken <fn outer>
heap_012 mark outer
heap_012 blacken outer
heap_018 blacken <fn middle>
heap_020 mark middle
heap_020 blacken middle
heap_008 blacken <native fn>
heap_007 blacken gc
heap_004 blacken <native fn>
heap_002 blacken clock
-- gc end
-- gc begin
heap_002 mark clock
heap_004 mark <native fn>
heap_007 mark gc
heap_008 mark <native fn>
heap_018 mark <fn middle>
heap_014 mark <fn outer>
heap_010 mark <script>
heap_010 blacken <script>
heap_012 mark outer
heap_012 blacken outer
heap_014 blacken <fn outer>
heap_012 mark outer
heap_012 blacken outer
heap_018 blacken <fn middle>
heap_020 mark middle
heap_020 blacken middle
heap_008 blacken <native fn>
heap_007 blacken gc
heap_004 blacken <native fn>
heap_002 blacken clock
-- gc end
-- gc begin
heap_002 mark clock
heap_004 mark <native fn>
heap_007 mark gc
heap_008 mark <native fn>
heap_018 mark <fn middle>
heap_014 mark <fn outer>
heap_010 mark <script>
heap_010 blacken <script>
heap_012 mark outer
heap_012 blacken outer
heap_014 blacken <fn outer>
heap_012 mark outer
heap_012 blacken outer
heap_018 blacken <fn middle>
heap_020 mark middle
heap_020 blacken middle
heap_008 blacken <native fn>
heap_007 blacken gc
heap_004 blacken <native fn>
heap_002 blacken clock
-- gc end
heap_024 allocate 72 for 1
-- gc begin
heap_002 mark clock
heap_004 mark <native fn>
heap_007 mark gc
heap_008 mark <native fn>
heap_024 mark <script>
heap_018 mark <fn middle>
heap_014 mark <fn outer>
heap_010 mark <script>
heap_010 blacken <script>
heap_012 mark outer
heap_012 blacken outer
heap_014 blacken <fn outer>
heap_012 mark outer
heap_012 blacken outer
heap_018 blacken <fn middle>
heap_020 mark middle
heap_020 blacken middle
heap_024 blacken <script>
heap_008 blacken <native fn>
heap_007 blacken gc
heap_004 blacken <native fn>
heap_002 blacken clock
-- gc end
-- gc begin
heap_002 mark clock
heap_004 mark <native fn>
heap_007 mark gc
heap_008 mark <native fn>
heap_024 mark <script>
heap_018 mark <fn middle>
heap_014 mark <fn outer>
heap_010 mark <script>
heap_010 blacken <script>
heap_012 mark outer
heap_012 blacken outer
heap_014 blacken <fn outer>
heap_012 mark outer
heap_012 blacken outer
heap_018 blacken <fn middle>
heap_020 mark middle
heap_020 blacken middle
heap_024 blacken <script>
heap_008 blacken <native fn>
heap_007 blacken gc
heap_004 blacken <native fn>
heap_002 blacken clock
-- gc end
heap_026 allocate 40 for 3
-- gc begin
heap_002 mark clock
heap_004 mark <native fn>
heap_007 mark gc
heap_008 mark <native fn>
heap_024 mark <fn inner>
heap_018 mark <fn middle>
heap_014 mark <fn outer>
heap_010 mark <script>
heap_010 blacken <script>
heap_012 mark outer
heap_012 blacken outer
heap_014 blacken <fn outer>
heap_012 mark outer
heap_012 blacken outer
heap_018 blacken <fn middle>
heap_020 mark middle
heap_020 blacken middle
heap_024 blacken <fn inner>
heap_026 mark inner
heap_026 blacken inner
heap_008 blacken <native fn>
heap_007 blacken gc
heap_004 blacken <native fn>
heap_002 blacken clock
-- gc end
-- gc begin
heap_002 mark clock
heap_004 mark <native fn>
heap_007 mark gc
heap_008 mark <native fn>
heap_024 mark <fn inner>
heap_018 mark <fn middle>
heap_014 mark <fn outer>
heap_010 mark <script>
heap_010 blacken <script>
heap_012 mark outer
heap_012 blacken outer
heap_014 blacken <fn outer>
heap_012 mark outer
heap_012 blacken outer
heap_018 blacken <fn middle>
heap_020 mark middle
heap_020 blacken middle
heap_024 blacken <fn inner>
heap_026 mark inner
heap_026 blacken inner
heap_008 blacken <native fn>
heap_007 blacken gc
heap_004 blacken <native fn>
heap_002 blacken clock
-- gc end
-- gc begin
heap_002 mark clock
heap_004 mark <native fn>
heap_007 mark gc
heap_008 mark <native fn>
heap_024 mark <fn inner>
heap_018 mark <fn middle>
heap_014 mark <fn outer>
heap_010 mark <script>
heap_010 blacken <script>
heap_012 mark outer
heap_012 blacken outer
heap_014 blacken <fn outer>
heap_012 mark outer
heap_012 blacken outer
heap_018 blacken <fn middle>
heap_020 mark middle
heap_020 blacken middle
heap_024 blacken <fn inner>
heap_026 mark inner
heap_026 blacken inner
heap_008 blacken <native fn>
heap_007 blacken gc
heap_004 blacken <native fn>
heap_002 blacken clock
-- gc end
-- gc begin
heap_002 mark clock
heap_004 mark <native fn>
heap_007 mark gc
heap_008 mark <native fn>
heap_024 mark <fn inner>
heap_018 mark <fn middle>
heap_014 mark <fn outer>
heap_010 mark <script>
heap_010 blacken <script>
heap_012 mark outer
heap_012 blacken outer
heap_014 blacken <fn outer>
heap_012 mark outer
heap_012 blacken outer
heap_018 blacken <fn middle>
heap_020 mark middle
heap_020 blacken middle
heap_024 blacken <fn inner>
heap_026 mark inner
heap_026 blacken inner
heap_008 blacken <native fn>
heap_007 blacken gc
heap_004 blacken <native fn>
heap_002 blacken clock
-- gc end

Disassembling inner ...
0000    8 OP_GET_UPVALUE      0
0002    | OP_GET_UPVALUE      1
0004    | OP_ADD
0005    | OP_GET_UPVALUE      2
0007    | OP_ADD
0008    | OP_GET_UPVALUE      3
0010    | OP_ADD
0011    | OP_PRINT
0012    9 OP_NIL
0013    | OP_RETURN
Disassembling inner ... done.

-- gc begin
heap_002 mark clock
heap_004 mark <native fn>
heap_007 mark gc
heap_008 mark <native fn>
heap_018 mark <fn middle>
heap_014 mark <fn outer>
heap_010 mark <script>
heap_010 blacken <script>
heap_012 mark outer
heap_012 blacken outer
heap_014 blacken <fn outer>
heap_012 mark outer
heap_012 blacken outer
heap_018 blacken <fn middle>
heap_020 mark middle
heap_024 mark <fn inner>
heap_024 blacken <fn inner>
heap_026 mark inner
heap_026 blacken inner
heap_020 blacken middle
heap_008 blacken <native fn>
heap_007 blacken gc
heap_004 blacken <native fn>
heap_002 blacken clock
-- gc end
-- gc begin
heap_002 mark clock
heap_004 mark <native fn>
heap_007 mark gc
heap_008 mark <native fn>
heap_018 mark <fn middle>
heap_014 mark <fn outer>
heap_010 mark <script>
heap_010 blacken <script>
heap_012 mark outer
heap_012 blacken outer
heap_014 blacken <fn outer>
heap_012 mark outer
heap_012 blacken outer
heap_018 blacken <fn middle>
heap_020 mark middle
heap_024 mark <fn inner>
heap_024 blacken <fn inner>
heap_026 mark inner
heap_026 blacken inner
heap_020 blacken middle
heap_008 blacken <native fn>
heap_007 blacken gc
heap_004 blacken <native fn>
heap_002 blacken clock
-- gc end

Disassembling middle ...
0000    5 OP_CONSTANT         0 '3'
0002    6 OP_CONSTANT         1 '4'
0004    9 OP_CLOSURE          2 <fn inner>
0006      | upvalue 0
0008      | local 1
0010      | upvalue 1
0012      | local 2
0014   10 OP_NIL
0015    | OP_RETURN
Disassembling middle ... done.

-- gc begin
heap_002 mark clock
heap_004 mark <native fn>
heap_007 mark gc
heap_008 mark <native fn>
heap_014 mark <fn outer>
heap_010 mark <script>
heap_010 blacken <script>
heap_012 mark outer
heap_012 blacken outer
heap_014 blacken <fn outer>
heap_012 mark outer
heap_018 mark <fn middle>
heap_018 blacken <fn middle>
heap_020 mark middle
heap_024 mark <fn inner>
heap_024 blacken <fn inner>
heap_026 mark inner
heap_026 blacken inner
heap_020 blacken middle
heap_012 blacken outer
heap_008 blacken <native fn>
heap_007 blacken gc
heap_004 blacken <native fn>
heap_002 blacken clock
-- gc end
-- gc begin
heap_002 mark clock
heap_004 mark <native fn>
heap_007 mark gc
heap_008 mark <native fn>
heap_014 mark <fn outer>
heap_010 mark <script>
heap_010 blacken <script>
heap_012 mark outer
heap_012 blacken outer
heap_014 blacken <fn outer>
heap_012 mark outer
heap_018 mark <fn middle>
heap_018 blacken <fn middle>
heap_020 mark middle
heap_024 mark <fn inner>
heap_024 blacken <fn inner>
heap_026 mark inner
heap_026 blacken inner
heap_020 blacken middle
heap_012 blacken outer
heap_008 blacken <native fn>
heap_007 blacken gc
heap_004 blacken <native fn>
heap_002 blacken clock
-- gc end

Disassembling outer ...
0000    2 OP_CONSTANT         0 '1'
0002    3 OP_CONSTANT         1 '2'
0004   10 OP_CLOSURE          2 <fn middle>
0006      | local 1
0008      | local 2
0010   11 OP_NIL
0011    | OP_RETURN
Disassembling outer ... done.

-- gc begin
heap_002 mark clock
heap_004 mark <native fn>
heap_007 mark gc
heap_008 mark <native fn>
heap_010 mark <script>
heap_010 blacken <script>
heap_012 mark outer
heap_014 mark <fn outer>
heap_014 blacken <fn outer>
heap_012 mark outer
heap_018 mark <fn middle>
heap_018 blacken <fn middle>
heap_020 mark middle
heap_024 mark <fn inner>
heap_024 blacken <fn inner>
heap_026 mark inner
heap_026 blacken inner
heap_020 blacken middle
heap_012 blacken outer
heap_012 blacken outer
heap_008 blacken <native fn>
heap_007 blacken gc
heap_004 blacken <native fn>
heap_002 blacken clock
-- gc end
-- gc begin
heap_002 mark clock
heap_004 mark <native fn>
heap_007 mark gc
heap_008 mark <native fn>
heap_010 mark <script>
heap_010 blacken <script>
heap_012 mark outer
heap_014 mark <fn outer>
heap_014 blacken <fn outer>
heap_012 mark outer
heap_018 mark <fn middle>
heap_018 blacken <fn middle>
heap_020 mark middle
heap_024 mark <fn inner>
heap_024 blacken <fn inner>
heap_026 mark inner
heap_026 blacken inner
heap_020 blacken middle
heap_012 blacken outer
heap_012 blacken outer
heap_008 blacken <native fn>
heap_007 blacken gc
heap_004 blacken <native fn>
heap_002 blacken clock
-- gc end
-- gc begin
heap_002 mark clock
heap_004 mark <native fn>
heap_007 mark gc
heap_008 mark <native fn>
heap_010 mark <script>
heap_010 blacken <script>
heap_012 mark outer
heap_014 mark <fn outer>
heap_012 mark outer
heap_012 blacken outer
heap_014 blacken <fn outer>
heap_012 mark outer
heap_018 mark <fn middle>
heap_018 blacken <fn middle>
heap_020 mark middle
heap_024 mark <fn inner>
heap_024 blacken <fn inner>
heap_026 mark inner
heap_026 blacken inner
heap_020 blacken middle
heap_012 blacken outer
heap_012 blacken outer
heap_008 blacken <native fn>
heap_007 blacken gc
heap_004 blacken <native fn>
heap_002 blacken clock
-- gc end
-- gc begin
heap_002 mark clock
heap_004 mark <native fn>
heap_007 mark gc
heap_008 mark <native fn>
heap_010 mark <script>
heap_010 blacken <script>
heap_012 mark outer
heap_014 mark <fn outer>
heap_012 mark outer
heap_012 blacken outer
heap_014 blacken <fn outer>
heap_012 mark outer
heap_018 mark <fn middle>
heap_018 blacken <fn middle>
heap_020 mark middle
heap_024 mark <fn inner>
heap_024 blacken <fn inner>
heap_026 mark inner
heap_026 blacken inner
heap_020 blacken middle
heap_012 blacken outer
heap_012 blacken outer
heap_008 blacken <native fn>
heap_007 blacken gc
heap_004 blacken <native fn>
heap_002 blacken clock
-- gc end

Disassembling <script> ...
0000   11 OP_CLOSURE          1 <fn outer>
0002    | OP_DEFINE_GLOBAL    0 'outer'
0004   13 OP_GET_GLOBAL       2 'outer'
0006    | OP_CALL             0
0008    | OP_POP
0009   14 OP_NIL
0010    | OP_RETURN
Disassembling <script> ... done.

-- gc begin
heap_010 mark <script>
heap_002 mark clock
heap_004 mark <native fn>
heap_007 mark gc
heap_008 mark <native fn>
heap_008 blacken <native fn>
heap_007 blacken gc
heap_004 blacken <native fn>
heap_002 blacken clock
heap_010 blacken <script>
heap_012 mark outer
heap_014 mark <fn outer>
heap_012 mark outer
heap_012 blacken outer
heap_014 blacken <fn outer>
heap_012 mark outer
heap_018 mark <fn middle>
heap_018 blacken <fn middle>
heap_020 mark middle
heap_024 mark <fn inner>
heap_024 blacken <fn inner>
heap_026 mark inner
heap_026 blacken inner
heap_020 blacken middle
heap_012 blacken outer
heap_012 blacken outer
-- gc end
heap_034 allocate 40 for 0

Executing ...
stack: <script>
0000   11 OP_CLOSURE          1 <fn outer>
-- gc begin
heap_034 mark <script>
heap_034 mark <script>
heap_002 mark clock
heap_004 mark <native fn>
heap_007 mark gc
heap_008 mark <native fn>
heap_008 blacken <native fn>
heap_007 blacken gc
heap_004 blacken <native fn>
heap_002 blacken clock
heap_034 blacken <script>
heap_010 mark <script>
heap_010 blacken <script>
heap_012 mark outer
heap_014 mark <fn outer>
heap_012 mark outer
heap_012 blacken outer
heap_014 blacken <fn outer>
heap_012 mark outer
heap_018 mark <fn middle>
heap_018 blacken <fn middle>
heap_020 mark middle
heap_024 mark <fn inner>
heap_024 blacken <fn inner>
heap_026 mark inner
heap_026 blacken inner
heap_020 blacken middle
heap_012 blacken outer
heap_012 blacken outer
heap_034 blacken <script>
heap_010 mark <script>
heap_010 blacken <script>
heap_012 mark outer
heap_014 mark <fn outer>
heap_012 mark outer
heap_012 blacken outer
heap_014 blacken <fn outer>
heap_012 mark outer
heap_018 mark <fn middle>
heap_018 blacken <fn middle>
heap_020 mark middle
heap_024 mark <fn inner>
heap_024 blacken <fn inner>
heap_026 mark inner
heap_026 blacken inner
heap_020 blacken middle
heap_012 blacken outer
heap_012 blacken outer
-- gc end
heap_035 allocate 40 for 0
stack: <script> <fn outer>
0002    | OP_DEFINE_GLOBAL    0 'outer'
stack: <script>
0004   13 OP_GET_GLOBAL       2 'outer'
stack: <script> <fn outer>
0006    | OP_CALL             0
stack: <script> <fn outer>
0000    2 OP_CONSTANT         0 '1'
stack: <script> <fn outer> 1
0002    3 OP_CONSTANT         1 '2'
stack: <script> <fn outer> 1 2
0004   10 OP_CLOSURE          2 <fn middle>
0006      | local 1
0008      | local 2
-- gc begin
heap_034 mark <script>
heap_035 mark <fn outer>
heap_034 mark <script>
heap_035 mark <fn outer>
heap_012 mark outer
heap_035 mark <fn outer>
heap_002 mark clock
heap_004 mark <native fn>
heap_007 mark gc
heap_008 mark <native fn>
heap_008 blacken <native fn>
heap_007 blacken gc
heap_004 blacken <native fn>
heap_002 blacken clock
heap_035 blacken <fn outer>
heap_014 mark <fn outer>
heap_014 blacken <fn outer>
heap_012 mark outer
heap_018 mark <fn middle>
heap_018 blacken <fn middle>
heap_020 mark middle
heap_024 mark <fn inner>
heap_024 blacken <fn inner>
heap_026 mark inner
heap_026 blacken inner
heap_020 blacken middle
heap_012 blacken outer
heap_012 blacken outer
heap_035 blacken <fn outer>
heap_014 mark <fn outer>
heap_014 blacken <fn outer>
heap_012 mark outer
heap_018 mark <fn middle>
heap_018 blacken <fn middle>
heap_020 mark middle
heap_024 mark <fn inner>
heap_024 blacken <fn inner>
heap_026 mark inner
heap_026 blacken inner
heap_020 blacken middle
heap_012 blacken outer
heap_034 blacken <script>
heap_010 mark <script>
heap_010 blacken <script>
heap_012 mark outer
heap_014 mark <fn outer>
heap_012 mark outer
heap_012 blacken outer
heap_014 blacken <fn outer>
heap_012 mark outer
heap_018 mark <fn middle>
heap_018 blacken <fn middle>
heap_020 mark middle
heap_024 mark <fn inner>
heap_024 blacken <fn inner>
heap_026 mark inner
heap_026 blacken inner
heap_020 blacken middle
heap_012 blacken outer
heap_012 blacken outer
heap_035 blacken <fn outer>
heap_014 mark <fn outer>
heap_014 blacken <fn outer>
heap_012 mark outer
heap_018 mark <fn middle>
heap_018 blacken <fn middle>
heap_020 mark middle
heap_024 mark <fn inner>
heap_024 blacken <fn inner>
heap_026 mark inner
heap_026 blacken inner
heap_020 blacken middle
heap_012 blacken outer
heap_034 blacken <script>
heap_010 mark <script>
heap_010 blacken <script>
heap_012 mark outer
heap_014 mark <fn outer>
heap_012 mark outer
heap_012 blacken outer
heap_014 blacken <fn outer>
heap_012 mark outer
heap_018 mark <fn middle>
heap_018 blacken <fn middle>
heap_020 mark middle
heap_024 mark <fn inner>
heap_024 blacken <fn inner>
heap_026 mark inner
heap_026 blacken inner
heap_020 blacken middle
heap_012 blacken outer
heap_012 blacken outer
-- gc end
-- gc begin
heap_034 mark <script>
heap_035 mark <fn outer>
heap_034 mark <script>
heap_035 mark <fn outer>
heap_012 mark outer
heap_035 mark <fn outer>
heap_002 mark clock
heap_004 mark <native fn>
heap_007 mark gc
heap_008 mark <native fn>
heap_008 blacken <native fn>
heap_007 blacken gc
heap_004 blacken <native fn>
heap_002 blacken clock
heap_035 blacken <fn outer>
heap_014 mark <fn outer>
heap_014 blacken <fn outer>
heap_012 mark outer
heap_018 mark <fn middle>
heap_018 blacken <fn middle>
heap_020 mark middle
heap_024 mark <fn inner>
heap_024 blacken <fn inner>
heap_026 mark inner
heap_026 blacken inner
heap_020 blacken middle
heap_012 blacken outer
heap_012 blacken outer
heap_035 blacken <fn outer>
heap_014 mark <fn outer>
heap_014 blacken <fn outer>
heap_012 mark outer
heap_018 mark <fn middle>
heap_018 blacken <fn middle>
heap_020 mark middle
heap_024 mark <fn inner>
heap_024 blacken <fn inner>
heap_026 mark inner
heap_026 blacken inner
heap_020 blacken middle
heap_012 blacken outer
heap_034 blacken <script>
heap_010 mark <script>
heap_010 blacken <script>
heap_012 mark outer
heap_014 mark <fn outer>
heap_012 mark outer
heap_012 blacken outer
heap_014 blacken <fn outer>
heap_012 mark outer
heap_018 mark <fn middle>
heap_018 blacken <fn middle>
heap_020 mark middle
heap_024 mark <fn inner>
heap_024 blacken <fn inner>
heap_026 mark inner
heap_026 blacken inner
heap_020 blacken middle
heap_012 blacken outer
heap_012 blacken outer
heap_035 blacken <fn outer>
heap_014 mark <fn outer>
heap_014 blacken <fn outer>
heap_012 mark outer
heap_018 mark <fn middle>
heap_018 blacken <fn middle>
heap_020 mark middle
heap_024 mark <fn inner>
heap_024 blacken <fn inner>
heap_026 mark inner
heap_026 blacken inner
heap_020 blacken middle
heap_012 blacken outer
heap_034 blacken <script>
heap_010 mark <script>
heap_010 blacken <script>
heap_012 mark outer
heap_014 mark <fn outer>
heap_012 mark outer
heap_012 blacken outer
heap_014 blacken <fn outer>
heap_012 mark outer
heap_018 mark <fn middle>
heap_018 blacken <fn middle>
heap_020 mark middle
heap_024 mark <fn inner>
heap_024 blacken <fn inner>
heap_026 mark inner
heap_026 blacken inner
heap_020 blacken middle
heap_012 blacken outer
heap_012 blacken outer
-- gc end
heap_037 allocate 40 for 0
-- gc begin
heap_034 mark <script>
heap_035 mark <fn outer>
heap_037 mark <fn middle>
heap_034 mark <script>
heap_035 mark <fn outer>
heap_012 mark outer
heap_035 mark <fn outer>
heap_002 mark clock
heap_004 mark <native fn>
heap_007 mark gc
heap_008 mark <native fn>
heap_008 blacken <native fn>
heap_007 blacken gc
heap_004 blacken <native fn>
heap_002 blacken clock
heap_035 blacken <fn outer>
heap_014 mark <fn outer>
heap_014 blacken <fn outer>
heap_012 mark outer
heap_018 mark <fn middle>
heap_018 blacken <fn middle>
heap_020 mark middle
heap_024 mark <fn inner>
heap_024 blacken <fn inner>
heap_026 mark inner
heap_026 blacken inner
heap_020 blacken middle
heap_012 blacken outer
heap_012 blacken outer
heap_035 blacken <fn outer>
heap_014 mark <fn outer>
heap_014 blacken <fn outer>
heap_012 mark outer
heap_018 mark <fn middle>
heap_018 blacken <fn middle>
heap_020 mark middle
heap_024 mark <fn inner>
heap_024 blacken <fn inner>
heap_026 mark inner
heap_026 blacken inner
heap_020 blacken middle
heap_012 blacken outer
heap_034 blacken <script>
heap_010 mark <script>
heap_010 blacken <script>
heap_012 mark outer
heap_014 mark <fn outer>
heap_012 mark outer
heap_012 blacken outer
heap_014 blacken <fn outer>
heap_012 mark outer
heap_018 mark <fn middle>
heap_018 blacken <fn middle>
heap_020 mark middle
heap_024 mark <fn inner>
heap_024 blacken <fn inner>
heap_026 mark inner
heap_026 blacken inner
heap_020 blacken middle
heap_012 blacken outer
heap_012 blacken outer
heap_037 blacken <fn middle>
heap_018 mark <fn middle>
heap_018 blacken <fn middle>
heap_020 mark middle
heap_024 mark <fn inner>
heap_024 blacken <fn inner>
heap_026 mark inner
heap_026 blacken inner
heap_020 blacken middle
heap_035 blacken <fn outer>
heap_014 mark <fn outer>
heap_014 blacken <fn outer>
heap_012 mark outer
heap_018 mark <fn middle>
heap_018 blacken <fn middle>
heap_020 mark middle
heap_024 mark <fn inner>
heap_024 blacken <fn inner>
heap_026 mark inner
heap_026 blacken inner
heap_020 blacken middle
heap_012 blacken outer
heap_034 blacken <script>
heap_010 mark <script>
heap_010 blacken <script>
heap_012 mark outer
heap_014 mark <fn outer>
heap_012 mark outer
heap_012 blacken outer
heap_014 blacken <fn outer>
heap_012 mark outer
heap_018 mark <fn middle>
heap_018 blacken <fn middle>
heap_020 mark middle
heap_024 mark <fn inner>
heap_024 blacken <fn inner>
heap_026 mark inner
heap_026 blacken inner
heap_020 blacken middle
heap_012 blacken outer
heap_012 blacken outer
-- gc end
heap_038 allocate 48 for 4
-- gc begin
heap_034 mark <script>
heap_035 mark <fn outer>
heap_037 mark <fn middle>
heap_034 mark <script>
heap_035 mark <fn outer>
heap_038 mark <upvalue>
heap_012 mark outer
heap_035 mark <fn outer>
heap_002 mark clock
heap_004 mark <native fn>
heap_007 mark gc
heap_008 mark <native fn>
heap_008 blacken <native fn>
heap_007 blacken gc
heap_004 blacken <native fn>
heap_002 blacken clock
heap_035 blacken <fn outer>
heap_014 mark <fn outer>
heap_014 blacken <fn outer>
heap_012 mark outer
heap_018 mark <fn middle>
heap_018 blacken <fn middle>
heap_020 mark middle
heap_024 mark <fn inner>
heap_024 blacken <fn inner>
heap_026 mark inner
heap_026 blacken inner
heap_020 blacken middle
heap_012 blacken outer
heap_012 blacken outer
heap_038 blacken <upvalue>
heap_035 blacken <fn outer>
heap_014 mark <fn outer>
heap_014 blacken <fn outer>
heap_012 mark outer
heap_018 mark <fn middle>
heap_018 blacken <fn middle>
heap_020 mark middle
heap_024 mark <fn inner>
heap_024 blacken <fn inner>
heap_026 mark inner
heap_026 blacken inner
heap_020 blacken middle
heap_012 blacken outer
heap_034 blacken <script>
heap_010 mark <script>
heap_010 blacken <script>
heap_012 mark outer
heap_014 mark <fn outer>
heap_012 mark outer
heap_012 blacken outer
heap_014 blacken <fn outer>
heap_012 mark outer
heap_018 mark <fn middle>
heap_018 blacken <fn middle>
heap_020 mark middle
heap_024 mark <fn inner>
heap_024 blacken <fn inner>
heap_026 mark inner
heap_026 blacken inner
heap_020 blacken middle
heap_012 blacken outer
heap_012 blacken outer
heap_037 blacken <fn middle>
heap_018 mark <fn middle>
heap_038 mark <upvalue>
heap_038 blacken <upvalue>
heap_018 blacken <fn middle>
heap_020 mark middle
heap_024 mark <fn inner>
heap_024 blacken <fn inner>
heap_026 mark inner
heap_026 blacken inner
heap_020 blacken middle
heap_035 blacken <fn outer>
heap_014 mark <fn outer>
heap_014 blacken <fn outer>
heap_012 mark outer
heap_018 mark <fn middle>
heap_018 blacken <fn middle>
heap_020 mark middle
heap_024 mark <fn inner>
heap_024 blacken <fn inner>
heap_026 mark inner
heap_026 blacken inner
heap_020 blacken middle
heap_012 blacken outer
heap_034 blacken <script>
heap_010 mark <script>
heap_010 blacken <script>
heap_012 mark outer
heap_014 mark <fn outer>
heap_012 mark outer
heap_012 blacken outer
heap_014 blacken <fn outer>
heap_012 mark outer
heap_018 mark <fn middle>
heap_018 blacken <fn middle>
heap_020 mark middle
heap_024 mark <fn inner>
heap_024 blacken <fn inner>
heap_026 mark inner
heap_026 blacken inner
heap_020 blacken middle
heap_012 blacken outer
heap_012 blacken outer
-- gc end
heap_039 allocate 48 for 4
stack: <script> <fn outer> 1 2 <fn middle>
0010   11 OP_NIL
stack: <script> <fn outer> 1 2 <fn middle> nil
0011    | OP_RETURN
stack: <script> nil
0008    | OP_POP
stack: <script>
0009   14 OP_NIL
stack: <script> nil
0010    | OP_RETURN
Executing ... done.

heap_039 free type 4
heap_038 free type 4
heap_037 free type 0
heap_035 free type 0
heap_034 free type 0
heap_026 free type 3
heap_024 free type 1
heap_020 free type 3
heap_018 free type 1
heap_014 free type 1
heap_012 free type 3
heap_010 free type 1
heap_008 free type 2
heap_007 free type 3
heap_004 free type 2
heap_002 free type 3
