
Disassembling f ...
0000    4 OP_CONSTANT         0 'not a method.'
0002    | OP_PRINT
0003    5 OP_NIL
0004    | OP_RETURN
Disassembling f ... done.


Disassembling init ...
0000    5 OP_CLOSURE          0 <fn f>
0002    6 OP_GET_LOCAL        0
0004    | OP_GET_LOCAL        1
0006    | OP_SET_PROPERTY     1 'field'
0008    | OP_POP
0009    7 OP_GET_LOCAL        0
0011    | OP_RETURN
Disassembling init ... done.


Disassembling <script> ...
0000    1 OP_CLASS            0 'Oops'
0002    | OP_DEFINE_GLOBAL    0 'Oops'
0004    | OP_GET_GLOBAL       1 'Oops'
0006    7 OP_CLOSURE          3 <fn init>
0008    | OP_METHOD           2 'init'
0010    8 OP_POP
0011   10 OP_GET_GLOBAL       5 'Oops'
0013    | OP_CALL             0
0015    | OP_DEFINE_GLOBAL    4 'oops'
0017   11 OP_GET_GLOBAL       6 'oops'
0019    | OP_INVOKE        (0 args)    7 'field'
0022    | OP_POP
0023   12 OP_NIL
0024    | OP_RETURN
Disassembling <script> ... done.


Executing ...
stack: <script>
0000    1 OP_CLASS            0 'Oops'
stack: <script> <class Oops>
0002    | OP_DEFINE_GLOBAL    0 'Oops'
stack: <script>
0004    | OP_GET_GLOBAL       1 'Oops'
stack: <script> <class Oops>
0006    7 OP_CLOSURE          3 <fn init>
stack: <script> <class Oops> <fn init>
0008    | OP_METHOD           2 'init'
stack: <script> <class Oops>
0010    8 OP_POP
stack: <script>
0011   10 OP_GET_GLOBAL       5 'Oops'
stack: <script> <class Oops>
0013    | OP_CALL             0
stack: <script> Oops instance
0000    5 OP_CLOSURE          0 <fn f>
stack: <script> Oops instance <fn f>
0002    6 OP_GET_LOCAL        0
stack: <script> Oops instance <fn f> Oops instance
0004    | OP_GET_LOCAL        1
stack: <script> Oops instance <fn f> Oops instance <fn f>
0006    | OP_SET_PROPERTY     1 'field'
stack: <script> Oops instance <fn f> <fn f>
0008    | OP_POP
stack: <script> Oops instance <fn f>
0009    7 OP_GET_LOCAL        0
stack: <script> Oops instance <fn f> Oops instance
0011    | OP_RETURN
stack: <script> Oops instance
0015    | OP_DEFINE_GLOBAL    4 'oops'
stack: <script>
0017   11 OP_GET_GLOBAL       6 'oops'
stack: <script> Oops instance
0019    | OP_INVOKE        (0 args)    7 'field'
stack: <script> <fn f>
0000    4 OP_CONSTANT         0 'not a method.'
stack: <script> <fn f> not a method.
0002    | OP_PRINT
not a method.
stack: <script> <fn f>
0003    5 OP_NIL
stack: <script> <fn f> nil
0004    | OP_RETURN
stack: <script> nil
0022    | OP_POP
stack: <script>
0023   12 OP_NIL
stack: <script> nil
0024    | OP_RETURN
Executing ... done.

