-- gc begin
-- gc end: collected 0 bytes (from 6 to 6), next at 12
-- gc begin
-- gc end: collected 0 bytes (from 46 to 46), next at 92
heap_002 allocate 40 for 3
-- gc begin
heap_002 mark clock
heap_002 blacken clock
-- gc end: collected 0 bytes (from 238 to 238), next at 476
-- gc begin
heap_002 mark clock
heap_002 blacken clock
-- gc end: collected 0 bytes (from 262 to 262), next at 524
heap_004 allocate 24 for 2
-- gc begin
heap_002 mark clock
heap_004 mark <native fn>
heap_004 blacken <native fn>
heap_002 blacken clock
-- gc end: collected 0 bytes (from 454 to 454), next at 908
-- gc begin
heap_002 mark clock
heap_004 mark <native fn>
heap_004 blacken <native fn>
heap_002 blacken clock
-- gc end: collected 0 bytes (from 457 to 457), next at 914
-- gc begin
heap_002 mark clock
heap_004 mark <native fn>
heap_004 blacken <native fn>
heap_002 blacken clock
-- gc end: collected 0 bytes (from 497 to 497), next at 994
heap_007 allocate 40 for 3
-- gc begin
heap_007 mark gc
heap_002 mark clock
heap_004 mark <native fn>
heap_004 blacken <native fn>
heap_002 blacken clock
heap_007 blacken gc
-- gc end: collected 0 bytes (from 521 to 521), next at 1042
heap_008 allocate 24 for 2
-- gc begin
heap_002 mark clock
heap_004 mark <native fn>
heap_007 mark gc
heap_008 mark <native fn>
heap_008 blacken <native fn>
heap_007 blacken gc
heap_004 blacken <native fn>
heap_002 blacken clock
-- gc end: collected 0 bytes (from 600 to 600), next at 1200
-- gc begin
heap_002 mark clock
heap_004 mark <native fn>
heap_007 mark gc
heap_008 mark <native fn>
heap_008 blacken <native fn>
heap_007 blacken gc
heap_004 blacken <native fn>
heap_002 blacken clock
-- gc end: collected 0 bytes (from 672 to 672), next at 1344
heap_010 allocate 72 for 1
-- gc begin
heap_002 mark clock
heap_004 mark <native fn>
heap_007 mark gc
heap_008 mark <native fn>
heap_010 mark <script>
heap_010 blacken <script>
heap_008 blacken <native fn>
heap_007 blacken gc
heap_004 blacken <native fn>
heap_002 blacken clock
-- gc end: collected 0 bytes (from 674 to 674), next at 1348
-- gc begin
heap_002 mark clock
heap_004 mark <native fn>
heap_007 mark gc
heap_008 mark <native fn>
heap_010 mark <script>
heap_010 blacken <script>
heap_008 blacken <native fn>
heap_007 blacken gc
heap_004 blacken <native fn>
heap_002 blacken clock
-- gc end: collected 0 bytes (from 714 to 714), next at 1428
heap_012 allocate 40 for 3
-- gc begin
heap_012 mark a
heap_002 mark clock
heap_004 mark <native fn>
heap_007 mark gc
heap_008 mark <native fn>
heap_010 mark <script>
heap_010 blacken <script>
heap_008 blacken <native fn>
heap_007 blacken gc
heap_004 blacken <native fn>
heap_002 blacken clock
heap_012 blacken a
-- gc end: collected 0 bytes (from 842 to 842), next at 1684
-- gc begin
heap_002 mark clock
heap_004 mark <native fn>
heap_007 mark gc
heap_008 mark <native fn>
heap_010 mark <script>
heap_010 blacken <script>
heap_012 mark a
heap_012 blacken a
heap_008 blacken <native fn>
heap_007 blacken gc
heap_004 blacken <native fn>
heap_002 blacken clock
-- gc end: collected 0 bytes (from 849 to 849), next at 1698
-- gc begin
heap_002 mark clock
heap_004 mark <native fn>
heap_007 mark gc
heap_008 mark <native fn>
heap_010 mark <script>
heap_010 blacken <script>
heap_012 mark a
heap_012 blacken a
heap_008 blacken <native fn>
heap_007 blacken gc
heap_004 blacken <native fn>
heap_002 blacken clock
-- gc end: collected 0 bytes (from 889 to 889), next at 1778
heap_015 allocate 40 for 3
-- gc begin
heap_002 mark clock
heap_004 mark <native fn>
heap_007 mark gc
heap_008 mark <native fn>
heap_010 mark <script>
heap_010 blacken <script>
heap_012 mark a
heap_015 mark before
heap_015 blacken before
heap_012 blacken a
heap_008 blacken <native fn>
heap_007 blacken gc
heap_004 blacken <native fn>
heap_002 blacken clock
-- gc end: collected 0 bytes (from 897 to 897), next at 1794
-- gc begin
heap_002 mark clock
heap_004 mark <native fn>
heap_007 mark gc
heap_008 mark <native fn>
heap_010 mark <script>
heap_010 blacken <script>
heap_012 mark a
heap_015 mark before
heap_015 blacken before
heap_012 blacken a
heap_008 blacken <native fn>
heap_007 blacken gc
heap_004 blacken <native fn>
heap_002 blacken clock
-- gc end: collected 0 bytes (from 929 to 929), next at 1858
-- gc begin
heap_002 mark clock
heap_004 mark <native fn>
heap_007 mark gc
heap_008 mark <native fn>
heap_010 mark <script>
heap_010 blacken <script>
heap_012 mark a
heap_015 mark before
heap_015 blacken before
heap_012 blacken a
heap_008 blacken <native fn>
heap_007 blacken gc
heap_004 blacken <native fn>
heap_002 blacken clock
-- gc end: collected 0 bytes (from 935 to 935), next at 1870
-- gc begin
heap_002 mark clock
heap_004 mark <native fn>
heap_007 mark gc
heap_008 mark <native fn>
heap_010 mark <script>
heap_010 blacken <script>
heap_012 mark a
heap_015 mark before
heap_015 blacken before
heap_012 blacken a
heap_008 blacken <native fn>
heap_007 blacken gc
heap_004 blacken <native fn>
heap_002 blacken clock
-- gc end: collected 0 bytes (from 975 to 975), next at 1950
heap_019 allocate 40 for 3
-- gc begin
heap_002 mark clock
heap_004 mark <native fn>
heap_007 mark gc
heap_008 mark <native fn>
heap_010 mark <script>
heap_010 blacken <script>
heap_012 mark a
heap_015 mark before
heap_019 mark after
heap_019 blacken after
heap_015 blacken before
heap_012 blacken a
heap_008 blacken <native fn>
heap_007 blacken gc
heap_004 blacken <native fn>
heap_002 blacken clock
-- gc end: collected 0 bytes (from 983 to 983), next at 1966
-- gc begin
heap_002 mark clock
heap_004 mark <native fn>
heap_007 mark gc
heap_008 mark <native fn>
heap_010 mark <script>
heap_010 blacken <script>
heap_012 mark a
heap_015 mark before
heap_019 mark after
heap_019 blacken after
heap_015 blacken before
heap_012 blacken a
heap_008 blacken <native fn>
heap_007 blacken gc
heap_004 blacken <native fn>
heap_002 blacken clock
-- gc end: collected 0 bytes (from 1015 to 1015), next at 2030

Disassembling <script> ...
0000    1 OP_CONSTANT         1 'before'
0002    | OP_DEFINE_GLOBAL    0 'a'
0004    2 OP_GET_GLOBAL       2 'a'
0006    | OP_PRINT
0007    3 OP_CONSTANT         4 'after'
0009    | OP_DEFINE_GLOBAL    3 'a'
0011    4 OP_GET_GLOBAL       5 'a'
0013    | OP_PRINT
0014    5 OP_NIL
0015    | OP_RETURN
Disassembling <script> ... done.

-- gc begin
heap_010 mark <script>
heap_002 mark clock
heap_004 mark <native fn>
heap_007 mark gc
heap_008 mark <native fn>
heap_008 blacken <native fn>
heap_007 blacken gc
heap_004 blacken <native fn>
heap_002 blacken clock
heap_010 blacken <script>
heap_012 mark a
heap_015 mark before
heap_019 mark after
heap_019 blacken after
heap_015 blacken before
heap_012 blacken a
-- gc end: collected 0 bytes (from 1055 to 1055), next at 2110
heap_021 allocate 40 for 0

Executing ...
stack: <script>
0000    1 OP_CONSTANT         1 'before'
stack: <script> before
0002    | OP_DEFINE_GLOBAL    0 'a'
stack: <script>
0004    2 OP_GET_GLOBAL       2 'a'
stack: <script> before
0006    | OP_PRINT
before
stack: <script>
0007    3 OP_CONSTANT         4 'after'
stack: <script> after
0009    | OP_DEFINE_GLOBAL    3 'a'
stack: <script>
0011    4 OP_GET_GLOBAL       5 'a'
stack: <script> after
0013    | OP_PRINT
after
stack: <script>
0014    5 OP_NIL
stack: <script> nil
0015    | OP_RETURN
Executing ... done.

heap_021 free type 0
heap_019 free type 3
heap_015 free type 3
heap_012 free type 3
heap_010 free type 1
heap_008 free type 2
heap_007 free type 3
heap_004 free type 2
heap_002 free type 3
