
Disassembling <script> ...
0000    1 OP_CONSTANT         0 'hi'
0002    | OP_JUMP_IF_FALSE    2 -> 8
0005    | OP_JUMP             5 -> 11
0008    | OP_POP
0009    | OP_CONSTANT         1 '2'
0011    | OP_PRINT
0012    2 OP_NIL
0013    | OP_JUMP_IF_FALSE   13 -> 19
0016    | OP_JUMP            16 -> 22
0019    | OP_POP
0020    | OP_CONSTANT         2 'yes'
0022    | OP_PRINT
0023    3 OP_CONSTANT         3 'hi'
0025    | OP_JUMP_IF_FALSE   25 -> 31
0028    | OP_POP
0029    | OP_CONSTANT         4 '2'
0031    | OP_PRINT
0032    4 OP_NIL
0033    | OP_JUMP_IF_FALSE   33 -> 39
0036    | OP_POP
0037    | OP_CONSTANT         5 'yes'
0039    | OP_PRINT
0040    5 OP_NIL
0041    | OP_RETURN
Disassembling <script> ... done.


Executing ...
stack: <script>
0000    1 OP_CONSTANT         0 'hi'
stack: <script> hi
0002    | OP_JUMP_IF_FALSE    2 -> 8
stack: <script> hi
0005    | OP_JUMP             5 -> 11
stack: <script> hi
0011    | OP_PRINT
hi
stack: <script>
0012    2 OP_NIL
stack: <script> nil
0013    | OP_JUMP_IF_FALSE   13 -> 19
stack: <script> nil
0019    | OP_POP
stack: <script>
0020    | OP_CONSTANT         2 'yes'
stack: <script> yes
0022    | OP_PRINT
yes
stack: <script>
0023    3 OP_CONSTANT         3 'hi'
stack: <script> hi
0025    | OP_JUMP_IF_FALSE   25 -> 31
stack: <script> hi
0028    | OP_POP
stack: <script>
0029    | OP_CONSTANT         4 '2'
stack: <script> 2
0031    | OP_PRINT
2
stack: <script>
0032    4 OP_NIL
stack: <script> nil
0033    | OP_JUMP_IF_FALSE   33 -> 39
stack: <script> nil
0039    | OP_PRINT
nil
stack: <script>
0040    5 OP_NIL
stack: <script> nil
0041    | OP_RETURN
Executing ... done.

